2024-01-14 00:17:55:401: [INFO] - This game id is D-00000007
2024-01-14 00:17:55:401: [INFO] - My id is P-00000006
2024-01-14 00:17:57:980: [INFO] - Receive receiver-card event. res_data: {"cards_receive":[{"color":"blue","number":3},{"color":"yellow","number":5},{"color":"yellow","number":3},{"color":"blue","number":9},{"color":"yellow","special":"skip"},{"color":"yellow","number":8},{"color":"blue","special":"draw_2"}],"is_penalty":false}
2024-01-14 00:17:58:063: [INFO] - Receive penalty event. res_data: {"player":"P-00000001","number_card_of_player":9,"error":"Card play invalid with card before."}
2024-01-14 00:17:58:123: [INFO] - Receive next-player event. res_data: {"next_player":"P-00000006","before_player":"P-00000001","card_before":{"color":"red","number":1},"card_of_player":[{"color":"yellow","number":3},{"color":"yellow","number":5},{"color":"yellow","special":"skip"},{"color":"yellow","number":8},{"color":"blue","number":3},{"color":"blue","number":9},{"color":"blue","special":"draw_2"}],"must_call_draw_card":false,"draw_reason":"nothing","turn_right":true,"number_card_play":1,"number_turn_play":1,"number_card_of_player":{"P-00000001":9,"P-00000006":7,"P-00000005":7,"P-00000002":7}}
2024-01-14 00:17:58:125: [INFO] - Send draw-card event. req_data: {}
2024-01-14 00:17:58:145: [INFO] - Receive receiver-card event. res_data: {"cards_receive":[{"color":"black","special":"wild_draw_4"}],"is_penalty":false}
2024-01-14 00:17:58:156: [INFO] - Receive draw-card event. res_data: {"player":"P-00000006","is_draw":true}
2024-01-14 00:17:58:157: [INFO] - Client draw-card successfully! res_data: {"player":"P-00000006","is_draw":true,"draw_card":[{"color":"black","special":"wild_draw_4"}],"can_play_draw_card":true}
2024-01-14 00:17:58:157: [INFO] - Send play-draw-card event. req_data: {"is_play_card":true,"yell_uno":false,"color_of_wild":"red"}
2024-01-14 00:17:58:184: [INFO] - Receive play-draw-card event. res_data: {"is_play_card":true,"yell_uno":false,"color_of_wild":"red","player":"P-00000006","card_play":{"color":"red","special":"wild_draw_4"}}
2024-01-14 00:17:58:212: [INFO] - Receive update-color event. res_data: {"color":"red"}
2024-01-14 00:17:58:212: [INFO] - Client play-draw-card successfully! res_data: {"is_play_card":true,"yell_uno":false,"color_of_wild":"red"}
2024-01-14 00:17:58:238: [INFO] - Receive challenge event. res_data: {"challenger":"P-00000005","target":"P-00000006","is_challenge":true,"is_challenge_success":false}
2024-01-14 00:17:58:300: [INFO] - Receive play-card event. res_data: {"card_play":{"color":"red","number":2},"yell_uno":false,"player":"P-00000002"}
2024-01-14 00:17:58:350: [INFO] - Receive penalty event. res_data: {"player":"P-00000001","number_card_of_player":11,"error":"Card play invalid with card before."}
2024-01-14 00:17:58:382: [INFO] - Receive next-player event. res_data: {"next_player":"P-00000006","before_player":"P-00000001","card_before":{"color":"red","number":2},"card_of_player":[{"color":"yellow","number":3},{"color":"yellow","number":5},{"color":"yellow","special":"skip"},{"color":"yellow","number":8},{"color":"blue","number":3},{"color":"blue","number":9},{"color":"blue","special":"draw_2"}],"must_call_draw_card":false,"draw_reason":"nothing","turn_right":true,"number_card_play":3,"number_turn_play":5,"number_card_of_player":{"P-00000001":11,"P-00000006":7,"P-00000005":13,"P-00000002":6}}
2024-01-14 00:17:58:383: [INFO] - Send draw-card event. req_data: {}
2024-01-14 00:17:58:398: [INFO] - Receive receiver-card event. res_data: {"cards_receive":[{"color":"green","number":9}],"is_penalty":false}
2024-01-14 00:17:58:409: [INFO] - Receive draw-card event. res_data: {"player":"P-00000006","is_draw":true}
2024-01-14 00:17:58:409: [INFO] - Client draw-card successfully! res_data: {"player":"P-00000006","is_draw":true,"can_play_draw_card":false,"draw_card":[{"color":"green","number":9}]}
2024-01-14 00:17:58:448: [INFO] - Receive play-card event. res_data: {"card_play":{"color":"yellow","number":2},"yell_uno":false,"player":"P-00000005"}
2024-01-14 00:17:58:491: [INFO] - Receive play-card event. res_data: {"card_play":{"color":"yellow","number":7},"yell_uno":false,"player":"P-00000002"}
2024-01-14 00:17:58:552: [INFO] - Receive play-card event. res_data: {"card_play":{"color":"green","number":7},"yell_uno":false,"player":"P-00000001"}
2024-01-14 00:17:58:565: [INFO] - Receive next-player event. res_data: {"next_player":"P-00000006","before_player":"P-00000001","card_before":{"color":"green","number":7},"card_of_player":[{"color":"yellow","number":3},{"color":"yellow","number":5},{"color":"yellow","special":"skip"},{"color":"yellow","number":8},{"color":"green","number":9},{"color":"blue","number":3},{"color":"blue","number":9},{"color":"blue","special":"draw_2"}],"must_call_draw_card":false,"draw_reason":"nothing","turn_right":true,"number_card_play":6,"number_turn_play":9,"number_card_of_player":{"P-00000001":10,"P-00000006":8,"P-00000005":12,"P-00000002":5}}
2024-01-14 00:17:58:566: [DEBUG] - selected card: {"color":"green","number":9}
2024-01-14 00:17:58:566: [INFO] - Send play-card event. req_data: {"card_play":{"color":"green","number":9},"yell_uno":false}
2024-01-14 00:17:58:593: [INFO] - Receive play-card event. res_data: {"card_play":{"color":"green","number":9},"yell_uno":false,"player":"P-00000006"}
2024-01-14 00:17:58:608: [INFO] - Client play-card successfully! res_data: {"card_play":{"color":"green","number":9},"yell_uno":false}
2024-01-14 00:17:58:636: [INFO] - Receive play-card event. res_data: {"card_play":{"color":"green","number":3},"yell_uno":false,"player":"P-00000005"}
2024-01-14 00:17:58:678: [INFO] - Receive play-card event. res_data: {"card_play":{"color":"green","number":1},"yell_uno":false,"player":"P-00000002"}
2024-01-14 00:17:58:732: [INFO] - Receive penalty event. res_data: {"player":"P-00000001","number_card_of_player":12,"error":"Card play invalid with card before."}
2024-01-14 00:17:58:766: [INFO] - Receive next-player event. res_data: {"next_player":"P-00000006","before_player":"P-00000001","card_before":{"color":"green","number":1},"card_of_player":[{"color":"yellow","number":3},{"color":"yellow","number":5},{"color":"yellow","special":"skip"},{"color":"yellow","number":8},{"color":"blue","number":3},{"color":"blue","number":9},{"color":"blue","special":"draw_2"}],"must_call_draw_card":false,"draw_reason":"nothing","turn_right":true,"number_card_play":9,"number_turn_play":13,"number_card_of_player":{"P-00000001":12,"P-00000006":7,"P-00000005":11,"P-00000002":4}}
2024-01-14 00:17:58:767: [INFO] - Send draw-card event. req_data: {}
2024-01-14 00:17:58:782: [INFO] - Receive receiver-card event. res_data: {"cards_receive":[{"color":"red","number":2}],"is_penalty":false}
2024-01-14 00:17:58:793: [INFO] - Receive draw-card event. res_data: {"player":"P-00000006","is_draw":true}
2024-01-14 00:17:58:793: [INFO] - Client draw-card successfully! res_data: {"player":"P-00000006","is_draw":true,"can_play_draw_card":false,"draw_card":[{"color":"red","number":2}]}
2024-01-14 00:17:58:833: [INFO] - Receive play-card event. res_data: {"card_play":{"color":"green","number":9},"yell_uno":false,"player":"P-00000005"}
2024-01-14 00:17:58:874: [INFO] - Receive play-card event. res_data: {"card_play":{"color":"yellow","number":9},"yell_uno":false,"player":"P-00000002"}
2024-01-14 00:17:58:947: [INFO] - Receive penalty event. res_data: {"player":"P-00000001","number_card_of_player":14,"error":"Card play invalid with card before."}
2024-01-14 00:17:58:980: [INFO] - Receive next-player event. res_data: {"next_player":"P-00000006","before_player":"P-00000001","card_before":{"color":"yellow","number":9},"card_of_player":[{"color":"yellow","number":3},{"color":"yellow","number":5},{"color":"yellow","special":"skip"},{"color":"yellow","number":8},{"color":"blue","number":3},{"color":"blue","number":9},{"color":"blue","special":"draw_2"},{"color":"red","number":2}],"must_call_draw_card":false,"draw_reason":"nothing","turn_right":true,"number_card_play":11,"number_turn_play":17,"number_card_of_player":{"P-00000001":14,"P-00000006":8,"P-00000005":10,"P-00000002":3}}
2024-01-14 00:17:58:980: [DEBUG] - selected card: {"color":"yellow","number":3}
2024-01-14 00:17:58:981: [INFO] - Send play-card event. req_data: {"card_play":{"color":"yellow","number":3},"yell_uno":false}
2024-01-14 00:17:59:005: [INFO] - Receive play-card event. res_data: {"card_play":{"color":"yellow","number":3},"yell_uno":false,"player":"P-00000006"}
2024-01-14 00:17:59:020: [INFO] - Client play-card successfully! res_data: {"card_play":{"color":"yellow","number":3},"yell_uno":false}
2024-01-14 00:17:59:046: [INFO] - Receive play-card event. res_data: {"card_play":{"color":"yellow","special":"draw_2"},"yell_uno":false,"player":"P-00000005"}
2024-01-14 00:17:59:087: [INFO] - Receive draw-card event. res_data: {"player":"P-00000002","is_draw":true}
2024-01-14 00:17:59:136: [INFO] - Receive penalty event. res_data: {"player":"P-00000001","number_card_of_player":16,"error":"Card play invalid with card before."}
2024-01-14 00:17:59:170: [INFO] - Receive next-player event. res_data: {"next_player":"P-00000006","before_player":"P-00000001","card_before":{"color":"yellow","special":"draw_2"},"card_of_player":[{"color":"yellow","number":5},{"color":"yellow","special":"skip"},{"color":"yellow","number":8},{"color":"blue","number":3},{"color":"blue","number":9},{"color":"blue","special":"draw_2"},{"color":"red","number":2}],"must_call_draw_card":false,"draw_reason":"nothing","turn_right":true,"number_card_play":13,"number_turn_play":21,"number_card_of_player":{"P-00000001":16,"P-00000006":7,"P-00000005":9,"P-00000002":5}}
2024-01-14 00:17:59:170: [DEBUG] - selected card: {"color":"yellow","number":5}
2024-01-14 00:17:59:171: [INFO] - Send play-card event. req_data: {"card_play":{"color":"yellow","number":5},"yell_uno":false}
2024-01-14 00:17:59:199: [INFO] - Receive play-card event. res_data: {"card_play":{"color":"yellow","number":5},"yell_uno":false,"player":"P-00000006"}
2024-01-14 00:17:59:215: [INFO] - Client play-card successfully! res_data: {"card_play":{"color":"yellow","number":5},"yell_uno":false}
2024-01-14 00:17:59:245: [INFO] - Receive play-card event. res_data: {"card_play":{"color":"yellow","number":7},"yell_uno":false,"player":"P-00000005"}
2024-01-14 00:17:59:291: [INFO] - Receive play-card event. res_data: {"card_play":{"color":"yellow","special":"wild"},"yell_uno":false,"color_of_wild":"yellow","player":"P-00000002"}
2024-01-14 00:17:59:294: [INFO] - Receive update-color event. res_data: {"color":"yellow"}
2024-01-14 00:17:59:359: [INFO] - Receive penalty event. res_data: {"player":"P-00000001","number_card_of_player":18,"error":"Card play invalid with card before."}
2024-01-14 00:17:59:394: [INFO] - Receive next-player event. res_data: {"next_player":"P-00000006","before_player":"P-00000001","card_before":{"color":"yellow","special":"wild"},"card_of_player":[{"color":"yellow","special":"skip"},{"color":"yellow","number":8},{"color":"blue","number":3},{"color":"blue","number":9},{"color":"blue","special":"draw_2"},{"color":"red","number":2}],"must_call_draw_card":false,"draw_reason":"nothing","turn_right":true,"number_card_play":16,"number_turn_play":25,"number_card_of_player":{"P-00000001":18,"P-00000006":6,"P-00000005":8,"P-00000002":4}}
2024-01-14 00:17:59:395: [DEBUG] - selected card: {"color":"yellow","special":"skip"}
2024-01-14 00:17:59:395: [INFO] - Send play-card event. req_data: {"card_play":{"color":"yellow","special":"skip"},"yell_uno":false}
2024-01-14 00:17:59:423: [INFO] - Receive play-card event. res_data: {"card_play":{"color":"yellow","special":"skip"},"yell_uno":false,"player":"P-00000006"}
2024-01-14 00:17:59:436: [INFO] - Client play-card successfully! res_data: {"card_play":{"color":"yellow","special":"skip"},"yell_uno":false}
2024-01-14 00:17:59:461: [INFO] - Receive draw-card event. res_data: {"player":"P-00000002","is_draw":true}
2024-01-14 00:17:59:517: [INFO] - Receive penalty event. res_data: {"player":"P-00000001","number_card_of_player":20,"error":"Card play invalid with card before."}
2024-01-14 00:17:59:551: [INFO] - Receive next-player event. res_data: {"next_player":"P-00000006","before_player":"P-00000001","card_before":{"color":"yellow","special":"skip"},"card_of_player":[{"color":"yellow","number":8},{"color":"blue","number":3},{"color":"blue","number":9},{"color":"blue","special":"draw_2"},{"color":"red","number":2}],"must_call_draw_card":false,"draw_reason":"nothing","turn_right":true,"number_card_play":17,"number_turn_play":28,"number_card_of_player":{"P-00000001":20,"P-00000006":5,"P-00000005":8,"P-00000002":5}}
2024-01-14 00:17:59:552: [DEBUG] - selected card: {"color":"yellow","number":8}
2024-01-14 00:17:59:552: [INFO] - Send play-card event. req_data: {"card_play":{"color":"yellow","number":8},"yell_uno":false}
2024-01-14 00:17:59:581: [INFO] - Receive play-card event. res_data: {"card_play":{"color":"yellow","number":8},"yell_uno":false,"player":"P-00000006"}
2024-01-14 00:17:59:595: [INFO] - Client play-card successfully! res_data: {"card_play":{"color":"yellow","number":8},"yell_uno":false}
2024-01-14 00:17:59:623: [INFO] - Receive play-card event. res_data: {"card_play":{"color":"yellow","special":"reverse"},"yell_uno":false,"player":"P-00000005"}
2024-01-14 00:17:59:637: [INFO] - Receive next-player event. res_data: {"next_player":"P-00000006","before_player":"P-00000005","card_before":{"color":"yellow","special":"reverse"},"card_of_player":[{"color":"blue","number":3},{"color":"blue","number":9},{"color":"blue","special":"draw_2"},{"color":"red","number":2}],"must_call_draw_card":false,"draw_reason":"nothing","turn_right":false,"number_card_play":19,"number_turn_play":30,"number_card_of_player":{"P-00000001":20,"P-00000006":4,"P-00000005":7,"P-00000002":5}}
2024-01-14 00:17:59:637: [INFO] - Send draw-card event. req_data: {}
2024-01-14 00:17:59:651: [INFO] - Receive receiver-card event. res_data: {"cards_receive":[{"color":"blue","number":0}],"is_penalty":false}
2024-01-14 00:17:59:662: [INFO] - Receive draw-card event. res_data: {"player":"P-00000006","is_draw":true}
2024-01-14 00:17:59:663: [INFO] - Client draw-card successfully! res_data: {"player":"P-00000006","is_draw":true,"can_play_draw_card":false,"draw_card":[{"color":"blue","number":0}]}
2024-01-14 00:17:59:719: [INFO] - Receive penalty event. res_data: {"player":"P-00000001","number_card_of_player":22,"error":"Card play invalid with card before."}
2024-01-14 00:17:59:779: [INFO] - Receive play-card event. res_data: {"card_play":{"color":"blue","special":"reverse"},"yell_uno":false,"player":"P-00000002"}
2024-01-14 00:17:59:839: [INFO] - Receive penalty event. res_data: {"player":"P-00000001","number_card_of_player":24,"error":"Card play invalid with card before."}
2024-01-14 00:17:59:875: [INFO] - Receive next-player event. res_data: {"next_player":"P-00000006","before_player":"P-00000001","card_before":{"color":"blue","special":"reverse"},"card_of_player":[{"color":"blue","number":3},{"color":"blue","number":9},{"color":"blue","special":"draw_2"},{"color":"blue","number":0},{"color":"red","number":2}],"must_call_draw_card":false,"draw_reason":"nothing","turn_right":true,"number_card_play":20,"number_turn_play":34,"number_card_of_player":{"P-00000001":24,"P-00000006":5,"P-00000005":7,"P-00000002":4}}
2024-01-14 00:17:59:875: [DEBUG] - selected card: {"color":"blue","number":3}
2024-01-14 00:17:59:875: [INFO] - Send play-card event. req_data: {"card_play":{"color":"blue","number":3},"yell_uno":false}
2024-01-14 00:17:59:906: [INFO] - Receive play-card event. res_data: {"card_play":{"color":"blue","number":3},"yell_uno":false,"player":"P-00000006"}
2024-01-14 00:17:59:920: [INFO] - Client play-card successfully! res_data: {"card_play":{"color":"blue","number":3},"yell_uno":false}
2024-01-14 00:17:59:952: [INFO] - Receive play-card event. res_data: {"card_play":{"color":"blue","number":3},"yell_uno":false,"player":"P-00000005"}
2024-01-14 00:17:59:996: [INFO] - Receive play-card event. res_data: {"card_play":{"color":"blue","number":5},"yell_uno":false,"player":"P-00000002"}
2024-01-14 00:18:00:062: [INFO] - Receive penalty event. res_data: {"player":"P-00000001","number_card_of_player":25,"error":"Card play invalid with card before."}
2024-01-14 00:18:00:095: [INFO] - Receive next-player event. res_data: {"next_player":"P-00000006","before_player":"P-00000001","card_before":{"color":"blue","number":5},"card_of_player":[{"color":"blue","number":9},{"color":"blue","special":"draw_2"},{"color":"blue","number":0},{"color":"red","number":2}],"must_call_draw_card":false,"draw_reason":"nothing","turn_right":true,"number_card_play":23,"number_turn_play":38,"number_card_of_player":{"P-00000001":25,"P-00000006":4,"P-00000005":6,"P-00000002":3}}
2024-01-14 00:18:00:096: [DEBUG] - selected card: {"color":"blue","number":9}
2024-01-14 00:18:00:096: [INFO] - Send play-card event. req_data: {"card_play":{"color":"blue","number":9},"yell_uno":false}
2024-01-14 00:18:00:124: [INFO] - Receive play-card event. res_data: {"card_play":{"color":"blue","number":9},"yell_uno":false,"player":"P-00000006"}
2024-01-14 00:18:00:137: [INFO] - Client play-card successfully! res_data: {"card_play":{"color":"blue","number":9},"yell_uno":false}
2024-01-14 00:18:00:166: [INFO] - Receive play-card event. res_data: {"card_play":{"color":"blue","number":6},"yell_uno":false,"player":"P-00000005"}
2024-01-14 00:18:00:208: [INFO] - Receive draw-card event. res_data: {"player":"P-00000002","is_draw":true}
2024-01-14 00:18:00:237: [INFO] - Receive play-draw-card event. res_data: {"is_play_card":true,"yell_uno":false,"player":"P-00000002","card_play":{"color":"blue","special":"skip"}}
2024-01-14 00:18:00:260: [INFO] - Receive next-player event. res_data: {"next_player":"P-00000006","before_player":"P-00000002","card_before":{"color":"blue","special":"skip"},"card_of_player":[{"color":"blue","special":"draw_2"},{"color":"blue","number":0},{"color":"red","number":2}],"must_call_draw_card":false,"draw_reason":"nothing","turn_right":true,"number_card_play":26,"number_turn_play":41,"number_card_of_player":{"P-00000001":25,"P-00000006":3,"P-00000005":5,"P-00000002":3}}
2024-01-14 00:18:00:261: [DEBUG] - selected card: {"color":"blue","special":"draw_2"}
2024-01-14 00:18:00:261: [INFO] - Send play-card event. req_data: {"card_play":{"color":"blue","special":"draw_2"},"yell_uno":false}
2024-01-14 00:18:00:293: [INFO] - Receive play-card event. res_data: {"card_play":{"color":"blue","special":"draw_2"},"yell_uno":false,"player":"P-00000006"}
2024-01-14 00:18:00:306: [INFO] - Client play-card successfully! res_data: {"card_play":{"color":"blue","special":"draw_2"},"yell_uno":false}
2024-01-14 00:18:00:332: [INFO] - Receive draw-card event. res_data: {"player":"P-00000005","is_draw":true}
2024-01-14 00:18:00:374: [INFO] - Receive play-card event. res_data: {"card_play":{"color":"green","special":"draw_2"},"yell_uno":false,"player":"P-00000002"}
2024-01-14 00:18:00:426: [INFO] - Receive draw-card event. res_data: {"player":"P-00000001","is_draw":true}
2024-01-14 00:18:00:439: [INFO] - Receive next-player event. res_data: {"next_player":"P-00000006","before_player":"P-00000001","card_before":{"color":"green","special":"draw_2"},"card_of_player":[{"color":"blue","number":0},{"color":"red","number":2}],"must_call_draw_card":false,"draw_reason":"nothing","turn_right":true,"number_card_play":28,"number_turn_play":45,"number_card_of_player":{"P-00000001":27,"P-00000006":2,"P-00000005":7,"P-00000002":2}}
2024-01-14 00:18:00:440: [INFO] - Send draw-card event. req_data: {}
2024-01-14 00:18:00:454: [INFO] - Receive receiver-card event. res_data: {"cards_receive":[{"color":"red","number":7}],"is_penalty":false}
2024-01-14 00:18:00:465: [INFO] - Receive draw-card event. res_data: {"player":"P-00000006","is_draw":true}
2024-01-14 00:18:00:465: [INFO] - Client draw-card successfully! res_data: {"player":"P-00000006","is_draw":true,"can_play_draw_card":false,"draw_card":[{"color":"red","number":7}]}
2024-01-14 00:18:00:509: [INFO] - Receive play-card event. res_data: {"card_play":{"color":"green","special":"skip"},"yell_uno":false,"player":"P-00000005"}
2024-01-14 00:18:00:584: [INFO] - Receive penalty event. res_data: {"player":"P-00000001","number_card_of_player":27,"error":"Card play invalid with card before."}
2024-01-14 00:18:00:619: [INFO] - Receive next-player event. res_data: {"next_player":"P-00000006","before_player":"P-00000001","card_before":{"color":"green","special":"skip"},"card_of_player":[{"color":"blue","number":0},{"color":"red","number":2},{"color":"red","number":7}],"must_call_draw_card":false,"draw_reason":"nothing","turn_right":true,"number_card_play":29,"number_turn_play":48,"number_card_of_player":{"P-00000001":27,"P-00000006":3,"P-00000005":6,"P-00000002":2}}
2024-01-14 00:18:00:619: [INFO] - Send draw-card event. req_data: {}
2024-01-14 00:18:00:634: [INFO] - Receive receiver-card event. res_data: {"cards_receive":[{"color":"yellow","number":5}],"is_penalty":false}
2024-01-14 00:18:00:645: [INFO] - Receive draw-card event. res_data: {"player":"P-00000006","is_draw":true}
2024-01-14 00:18:00:645: [INFO] - Client draw-card successfully! res_data: {"player":"P-00000006","is_draw":true,"can_play_draw_card":false,"draw_card":[{"color":"yellow","number":5}]}
2024-01-14 00:18:00:689: [INFO] - Receive play-card event. res_data: {"card_play":{"color":"yellow","special":"skip"},"yell_uno":false,"player":"P-00000005"}
2024-01-14 00:18:00:883: [INFO] - Receive penalty event. res_data: {"player":"P-00000001","number_card_of_player":27,"error":"Card play invalid with card before."}
2024-01-14 00:18:00:917: [INFO] - Receive next-player event. res_data: {"next_player":"P-00000006","before_player":"P-00000001","card_before":{"color":"yellow","special":"skip"},"card_of_player":[{"color":"yellow","number":5},{"color":"blue","number":0},{"color":"red","number":2},{"color":"red","number":7}],"must_call_draw_card":false,"draw_reason":"nothing","turn_right":true,"number_card_play":30,"number_turn_play":51,"number_card_of_player":{"P-00000001":27,"P-00000006":4,"P-00000005":5,"P-00000002":2}}
2024-01-14 00:18:00:917: [DEBUG] - selected card: {"color":"yellow","number":5}
2024-01-14 00:18:00:917: [INFO] - Send play-card event. req_data: {"card_play":{"color":"yellow","number":5},"yell_uno":false}
2024-01-14 00:18:00:945: [INFO] - Receive play-card event. res_data: {"card_play":{"color":"yellow","number":5},"yell_uno":false,"player":"P-00000006"}
2024-01-14 00:18:00:958: [INFO] - Client play-card successfully! res_data: {"card_play":{"color":"yellow","number":5},"yell_uno":false}
2024-01-14 00:18:00:984: [INFO] - Receive draw-card event. res_data: {"player":"P-00000005","is_draw":true}
2024-01-14 00:18:01:024: [INFO] - Receive draw-card event. res_data: {"player":"P-00000002","is_draw":true}
2024-01-14 00:18:01:132: [INFO] - Receive shuffle-wild event. res_data: {"cards_receive":[{"color":"yellow","number":2},{"color":"yellow","number":4},{"color":"yellow","number":6},{"color":"green","number":7},{"color":"green","number":8},{"color":"blue","special":"reverse"},{"color":"red","special":"draw_2"},{"color":"red","number":9},{"color":"red","special":"skip"},{"color":"black","special":"wild"}],"number_card_of_player":{"P-00000001":10,"P-00000006":10,"P-00000005":9,"P-00000002":9}}
2024-01-14 00:18:01:151: [INFO] - Receive play-draw-card event. res_data: {"is_play_card":true,"yell_uno":false,"player":"P-00000002","card_play":{"color":"black","special":"wild_shuffle"}}
2024-01-14 00:18:01:174: [INFO] - Receive update-color event. res_data: {"color":"yellow"}
2024-01-14 00:18:01:230: [INFO] - Receive penalty event. res_data: {"player":"P-00000001","number_card_of_player":12,"error":"Card play invalid with card before."}
2024-01-14 00:18:01:264: [INFO] - Receive next-player event. res_data: {"next_player":"P-00000006","before_player":"P-00000001","card_before":{"color":"yellow","special":"wild_shuffle"},"card_of_player":[{"color":"yellow","number":2},{"color":"yellow","number":4},{"color":"yellow","number":6},{"color":"green","number":7},{"color":"green","number":8},{"color":"blue","special":"reverse"},{"color":"red","special":"draw_2"},{"color":"red","number":9},{"color":"red","special":"skip"},{"color":"black","special":"wild"}],"must_call_draw_card":false,"draw_reason":"nothing","turn_right":true,"number_card_play":32,"number_turn_play":55,"number_card_of_player":{"P-00000001":12,"P-00000006":10,"P-00000005":9,"P-00000002":9}}
2024-01-14 00:18:01:264: [DEBUG] - selected card: {"color":"yellow","number":2}
2024-01-14 00:18:01:264: [INFO] - Send play-card event. req_data: {"card_play":{"color":"yellow","number":2},"yell_uno":false}
2024-01-14 00:18:01:291: [INFO] - Receive play-card event. res_data: {"card_play":{"color":"yellow","number":2},"yell_uno":false,"player":"P-00000006"}
2024-01-14 00:18:01:305: [INFO] - Client play-card successfully! res_data: {"card_play":{"color":"yellow","number":2},"yell_uno":false}
2024-01-14 00:18:01:331: [INFO] - Receive draw-card event. res_data: {"player":"P-00000005","is_draw":true}
2024-01-14 00:18:01:358: [INFO] - Receive play-draw-card event. res_data: {"is_play_card":true,"yell_uno":false,"player":"P-00000005","card_play":{"color":"yellow","number":4}}
2024-01-14 00:18:01:410: [INFO] - Receive play-card event. res_data: {"card_play":{"color":"yellow","number":0},"yell_uno":false,"player":"P-00000002"}
2024-01-14 00:18:01:456: [INFO] - Receive penalty event. res_data: {"player":"P-00000001","number_card_of_player":14,"error":"Card play invalid with card before."}
2024-01-14 00:18:01:490: [INFO] - Receive next-player event. res_data: {"next_player":"P-00000006","before_player":"P-00000001","card_before":{"color":"yellow","number":0},"card_of_player":[{"color":"yellow","number":4},{"color":"yellow","number":6},{"color":"green","number":7},{"color":"green","number":8},{"color":"blue","special":"reverse"},{"color":"red","special":"draw_2"},{"color":"red","number":9},{"color":"red","special":"skip"},{"color":"black","special":"wild"}],"must_call_draw_card":false,"draw_reason":"nothing","turn_right":true,"number_card_play":35,"number_turn_play":59,"number_card_of_player":{"P-00000001":14,"P-00000006":9,"P-00000005":9,"P-00000002":8}}
2024-01-14 00:18:01:491: [DEBUG] - selected card: {"color":"yellow","number":4}
2024-01-14 00:18:01:491: [INFO] - Send play-card event. req_data: {"card_play":{"color":"yellow","number":4},"yell_uno":false}
2024-01-14 00:18:01:517: [INFO] - Receive play-card event. res_data: {"card_play":{"color":"yellow","number":4},"yell_uno":false,"player":"P-00000006"}
2024-01-14 00:18:01:531: [INFO] - Client play-card successfully! res_data: {"card_play":{"color":"yellow","number":4},"yell_uno":false}
2024-01-14 00:18:01:558: [INFO] - Receive play-card event. res_data: {"card_play":{"color":"green","number":4},"yell_uno":false,"player":"P-00000005"}
2024-01-14 00:18:01:598: [INFO] - Receive play-card event. res_data: {"card_play":{"color":"green","number":2},"yell_uno":false,"player":"P-00000002"}
2024-01-14 00:18:01:652: [INFO] - Receive penalty event. res_data: {"player":"P-00000001","number_card_of_player":16,"error":"Card play invalid with card before."}
2024-01-14 00:18:01:687: [INFO] - Receive next-player event. res_data: {"next_player":"P-00000006","before_player":"P-00000001","card_before":{"color":"green","number":2},"card_of_player":[{"color":"yellow","number":6},{"color":"green","number":7},{"color":"green","number":8},{"color":"blue","special":"reverse"},{"color":"red","special":"draw_2"},{"color":"red","number":9},{"color":"red","special":"skip"},{"color":"black","special":"wild"}],"must_call_draw_card":false,"draw_reason":"nothing","turn_right":true,"number_card_play":38,"number_turn_play":63,"number_card_of_player":{"P-00000001":16,"P-00000006":8,"P-00000005":8,"P-00000002":7}}
2024-01-14 00:18:01:687: [DEBUG] - selected card: {"color":"green","number":7}
2024-01-14 00:18:01:687: [INFO] - Send play-card event. req_data: {"card_play":{"color":"green","number":7},"yell_uno":false}
2024-01-14 00:18:01:714: [INFO] - Receive play-card event. res_data: {"card_play":{"color":"green","number":7},"yell_uno":false,"player":"P-00000006"}
2024-01-14 00:18:01:727: [INFO] - Client play-card successfully! res_data: {"card_play":{"color":"green","number":7},"yell_uno":false}
2024-01-14 00:18:01:757: [INFO] - Receive play-card event. res_data: {"card_play":{"color":"green","number":0},"yell_uno":false,"player":"P-00000005"}
2024-01-14 00:18:01:796: [INFO] - Receive draw-card event. res_data: {"player":"P-00000002","is_draw":true}
2024-01-14 00:18:02:411: [INFO] - Receive penalty event. res_data: {"player":"P-00000001","number_card_of_player":18,"error":"Card play invalid with card before."}
2024-01-14 00:18:02:446: [INFO] - Receive next-player event. res_data: {"next_player":"P-00000006","before_player":"P-00000001","card_before":{"color":"green","number":0},"card_of_player":[{"color":"yellow","number":6},{"color":"green","number":8},{"color":"blue","special":"reverse"},{"color":"red","special":"draw_2"},{"color":"red","number":9},{"color":"red","special":"skip"},{"color":"black","special":"wild"}],"must_call_draw_card":false,"draw_reason":"nothing","turn_right":true,"number_card_play":40,"number_turn_play":67,"number_card_of_player":{"P-00000001":18,"P-00000006":7,"P-00000005":7,"P-00000002":8}}
2024-01-14 00:18:02:446: [DEBUG] - selected card: {"color":"green","number":8}
2024-01-14 00:18:02:446: [INFO] - Send play-card event. req_data: {"card_play":{"color":"green","number":8},"yell_uno":false}
2024-01-14 00:18:02:474: [INFO] - Receive play-card event. res_data: {"card_play":{"color":"green","number":8},"yell_uno":false,"player":"P-00000006"}
2024-01-14 00:18:02:490: [INFO] - Client play-card successfully! res_data: {"card_play":{"color":"green","number":8},"yell_uno":false}
2024-01-14 00:18:02:517: [INFO] - Receive play-card event. res_data: {"card_play":{"color":"blue","number":8},"yell_uno":false,"player":"P-00000005"}
2024-01-14 00:18:02:559: [INFO] - Receive play-card event. res_data: {"card_play":{"color":"blue","number":4},"yell_uno":false,"player":"P-00000002"}
2024-01-14 00:18:02:621: [INFO] - Receive penalty event. res_data: {"player":"P-00000001","number_card_of_player":20,"error":"Card play invalid with card before."}
2024-01-14 00:18:02:657: [INFO] - Receive next-player event. res_data: {"next_player":"P-00000006","before_player":"P-00000001","card_before":{"color":"blue","number":4},"card_of_player":[{"color":"yellow","number":6},{"color":"blue","special":"reverse"},{"color":"red","special":"draw_2"},{"color":"red","number":9},{"color":"red","special":"skip"},{"color":"black","special":"wild"}],"must_call_draw_card":false,"draw_reason":"nothing","turn_right":true,"number_card_play":43,"number_turn_play":71,"number_card_of_player":{"P-00000001":20,"P-00000006":6,"P-00000005":6,"P-00000002":7}}
2024-01-14 00:18:02:657: [DEBUG] - selected card: {"color":"blue","special":"reverse"}
2024-01-14 00:18:02:657: [INFO] - Send play-card event. req_data: {"card_play":{"color":"blue","special":"reverse"},"yell_uno":false}
2024-01-14 00:18:02:684: [INFO] - Receive play-card event. res_data: {"card_play":{"color":"blue","special":"reverse"},"yell_uno":false,"player":"P-00000006"}
2024-01-14 00:18:02:699: [INFO] - Client play-card successfully! res_data: {"card_play":{"color":"blue","special":"reverse"},"yell_uno":false}
2024-01-14 00:18:02:739: [INFO] - Receive penalty event. res_data: {"player":"P-00000001","number_card_of_player":22,"error":"Card play invalid with card before."}
2024-01-14 00:18:02:801: [INFO] - Receive play-card event. res_data: {"card_play":{"color":"blue","number":4},"yell_uno":false,"player":"P-00000002"}
2024-01-14 00:18:02:844: [INFO] - Receive play-card event. res_data: {"card_play":{"color":"blue","number":0},"yell_uno":false,"player":"P-00000005"}
2024-01-14 00:18:02:858: [INFO] - Receive next-player event. res_data: {"next_player":"P-00000006","before_player":"P-00000005","card_before":{"color":"blue","number":0},"card_of_player":[{"color":"yellow","number":6},{"color":"red","special":"draw_2"},{"color":"red","number":9},{"color":"red","special":"skip"},{"color":"black","special":"wild"}],"must_call_draw_card":false,"draw_reason":"nothing","turn_right":false,"number_card_play":46,"number_turn_play":75,"number_card_of_player":{"P-00000001":22,"P-00000006":5,"P-00000005":5,"P-00000002":6}}
2024-01-14 00:18:02:858: [DEBUG] - selected card: {"color":"black","special":"wild"}
2024-01-14 00:18:02:858: [INFO] - Send play-card event. req_data: {"card_play":{"color":"black","special":"wild"},"yell_uno":false,"color_of_wild":"yellow"}
2024-01-14 00:18:02:885: [INFO] - Receive play-card event. res_data: {"card_play":{"color":"yellow","special":"wild"},"yell_uno":false,"color_of_wild":"yellow","player":"P-00000006"}
2024-01-14 00:18:02:888: [INFO] - Receive update-color event. res_data: {"color":"blue"}
2024-01-14 00:18:02:913: [INFO] - Client play-card successfully! res_data: {"card_play":{"color":"yellow","special":"wild"},"yell_uno":false,"color_of_wild":"yellow"}
2024-01-14 00:18:02:954: [INFO] - Receive penalty event. res_data: {"player":"P-00000001","number_card_of_player":24,"error":"Card play invalid with card before."}
2024-01-14 00:18:03:016: [INFO] - Receive play-card event. res_data: {"card_play":{"color":"yellow","number":6},"yell_uno":false,"player":"P-00000002"}
2024-01-14 00:18:03:066: [INFO] - Receive play-card event. res_data: {"card_play":{"color":"red","number":6},"yell_uno":false,"player":"P-00000005"}
2024-01-14 00:18:03:080: [INFO] - Receive next-player event. res_data: {"next_player":"P-00000006","before_player":"P-00000005","card_before":{"color":"red","number":6},"card_of_player":[{"color":"yellow","number":6},{"color":"red","special":"draw_2"},{"color":"red","number":9},{"color":"red","special":"skip"}],"must_call_draw_card":false,"draw_reason":"nothing","turn_right":false,"number_card_play":49,"number_turn_play":79,"number_card_of_player":{"P-00000001":24,"P-00000006":4,"P-00000005":4,"P-00000002":5}}
2024-01-14 00:18:03:081: [DEBUG] - selected card: {"color":"yellow","number":6}
2024-01-14 00:18:03:081: [INFO] - Send play-card event. req_data: {"card_play":{"color":"yellow","number":6},"yell_uno":false}
2024-01-14 00:18:03:110: [INFO] - Receive play-card event. res_data: {"card_play":{"color":"yellow","number":6},"yell_uno":false,"player":"P-00000006"}
2024-01-14 00:18:03:124: [INFO] - Client play-card successfully! res_data: {"card_play":{"color":"yellow","number":6},"yell_uno":false}
2024-01-14 00:18:03:184: [INFO] - Receive penalty event. res_data: {"player":"P-00000001","number_card_of_player":25,"error":"Card play invalid with card before."}
2024-01-14 00:18:03:247: [INFO] - Receive play-card event. res_data: {"card_play":{"color":"yellow","number":9},"yell_uno":false,"player":"P-00000002"}
2024-01-14 00:18:03:287: [INFO] - Receive draw-card event. res_data: {"player":"P-00000005","is_draw":true}
2024-01-14 00:18:03:302: [INFO] - Receive next-player event. res_data: {"next_player":"P-00000006","before_player":"P-00000005","card_before":{"color":"yellow","number":9},"card_of_player":[{"color":"red","special":"draw_2"},{"color":"red","number":9},{"color":"red","special":"skip"}],"must_call_draw_card":false,"draw_reason":"nothing","turn_right":false,"number_card_play":51,"number_turn_play":83,"number_card_of_player":{"P-00000001":25,"P-00000006":3,"P-00000005":5,"P-00000002":4}}
2024-01-14 00:18:03:302: [DEBUG] - selected card: {"color":"red","number":9}
2024-01-14 00:18:03:302: [INFO] - Send play-card event. req_data: {"card_play":{"color":"red","number":9},"yell_uno":false}
2024-01-14 00:18:03:329: [INFO] - Receive play-card event. res_data: {"card_play":{"color":"red","number":9},"yell_uno":false,"player":"P-00000006"}
2024-01-14 00:18:03:344: [INFO] - Client play-card successfully! res_data: {"card_play":{"color":"red","number":9},"yell_uno":false}
2024-01-14 00:18:03:446: [INFO] - Receive draw-card event. res_data: {"player":"P-00000002","is_draw":true}
2024-01-14 00:18:03:494: [INFO] - Receive play-card event. res_data: {"card_play":{"color":"red","number":1},"yell_uno":false,"player":"P-00000005"}
2024-01-14 00:18:03:511: [INFO] - Receive next-player event. res_data: {"next_player":"P-00000006","before_player":"P-00000005","card_before":{"color":"red","number":1},"card_of_player":[{"color":"red","special":"draw_2"},{"color":"red","special":"skip"}],"must_call_draw_card":false,"draw_reason":"nothing","turn_right":false,"number_card_play":53,"number_turn_play":87,"number_card_of_player":{"P-00000001":25,"P-00000006":2,"P-00000005":4,"P-00000002":5}}
2024-01-14 00:18:03:512: [DEBUG] - selected card: {"color":"red","special":"draw_2"}
2024-01-14 00:18:03:512: [INFO] - Send play-card event. req_data: {"card_play":{"color":"red","special":"draw_2"},"yell_uno":true}
2024-01-14 00:18:03:542: [INFO] - Receive play-card event. res_data: {"card_play":{"color":"red","special":"draw_2"},"yell_uno":true,"player":"P-00000006"}
2024-01-14 00:18:03:557: [INFO] - Client play-card successfully! res_data: {"card_play":{"color":"red","special":"draw_2"},"yell_uno":true}
2024-01-14 00:18:03:601: [INFO] - Receive draw-card event. res_data: {"player":"P-00000001","is_draw":true}
2024-01-14 00:18:03:650: [INFO] - Receive play-card event. res_data: {"card_play":{"color":"blue","special":"draw_2"},"yell_uno":false,"player":"P-00000002"}
2024-01-14 00:18:03:694: [INFO] - Receive draw-card event. res_data: {"player":"P-00000005","is_draw":true}
2024-01-14 00:18:03:710: [INFO] - Receive next-player event. res_data: {"next_player":"P-00000006","before_player":"P-00000005","card_before":{"color":"blue","special":"draw_2"},"card_of_player":[{"color":"red","special":"skip"}],"must_call_draw_card":false,"draw_reason":"nothing","turn_right":false,"number_card_play":55,"number_turn_play":91,"number_card_of_player":{"P-00000001":27,"P-00000006":1,"P-00000005":6,"P-00000002":4}}
2024-01-14 00:18:03:711: [INFO] - Send draw-card event. req_data: {}
2024-01-14 00:18:03:729: [INFO] - Receive receiver-card event. res_data: {"cards_receive":[{"color":"green","special":"draw_2"}],"is_penalty":false}
2024-01-14 00:18:03:740: [INFO] - Receive draw-card event. res_data: {"player":"P-00000006","is_draw":true}
2024-01-14 00:18:03:741: [INFO] - Client draw-card successfully! res_data: {"player":"P-00000006","is_draw":true,"draw_card":[{"color":"green","special":"draw_2"}],"can_play_draw_card":true}
2024-01-14 00:18:03:741: [INFO] - Send play-draw-card event. req_data: {"is_play_card":true,"yell_uno":true}
2024-01-14 00:18:03:772: [INFO] - Receive play-draw-card event. res_data: {"is_play_card":true,"yell_uno":true,"player":"P-00000006","card_play":{"color":"green","special":"draw_2"}}
2024-01-14 00:18:03:797: [INFO] - Client play-draw-card successfully! res_data: {"is_play_card":true,"yell_uno":true}
2024-01-14 00:18:03:847: [INFO] - Receive draw-card event. res_data: {"player":"P-00000001","is_draw":true}
2024-01-14 00:18:03:895: [INFO] - Receive play-card event. res_data: {"card_play":{"color":"green","number":4},"yell_uno":false,"player":"P-00000002"}
2024-01-14 00:18:03:944: [INFO] - Receive draw-card event. res_data: {"player":"P-00000005","is_draw":true}
2024-01-14 00:18:03:963: [INFO] - Receive next-player event. res_data: {"next_player":"P-00000006","before_player":"P-00000005","card_before":{"color":"green","number":4},"card_of_player":[{"color":"red","special":"skip"}],"must_call_draw_card":false,"draw_reason":"nothing","turn_right":false,"number_card_play":57,"number_turn_play":95,"number_card_of_player":{"P-00000001":29,"P-00000006":1,"P-00000005":7,"P-00000002":3}}
2024-01-14 00:18:03:963: [INFO] - Send draw-card event. req_data: {}
2024-01-14 00:18:03:981: [INFO] - Receive receiver-card event. res_data: {"cards_receive":[{"color":"green","number":6}],"is_penalty":false}
2024-01-14 00:18:03:992: [INFO] - Receive draw-card event. res_data: {"player":"P-00000006","is_draw":true}
2024-01-14 00:18:03:992: [INFO] - Client draw-card successfully! res_data: {"player":"P-00000006","is_draw":true,"draw_card":[{"color":"green","number":6}],"can_play_draw_card":true}
2024-01-14 00:18:03:993: [INFO] - Send play-draw-card event. req_data: {"is_play_card":true,"yell_uno":true}
2024-01-14 00:18:04:021: [INFO] - Receive play-draw-card event. res_data: {"is_play_card":true,"yell_uno":true,"player":"P-00000006","card_play":{"color":"green","number":6}}
2024-01-14 00:18:04:049: [INFO] - Client play-draw-card successfully! res_data: {"is_play_card":true,"yell_uno":true}
2024-01-14 00:18:04:121: [INFO] - Receive penalty event. res_data: {"player":"P-00000001","number_card_of_player":29,"error":"Card play invalid with card before."}
2024-01-14 00:18:04:189: [INFO] - Receive play-card event. res_data: {"card_play":{"color":"blue","number":6},"yell_uno":false,"player":"P-00000002"}
2024-01-14 00:18:04:235: [INFO] - Receive play-card event. res_data: {"card_play":{"color":"blue","number":1},"yell_uno":false,"player":"P-00000005"}
2024-01-14 00:18:04:251: [INFO] - Receive next-player event. res_data: {"next_player":"P-00000006","before_player":"P-00000005","card_before":{"color":"blue","number":1},"card_of_player":[{"color":"red","special":"skip"}],"must_call_draw_card":false,"draw_reason":"nothing","turn_right":false,"number_card_play":60,"number_turn_play":99,"number_card_of_player":{"P-00000001":29,"P-00000006":1,"P-00000005":6,"P-00000002":2}}
2024-01-14 00:18:04:251: [INFO] - Send draw-card event. req_data: {}
2024-01-14 00:18:04:269: [INFO] - Receive receiver-card event. res_data: {"cards_receive":[{"color":"white","special":"white_wild"}],"is_penalty":false}
2024-01-14 00:18:04:280: [INFO] - Receive draw-card event. res_data: {"player":"P-00000006","is_draw":true}
2024-01-14 00:18:04:281: [INFO] - Client draw-card successfully! res_data: {"player":"P-00000006","is_draw":true,"draw_card":[{"color":"white","special":"white_wild"}],"can_play_draw_card":true}
2024-01-14 00:18:04:281: [INFO] - Send play-draw-card event. req_data: {"is_play_card":true,"yell_uno":true}
2024-01-14 00:18:04:323: [INFO] - Receive play-draw-card event. res_data: {"is_play_card":true,"yell_uno":true,"player":"P-00000006","card_play":{"color":"white","special":"white_wild"}}
2024-01-14 00:18:04:347: [INFO] - Client play-draw-card successfully! res_data: {"is_play_card":true,"yell_uno":true}
2024-01-14 00:18:04:380: [INFO] - Receive draw-card event. res_data: {"player":"P-00000002","is_draw":true}
2024-01-14 00:18:04:426: [INFO] - Receive play-card event. res_data: {"card_play":{"color":"blue","number":7},"yell_uno":false,"player":"P-00000005"}
2024-01-14 00:18:04:441: [INFO] - Receive next-player event. res_data: {"next_player":"P-00000006","before_player":"P-00000005","card_before":{"color":"blue","number":7},"card_of_player":[{"color":"red","special":"skip"}],"must_call_draw_card":false,"draw_reason":"nothing","turn_right":false,"number_card_play":62,"number_turn_play":102,"number_card_of_player":{"P-00000001":29,"P-00000006":1,"P-00000005":5,"P-00000002":3}}
2024-01-14 00:18:04:441: [INFO] - Send draw-card event. req_data: {}
2024-01-14 00:18:04:458: [INFO] - Receive receiver-card event. res_data: {"cards_receive":[{"color":"blue","special":"skip"}],"is_penalty":false}
2024-01-14 00:18:04:469: [INFO] - Receive draw-card event. res_data: {"player":"P-00000006","is_draw":true}
2024-01-14 00:18:04:469: [INFO] - Client draw-card successfully! res_data: {"player":"P-00000006","is_draw":true,"draw_card":[{"color":"blue","special":"skip"}],"can_play_draw_card":true}
2024-01-14 00:18:04:470: [INFO] - Send play-draw-card event. req_data: {"is_play_card":true,"yell_uno":true}
2024-01-14 00:18:04:499: [INFO] - Receive play-draw-card event. res_data: {"is_play_card":true,"yell_uno":true,"player":"P-00000006","card_play":{"color":"blue","special":"skip"}}
2024-01-14 00:18:04:524: [INFO] - Client play-draw-card successfully! res_data: {"is_play_card":true,"yell_uno":true}
2024-01-14 00:18:04:554: [INFO] - Receive draw-card event. res_data: {"player":"P-00000002","is_draw":true}
2024-01-14 00:18:04:599: [INFO] - Receive play-card event. res_data: {"card_play":{"color":"red","special":"skip"},"yell_uno":false,"player":"P-00000005"}
2024-01-14 00:18:04:695: [INFO] - Receive penalty event. res_data: {"player":"P-00000001","number_card_of_player":29,"error":"Card play invalid with card before."}
2024-01-14 00:18:04:763: [INFO] - Receive play-card event. res_data: {"card_play":{"color":"red","number":5},"yell_uno":false,"player":"P-00000002"}
2024-01-14 00:18:04:809: [INFO] - Receive play-card event. res_data: {"card_play":{"color":"red","number":0},"yell_uno":false,"player":"P-00000005"}
2024-01-14 00:18:04:826: [INFO] - Receive next-player event. res_data: {"next_player":"P-00000006","before_player":"P-00000005","card_before":{"color":"red","number":0},"card_of_player":[{"color":"red","special":"skip"}],"must_call_draw_card":false,"draw_reason":"nothing","turn_right":false,"number_card_play":66,"number_turn_play":108,"number_card_of_player":{"P-00000001":29,"P-00000006":1,"P-00000005":3,"P-00000002":3}}
2024-01-14 00:18:04:826: [DEBUG] - selected card: {"color":"red","special":"skip"}
2024-01-14 00:18:04:826: [INFO] - Send play-card event. req_data: {"card_play":{"color":"red","special":"skip"},"yell_uno":false}
2024-01-14 00:18:04:856: [INFO] - Receive play-card event. res_data: {"card_play":{"color":"red","special":"skip"},"yell_uno":false,"player":"P-00000006"}
2024-01-14 00:18:04:874: [INFO] - Receive finish-turn event. res_data: {"winner":"P-00000006","turn_no":1,"score":{"P-00000001":-302,"P-00000005":-14,"P-00000002":-52,"P-00000006":368}}
2024-01-14 00:18:04:893: [INFO] - Receive finish-game event. res_data: {"winner":"P-00000006","turn_win":1,"order":{"P-00000006":1,"P-00000001":0,"P-00000005":0,"P-00000002":0},"total_score":{"P-00000006":368,"P-00000005":-14,"P-00000002":-52,"P-00000001":-302}}
2024-01-14 00:18:04:910: [INFO] - Client disconnect. data_res: io server disconnect
