2024-01-14 00:26:09:994: [INFO] - This game id is D-00000009
2024-01-14 00:26:09:995: [INFO] - My id is P-00000002
2024-01-14 00:26:10:672: [INFO] - Receive join-room event. res_data: {"room_name":"test","player":"Alternative 3"}
2024-01-14 00:26:11:365: [INFO] - Receive join-room event. res_data: {"room_name":"test","player":"Alternative 4"}
2024-01-14 00:26:14:029: [INFO] - Receive receiver-card event. res_data: {"cards_receive":[{"color":"black","special":"wild_draw_4"},{"color":"black","special":"wild"},{"color":"red","number":7},{"color":"yellow","number":1},{"color":"blue","special":"reverse"},{"color":"blue","number":2},{"color":"red","number":2}],"is_penalty":false}
2024-01-14 00:26:14:239: [INFO] - Receive receiver-card event. res_data: {"cards_receive":[{"color":"green","number":6},{"color":"red","special":"reverse"},{"color":"blue","number":2},{"color":"blue","number":7},{"color":"yellow","special":"reverse"},{"color":"green","number":1},{"color":"red","number":5}],"is_penalty":false}
2024-01-14 00:26:14:242: [INFO] - Receive next-player event. res_data: {"next_player":"P-00000002","before_player":"P-00000002","card_before":{"color":"red","number":5},"card_of_player":[{"color":"yellow","number":1},{"color":"blue","special":"reverse"},{"color":"blue","number":2},{"color":"red","number":2},{"color":"red","number":7},{"color":"black","special":"wild"},{"color":"black","special":"wild_draw_4"}],"must_call_draw_card":false,"draw_reason":"nothing","turn_right":true,"number_card_play":1,"number_turn_play":1,"number_card_of_player":{"P-00000002":7,"P-00000006":7,"P-00000005":7,"P-00000001":7}}
2024-01-14 00:26:14:243: [DEBUG] - selected card: {"color":"red","number":2}
2024-01-14 00:26:14:243: [INFO] - Send play-card event. req_data: {"card_play":{"color":"red","number":2},"yell_uno":false}
2024-01-14 00:26:14:292: [INFO] - Receive next-player event. res_data: {"next_player":"P-00000002","before_player":"P-00000002","card_before":{"color":"yellow","special":"draw_2"},"card_of_player":[{"color":"yellow","special":"reverse"},{"color":"green","number":1},{"color":"green","number":6},{"color":"blue","number":2},{"color":"blue","number":7},{"color":"red","special":"reverse"},{"color":"red","number":5}],"must_call_draw_card":true,"draw_reason":"draw_2","turn_right":true,"number_card_play":1,"number_turn_play":1,"number_card_of_player":{"P-00000002":7,"P-00000006":7,"P-00000001":7,"P-00000005":7}}
2024-01-14 00:26:14:293: [INFO] - Send draw-card event. req_data: {}
2024-01-14 00:26:14:294: [INFO] - Receive play-card event. res_data: {"card_play":{"color":"red","number":2},"yell_uno":false,"player":"P-00000002"}
2024-01-14 00:26:14:331: [INFO] - Client play-card successfully! res_data: {"card_play":{"color":"red","number":2},"yell_uno":false}
2024-01-14 00:26:14:342: [INFO] - Receive receiver-card event. res_data: {"cards_receive":[{"color":"yellow","number":2},{"color":"green","number":7}],"is_penalty":true}
2024-01-14 00:26:14:344: [INFO] - Receive penalty event. res_data: {"player":"P-00000002","number_card_of_player":9,"error":"Next player invalid."}
2024-01-14 00:26:14:354: [ERROR] - Client draw-card failed! [object Object]
2024-01-14 00:26:14:380: [INFO] - Receive draw-card event. res_data: {"player":"P-00000006","is_draw":true}
2024-01-14 00:26:14:434: [INFO] - Receive play-card event. res_data: {"card_play":{"color":"red","special":"draw_2"},"yell_uno":false,"player":"P-00000001"}
2024-01-14 00:26:14:479: [INFO] - Receive draw-card event. res_data: {"player":"P-00000005","is_draw":true}
2024-01-14 00:26:14:493: [INFO] - Receive next-player event. res_data: {"next_player":"P-00000002","before_player":"P-00000005","card_before":{"color":"red","special":"draw_2"},"card_of_player":[{"color":"yellow","special":"reverse"},{"color":"yellow","number":2},{"color":"green","number":1},{"color":"green","number":6},{"color":"green","number":7},{"color":"blue","number":2},{"color":"blue","number":7},{"color":"red","special":"reverse"},{"color":"red","number":5}],"must_call_draw_card":false,"draw_reason":"nothing","turn_right":true,"number_card_play":2,"number_turn_play":4,"number_card_of_player":{"P-00000002":9,"P-00000006":9,"P-00000001":6,"P-00000005":9}}
2024-01-14 00:26:14:493: [DEBUG] - selected card: {"color":"red","special":"reverse"}
2024-01-14 00:26:14:493: [INFO] - Send play-card event. req_data: {"card_play":{"color":"red","special":"reverse"},"yell_uno":false}
2024-01-14 00:26:14:519: [INFO] - Receive play-card event. res_data: {"card_play":{"color":"red","special":"reverse"},"yell_uno":false,"player":"P-00000002"}
2024-01-14 00:26:14:533: [INFO] - Client play-card successfully! res_data: {"card_play":{"color":"red","special":"reverse"},"yell_uno":false}
2024-01-14 00:26:14:562: [INFO] - Receive play-card event. res_data: {"card_play":{"color":"red","number":8},"yell_uno":false,"player":"P-00000005"}
2024-01-14 00:26:14:628: [INFO] - Receive play-card event. res_data: {"card_play":{"color":"yellow","number":8},"yell_uno":false,"player":"P-00000001"}
2024-01-14 00:26:14:674: [INFO] - Receive play-card event. res_data: {"card_play":{"color":"yellow","number":2},"yell_uno":false,"player":"P-00000006"}
2024-01-14 00:26:14:690: [INFO] - Receive next-player event. res_data: {"next_player":"P-00000002","before_player":"P-00000006","card_before":{"color":"yellow","number":2},"card_of_player":[{"color":"yellow","special":"reverse"},{"color":"yellow","number":2},{"color":"green","number":1},{"color":"green","number":6},{"color":"green","number":7},{"color":"blue","number":2},{"color":"blue","number":7},{"color":"red","number":5}],"must_call_draw_card":false,"draw_reason":"nothing","turn_right":false,"number_card_play":6,"number_turn_play":8,"number_card_of_player":{"P-00000002":8,"P-00000006":8,"P-00000001":5,"P-00000005":8}}
2024-01-14 00:26:14:691: [DEBUG] - selected card: {"color":"yellow","special":"reverse"}
2024-01-14 00:26:14:691: [INFO] - Send play-card event. req_data: {"card_play":{"color":"yellow","special":"reverse"},"yell_uno":false}
2024-01-14 00:26:14:720: [INFO] - Receive play-card event. res_data: {"card_play":{"color":"yellow","special":"reverse"},"yell_uno":false,"player":"P-00000002"}
2024-01-14 00:26:14:735: [INFO] - Client play-card successfully! res_data: {"card_play":{"color":"yellow","special":"reverse"},"yell_uno":false}
2024-01-14 00:26:14:767: [INFO] - Receive play-card event. res_data: {"card_play":{"color":"yellow","number":7},"yell_uno":false,"player":"P-00000006"}
2024-01-14 00:26:14:821: [INFO] - Receive play-card event. res_data: {"card_play":{"color":"yellow","special":"reverse"},"yell_uno":false,"player":"P-00000001"}
2024-01-14 00:26:14:864: [INFO] - Receive play-card event. res_data: {"card_play":{"color":"green","special":"reverse"},"yell_uno":false,"player":"P-00000006"}
2024-01-14 00:26:14:914: [INFO] - Receive play-card event. res_data: {"card_play":{"color":"green","number":2},"yell_uno":false,"player":"P-00000001"}
2024-01-14 00:26:14:956: [INFO] - Receive play-card event. res_data: {"card_play":{"color":"green","number":5},"yell_uno":false,"player":"P-00000005"}
2024-01-14 00:26:14:970: [INFO] - Receive next-player event. res_data: {"next_player":"P-00000002","before_player":"P-00000005","card_before":{"color":"green","number":5},"card_of_player":[{"color":"yellow","number":2},{"color":"green","number":1},{"color":"green","number":6},{"color":"green","number":7},{"color":"blue","number":2},{"color":"blue","number":7},{"color":"red","number":5}],"must_call_draw_card":false,"draw_reason":"nothing","turn_right":true,"number_card_play":12,"number_turn_play":14,"number_card_of_player":{"P-00000002":7,"P-00000006":6,"P-00000001":3,"P-00000005":7}}
2024-01-14 00:26:14:970: [DEBUG] - selected card: {"color":"green","number":1}
2024-01-14 00:26:14:970: [INFO] - Send play-card event. req_data: {"card_play":{"color":"green","number":1},"yell_uno":false}
2024-01-14 00:26:14:997: [INFO] - Receive play-card event. res_data: {"card_play":{"color":"green","number":1},"yell_uno":false,"player":"P-00000002"}
2024-01-14 00:26:15:010: [INFO] - Client play-card successfully! res_data: {"card_play":{"color":"green","number":1},"yell_uno":false}
2024-01-14 00:26:15:038: [INFO] - Receive play-card event. res_data: {"card_play":{"color":"green","number":2},"yell_uno":false,"player":"P-00000006"}
2024-01-14 00:26:15:087: [INFO] - Receive draw-card event. res_data: {"player":"P-00000001","is_draw":true}
2024-01-14 00:26:15:124: [INFO] - Receive play-draw-card event. res_data: {"is_play_card":true,"yell_uno":false,"player":"P-00000001","card_play":{"color":"green","special":"draw_2"}}
2024-01-14 00:26:15:173: [INFO] - Receive draw-card event. res_data: {"player":"P-00000005","is_draw":true}
2024-01-14 00:26:15:188: [INFO] - Receive next-player event. res_data: {"next_player":"P-00000002","before_player":"P-00000005","card_before":{"color":"green","special":"draw_2"},"card_of_player":[{"color":"yellow","number":2},{"color":"green","number":6},{"color":"green","number":7},{"color":"blue","number":2},{"color":"blue","number":7},{"color":"red","number":5}],"must_call_draw_card":false,"draw_reason":"nothing","turn_right":true,"number_card_play":15,"number_turn_play":18,"number_card_of_player":{"P-00000002":6,"P-00000006":5,"P-00000001":3,"P-00000005":9}}
2024-01-14 00:26:15:188: [DEBUG] - selected card: {"color":"green","number":6}
2024-01-14 00:26:15:189: [INFO] - Send play-card event. req_data: {"card_play":{"color":"green","number":6},"yell_uno":false}
2024-01-14 00:26:15:215: [INFO] - Receive play-card event. res_data: {"card_play":{"color":"green","number":6},"yell_uno":false,"player":"P-00000002"}
2024-01-14 00:26:15:229: [INFO] - Client play-card successfully! res_data: {"card_play":{"color":"green","number":6},"yell_uno":false}
2024-01-14 00:26:15:257: [INFO] - Receive play-card event. res_data: {"card_play":{"color":"green","number":7},"yell_uno":false,"player":"P-00000006"}
2024-01-14 00:26:15:307: [INFO] - Receive draw-card event. res_data: {"player":"P-00000001","is_draw":true}
2024-01-14 00:26:15:360: [INFO] - Receive draw-card event. res_data: {"player":"P-00000005","is_draw":true}
2024-01-14 00:26:15:373: [INFO] - Receive next-player event. res_data: {"next_player":"P-00000002","before_player":"P-00000005","card_before":{"color":"green","number":7},"card_of_player":[{"color":"yellow","number":2},{"color":"green","number":7},{"color":"blue","number":2},{"color":"blue","number":7},{"color":"red","number":5}],"must_call_draw_card":false,"draw_reason":"nothing","turn_right":true,"number_card_play":17,"number_turn_play":22,"number_card_of_player":{"P-00000002":5,"P-00000006":4,"P-00000001":4,"P-00000005":10}}
2024-01-14 00:26:15:374: [DEBUG] - selected card: {"color":"green","number":7}
2024-01-14 00:26:15:374: [INFO] - Send play-card event. req_data: {"card_play":{"color":"green","number":7},"yell_uno":false}
2024-01-14 00:26:15:404: [INFO] - Receive play-card event. res_data: {"card_play":{"color":"green","number":7},"yell_uno":false,"player":"P-00000002"}
2024-01-14 00:26:15:419: [INFO] - Client play-card successfully! res_data: {"card_play":{"color":"green","number":7},"yell_uno":false}
2024-01-14 00:26:15:448: [INFO] - Receive play-card event. res_data: {"card_play":{"color":"green","number":8},"yell_uno":false,"player":"P-00000006"}
2024-01-14 00:26:15:496: [INFO] - Receive draw-card event. res_data: {"player":"P-00000001","is_draw":true}
2024-01-14 00:26:15:539: [INFO] - Receive play-card event. res_data: {"card_play":{"color":"blue","number":8},"yell_uno":false,"player":"P-00000005"}
2024-01-14 00:26:15:554: [INFO] - Receive next-player event. res_data: {"next_player":"P-00000002","before_player":"P-00000005","card_before":{"color":"blue","number":8},"card_of_player":[{"color":"yellow","number":2},{"color":"blue","number":2},{"color":"blue","number":7},{"color":"red","number":5}],"must_call_draw_card":false,"draw_reason":"nothing","turn_right":true,"number_card_play":20,"number_turn_play":26,"number_card_of_player":{"P-00000002":4,"P-00000006":3,"P-00000001":5,"P-00000005":9}}
2024-01-14 00:26:15:555: [DEBUG] - selected card: {"color":"blue","number":2}
2024-01-14 00:26:15:555: [INFO] - Send play-card event. req_data: {"card_play":{"color":"blue","number":2},"yell_uno":false}
2024-01-14 00:26:15:583: [INFO] - Receive play-card event. res_data: {"card_play":{"color":"blue","number":2},"yell_uno":false,"player":"P-00000002"}
2024-01-14 00:26:15:598: [INFO] - Client play-card successfully! res_data: {"card_play":{"color":"blue","number":2},"yell_uno":false}
2024-01-14 00:26:15:627: [INFO] - Receive play-card event. res_data: {"card_play":{"color":"blue","special":"wild"},"yell_uno":false,"color_of_wild":"blue","player":"P-00000006"}
2024-01-14 00:26:15:630: [INFO] - Receive update-color event. res_data: {"color":"blue"}
2024-01-14 00:26:15:695: [INFO] - Receive draw-card event. res_data: {"player":"P-00000001","is_draw":true}
2024-01-14 00:26:15:739: [INFO] - Receive play-card event. res_data: {"card_play":{"color":"blue","special":"draw_2"},"yell_uno":false,"player":"P-00000005"}
2024-01-14 00:26:15:755: [INFO] - Receive next-player event. res_data: {"next_player":"P-00000002","before_player":"P-00000005","card_before":{"color":"blue","special":"draw_2"},"card_of_player":[{"color":"yellow","number":2},{"color":"blue","number":7},{"color":"red","number":5}],"must_call_draw_card":true,"draw_reason":"draw_2","turn_right":true,"number_card_play":23,"number_turn_play":30,"number_card_of_player":{"P-00000002":3,"P-00000006":2,"P-00000001":6,"P-00000005":8}}
2024-01-14 00:26:15:755: [INFO] - Send draw-card event. req_data: {}
2024-01-14 00:26:15:770: [INFO] - Receive receiver-card event. res_data: {"cards_receive":[{"color":"red","number":8},{"color":"black","special":"wild_draw_4"}],"is_penalty":false}
2024-01-14 00:26:15:781: [INFO] - Receive draw-card event. res_data: {"player":"P-00000002","is_draw":true}
2024-01-14 00:26:15:782: [INFO] - Client draw-card successfully! res_data: {"player":"P-00000002","is_draw":true,"can_play_draw_card":false,"draw_card":[{"color":"red","number":8},{"color":"black","special":"wild_draw_4"}]}
2024-01-14 00:26:15:836: [INFO] - Receive play-card event. res_data: {"card_play":{"color":"white","special":"white_wild"},"yell_uno":true,"player":"P-00000006"}
2024-01-14 00:26:15:877: [INFO] - Receive draw-card event. res_data: {"player":"P-00000005","is_draw":true}
2024-01-14 00:26:15:891: [INFO] - Receive next-player event. res_data: {"next_player":"P-00000002","before_player":"P-00000005","card_before":{"color":"blue","special":"white_wild"},"card_of_player":[{"color":"yellow","number":2},{"color":"blue","number":7},{"color":"red","number":5},{"color":"red","number":8},{"color":"black","special":"wild_draw_4"}],"must_call_draw_card":false,"draw_reason":"nothing","turn_right":true,"number_card_play":24,"number_turn_play":33,"number_card_of_player":{"P-00000002":5,"P-00000006":1,"P-00000001":6,"P-00000005":9}}
2024-01-14 00:26:15:891: [DEBUG] - selected card: {"color":"blue","number":7}
2024-01-14 00:26:15:891: [INFO] - Send play-card event. req_data: {"card_play":{"color":"blue","number":7},"yell_uno":false}
2024-01-14 00:26:15:918: [INFO] - Receive play-card event. res_data: {"card_play":{"color":"blue","number":7},"yell_uno":false,"player":"P-00000002"}
2024-01-14 00:26:15:933: [INFO] - Client play-card successfully! res_data: {"card_play":{"color":"blue","number":7},"yell_uno":false}
2024-01-14 00:26:15:961: [INFO] - Receive draw-card event. res_data: {"player":"P-00000006","is_draw":true}
2024-01-14 00:26:15:990: [INFO] - Receive play-draw-card event. res_data: {"is_play_card":true,"yell_uno":true,"player":"P-00000006","card_play":{"color":"yellow","number":7}}
2024-01-14 00:26:16:050: [INFO] - Receive play-card event. res_data: {"card_play":{"color":"yellow","number":0},"yell_uno":false,"player":"P-00000001"}
2024-01-14 00:26:16:090: [INFO] - Receive draw-card event. res_data: {"player":"P-00000005","is_draw":true}
2024-01-14 00:26:16:104: [INFO] - Receive next-player event. res_data: {"next_player":"P-00000002","before_player":"P-00000005","card_before":{"color":"yellow","number":0},"card_of_player":[{"color":"yellow","number":2},{"color":"red","number":5},{"color":"red","number":8},{"color":"black","special":"wild_draw_4"}],"must_call_draw_card":false,"draw_reason":"nothing","turn_right":true,"number_card_play":27,"number_turn_play":37,"number_card_of_player":{"P-00000002":4,"P-00000006":1,"P-00000001":5,"P-00000005":10}}
2024-01-14 00:26:16:104: [DEBUG] - selected card: {"color":"yellow","number":2}
2024-01-14 00:26:16:104: [INFO] - Send play-card event. req_data: {"card_play":{"color":"yellow","number":2},"yell_uno":false}
2024-01-14 00:26:16:132: [INFO] - Receive play-card event. res_data: {"card_play":{"color":"yellow","number":2},"yell_uno":false,"player":"P-00000002"}
2024-01-14 00:26:16:146: [INFO] - Client play-card successfully! res_data: {"card_play":{"color":"yellow","number":2},"yell_uno":false}
2024-01-14 00:26:16:172: [INFO] - Receive draw-card event. res_data: {"player":"P-00000006","is_draw":true}
2024-01-14 00:26:16:201: [INFO] - Receive play-draw-card event. res_data: {"is_play_card":true,"yell_uno":true,"player":"P-00000006","card_play":{"color":"red","number":2}}
2024-01-14 00:26:16:263: [INFO] - Receive play-card event. res_data: {"card_play":{"color":"red","number":3},"yell_uno":false,"player":"P-00000001"}
2024-01-14 00:26:16:305: [INFO] - Receive play-card event. res_data: {"card_play":{"color":"yellow","number":3},"yell_uno":false,"player":"P-00000005"}
2024-01-14 00:26:16:320: [INFO] - Receive next-player event. res_data: {"next_player":"P-00000002","before_player":"P-00000005","card_before":{"color":"yellow","number":3},"card_of_player":[{"color":"red","number":5},{"color":"red","number":8},{"color":"black","special":"wild_draw_4"}],"must_call_draw_card":false,"draw_reason":"nothing","turn_right":true,"number_card_play":31,"number_turn_play":41,"number_card_of_player":{"P-00000002":3,"P-00000006":1,"P-00000001":4,"P-00000005":9}}
2024-01-14 00:26:16:320: [DEBUG] - selected card: {"color":"black","special":"wild_draw_4"}
2024-01-14 00:26:16:321: [INFO] - Send play-card event. req_data: {"card_play":{"color":"black","special":"wild_draw_4"},"yell_uno":false,"color_of_wild":"yellow"}
2024-01-14 00:26:16:348: [INFO] - Receive play-card event. res_data: {"card_play":{"color":"yellow","special":"wild_draw_4"},"yell_uno":false,"color_of_wild":"yellow","player":"P-00000002"}
2024-01-14 00:26:16:350: [INFO] - Receive update-color event. res_data: {"color":"yellow"}
2024-01-14 00:26:16:373: [INFO] - Client play-card successfully! res_data: {"card_play":{"color":"yellow","special":"wild_draw_4"},"yell_uno":false,"color_of_wild":"yellow"}
2024-01-14 00:26:16:399: [INFO] - Receive draw-card event. res_data: {"player":"P-00000006","is_draw":true}
2024-01-14 00:26:16:459: [INFO] - Receive play-card event. res_data: {"card_play":{"color":"yellow","number":3},"yell_uno":false,"player":"P-00000001"}
2024-01-14 00:26:16:502: [INFO] - Receive play-card event. res_data: {"card_play":{"color":"yellow","special":"draw_2"},"yell_uno":false,"player":"P-00000005"}
2024-01-14 00:26:16:517: [INFO] - Receive next-player event. res_data: {"next_player":"P-00000002","before_player":"P-00000005","card_before":{"color":"yellow","special":"draw_2"},"card_of_player":[{"color":"red","number":5},{"color":"red","number":8}],"must_call_draw_card":true,"draw_reason":"draw_2","turn_right":true,"number_card_play":34,"number_turn_play":45,"number_card_of_player":{"P-00000002":2,"P-00000006":5,"P-00000001":3,"P-00000005":8}}
2024-01-14 00:26:16:517: [INFO] - Send draw-card event. req_data: {}
2024-01-14 00:26:16:530: [INFO] - Receive receiver-card event. res_data: {"cards_receive":[{"color":"red","special":"skip"},{"color":"black","special":"wild_draw_4"}],"is_penalty":false}
2024-01-14 00:26:16:541: [INFO] - Receive draw-card event. res_data: {"player":"P-00000002","is_draw":true}
2024-01-14 00:26:16:542: [INFO] - Client draw-card successfully! res_data: {"player":"P-00000002","is_draw":true,"can_play_draw_card":false,"draw_card":[{"color":"red","special":"skip"},{"color":"black","special":"wild_draw_4"}]}
2024-01-14 00:26:16:580: [INFO] - Receive draw-card event. res_data: {"player":"P-00000006","is_draw":true}
2024-01-14 00:26:16:617: [INFO] - Receive play-draw-card event. res_data: {"is_play_card":true,"yell_uno":false,"player":"P-00000006","card_play":{"color":"white","special":"white_wild"}}
2024-01-14 00:26:16:666: [INFO] - Receive draw-card event. res_data: {"player":"P-00000005","is_draw":true}
2024-01-14 00:26:16:679: [INFO] - Receive next-player event. res_data: {"next_player":"P-00000002","before_player":"P-00000005","card_before":{"color":"yellow","special":"white_wild"},"card_of_player":[{"color":"red","number":5},{"color":"red","number":8},{"color":"red","special":"skip"},{"color":"black","special":"wild_draw_4"}],"must_call_draw_card":false,"draw_reason":"nothing","turn_right":true,"number_card_play":35,"number_turn_play":48,"number_card_of_player":{"P-00000002":4,"P-00000006":5,"P-00000001":3,"P-00000005":9}}
2024-01-14 00:26:16:680: [DEBUG] - selected card: {"color":"black","special":"wild_draw_4"}
2024-01-14 00:26:16:680: [INFO] - Send play-card event. req_data: {"card_play":{"color":"black","special":"wild_draw_4"},"yell_uno":false,"color_of_wild":"red"}
2024-01-14 00:26:16:705: [INFO] - Receive play-card event. res_data: {"card_play":{"color":"red","special":"wild_draw_4"},"yell_uno":false,"color_of_wild":"red","player":"P-00000002"}
2024-01-14 00:26:16:707: [INFO] - Receive update-color event. res_data: {"color":"yellow"}
2024-01-14 00:26:16:731: [INFO] - Client play-card successfully! res_data: {"card_play":{"color":"red","special":"wild_draw_4"},"yell_uno":false,"color_of_wild":"red"}
2024-01-14 00:26:16:757: [INFO] - Receive draw-card event. res_data: {"player":"P-00000006","is_draw":true}
2024-01-14 00:26:16:808: [INFO] - Receive play-card event. res_data: {"card_play":{"color":"red","number":3},"yell_uno":false,"player":"P-00000001"}
2024-01-14 00:26:16:849: [INFO] - Receive draw-card event. res_data: {"player":"P-00000005","is_draw":true}
2024-01-14 00:26:16:864: [INFO] - Receive next-player event. res_data: {"next_player":"P-00000002","before_player":"P-00000005","card_before":{"color":"red","number":3},"card_of_player":[{"color":"red","number":5},{"color":"red","number":8},{"color":"red","special":"skip"}],"must_call_draw_card":false,"draw_reason":"nothing","turn_right":true,"number_card_play":37,"number_turn_play":52,"number_card_of_player":{"P-00000002":3,"P-00000006":9,"P-00000001":2,"P-00000005":10}}
2024-01-14 00:26:16:864: [DEBUG] - selected card: {"color":"red","number":5}
2024-01-14 00:26:16:864: [INFO] - Send play-card event. req_data: {"card_play":{"color":"red","number":5},"yell_uno":false}
2024-01-14 00:26:16:891: [INFO] - Receive play-card event. res_data: {"card_play":{"color":"red","number":5},"yell_uno":false,"player":"P-00000002"}
2024-01-14 00:26:16:906: [INFO] - Client play-card successfully! res_data: {"card_play":{"color":"red","number":5},"yell_uno":false}
2024-01-14 00:26:16:934: [INFO] - Receive play-card event. res_data: {"card_play":{"color":"blue","number":5},"yell_uno":false,"player":"P-00000006"}
2024-01-14 00:26:16:982: [INFO] - Receive draw-card event. res_data: {"player":"P-00000001","is_draw":true}
2024-01-14 00:26:17:023: [INFO] - Receive play-card event. res_data: {"card_play":{"color":"blue","special":"draw_2"},"yell_uno":false,"player":"P-00000005"}
2024-01-14 00:26:17:037: [INFO] - Receive next-player event. res_data: {"next_player":"P-00000002","before_player":"P-00000005","card_before":{"color":"blue","special":"draw_2"},"card_of_player":[{"color":"red","number":8},{"color":"red","special":"skip"}],"must_call_draw_card":true,"draw_reason":"draw_2","turn_right":true,"number_card_play":40,"number_turn_play":56,"number_card_of_player":{"P-00000002":2,"P-00000006":8,"P-00000001":3,"P-00000005":9}}
2024-01-14 00:26:17:037: [INFO] - Send draw-card event. req_data: {}
2024-01-14 00:26:17:052: [INFO] - Receive receiver-card event. res_data: {"cards_receive":[{"color":"red","number":1},{"color":"black","special":"wild_draw_4"}],"is_penalty":false}
2024-01-14 00:26:17:062: [INFO] - Receive draw-card event. res_data: {"player":"P-00000002","is_draw":true}
2024-01-14 00:26:17:063: [INFO] - Client draw-card successfully! res_data: {"player":"P-00000002","is_draw":true,"can_play_draw_card":false,"draw_card":[{"color":"red","number":1},{"color":"black","special":"wild_draw_4"}]}
2024-01-14 00:26:17:105: [INFO] - Receive play-card event. res_data: {"card_play":{"color":"blue","number":1},"yell_uno":false,"player":"P-00000006"}
2024-01-14 00:26:17:154: [INFO] - Receive draw-card event. res_data: {"player":"P-00000001","is_draw":true}
2024-01-14 00:26:17:188: [INFO] - Receive play-draw-card event. res_data: {"is_play_card":true,"yell_uno":false,"player":"P-00000001","card_play":{"color":"green","number":1}}
2024-01-14 00:26:17:239: [INFO] - Receive play-card event. res_data: {"card_play":{"color":"green","special":"skip"},"yell_uno":false,"player":"P-00000005"}
2024-01-14 00:26:17:279: [INFO] - Receive play-card event. res_data: {"card_play":{"color":"green","number":4},"yell_uno":false,"player":"P-00000006"}
2024-01-14 00:26:17:328: [INFO] - Receive play-card event. res_data: {"card_play":{"color":"yellow","number":4},"yell_uno":false,"player":"P-00000001"}
2024-01-14 00:26:17:370: [INFO] - Receive play-card event. res_data: {"card_play":{"color":"yellow","number":6},"yell_uno":false,"player":"P-00000005"}
2024-01-14 00:26:17:383: [INFO] - Receive next-player event. res_data: {"next_player":"P-00000002","before_player":"P-00000005","card_before":{"color":"yellow","number":6},"card_of_player":[{"color":"red","number":8},{"color":"red","special":"skip"},{"color":"red","number":1},{"color":"black","special":"wild_draw_4"}],"must_call_draw_card":false,"draw_reason":"nothing","turn_right":true,"number_card_play":46,"number_turn_play":63,"number_card_of_player":{"P-00000002":4,"P-00000006":6,"P-00000001":2,"P-00000005":7}}
2024-01-14 00:26:17:383: [DEBUG] - selected card: {"color":"black","special":"wild_draw_4"}
2024-01-14 00:26:17:383: [INFO] - Send play-card event. req_data: {"card_play":{"color":"black","special":"wild_draw_4"},"yell_uno":false,"color_of_wild":"red"}
2024-01-14 00:26:17:411: [INFO] - Receive play-card event. res_data: {"card_play":{"color":"red","special":"wild_draw_4"},"yell_uno":false,"color_of_wild":"red","player":"P-00000002"}
2024-01-14 00:26:17:412: [INFO] - Receive update-color event. res_data: {"color":"yellow"}
2024-01-14 00:26:17:437: [INFO] - Client play-card successfully! res_data: {"card_play":{"color":"red","special":"wild_draw_4"},"yell_uno":false,"color_of_wild":"red"}
2024-01-14 00:26:17:465: [INFO] - Receive challenge event. res_data: {"challenger":"P-00000006","target":"P-00000002","is_challenge":true,"is_challenge_success":false}
2024-01-14 00:26:17:542: [INFO] - Receive play-card event. res_data: {"card_play":{"color":"red","special":"draw_2"},"yell_uno":true,"player":"P-00000001"}
2024-01-14 00:26:17:583: [INFO] - Receive draw-card event. res_data: {"player":"P-00000005","is_draw":true}
2024-01-14 00:26:17:596: [INFO] - Receive next-player event. res_data: {"next_player":"P-00000002","before_player":"P-00000005","card_before":{"color":"red","special":"draw_2"},"card_of_player":[{"color":"red","number":8},{"color":"red","special":"skip"},{"color":"red","number":1}],"must_call_draw_card":false,"draw_reason":"nothing","turn_right":true,"number_card_play":48,"number_turn_play":67,"number_card_of_player":{"P-00000002":3,"P-00000006":12,"P-00000001":1,"P-00000005":9}}
2024-01-14 00:26:17:597: [DEBUG] - selected card: {"color":"red","number":8}
2024-01-14 00:26:17:597: [INFO] - Send play-card event. req_data: {"card_play":{"color":"red","number":8},"yell_uno":false}
2024-01-14 00:26:17:623: [INFO] - Receive play-card event. res_data: {"card_play":{"color":"red","number":8},"yell_uno":false,"player":"P-00000002"}
2024-01-14 00:26:17:637: [INFO] - Client play-card successfully! res_data: {"card_play":{"color":"red","number":8},"yell_uno":false}
2024-01-14 00:26:17:666: [INFO] - Receive play-card event. res_data: {"card_play":{"color":"green","number":8},"yell_uno":false,"player":"P-00000006"}
2024-01-14 00:26:17:714: [INFO] - Receive draw-card event. res_data: {"player":"P-00000001","is_draw":true}
2024-01-14 00:26:17:755: [INFO] - Receive play-card event. res_data: {"card_play":{"color":"green","number":0},"yell_uno":false,"player":"P-00000005"}
2024-01-14 00:26:17:770: [INFO] - Receive next-player event. res_data: {"next_player":"P-00000002","before_player":"P-00000005","card_before":{"color":"green","number":0},"card_of_player":[{"color":"red","special":"skip"},{"color":"red","number":1}],"must_call_draw_card":false,"draw_reason":"nothing","turn_right":true,"number_card_play":51,"number_turn_play":71,"number_card_of_player":{"P-00000002":2,"P-00000006":11,"P-00000001":2,"P-00000005":8}}
2024-01-14 00:26:17:771: [INFO] - Send draw-card event. req_data: {}
2024-01-14 00:26:17:785: [INFO] - Receive receiver-card event. res_data: {"cards_receive":[{"color":"red","number":7}],"is_penalty":false}
2024-01-14 00:26:17:795: [INFO] - Receive draw-card event. res_data: {"player":"P-00000002","is_draw":true}
2024-01-14 00:26:17:796: [INFO] - Client draw-card successfully! res_data: {"player":"P-00000002","is_draw":true,"can_play_draw_card":false,"draw_card":[{"color":"red","number":7}]}
2024-01-14 00:26:17:838: [INFO] - Receive play-card event. res_data: {"card_play":{"color":"green","number":9},"yell_uno":false,"player":"P-00000006"}
2024-01-14 00:26:17:890: [INFO] - Receive play-card event. res_data: {"card_play":{"color":"blue","number":9},"yell_uno":true,"player":"P-00000001"}
2024-01-14 00:26:17:931: [INFO] - Receive play-card event. res_data: {"card_play":{"color":"blue","number":4},"yell_uno":false,"player":"P-00000005"}
2024-01-14 00:26:17:945: [INFO] - Receive next-player event. res_data: {"next_player":"P-00000002","before_player":"P-00000005","card_before":{"color":"blue","number":4},"card_of_player":[{"color":"red","special":"skip"},{"color":"red","number":1},{"color":"red","number":7}],"must_call_draw_card":false,"draw_reason":"nothing","turn_right":true,"number_card_play":54,"number_turn_play":75,"number_card_of_player":{"P-00000002":3,"P-00000006":10,"P-00000001":1,"P-00000005":7}}
2024-01-14 00:26:17:945: [INFO] - Send draw-card event. req_data: {}
2024-01-14 00:26:17:960: [INFO] - Receive receiver-card event. res_data: {"cards_receive":[{"color":"green","number":4}],"is_penalty":false}
2024-01-14 00:26:17:971: [INFO] - Receive draw-card event. res_data: {"player":"P-00000002","is_draw":true}
2024-01-14 00:26:17:971: [INFO] - Client draw-card successfully! res_data: {"player":"P-00000002","is_draw":true,"draw_card":[{"color":"green","number":4}],"can_play_draw_card":true}
2024-01-14 00:26:17:972: [INFO] - Send play-draw-card event. req_data: {"is_play_card":true,"yell_uno":false}
2024-01-14 00:26:17:997: [INFO] - Receive play-draw-card event. res_data: {"is_play_card":true,"yell_uno":false,"player":"P-00000002","card_play":{"color":"green","number":4}}
2024-01-14 00:26:18:021: [INFO] - Client play-draw-card successfully! res_data: {"is_play_card":true,"yell_uno":false}
2024-01-14 00:26:18:046: [INFO] - Receive play-card event. res_data: {"card_play":{"color":"green","number":9},"yell_uno":false,"player":"P-00000006"}
2024-01-14 00:26:18:099: [INFO] - Receive play-card event. res_data: {"card_play":{"color":"red","number":9},"yell_uno":false,"player":"P-00000001"}
2024-01-14 00:26:18:112: [INFO] - Receive finish-turn event. res_data: {"winner":"P-00000001","turn_no":1,"score":{"P-00000002":-28,"P-00000006":-53,"P-00000005":-80,"P-00000001":161}}
2024-01-14 00:26:18:126: [INFO] - Receive finish-game event. res_data: {"winner":"P-00000001","turn_win":1,"order":{"P-00000001":1,"P-00000002":0,"P-00000006":0,"P-00000005":0},"total_score":{"P-00000001":161,"P-00000002":-28,"P-00000006":-53,"P-00000005":-80}}
2024-01-14 00:26:18:135: [INFO] - Client disconnect. data_res: io server disconnect
