2024-01-14 00:10:24:484: [INFO] - This game id is D-00000005
2024-01-14 00:10:24:485: [INFO] - My id is P-00000007
2024-01-14 00:10:29:615: [INFO] - Receive join-room event. res_data: {"room_name":"test","player":"player1"}
2024-01-14 00:10:32:323: [INFO] - Receive join-room event. res_data: {"room_name":"test","player":"Alternative 3"}
2024-01-14 00:10:32:866: [INFO] - Receive join-room event. res_data: {"room_name":"test","player":"Alternative 4"}
2024-01-14 00:10:35:599: [INFO] - Receive receiver-card event. res_data: {"cards_receive":[{"color":"blue","number":9},{"color":"red","number":0},{"color":"red","special":"skip"},{"color":"black","special":"wild_draw_4"},{"color":"red","special":"draw_2"},{"color":"yellow","number":9},{"color":"black","special":"wild_shuffle"}],"is_penalty":false}
2024-01-14 00:10:35:688: [INFO] - Receive penalty event. res_data: {"player":"P-00000001","number_card_of_player":9,"error":"Card play invalid with card before."}
2024-01-14 00:10:35:751: [INFO] - Receive play-card event. res_data: {"card_play":{"color":"blue","number":7},"yell_uno":false,"player":"P-00000005"}
2024-01-14 00:10:35:796: [INFO] - Receive play-card event. res_data: {"card_play":{"color":"blue","special":"draw_2"},"yell_uno":false,"player":"P-00000006"}
2024-01-14 00:10:35:810: [INFO] - Receive next-player event. res_data: {"next_player":"P-00000007","before_player":"P-00000006","card_before":{"color":"blue","special":"draw_2"},"card_of_player":[{"color":"yellow","number":9},{"color":"blue","number":9},{"color":"red","number":0},{"color":"red","special":"draw_2"},{"color":"red","special":"skip"},{"color":"black","special":"wild_draw_4"},{"color":"black","special":"wild_shuffle"}],"must_call_draw_card":true,"draw_reason":"draw_2","turn_right":true,"number_card_play":3,"number_turn_play":3,"number_card_of_player":{"P-00000001":9,"P-00000005":6,"P-00000006":6,"P-00000007":7}}
2024-01-14 00:10:35:810: [INFO] - Send draw-card event. req_data: {}
2024-01-14 00:10:35:827: [INFO] - Receive receiver-card event. res_data: {"cards_receive":[{"color":"yellow","special":"reverse"},{"color":"green","number":4}],"is_penalty":false}
2024-01-14 00:10:35:837: [INFO] - Receive draw-card event. res_data: {"player":"P-00000007","is_draw":true}
2024-01-14 00:10:35:838: [INFO] - Client draw-card successfully! res_data: {"player":"P-00000007","is_draw":true,"can_play_draw_card":false,"draw_card":[{"color":"yellow","special":"reverse"},{"color":"green","number":4}]}
2024-01-14 00:10:35:878: [INFO] - Receive penalty event. res_data: {"player":"P-00000001","number_card_of_player":11,"error":"Card play invalid with card before."}
2024-01-14 00:10:35:939: [INFO] - Receive play-card event. res_data: {"card_play":{"color":"blue","number":8},"yell_uno":false,"player":"P-00000005"}
2024-01-14 00:10:35:980: [INFO] - Receive play-card event. res_data: {"card_play":{"color":"green","special":"wild_draw_4"},"yell_uno":false,"color_of_wild":"green","player":"P-00000006"}
2024-01-14 00:10:35:983: [INFO] - Receive update-color event. res_data: {"color":"blue"}
2024-01-14 00:10:36:007: [INFO] - Receive next-player event. res_data: {"next_player":"P-00000007","before_player":"P-00000006","card_before":{"color":"green","special":"wild_draw_4"},"card_of_player":[{"color":"yellow","number":9},{"color":"yellow","special":"reverse"},{"color":"green","number":4},{"color":"blue","number":9},{"color":"red","number":0},{"color":"red","special":"draw_2"},{"color":"red","special":"skip"},{"color":"black","special":"wild_draw_4"},{"color":"black","special":"wild_shuffle"}],"must_call_draw_card":true,"draw_reason":"wild_draw_4","turn_right":true,"number_card_play":5,"number_turn_play":7,"number_card_of_player":{"P-00000001":11,"P-00000005":5,"P-00000006":5,"P-00000007":9}}
2024-01-14 00:10:36:007: [INFO] - Send draw-card event. req_data: {}
2024-01-14 00:10:36:022: [INFO] - Receive receiver-card event. res_data: {"cards_receive":[{"color":"green","number":1},{"color":"blue","number":4},{"color":"blue","special":"reverse"},{"color":"red","number":3}],"is_penalty":false}
2024-01-14 00:10:36:033: [INFO] - Receive draw-card event. res_data: {"player":"P-00000007","is_draw":true}
2024-01-14 00:10:36:033: [INFO] - Client draw-card successfully! res_data: {"player":"P-00000007","is_draw":true,"can_play_draw_card":false,"draw_card":[{"color":"green","number":1},{"color":"blue","number":4},{"color":"blue","special":"reverse"},{"color":"red","number":3}]}
2024-01-14 00:10:36:076: [INFO] - Receive penalty event. res_data: {"player":"P-00000001","number_card_of_player":13,"error":"Card play invalid with card before."}
2024-01-14 00:10:36:149: [INFO] - Receive play-card event. res_data: {"card_play":{"color":"white","special":"white_wild"},"yell_uno":false,"player":"P-00000005"}
2024-01-14 00:10:36:163: [INFO] - Receive next-player event. res_data: {"next_player":"P-00000007","before_player":"P-00000005","card_before":{"color":"green","special":"white_wild"},"card_of_player":[{"color":"yellow","number":9},{"color":"yellow","special":"reverse"},{"color":"green","number":1},{"color":"green","number":4},{"color":"blue","number":4},{"color":"blue","number":9},{"color":"blue","special":"reverse"},{"color":"red","number":0},{"color":"red","special":"draw_2"},{"color":"red","special":"skip"},{"color":"red","number":3},{"color":"black","special":"wild_draw_4"},{"color":"black","special":"wild_shuffle"}],"must_call_draw_card":true,"draw_reason":"skip_bind_2","turn_right":true,"number_card_play":6,"number_turn_play":10,"number_card_of_player":{"P-00000001":13,"P-00000005":4,"P-00000006":5,"P-00000007":13}}
2024-01-14 00:10:36:163: [INFO] - Send draw-card event. req_data: {}
2024-01-14 00:10:36:181: [INFO] - Receive receiver-card event. res_data: {"cards_receive":[{"color":"yellow","number":8}],"is_penalty":false}
2024-01-14 00:10:36:191: [INFO] - Receive draw-card event. res_data: {"player":"P-00000007","is_draw":true}
2024-01-14 00:10:36:192: [INFO] - Client draw-card successfully! res_data: {"player":"P-00000007","is_draw":true,"can_play_draw_card":false,"draw_card":[{"color":"yellow","number":8}]}
2024-01-14 00:10:36:238: [INFO] - Receive penalty event. res_data: {"player":"P-00000001","number_card_of_player":15,"error":"Card play invalid with card before."}
2024-01-14 00:10:36:298: [INFO] - Receive draw-card event. res_data: {"player":"P-00000005","is_draw":true}
2024-01-14 00:10:36:340: [INFO] - Receive draw-card event. res_data: {"player":"P-00000006","is_draw":true}
2024-01-14 00:10:36:368: [INFO] - Receive play-draw-card event. res_data: {"is_play_card":true,"yell_uno":false,"player":"P-00000006","card_play":{"color":"green","number":7}}
2024-01-14 00:10:36:394: [INFO] - Receive next-player event. res_data: {"next_player":"P-00000007","before_player":"P-00000006","card_before":{"color":"green","number":7},"card_of_player":[{"color":"yellow","number":9},{"color":"yellow","special":"reverse"},{"color":"yellow","number":8},{"color":"green","number":1},{"color":"green","number":4},{"color":"blue","number":4},{"color":"blue","number":9},{"color":"blue","special":"reverse"},{"color":"red","number":0},{"color":"red","special":"draw_2"},{"color":"red","special":"skip"},{"color":"red","number":3},{"color":"black","special":"wild_draw_4"},{"color":"black","special":"wild_shuffle"}],"must_call_draw_card":true,"draw_reason":"nothing","turn_right":true,"number_card_play":7,"number_turn_play":14,"number_card_of_player":{"P-00000001":15,"P-00000005":5,"P-00000006":5,"P-00000007":14}}
2024-01-14 00:10:36:394: [INFO] - Send draw-card event. req_data: {}
2024-01-14 00:10:36:409: [INFO] - Receive receiver-card event. res_data: {"cards_receive":[{"color":"red","special":"reverse"}],"is_penalty":false}
2024-01-14 00:10:36:420: [INFO] - Receive draw-card event. res_data: {"player":"P-00000007","is_draw":true}
2024-01-14 00:10:36:420: [INFO] - Client draw-card successfully! res_data: {"player":"P-00000007","is_draw":true,"can_play_draw_card":false,"draw_card":[{"color":"red","special":"reverse"}]}
2024-01-14 00:10:36:467: [INFO] - Receive penalty event. res_data: {"player":"P-00000001","number_card_of_player":17,"error":"Card play invalid with card before."}
2024-01-14 00:10:36:527: [INFO] - Receive draw-card event. res_data: {"player":"P-00000005","is_draw":true}
2024-01-14 00:10:36:553: [INFO] - Receive play-draw-card event. res_data: {"is_play_card":true,"yell_uno":false,"player":"P-00000005","card_play":{"color":"green","number":2}}
2024-01-14 00:10:36:607: [INFO] - Receive play-card event. res_data: {"card_play":{"color":"red","number":2},"yell_uno":false,"player":"P-00000006"}
2024-01-14 00:10:36:621: [INFO] - Receive next-player event. res_data: {"next_player":"P-00000007","before_player":"P-00000006","card_before":{"color":"red","number":2},"card_of_player":[{"color":"yellow","number":9},{"color":"yellow","special":"reverse"},{"color":"yellow","number":8},{"color":"green","number":1},{"color":"green","number":4},{"color":"blue","number":4},{"color":"blue","number":9},{"color":"blue","special":"reverse"},{"color":"red","number":0},{"color":"red","special":"draw_2"},{"color":"red","special":"skip"},{"color":"red","number":3},{"color":"red","special":"reverse"},{"color":"black","special":"wild_draw_4"},{"color":"black","special":"wild_shuffle"}],"must_call_draw_card":false,"draw_reason":"nothing","turn_right":true,"number_card_play":9,"number_turn_play":18,"number_card_of_player":{"P-00000001":17,"P-00000005":5,"P-00000006":4,"P-00000007":15}}
2024-01-14 00:10:36:621: [DEBUG] - selected card: {"color":"red","number":0}
2024-01-14 00:10:36:621: [INFO] - Send play-card event. req_data: {"card_play":{"color":"red","number":0},"yell_uno":false}
2024-01-14 00:10:36:649: [INFO] - Receive play-card event. res_data: {"card_play":{"color":"red","number":0},"yell_uno":false,"player":"P-00000007"}
2024-01-14 00:10:36:662: [INFO] - Client play-card successfully! res_data: {"card_play":{"color":"red","number":0},"yell_uno":false}
2024-01-14 00:10:36:706: [INFO] - Receive penalty event. res_data: {"player":"P-00000001","number_card_of_player":19,"error":"Card play invalid with card before."}
2024-01-14 00:10:36:769: [INFO] - Receive play-card event. res_data: {"card_play":{"color":"red","number":1},"yell_uno":false,"player":"P-00000005"}
2024-01-14 00:10:36:811: [INFO] - Receive play-card event. res_data: {"card_play":{"color":"red","special":"skip"},"yell_uno":false,"player":"P-00000006"}
2024-01-14 00:10:36:860: [INFO] - Receive penalty event. res_data: {"player":"P-00000001","number_card_of_player":21,"error":"Card play invalid with card before."}
2024-01-14 00:10:36:922: [INFO] - Receive play-card event. res_data: {"card_play":{"color":"yellow","special":"skip"},"yell_uno":false,"player":"P-00000005"}
2024-01-14 00:10:36:936: [INFO] - Receive next-player event. res_data: {"next_player":"P-00000007","before_player":"P-00000005","card_before":{"color":"yellow","special":"skip"},"card_of_player":[{"color":"yellow","number":9},{"color":"yellow","special":"reverse"},{"color":"yellow","number":8},{"color":"green","number":1},{"color":"green","number":4},{"color":"blue","number":4},{"color":"blue","number":9},{"color":"blue","special":"reverse"},{"color":"red","special":"draw_2"},{"color":"red","special":"skip"},{"color":"red","number":3},{"color":"red","special":"reverse"},{"color":"black","special":"wild_draw_4"},{"color":"black","special":"wild_shuffle"}],"must_call_draw_card":false,"draw_reason":"nothing","turn_right":true,"number_card_play":13,"number_turn_play":24,"number_card_of_player":{"P-00000001":21,"P-00000005":3,"P-00000006":3,"P-00000007":14}}
2024-01-14 00:10:36:936: [DEBUG] - selected card: {"color":"yellow","number":9}
2024-01-14 00:10:36:936: [INFO] - Send play-card event. req_data: {"card_play":{"color":"yellow","number":9},"yell_uno":false}
2024-01-14 00:10:36:966: [INFO] - Receive play-card event. res_data: {"card_play":{"color":"yellow","number":9},"yell_uno":false,"player":"P-00000007"}
2024-01-14 00:10:36:981: [INFO] - Client play-card successfully! res_data: {"card_play":{"color":"yellow","number":9},"yell_uno":false}
2024-01-14 00:10:37:022: [INFO] - Receive penalty event. res_data: {"player":"P-00000001","number_card_of_player":23,"error":"Card play invalid with card before."}
2024-01-14 00:10:37:085: [INFO] - Receive play-card event. res_data: {"card_play":{"color":"yellow","number":3},"yell_uno":false,"player":"P-00000005"}
2024-01-14 00:10:37:129: [INFO] - Receive play-card event. res_data: {"card_play":{"color":"yellow","number":4},"yell_uno":false,"player":"P-00000006"}
2024-01-14 00:10:37:147: [INFO] - Receive next-player event. res_data: {"next_player":"P-00000007","before_player":"P-00000006","card_before":{"color":"yellow","number":4},"card_of_player":[{"color":"yellow","special":"reverse"},{"color":"yellow","number":8},{"color":"green","number":1},{"color":"green","number":4},{"color":"blue","number":4},{"color":"blue","number":9},{"color":"blue","special":"reverse"},{"color":"red","special":"draw_2"},{"color":"red","special":"skip"},{"color":"red","number":3},{"color":"red","special":"reverse"},{"color":"black","special":"wild_draw_4"},{"color":"black","special":"wild_shuffle"}],"must_call_draw_card":false,"draw_reason":"nothing","turn_right":true,"number_card_play":16,"number_turn_play":28,"number_card_of_player":{"P-00000001":23,"P-00000005":2,"P-00000006":2,"P-00000007":13}}
2024-01-14 00:10:37:148: [DEBUG] - selected card: {"color":"yellow","special":"reverse"}
2024-01-14 00:10:37:148: [INFO] - Send play-card event. req_data: {"card_play":{"color":"yellow","special":"reverse"},"yell_uno":false}
2024-01-14 00:10:37:178: [INFO] - Receive play-card event. res_data: {"card_play":{"color":"yellow","special":"reverse"},"yell_uno":false,"player":"P-00000007"}
2024-01-14 00:10:37:193: [INFO] - Client play-card successfully! res_data: {"card_play":{"color":"yellow","special":"reverse"},"yell_uno":false}
2024-01-14 00:10:37:221: [INFO] - Receive play-card event. res_data: {"card_play":{"color":"yellow","special":"draw_2"},"yell_uno":true,"player":"P-00000006"}
2024-01-14 00:10:37:264: [INFO] - Receive draw-card event. res_data: {"player":"P-00000005","is_draw":true}
2024-01-14 00:10:37:333: [INFO] - Receive play-card event. res_data: {"card_play":{"color":"green","special":"draw_2"},"yell_uno":false,"player":"P-00000001"}
2024-01-14 00:10:37:347: [INFO] - Receive next-player event. res_data: {"next_player":"P-00000007","before_player":"P-00000001","card_before":{"color":"green","special":"draw_2"},"card_of_player":[{"color":"yellow","number":8},{"color":"green","number":1},{"color":"green","number":4},{"color":"blue","number":4},{"color":"blue","number":9},{"color":"blue","special":"reverse"},{"color":"red","special":"draw_2"},{"color":"red","special":"skip"},{"color":"red","number":3},{"color":"red","special":"reverse"},{"color":"black","special":"wild_draw_4"},{"color":"black","special":"wild_shuffle"}],"must_call_draw_card":true,"draw_reason":"draw_2","turn_right":false,"number_card_play":19,"number_turn_play":32,"number_card_of_player":{"P-00000001":22,"P-00000005":4,"P-00000006":1,"P-00000007":12}}
2024-01-14 00:10:37:348: [INFO] - Send draw-card event. req_data: {}
2024-01-14 00:10:37:363: [INFO] - Receive receiver-card event. res_data: {"cards_receive":[{"color":"blue","number":5},{"color":"red","number":7}],"is_penalty":false}
2024-01-14 00:10:37:373: [INFO] - Receive draw-card event. res_data: {"player":"P-00000007","is_draw":true}
2024-01-14 00:10:37:374: [INFO] - Client draw-card successfully! res_data: {"player":"P-00000007","is_draw":true,"can_play_draw_card":false,"draw_card":[{"color":"blue","number":5},{"color":"red","number":7}]}
2024-01-14 00:10:37:415: [INFO] - Receive draw-card event. res_data: {"player":"P-00000006","is_draw":true}
2024-01-14 00:10:37:453: [INFO] - Receive draw-card event. res_data: {"player":"P-00000005","is_draw":true}
2024-01-14 00:10:37:481: [INFO] - Receive play-draw-card event. res_data: {"is_play_card":true,"yell_uno":false,"player":"P-00000005","card_play":{"color":"green","number":5}}
2024-01-14 00:10:37:542: [INFO] - Receive penalty event. res_data: {"player":"P-00000001","number_card_of_player":24,"error":"Card play invalid with card before."}
2024-01-14 00:10:37:578: [INFO] - Receive next-player event. res_data: {"next_player":"P-00000007","before_player":"P-00000001","card_before":{"color":"green","number":5},"card_of_player":[{"color":"yellow","number":8},{"color":"green","number":1},{"color":"green","number":4},{"color":"blue","number":4},{"color":"blue","number":9},{"color":"blue","special":"reverse"},{"color":"blue","number":5},{"color":"red","special":"draw_2"},{"color":"red","special":"skip"},{"color":"red","number":3},{"color":"red","special":"reverse"},{"color":"red","number":7},{"color":"black","special":"wild_draw_4"},{"color":"black","special":"wild_shuffle"}],"must_call_draw_card":false,"draw_reason":"nothing","turn_right":false,"number_card_play":20,"number_turn_play":36,"number_card_of_player":{"P-00000001":24,"P-00000005":4,"P-00000006":2,"P-00000007":14}}
2024-01-14 00:10:37:578: [DEBUG] - selected card: {"color":"green","number":1}
2024-01-14 00:10:37:578: [INFO] - Send play-card event. req_data: {"card_play":{"color":"green","number":1},"yell_uno":false}
2024-01-14 00:10:37:604: [INFO] - Receive play-card event. res_data: {"card_play":{"color":"green","number":1},"yell_uno":false,"player":"P-00000007"}
2024-01-14 00:10:37:619: [INFO] - Client play-card successfully! res_data: {"card_play":{"color":"green","number":1},"yell_uno":false}
2024-01-14 00:10:37:647: [INFO] - Receive draw-card event. res_data: {"player":"P-00000006","is_draw":true}
2024-01-14 00:10:37:688: [INFO] - Receive draw-card event. res_data: {"player":"P-00000005","is_draw":true}
2024-01-14 00:10:37:755: [INFO] - Receive penalty event. res_data: {"player":"P-00000001","number_card_of_player":25,"error":"Card play invalid with card before."}
2024-01-14 00:10:37:790: [INFO] - Receive next-player event. res_data: {"next_player":"P-00000007","before_player":"P-00000001","card_before":{"color":"green","number":1},"card_of_player":[{"color":"yellow","number":8},{"color":"green","number":4},{"color":"blue","number":4},{"color":"blue","number":9},{"color":"blue","special":"reverse"},{"color":"blue","number":5},{"color":"red","special":"draw_2"},{"color":"red","special":"skip"},{"color":"red","number":3},{"color":"red","special":"reverse"},{"color":"red","number":7},{"color":"black","special":"wild_draw_4"},{"color":"black","special":"wild_shuffle"}],"must_call_draw_card":false,"draw_reason":"nothing","turn_right":false,"number_card_play":21,"number_turn_play":40,"number_card_of_player":{"P-00000001":25,"P-00000005":5,"P-00000006":3,"P-00000007":13}}
2024-01-14 00:10:37:791: [DEBUG] - selected card: {"color":"green","number":4}
2024-01-14 00:10:37:791: [INFO] - Send play-card event. req_data: {"card_play":{"color":"green","number":4},"yell_uno":false}
2024-01-14 00:10:37:819: [INFO] - Receive play-card event. res_data: {"card_play":{"color":"green","number":4},"yell_uno":false,"player":"P-00000007"}
2024-01-14 00:10:37:835: [INFO] - Client play-card successfully! res_data: {"card_play":{"color":"green","number":4},"yell_uno":false}
2024-01-14 00:10:37:864: [INFO] - Receive draw-card event. res_data: {"player":"P-00000006","is_draw":true}
2024-01-14 00:10:37:909: [INFO] - Receive play-card event. res_data: {"card_play":{"color":"blue","number":4},"yell_uno":false,"player":"P-00000005"}
2024-01-14 00:10:37:985: [INFO] - Receive next-player event. res_data: {"next_player":"P-00000007","before_player":"P-00000001","card_before":{"color":"blue","number":4},"card_of_player":[{"color":"yellow","number":8},{"color":"blue","number":4},{"color":"blue","number":9},{"color":"blue","special":"reverse"},{"color":"blue","number":5},{"color":"red","special":"draw_2"},{"color":"red","special":"skip"},{"color":"red","number":3},{"color":"red","special":"reverse"},{"color":"red","number":7},{"color":"black","special":"wild_draw_4"},{"color":"black","special":"wild_shuffle"}],"must_call_draw_card":false,"draw_reason":"nothing","turn_right":false,"number_card_play":23,"number_turn_play":44,"number_card_of_player":{"P-00000001":25,"P-00000005":4,"P-00000006":4,"P-00000007":12}}
2024-01-14 00:10:37:985: [DEBUG] - selected card: {"color":"blue","number":4}
2024-01-14 00:10:37:986: [INFO] - Send play-card event. req_data: {"card_play":{"color":"blue","number":4},"yell_uno":false}
2024-01-14 00:10:38:014: [INFO] - Receive play-card event. res_data: {"card_play":{"color":"blue","number":4},"yell_uno":false,"player":"P-00000007"}
2024-01-14 00:10:38:027: [INFO] - Client play-card successfully! res_data: {"card_play":{"color":"blue","number":4},"yell_uno":false}
2024-01-14 00:10:38:052: [INFO] - Receive draw-card event. res_data: {"player":"P-00000006","is_draw":true}
2024-01-14 00:10:38:097: [INFO] - Receive play-card event. res_data: {"card_play":{"color":"blue","number":6},"yell_uno":false,"player":"P-00000005"}
2024-01-14 00:10:38:169: [INFO] - Receive next-player event. res_data: {"next_player":"P-00000007","before_player":"P-00000001","card_before":{"color":"blue","number":6},"card_of_player":[{"color":"yellow","number":8},{"color":"blue","number":9},{"color":"blue","special":"reverse"},{"color":"blue","number":5},{"color":"red","special":"draw_2"},{"color":"red","special":"skip"},{"color":"red","number":3},{"color":"red","special":"reverse"},{"color":"red","number":7},{"color":"black","special":"wild_draw_4"},{"color":"black","special":"wild_shuffle"}],"must_call_draw_card":false,"draw_reason":"nothing","turn_right":false,"number_card_play":25,"number_turn_play":48,"number_card_of_player":{"P-00000001":25,"P-00000005":3,"P-00000006":5,"P-00000007":11}}
2024-01-14 00:10:38:169: [DEBUG] - selected card: {"color":"blue","number":9}
2024-01-14 00:10:38:169: [INFO] - Send play-card event. req_data: {"card_play":{"color":"blue","number":9},"yell_uno":false}
2024-01-14 00:10:38:198: [INFO] - Receive play-card event. res_data: {"card_play":{"color":"blue","number":9},"yell_uno":false,"player":"P-00000007"}
2024-01-14 00:10:38:213: [INFO] - Client play-card successfully! res_data: {"card_play":{"color":"blue","number":9},"yell_uno":false}
2024-01-14 00:10:38:238: [INFO] - Receive draw-card event. res_data: {"player":"P-00000006","is_draw":true}
2024-01-14 00:10:38:279: [INFO] - Receive draw-card event. res_data: {"player":"P-00000005","is_draw":true}
2024-01-14 00:10:38:357: [INFO] - Receive next-player event. res_data: {"next_player":"P-00000007","before_player":"P-00000001","card_before":{"color":"blue","number":9},"card_of_player":[{"color":"yellow","number":8},{"color":"blue","special":"reverse"},{"color":"blue","number":5},{"color":"red","special":"draw_2"},{"color":"red","special":"skip"},{"color":"red","number":3},{"color":"red","special":"reverse"},{"color":"red","number":7},{"color":"black","special":"wild_draw_4"},{"color":"black","special":"wild_shuffle"}],"must_call_draw_card":false,"draw_reason":"nothing","turn_right":false,"number_card_play":26,"number_turn_play":52,"number_card_of_player":{"P-00000001":25,"P-00000005":4,"P-00000006":6,"P-00000007":10}}
2024-01-14 00:10:38:357: [DEBUG] - selected card: {"color":"blue","special":"reverse"}
2024-01-14 00:10:38:357: [INFO] - Send play-card event. req_data: {"card_play":{"color":"blue","special":"reverse"},"yell_uno":false}
2024-01-14 00:10:38:385: [INFO] - Receive play-card event. res_data: {"card_play":{"color":"blue","special":"reverse"},"yell_uno":false,"player":"P-00000007"}
2024-01-14 00:10:38:400: [INFO] - Client play-card successfully! res_data: {"card_play":{"color":"blue","special":"reverse"},"yell_uno":false}
2024-01-14 00:10:38:499: [INFO] - Receive draw-card event. res_data: {"player":"P-00000005","is_draw":true}
2024-01-14 00:10:38:527: [INFO] - Receive play-draw-card event. res_data: {"is_play_card":true,"yell_uno":false,"player":"P-00000005","card_play":{"color":"green","special":"reverse"}}
2024-01-14 00:10:38:611: [INFO] - Receive next-player event. res_data: {"next_player":"P-00000007","before_player":"P-00000001","card_before":{"color":"green","special":"reverse"},"card_of_player":[{"color":"yellow","number":8},{"color":"blue","number":5},{"color":"red","special":"draw_2"},{"color":"red","special":"skip"},{"color":"red","number":3},{"color":"red","special":"reverse"},{"color":"red","number":7},{"color":"black","special":"wild_draw_4"},{"color":"black","special":"wild_shuffle"}],"must_call_draw_card":false,"draw_reason":"nothing","turn_right":false,"number_card_play":28,"number_turn_play":56,"number_card_of_player":{"P-00000001":25,"P-00000005":4,"P-00000006":6,"P-00000007":9}}
2024-01-14 00:10:38:611: [DEBUG] - selected card: {"color":"red","special":"reverse"}
2024-01-14 00:10:38:611: [INFO] - Send play-card event. req_data: {"card_play":{"color":"red","special":"reverse"},"yell_uno":false}
2024-01-14 00:10:38:639: [INFO] - Receive play-card event. res_data: {"card_play":{"color":"red","special":"reverse"},"yell_uno":false,"player":"P-00000007"}
2024-01-14 00:10:38:653: [INFO] - Client play-card successfully! res_data: {"card_play":{"color":"red","special":"reverse"},"yell_uno":false}
2024-01-14 00:10:38:737: [INFO] - Receive play-card event. res_data: {"card_play":{"color":"red","number":3},"yell_uno":false,"player":"P-00000005"}
2024-01-14 00:10:38:779: [INFO] - Receive play-card event. res_data: {"card_play":{"color":"red","number":2},"yell_uno":false,"player":"P-00000006"}
2024-01-14 00:10:38:795: [INFO] - Receive next-player event. res_data: {"next_player":"P-00000007","before_player":"P-00000006","card_before":{"color":"red","number":2},"card_of_player":[{"color":"yellow","number":8},{"color":"blue","number":5},{"color":"red","special":"draw_2"},{"color":"red","special":"skip"},{"color":"red","number":3},{"color":"red","number":7},{"color":"black","special":"wild_draw_4"},{"color":"black","special":"wild_shuffle"}],"must_call_draw_card":false,"draw_reason":"nothing","turn_right":true,"number_card_play":31,"number_turn_play":60,"number_card_of_player":{"P-00000001":25,"P-00000005":3,"P-00000006":5,"P-00000007":8}}
2024-01-14 00:10:38:795: [DEBUG] - selected card: {"color":"red","special":"draw_2"}
2024-01-14 00:10:38:795: [INFO] - Send play-card event. req_data: {"card_play":{"color":"red","special":"draw_2"},"yell_uno":false}
2024-01-14 00:10:38:822: [INFO] - Receive play-card event. res_data: {"card_play":{"color":"red","special":"draw_2"},"yell_uno":false,"player":"P-00000007"}
2024-01-14 00:10:38:838: [INFO] - Client play-card successfully! res_data: {"card_play":{"color":"red","special":"draw_2"},"yell_uno":false}
2024-01-14 00:10:38:881: [INFO] - Receive draw-card event. res_data: {"player":"P-00000001","is_draw":true}
2024-01-14 00:10:38:922: [INFO] - Receive play-card event. res_data: {"card_play":{"color":"yellow","special":"draw_2"},"yell_uno":false,"player":"P-00000005"}
2024-01-14 00:10:38:963: [INFO] - Receive draw-card event. res_data: {"player":"P-00000006","is_draw":true}
2024-01-14 00:10:38:979: [INFO] - Receive next-player event. res_data: {"next_player":"P-00000007","before_player":"P-00000006","card_before":{"color":"yellow","special":"draw_2"},"card_of_player":[{"color":"yellow","number":8},{"color":"blue","number":5},{"color":"red","special":"skip"},{"color":"red","number":3},{"color":"red","number":7},{"color":"black","special":"wild_draw_4"},{"color":"black","special":"wild_shuffle"}],"must_call_draw_card":false,"draw_reason":"nothing","turn_right":true,"number_card_play":33,"number_turn_play":64,"number_card_of_player":{"P-00000001":27,"P-00000005":2,"P-00000006":7,"P-00000007":7}}
2024-01-14 00:10:38:980: [DEBUG] - selected card: {"color":"yellow","number":8}
2024-01-14 00:10:38:980: [INFO] - Send play-card event. req_data: {"card_play":{"color":"yellow","number":8},"yell_uno":false}
2024-01-14 00:10:39:007: [INFO] - Receive play-card event. res_data: {"card_play":{"color":"yellow","number":8},"yell_uno":false,"player":"P-00000007"}
2024-01-14 00:10:39:021: [INFO] - Client play-card successfully! res_data: {"card_play":{"color":"yellow","number":8},"yell_uno":false}
2024-01-14 00:10:39:060: [INFO] - Receive penalty event. res_data: {"player":"P-00000001","number_card_of_player":27,"error":"Card play invalid with card before."}
2024-01-14 00:10:39:122: [INFO] - Receive play-card event. res_data: {"card_play":{"color":"yellow","number":5},"yell_uno":true,"player":"P-00000005"}
2024-01-14 00:10:39:164: [INFO] - Receive play-card event. res_data: {"card_play":{"color":"yellow","number":1},"yell_uno":false,"player":"P-00000006"}
2024-01-14 00:10:39:178: [INFO] - Receive next-player event. res_data: {"next_player":"P-00000007","before_player":"P-00000006","card_before":{"color":"yellow","number":1},"card_of_player":[{"color":"blue","number":5},{"color":"red","special":"skip"},{"color":"red","number":3},{"color":"red","number":7},{"color":"black","special":"wild_draw_4"},{"color":"black","special":"wild_shuffle"}],"must_call_draw_card":false,"draw_reason":"nothing","turn_right":true,"number_card_play":36,"number_turn_play":68,"number_card_of_player":{"P-00000001":27,"P-00000005":1,"P-00000006":6,"P-00000007":6}}
2024-01-14 00:10:39:179: [DEBUG] - selected card: {"color":"black","special":"wild_shuffle"}
2024-01-14 00:10:39:179: [INFO] - Send play-card event. req_data: {"card_play":{"color":"black","special":"wild_shuffle"},"yell_uno":false}
2024-01-14 00:10:39:292: [INFO] - Receive shuffle-wild event. res_data: {"cards_receive":[{"color":"yellow","number":3},{"color":"yellow","number":7},{"color":"green","number":1},{"color":"green","number":6},{"color":"blue","number":5},{"color":"red","special":"reverse"},{"color":"red","number":3},{"color":"red","number":4},{"color":"black","special":"wild_draw_4"}],"number_card_of_player":{"P-00000001":10,"P-00000005":10,"P-00000006":10,"P-00000007":9}}
2024-01-14 00:10:39:294: [INFO] - Receive color-of-wild event. res_data: {}
2024-01-14 00:10:39:295: [INFO] - Send color-of-wild event. req_data: {"color_of_wild":"red"}
2024-01-14 00:10:39:318: [INFO] - Receive play-card event. res_data: {"card_play":{"color":"black","special":"wild_shuffle"},"yell_uno":false,"player":"P-00000007"}
2024-01-14 00:10:39:318: [INFO] - Client play-card successfully! res_data: {"card_play":{"color":"black","special":"wild_shuffle"},"yell_uno":false}
2024-01-14 00:10:39:333: [INFO] - Receive update-color event. res_data: {"color":"red"}
2024-01-14 00:10:39:358: [INFO] - Client color-of-wild successfully! res_data: {"color_of_wild":"red"}
2024-01-14 00:10:39:392: [INFO] - Receive penalty event. res_data: {"player":"P-00000001","number_card_of_player":12,"error":"Card play invalid with card before."}
2024-01-14 00:10:39:454: [INFO] - Receive play-card event. res_data: {"card_play":{"color":"red","special":"skip"},"yell_uno":false,"player":"P-00000005"}
2024-01-14 00:10:39:468: [INFO] - Receive next-player event. res_data: {"next_player":"P-00000007","before_player":"P-00000005","card_before":{"color":"red","special":"skip"},"card_of_player":[{"color":"yellow","number":3},{"color":"yellow","number":7},{"color":"green","number":1},{"color":"green","number":6},{"color":"blue","number":5},{"color":"red","special":"reverse"},{"color":"red","number":3},{"color":"red","number":4},{"color":"black","special":"wild_draw_4"}],"must_call_draw_card":false,"draw_reason":"nothing","turn_right":true,"number_card_play":38,"number_turn_play":71,"number_card_of_player":{"P-00000001":12,"P-00000005":9,"P-00000006":10,"P-00000007":9}}
2024-01-14 00:10:39:468: [DEBUG] - selected card: {"color":"red","special":"reverse"}
2024-01-14 00:10:39:468: [INFO] - Send play-card event. req_data: {"card_play":{"color":"red","special":"reverse"},"yell_uno":false}
2024-01-14 00:10:39:496: [INFO] - Receive play-card event. res_data: {"card_play":{"color":"red","special":"reverse"},"yell_uno":false,"player":"P-00000007"}
2024-01-14 00:10:39:511: [INFO] - Client play-card successfully! res_data: {"card_play":{"color":"red","special":"reverse"},"yell_uno":false}
2024-01-14 00:10:39:537: [INFO] - Receive play-card event. res_data: {"card_play":{"color":"yellow","special":"reverse"},"yell_uno":false,"player":"P-00000006"}
2024-01-14 00:10:39:552: [INFO] - Receive next-player event. res_data: {"next_player":"P-00000007","before_player":"P-00000006","card_before":{"color":"yellow","special":"reverse"},"card_of_player":[{"color":"yellow","number":3},{"color":"yellow","number":7},{"color":"green","number":1},{"color":"green","number":6},{"color":"blue","number":5},{"color":"red","number":3},{"color":"red","number":4},{"color":"black","special":"wild_draw_4"}],"must_call_draw_card":false,"draw_reason":"nothing","turn_right":true,"number_card_play":40,"number_turn_play":73,"number_card_of_player":{"P-00000001":12,"P-00000005":9,"P-00000006":9,"P-00000007":8}}
2024-01-14 00:10:39:552: [DEBUG] - selected card: {"color":"yellow","number":3}
2024-01-14 00:10:39:552: [INFO] - Send play-card event. req_data: {"card_play":{"color":"yellow","number":3},"yell_uno":false}
2024-01-14 00:10:39:581: [INFO] - Receive play-card event. res_data: {"card_play":{"color":"yellow","number":3},"yell_uno":false,"player":"P-00000007"}
2024-01-14 00:10:39:595: [INFO] - Client play-card successfully! res_data: {"card_play":{"color":"yellow","number":3},"yell_uno":false}
2024-01-14 00:10:39:640: [INFO] - Receive penalty event. res_data: {"player":"P-00000001","number_card_of_player":14,"error":"Card play invalid with card before."}
2024-01-14 00:10:39:710: [INFO] - Receive play-card event. res_data: {"card_play":{"color":"yellow","number":2},"yell_uno":false,"player":"P-00000005"}
2024-01-14 00:10:39:751: [INFO] - Receive play-card event. res_data: {"card_play":{"color":"yellow","number":7},"yell_uno":false,"player":"P-00000006"}
2024-01-14 00:10:39:766: [INFO] - Receive next-player event. res_data: {"next_player":"P-00000007","before_player":"P-00000006","card_before":{"color":"yellow","number":7},"card_of_player":[{"color":"yellow","number":7},{"color":"green","number":1},{"color":"green","number":6},{"color":"blue","number":5},{"color":"red","number":3},{"color":"red","number":4},{"color":"black","special":"wild_draw_4"}],"must_call_draw_card":false,"draw_reason":"nothing","turn_right":true,"number_card_play":43,"number_turn_play":77,"number_card_of_player":{"P-00000001":14,"P-00000005":8,"P-00000006":8,"P-00000007":7}}
2024-01-14 00:10:39:766: [DEBUG] - selected card: {"color":"yellow","number":7}
2024-01-14 00:10:39:766: [INFO] - Send play-card event. req_data: {"card_play":{"color":"yellow","number":7},"yell_uno":false}
2024-01-14 00:10:39:794: [INFO] - Receive play-card event. res_data: {"card_play":{"color":"yellow","number":7},"yell_uno":false,"player":"P-00000007"}
2024-01-14 00:10:39:808: [INFO] - Client play-card successfully! res_data: {"card_play":{"color":"yellow","number":7},"yell_uno":false}
2024-01-14 00:10:39:841: [INFO] - Receive penalty event. res_data: {"player":"P-00000001","number_card_of_player":16,"error":"Card play invalid with card before."}
2024-01-14 00:10:39:907: [INFO] - Receive play-card event. res_data: {"card_play":{"color":"yellow","number":6},"yell_uno":false,"player":"P-00000005"}
2024-01-14 00:10:39:947: [INFO] - Receive play-card event. res_data: {"card_play":{"color":"yellow","special":"wild"},"yell_uno":false,"color_of_wild":"yellow","player":"P-00000006"}
2024-01-14 00:10:39:950: [INFO] - Receive update-color event. res_data: {"color":"yellow"}
2024-01-14 00:10:39:974: [INFO] - Receive next-player event. res_data: {"next_player":"P-00000007","before_player":"P-00000006","card_before":{"color":"yellow","special":"wild"},"card_of_player":[{"color":"green","number":1},{"color":"green","number":6},{"color":"blue","number":5},{"color":"red","number":3},{"color":"red","number":4},{"color":"black","special":"wild_draw_4"}],"must_call_draw_card":false,"draw_reason":"nothing","turn_right":true,"number_card_play":46,"number_turn_play":81,"number_card_of_player":{"P-00000001":16,"P-00000005":7,"P-00000006":7,"P-00000007":6}}
2024-01-14 00:10:39:974: [DEBUG] - selected card: {"color":"black","special":"wild_draw_4"}
2024-01-14 00:10:39:974: [INFO] - Send play-card event. req_data: {"card_play":{"color":"black","special":"wild_draw_4"},"yell_uno":false,"color_of_wild":"green"}
2024-01-14 00:10:40:001: [INFO] - Receive play-card event. res_data: {"card_play":{"color":"green","special":"wild_draw_4"},"yell_uno":false,"color_of_wild":"green","player":"P-00000007"}
2024-01-14 00:10:40:002: [INFO] - Receive update-color event. res_data: {"color":"yellow"}
2024-01-14 00:10:40:027: [INFO] - Client play-card successfully! res_data: {"card_play":{"color":"green","special":"wild_draw_4"},"yell_uno":false,"color_of_wild":"green"}
2024-01-14 00:10:40:063: [INFO] - Receive draw-card event. res_data: {"player":"P-00000001","is_draw":true}
2024-01-14 00:10:40:104: [INFO] - Receive play-card event. res_data: {"card_play":{"color":"green","number":0},"yell_uno":false,"player":"P-00000005"}
2024-01-14 00:10:40:149: [INFO] - Receive play-card event. res_data: {"card_play":{"color":"green","number":5},"yell_uno":false,"player":"P-00000006"}
2024-01-14 00:10:40:163: [INFO] - Receive next-player event. res_data: {"next_player":"P-00000007","before_player":"P-00000006","card_before":{"color":"green","number":5},"card_of_player":[{"color":"green","number":1},{"color":"green","number":6},{"color":"blue","number":5},{"color":"red","number":3},{"color":"red","number":4}],"must_call_draw_card":false,"draw_reason":"nothing","turn_right":true,"number_card_play":49,"number_turn_play":85,"number_card_of_player":{"P-00000001":20,"P-00000005":6,"P-00000006":6,"P-00000007":5}}
2024-01-14 00:10:40:164: [DEBUG] - selected card: {"color":"green","number":1}
2024-01-14 00:10:40:164: [INFO] - Send play-card event. req_data: {"card_play":{"color":"green","number":1},"yell_uno":false}
2024-01-14 00:10:40:191: [INFO] - Receive play-card event. res_data: {"card_play":{"color":"green","number":1},"yell_uno":false,"player":"P-00000007"}
2024-01-14 00:10:40:206: [INFO] - Client play-card successfully! res_data: {"card_play":{"color":"green","number":1},"yell_uno":false}
2024-01-14 00:10:40:240: [INFO] - Receive penalty event. res_data: {"player":"P-00000001","number_card_of_player":22,"error":"Card play invalid with card before."}
2024-01-14 00:10:40:300: [INFO] - Receive play-card event. res_data: {"card_play":{"color":"green","number":3},"yell_uno":false,"player":"P-00000005"}
2024-01-14 00:10:40:354: [INFO] - Receive play-card event. res_data: {"card_play":{"color":"white","special":"white_wild"},"yell_uno":false,"player":"P-00000006"}
2024-01-14 00:10:40:403: [INFO] - Receive draw-card event. res_data: {"player":"P-00000001","is_draw":true}
2024-01-14 00:10:40:445: [INFO] - Receive play-card event. res_data: {"card_play":{"color":"yellow","special":"wild_draw_4"},"yell_uno":false,"color_of_wild":"yellow","player":"P-00000005"}
2024-01-14 00:10:40:448: [INFO] - Receive update-color event. res_data: {"color":"green"}
2024-01-14 00:10:40:504: [INFO] - Receive challenge event. res_data: {"challenger":"P-00000006","target":"P-00000005","is_challenge":true,"is_challenge_success":false}
2024-01-14 00:10:40:539: [INFO] - Receive next-player event. res_data: {"next_player":"P-00000007","before_player":"P-00000006","card_before":{"color":"yellow","special":"wild_draw_4"},"card_of_player":[{"color":"green","number":6},{"color":"blue","number":5},{"color":"red","number":3},{"color":"red","number":4}],"must_call_draw_card":false,"draw_reason":"nothing","turn_right":true,"number_card_play":53,"number_turn_play":92,"number_card_of_player":{"P-00000001":23,"P-00000005":4,"P-00000006":11,"P-00000007":4}}
2024-01-14 00:10:40:539: [INFO] - Send draw-card event. req_data: {}
2024-01-14 00:10:40:554: [INFO] - Receive receiver-card event. res_data: {"cards_receive":[{"color":"yellow","special":"skip"}],"is_penalty":false}
2024-01-14 00:10:40:565: [INFO] - Receive draw-card event. res_data: {"player":"P-00000007","is_draw":true}
2024-01-14 00:10:40:565: [INFO] - Client draw-card successfully! res_data: {"player":"P-00000007","is_draw":true,"draw_card":[{"color":"yellow","special":"skip"}],"can_play_draw_card":true}
2024-01-14 00:10:40:566: [INFO] - Send play-draw-card event. req_data: {"is_play_card":true,"yell_uno":false}
2024-01-14 00:10:40:592: [INFO] - Receive play-draw-card event. res_data: {"is_play_card":true,"yell_uno":false,"player":"P-00000007","card_play":{"color":"yellow","special":"skip"}}
2024-01-14 00:10:40:616: [INFO] - Client play-draw-card successfully! res_data: {"is_play_card":true,"yell_uno":false}
2024-01-14 00:10:40:645: [INFO] - Receive play-card event. res_data: {"card_play":{"color":"blue","special":"skip"},"yell_uno":false,"player":"P-00000005"}
2024-01-14 00:10:40:659: [INFO] - Receive next-player event. res_data: {"next_player":"P-00000007","before_player":"P-00000005","card_before":{"color":"blue","special":"skip"},"card_of_player":[{"color":"green","number":6},{"color":"blue","number":5},{"color":"red","number":3},{"color":"red","number":4}],"must_call_draw_card":false,"draw_reason":"nothing","turn_right":true,"number_card_play":55,"number_turn_play":94,"number_card_of_player":{"P-00000001":23,"P-00000005":3,"P-00000006":11,"P-00000007":4}}
2024-01-14 00:10:40:659: [DEBUG] - selected card: {"color":"blue","number":5}
2024-01-14 00:10:40:659: [INFO] - Send play-card event. req_data: {"card_play":{"color":"blue","number":5},"yell_uno":false}
2024-01-14 00:10:40:687: [INFO] - Receive play-card event. res_data: {"card_play":{"color":"blue","number":5},"yell_uno":false,"player":"P-00000007"}
2024-01-14 00:10:40:701: [INFO] - Client play-card successfully! res_data: {"card_play":{"color":"blue","number":5},"yell_uno":false}
2024-01-14 00:10:40:737: [INFO] - Receive draw-card event. res_data: {"player":"P-00000001","is_draw":true}
2024-01-14 00:10:40:778: [INFO] - Receive play-card event. res_data: {"card_play":{"color":"blue","number":1},"yell_uno":false,"player":"P-00000005"}
2024-01-14 00:10:40:820: [INFO] - Receive play-card event. res_data: {"card_play":{"color":"yellow","number":1},"yell_uno":false,"player":"P-00000006"}
2024-01-14 00:10:40:833: [INFO] - Receive next-player event. res_data: {"next_player":"P-00000007","before_player":"P-00000006","card_before":{"color":"yellow","number":1},"card_of_player":[{"color":"green","number":6},{"color":"red","number":3},{"color":"red","number":4}],"must_call_draw_card":false,"draw_reason":"nothing","turn_right":true,"number_card_play":58,"number_turn_play":98,"number_card_of_player":{"P-00000001":24,"P-00000005":2,"P-00000006":10,"P-00000007":3}}
2024-01-14 00:10:40:833: [INFO] - Send draw-card event. req_data: {}
2024-01-14 00:10:40:849: [INFO] - Receive receiver-card event. res_data: {"cards_receive":[{"color":"yellow","number":4}],"is_penalty":false}
2024-01-14 00:10:40:859: [INFO] - Receive draw-card event. res_data: {"player":"P-00000007","is_draw":true}
2024-01-14 00:10:40:860: [INFO] - Client draw-card successfully! res_data: {"player":"P-00000007","is_draw":true,"draw_card":[{"color":"yellow","number":4}],"can_play_draw_card":true}
2024-01-14 00:10:40:860: [INFO] - Send play-draw-card event. req_data: {"is_play_card":true,"yell_uno":false}
2024-01-14 00:10:40:885: [INFO] - Receive play-draw-card event. res_data: {"is_play_card":true,"yell_uno":false,"player":"P-00000007","card_play":{"color":"yellow","number":4}}
2024-01-14 00:10:40:909: [INFO] - Client play-draw-card successfully! res_data: {"is_play_card":true,"yell_uno":false}
2024-01-14 00:10:40:944: [INFO] - Receive penalty event. res_data: {"player":"P-00000001","number_card_of_player":25,"error":"Card play invalid with card before."}
2024-01-14 00:10:41:005: [INFO] - Receive draw-card event. res_data: {"player":"P-00000005","is_draw":true}
2024-01-14 00:10:41:050: [INFO] - Receive play-card event. res_data: {"card_play":{"color":"yellow","number":9},"yell_uno":false,"player":"P-00000006"}
2024-01-14 00:10:41:064: [INFO] - Receive next-player event. res_data: {"next_player":"P-00000007","before_player":"P-00000006","card_before":{"color":"yellow","number":9},"card_of_player":[{"color":"green","number":6},{"color":"red","number":3},{"color":"red","number":4}],"must_call_draw_card":false,"draw_reason":"nothing","turn_right":true,"number_card_play":60,"number_turn_play":102,"number_card_of_player":{"P-00000001":25,"P-00000005":3,"P-00000006":9,"P-00000007":3}}
2024-01-14 00:10:41:064: [INFO] - Send draw-card event. req_data: {}
2024-01-14 00:10:41:079: [INFO] - Receive receiver-card event. res_data: {"cards_receive":[{"color":"blue","special":"draw_2"}],"is_penalty":false}
2024-01-14 00:10:41:090: [INFO] - Receive draw-card event. res_data: {"player":"P-00000007","is_draw":true}
2024-01-14 00:10:41:090: [INFO] - Client draw-card successfully! res_data: {"player":"P-00000007","is_draw":true,"can_play_draw_card":false,"draw_card":[{"color":"blue","special":"draw_2"}]}
2024-01-14 00:10:41:194: [INFO] - Receive play-card event. res_data: {"card_play":{"color":"red","number":9},"yell_uno":false,"player":"P-00000005"}
2024-01-14 00:10:41:235: [INFO] - Receive play-card event. res_data: {"card_play":{"color":"blue","number":9},"yell_uno":false,"player":"P-00000006"}
2024-01-14 00:10:41:249: [INFO] - Receive next-player event. res_data: {"next_player":"P-00000007","before_player":"P-00000006","card_before":{"color":"blue","number":9},"card_of_player":[{"color":"green","number":6},{"color":"blue","special":"draw_2"},{"color":"red","number":3},{"color":"red","number":4}],"must_call_draw_card":false,"draw_reason":"nothing","turn_right":true,"number_card_play":62,"number_turn_play":106,"number_card_of_player":{"P-00000001":25,"P-00000005":2,"P-00000006":8,"P-00000007":4}}
2024-01-14 00:10:41:249: [DEBUG] - selected card: {"color":"blue","special":"draw_2"}
2024-01-14 00:10:41:250: [INFO] - Send play-card event. req_data: {"card_play":{"color":"blue","special":"draw_2"},"yell_uno":false}
2024-01-14 00:10:41:276: [INFO] - Receive play-card event. res_data: {"card_play":{"color":"blue","special":"draw_2"},"yell_uno":false,"player":"P-00000007"}
2024-01-14 00:10:41:291: [INFO] - Client play-card successfully! res_data: {"card_play":{"color":"blue","special":"draw_2"},"yell_uno":false}
2024-01-14 00:10:41:328: [INFO] - Receive draw-card event. res_data: {"player":"P-00000001","is_draw":true}
2024-01-14 00:10:41:368: [INFO] - Receive draw-card event. res_data: {"player":"P-00000005","is_draw":true}
2024-01-14 00:10:41:397: [INFO] - Receive play-draw-card event. res_data: {"is_play_card":true,"yell_uno":false,"player":"P-00000005","card_play":{"color":"blue","number":1}}
2024-01-14 00:10:41:448: [INFO] - Receive play-card event. res_data: {"card_play":{"color":"blue","number":3},"yell_uno":false,"player":"P-00000006"}
2024-01-14 00:10:41:461: [INFO] - Receive next-player event. res_data: {"next_player":"P-00000007","before_player":"P-00000006","card_before":{"color":"blue","number":3},"card_of_player":[{"color":"green","number":6},{"color":"red","number":3},{"color":"red","number":4}],"must_call_draw_card":false,"draw_reason":"nothing","turn_right":true,"number_card_play":65,"number_turn_play":110,"number_card_of_player":{"P-00000001":27,"P-00000005":2,"P-00000006":7,"P-00000007":3}}
2024-01-14 00:10:41:462: [DEBUG] - selected card: {"color":"red","number":3}
2024-01-14 00:10:41:462: [INFO] - Send play-card event. req_data: {"card_play":{"color":"red","number":3},"yell_uno":false}
2024-01-14 00:10:41:489: [INFO] - Receive play-card event. res_data: {"card_play":{"color":"red","number":3},"yell_uno":false,"player":"P-00000007"}
2024-01-14 00:10:41:503: [INFO] - Client play-card successfully! res_data: {"card_play":{"color":"red","number":3},"yell_uno":false}
2024-01-14 00:10:41:540: [INFO] - Receive penalty event. res_data: {"player":"P-00000001","number_card_of_player":27,"error":"Card play invalid with card before."}
2024-01-14 00:10:41:601: [INFO] - Receive play-card event. res_data: {"card_play":{"color":"red","number":5},"yell_uno":true,"player":"P-00000005"}
2024-01-14 00:10:41:645: [INFO] - Receive play-card event. res_data: {"card_play":{"color":"blue","number":5},"yell_uno":false,"player":"P-00000006"}
2024-01-14 00:10:41:659: [INFO] - Receive next-player event. res_data: {"next_player":"P-00000007","before_player":"P-00000006","card_before":{"color":"blue","number":5},"card_of_player":[{"color":"green","number":6},{"color":"red","number":4}],"must_call_draw_card":false,"draw_reason":"nothing","turn_right":true,"number_card_play":68,"number_turn_play":114,"number_card_of_player":{"P-00000001":27,"P-00000005":1,"P-00000006":6,"P-00000007":2}}
2024-01-14 00:10:41:660: [INFO] - Send draw-card event. req_data: {}
2024-01-14 00:10:41:674: [INFO] - Receive receiver-card event. res_data: {"cards_receive":[{"color":"white","special":"white_wild"}],"is_penalty":false}
2024-01-14 00:10:41:684: [INFO] - Receive draw-card event. res_data: {"player":"P-00000007","is_draw":true}
2024-01-14 00:10:41:684: [INFO] - Client draw-card successfully! res_data: {"player":"P-00000007","is_draw":true,"draw_card":[{"color":"white","special":"white_wild"}],"can_play_draw_card":true}
2024-01-14 00:10:41:685: [INFO] - Send play-draw-card event. req_data: {"is_play_card":true,"yell_uno":false}
2024-01-14 00:10:41:721: [INFO] - Receive play-draw-card event. res_data: {"is_play_card":true,"yell_uno":false,"player":"P-00000007","card_play":{"color":"white","special":"white_wild"}}
2024-01-14 00:10:41:746: [INFO] - Client play-draw-card successfully! res_data: {"is_play_card":true,"yell_uno":false}
2024-01-14 00:10:41:771: [INFO] - Receive draw-card event. res_data: {"player":"P-00000005","is_draw":true}
2024-01-14 00:10:41:813: [INFO] - Receive play-card event. res_data: {"card_play":{"color":"blue","special":"reverse"},"yell_uno":false,"player":"P-00000006"}
2024-01-14 00:10:41:854: [INFO] - Receive draw-card event. res_data: {"player":"P-00000005","is_draw":true}
2024-01-14 00:10:41:908: [INFO] - Receive penalty event. res_data: {"player":"P-00000001","number_card_of_player":27,"error":"Card play invalid with card before."}
2024-01-14 00:10:41:941: [INFO] - Receive next-player event. res_data: {"next_player":"P-00000007","before_player":"P-00000001","card_before":{"color":"blue","special":"reverse"},"card_of_player":[{"color":"green","number":6},{"color":"red","number":4}],"must_call_draw_card":false,"draw_reason":"nothing","turn_right":false,"number_card_play":70,"number_turn_play":119,"number_card_of_player":{"P-00000001":27,"P-00000005":3,"P-00000006":5,"P-00000007":2}}
2024-01-14 00:10:41:942: [INFO] - Send draw-card event. req_data: {}
2024-01-14 00:10:41:956: [INFO] - Receive receiver-card event. res_data: {"cards_receive":[{"color":"yellow","number":5}],"is_penalty":false}
2024-01-14 00:10:41:967: [INFO] - Receive draw-card event. res_data: {"player":"P-00000007","is_draw":true}
2024-01-14 00:10:41:968: [INFO] - Client draw-card successfully! res_data: {"player":"P-00000007","is_draw":true,"can_play_draw_card":false,"draw_card":[{"color":"yellow","number":5}]}
2024-01-14 00:10:42:012: [INFO] - Receive play-card event. res_data: {"card_play":{"color":"blue","special":"wild"},"yell_uno":false,"color_of_wild":"blue","player":"P-00000006"}
2024-01-14 00:10:42:015: [INFO] - Receive update-color event. res_data: {"color":"blue"}
2024-01-14 00:10:42:063: [INFO] - Receive draw-card event. res_data: {"player":"P-00000005","is_draw":true}
2024-01-14 00:10:42:092: [INFO] - Receive play-draw-card event. res_data: {"is_play_card":true,"yell_uno":false,"player":"P-00000005","card_play":{"color":"blue","number":3}}
2024-01-14 00:10:42:158: [INFO] - Receive penalty event. res_data: {"player":"P-00000001","number_card_of_player":27,"error":"Card play invalid with card before."}
2024-01-14 00:10:42:191: [INFO] - Receive next-player event. res_data: {"next_player":"P-00000007","before_player":"P-00000001","card_before":{"color":"blue","number":3},"card_of_player":[{"color":"yellow","number":5},{"color":"green","number":6},{"color":"red","number":4}],"must_call_draw_card":false,"draw_reason":"nothing","turn_right":false,"number_card_play":72,"number_turn_play":123,"number_card_of_player":{"P-00000001":27,"P-00000005":3,"P-00000006":4,"P-00000007":3}}
2024-01-14 00:10:42:191: [INFO] - Send draw-card event. req_data: {}
2024-01-14 00:10:42:206: [INFO] - Receive receiver-card event. res_data: {"cards_receive":[{"color":"red","number":8}],"is_penalty":false}
2024-01-14 00:10:42:216: [INFO] - Receive draw-card event. res_data: {"player":"P-00000007","is_draw":true}
2024-01-14 00:10:42:217: [INFO] - Client draw-card successfully! res_data: {"player":"P-00000007","is_draw":true,"can_play_draw_card":false,"draw_card":[{"color":"red","number":8}]}
2024-01-14 00:10:42:254: [INFO] - Receive draw-card event. res_data: {"player":"P-00000006","is_draw":true}
2024-01-14 00:10:42:281: [INFO] - Receive play-draw-card event. res_data: {"is_play_card":true,"yell_uno":false,"player":"P-00000006","card_play":{"color":"green","number":3}}
2024-01-14 00:10:42:330: [INFO] - Receive play-card event. res_data: {"card_play":{"color":"green","number":9},"yell_uno":false,"player":"P-00000005"}
2024-01-14 00:10:42:380: [INFO] - Receive penalty event. res_data: {"player":"P-00000001","number_card_of_player":27,"error":"Card play invalid with card before."}
2024-01-14 00:10:42:415: [INFO] - Receive next-player event. res_data: {"next_player":"P-00000007","before_player":"P-00000001","card_before":{"color":"green","number":9},"card_of_player":[{"color":"yellow","number":5},{"color":"green","number":6},{"color":"red","number":4},{"color":"red","number":8}],"must_call_draw_card":false,"draw_reason":"nothing","turn_right":false,"number_card_play":74,"number_turn_play":127,"number_card_of_player":{"P-00000001":27,"P-00000005":2,"P-00000006":4,"P-00000007":4}}
2024-01-14 00:10:42:416: [DEBUG] - selected card: {"color":"green","number":6}
2024-01-14 00:10:42:416: [INFO] - Send play-card event. req_data: {"card_play":{"color":"green","number":6},"yell_uno":false}
2024-01-14 00:10:42:442: [INFO] - Receive play-card event. res_data: {"card_play":{"color":"green","number":6},"yell_uno":false,"player":"P-00000007"}
2024-01-14 00:10:42:455: [INFO] - Client play-card successfully! res_data: {"card_play":{"color":"green","number":6},"yell_uno":false}
2024-01-14 00:10:42:483: [INFO] - Receive play-card event. res_data: {"card_play":{"color":"green","special":"skip"},"yell_uno":false,"player":"P-00000006"}
2024-01-14 00:10:42:534: [INFO] - Receive penalty event. res_data: {"player":"P-00000001","number_card_of_player":27,"error":"Card play invalid with card before."}
2024-01-14 00:10:42:568: [INFO] - Receive next-player event. res_data: {"next_player":"P-00000007","before_player":"P-00000001","card_before":{"color":"green","special":"skip"},"card_of_player":[{"color":"yellow","number":5},{"color":"red","number":4},{"color":"red","number":8}],"must_call_draw_card":false,"draw_reason":"nothing","turn_right":false,"number_card_play":76,"number_turn_play":130,"number_card_of_player":{"P-00000001":27,"P-00000005":2,"P-00000006":3,"P-00000007":3}}
2024-01-14 00:10:42:568: [INFO] - Send draw-card event. req_data: {}
2024-01-14 00:10:42:584: [INFO] - Receive receiver-card event. res_data: {"cards_receive":[{"color":"red","number":9}],"is_penalty":false}
2024-01-14 00:10:42:595: [INFO] - Receive draw-card event. res_data: {"player":"P-00000007","is_draw":true}
2024-01-14 00:10:42:595: [INFO] - Client draw-card successfully! res_data: {"player":"P-00000007","is_draw":true,"can_play_draw_card":false,"draw_card":[{"color":"red","number":9}]}
2024-01-14 00:10:42:634: [INFO] - Receive play-card event. res_data: {"card_play":{"color":"green","number":8},"yell_uno":false,"player":"P-00000006"}
2024-01-14 00:10:42:761: [INFO] - Receive draw-card event. res_data: {"player":"P-00000005","is_draw":true}
2024-01-14 00:10:42:811: [INFO] - Receive penalty event. res_data: {"player":"P-00000001","number_card_of_player":27,"error":"Card play invalid with card before."}
2024-01-14 00:10:42:847: [INFO] - Receive next-player event. res_data: {"next_player":"P-00000007","before_player":"P-00000001","card_before":{"color":"green","number":8},"card_of_player":[{"color":"yellow","number":5},{"color":"red","number":4},{"color":"red","number":8},{"color":"red","number":9}],"must_call_draw_card":false,"draw_reason":"nothing","turn_right":false,"number_card_play":77,"number_turn_play":134,"number_card_of_player":{"P-00000001":27,"P-00000005":3,"P-00000006":2,"P-00000007":4}}
2024-01-14 00:10:42:847: [DEBUG] - selected card: {"color":"red","number":8}
2024-01-14 00:10:42:847: [INFO] - Send play-card event. req_data: {"card_play":{"color":"red","number":8},"yell_uno":false}
2024-01-14 00:10:42:875: [INFO] - Receive play-card event. res_data: {"card_play":{"color":"red","number":8},"yell_uno":false,"player":"P-00000007"}
2024-01-14 00:10:42:890: [INFO] - Client play-card successfully! res_data: {"card_play":{"color":"red","number":8},"yell_uno":false}
2024-01-14 00:10:42:916: [INFO] - Receive play-card event. res_data: {"card_play":{"color":"red","number":1},"yell_uno":true,"player":"P-00000006"}
2024-01-14 00:10:42:957: [INFO] - Receive play-card event. res_data: {"card_play":{"color":"red","number":6},"yell_uno":false,"player":"P-00000005"}
2024-01-14 00:10:43:019: [INFO] - Receive penalty event. res_data: {"player":"P-00000001","number_card_of_player":27,"error":"Card play invalid with card before."}
2024-01-14 00:10:43:054: [INFO] - Receive next-player event. res_data: {"next_player":"P-00000007","before_player":"P-00000001","card_before":{"color":"red","number":6},"card_of_player":[{"color":"yellow","number":5},{"color":"red","number":4},{"color":"red","number":9}],"must_call_draw_card":false,"draw_reason":"nothing","turn_right":false,"number_card_play":80,"number_turn_play":138,"number_card_of_player":{"P-00000001":27,"P-00000005":2,"P-00000006":1,"P-00000007":3}}
2024-01-14 00:10:43:055: [DEBUG] - selected card: {"color":"red","number":4}
2024-01-14 00:10:43:055: [INFO] - Send play-card event. req_data: {"card_play":{"color":"red","number":4},"yell_uno":false}
2024-01-14 00:10:43:082: [INFO] - Receive play-card event. res_data: {"card_play":{"color":"red","number":4},"yell_uno":false,"player":"P-00000007"}
2024-01-14 00:10:43:097: [INFO] - Client play-card successfully! res_data: {"card_play":{"color":"red","number":4},"yell_uno":false}
2024-01-14 00:10:43:123: [INFO] - Receive play-card event. res_data: {"card_play":{"color":"red","number":7},"yell_uno":false,"player":"P-00000006"}
2024-01-14 00:10:43:182: [INFO] - Receive finish-turn event. res_data: {"winner":"P-00000006","turn_no":1,"score":{"P-00000001":-351,"P-00000005":-9,"P-00000007":-14,"P-00000006":374}}
2024-01-14 00:10:43:196: [INFO] - Receive finish-game event. res_data: {"winner":"P-00000006","turn_win":1,"order":{"P-00000006":1,"P-00000001":0,"P-00000005":0,"P-00000007":0},"total_score":{"P-00000006":374,"P-00000005":-9,"P-00000007":-14,"P-00000001":-351}}
2024-01-14 00:10:43:208: [INFO] - Client disconnect. data_res: io server disconnect
