2024-01-14 00:17:54:700: [INFO] - This game id is D-00000007
2024-01-14 00:17:54:700: [INFO] - My id is P-00000005
2024-01-14 00:17:55:396: [INFO] - Receive join-room event. res_data: {"room_name":"test","player":"Alternative 4"}
2024-01-14 00:17:57:980: [INFO] - Receive receiver-card event. res_data: {"cards_receive":[{"color":"yellow","number":2},{"color":"green","number":9},{"color":"green","special":"skip"},{"color":"yellow","special":"draw_2"},{"color":"blue","number":7},{"color":"blue","number":3},{"color":"green","number":8}],"is_penalty":false}
2024-01-14 00:17:58:063: [INFO] - Receive penalty event. res_data: {"player":"P-00000001","number_card_of_player":9,"error":"Card play invalid with card before."}
2024-01-14 00:17:58:156: [INFO] - Receive draw-card event. res_data: {"player":"P-00000006","is_draw":true}
2024-01-14 00:17:58:184: [INFO] - Receive play-draw-card event. res_data: {"is_play_card":true,"yell_uno":false,"color_of_wild":"red","player":"P-00000006","card_play":{"color":"red","special":"wild_draw_4"}}
2024-01-14 00:17:58:209: [INFO] - Receive next-player event. res_data: {"next_player":"P-00000005","before_player":"P-00000006","card_before":{"color":"red","special":"wild_draw_4"},"card_of_player":[{"color":"yellow","number":2},{"color":"yellow","special":"draw_2"},{"color":"green","number":9},{"color":"green","special":"skip"},{"color":"green","number":8},{"color":"blue","number":3},{"color":"blue","number":7}],"must_call_draw_card":true,"draw_reason":"wild_draw_4","turn_right":true,"number_card_play":2,"number_turn_play":2,"number_card_of_player":{"P-00000001":9,"P-00000006":7,"P-00000005":7,"P-00000002":7}}
2024-01-14 00:17:58:210: [INFO] - Send challenge event. req_data: {"is_challenge":true}
2024-01-14 00:17:58:211: [INFO] - Receive update-color event. res_data: {"color":"red"}
2024-01-14 00:17:58:223: [INFO] - Receive public-card event. res_data: {"card_of_player":"P-00000006","cards":[{"color":"yellow","number":3},{"color":"yellow","number":5},{"color":"yellow","special":"skip"},{"color":"yellow","number":8},{"color":"blue","number":3},{"color":"blue","number":9},{"color":"blue","special":"draw_2"}]}
2024-01-14 00:17:58:238: [INFO] - Receive challenge event. res_data: {"challenger":"P-00000005","target":"P-00000006","is_challenge":true,"is_challenge_success":false}
2024-01-14 00:17:58:249: [INFO] - Receive receiver-card event. res_data: {"cards_receive":[{"color":"yellow","number":7},{"color":"yellow","special":"reverse"},{"color":"yellow","special":"skip"},{"color":"green","number":3},{"color":"blue","number":6},{"color":"blue","number":7}],"is_penalty":false}
2024-01-14 00:17:58:272: [INFO] - Client challenge successfully! res_data: {"is_challenge":true}
2024-01-14 00:17:58:300: [INFO] - Receive play-card event. res_data: {"card_play":{"color":"red","number":2},"yell_uno":false,"player":"P-00000002"}
2024-01-14 00:17:58:350: [INFO] - Receive penalty event. res_data: {"player":"P-00000001","number_card_of_player":11,"error":"Card play invalid with card before."}
2024-01-14 00:17:58:409: [INFO] - Receive draw-card event. res_data: {"player":"P-00000006","is_draw":true}
2024-01-14 00:17:58:422: [INFO] - Receive next-player event. res_data: {"next_player":"P-00000005","before_player":"P-00000006","card_before":{"color":"red","number":2},"card_of_player":[{"color":"yellow","number":2},{"color":"yellow","special":"draw_2"},{"color":"yellow","number":7},{"color":"yellow","special":"reverse"},{"color":"yellow","special":"skip"},{"color":"green","number":3},{"color":"green","number":9},{"color":"green","special":"skip"},{"color":"green","number":8},{"color":"blue","number":3},{"color":"blue","number":6},{"color":"blue","number":7},{"color":"blue","number":7}],"must_call_draw_card":false,"draw_reason":"nothing","turn_right":true,"number_card_play":3,"number_turn_play":6,"number_card_of_player":{"P-00000001":11,"P-00000006":8,"P-00000005":13,"P-00000002":6}}
2024-01-14 00:17:58:422: [DEBUG] - selected card: {"color":"yellow","number":2}
2024-01-14 00:17:58:422: [INFO] - Send play-card event. req_data: {"card_play":{"color":"yellow","number":2},"yell_uno":false}
2024-01-14 00:17:58:448: [INFO] - Receive play-card event. res_data: {"card_play":{"color":"yellow","number":2},"yell_uno":false,"player":"P-00000005"}
2024-01-14 00:17:58:462: [INFO] - Client play-card successfully! res_data: {"card_play":{"color":"yellow","number":2},"yell_uno":false}
2024-01-14 00:17:58:491: [INFO] - Receive play-card event. res_data: {"card_play":{"color":"yellow","number":7},"yell_uno":false,"player":"P-00000002"}
2024-01-14 00:17:58:552: [INFO] - Receive play-card event. res_data: {"card_play":{"color":"green","number":7},"yell_uno":false,"player":"P-00000001"}
2024-01-14 00:17:58:593: [INFO] - Receive play-card event. res_data: {"card_play":{"color":"green","number":9},"yell_uno":false,"player":"P-00000006"}
2024-01-14 00:17:58:608: [INFO] - Receive next-player event. res_data: {"next_player":"P-00000005","before_player":"P-00000006","card_before":{"color":"green","number":9},"card_of_player":[{"color":"yellow","special":"draw_2"},{"color":"yellow","number":7},{"color":"yellow","special":"reverse"},{"color":"yellow","special":"skip"},{"color":"green","number":3},{"color":"green","number":9},{"color":"green","special":"skip"},{"color":"green","number":8},{"color":"blue","number":3},{"color":"blue","number":6},{"color":"blue","number":7},{"color":"blue","number":7}],"must_call_draw_card":false,"draw_reason":"nothing","turn_right":true,"number_card_play":7,"number_turn_play":10,"number_card_of_player":{"P-00000001":10,"P-00000006":7,"P-00000005":12,"P-00000002":5}}
2024-01-14 00:17:58:608: [DEBUG] - selected card: {"color":"green","number":3}
2024-01-14 00:17:58:609: [INFO] - Send play-card event. req_data: {"card_play":{"color":"green","number":3},"yell_uno":false}
2024-01-14 00:17:58:636: [INFO] - Receive play-card event. res_data: {"card_play":{"color":"green","number":3},"yell_uno":false,"player":"P-00000005"}
2024-01-14 00:17:58:650: [INFO] - Client play-card successfully! res_data: {"card_play":{"color":"green","number":3},"yell_uno":false}
2024-01-14 00:17:58:679: [INFO] - Receive play-card event. res_data: {"card_play":{"color":"green","number":1},"yell_uno":false,"player":"P-00000002"}
2024-01-14 00:17:58:732: [INFO] - Receive penalty event. res_data: {"player":"P-00000001","number_card_of_player":12,"error":"Card play invalid with card before."}
2024-01-14 00:17:58:793: [INFO] - Receive draw-card event. res_data: {"player":"P-00000006","is_draw":true}
2024-01-14 00:17:58:807: [INFO] - Receive next-player event. res_data: {"next_player":"P-00000005","before_player":"P-00000006","card_before":{"color":"green","number":1},"card_of_player":[{"color":"yellow","special":"draw_2"},{"color":"yellow","number":7},{"color":"yellow","special":"reverse"},{"color":"yellow","special":"skip"},{"color":"green","number":9},{"color":"green","special":"skip"},{"color":"green","number":8},{"color":"blue","number":3},{"color":"blue","number":6},{"color":"blue","number":7},{"color":"blue","number":7}],"must_call_draw_card":false,"draw_reason":"nothing","turn_right":true,"number_card_play":9,"number_turn_play":14,"number_card_of_player":{"P-00000001":12,"P-00000006":8,"P-00000005":11,"P-00000002":4}}
2024-01-14 00:17:58:807: [DEBUG] - selected card: {"color":"green","number":9}
2024-01-14 00:17:58:807: [INFO] - Send play-card event. req_data: {"card_play":{"color":"green","number":9},"yell_uno":false}
2024-01-14 00:17:58:833: [INFO] - Receive play-card event. res_data: {"card_play":{"color":"green","number":9},"yell_uno":false,"player":"P-00000005"}
2024-01-14 00:17:58:847: [INFO] - Client play-card successfully! res_data: {"card_play":{"color":"green","number":9},"yell_uno":false}
2024-01-14 00:17:58:875: [INFO] - Receive play-card event. res_data: {"card_play":{"color":"yellow","number":9},"yell_uno":false,"player":"P-00000002"}
2024-01-14 00:17:58:946: [INFO] - Receive penalty event. res_data: {"player":"P-00000001","number_card_of_player":14,"error":"Card play invalid with card before."}
2024-01-14 00:17:59:005: [INFO] - Receive play-card event. res_data: {"card_play":{"color":"yellow","number":3},"yell_uno":false,"player":"P-00000006"}
2024-01-14 00:17:59:020: [INFO] - Receive next-player event. res_data: {"next_player":"P-00000005","before_player":"P-00000006","card_before":{"color":"yellow","number":3},"card_of_player":[{"color":"yellow","special":"draw_2"},{"color":"yellow","number":7},{"color":"yellow","special":"reverse"},{"color":"yellow","special":"skip"},{"color":"green","special":"skip"},{"color":"green","number":8},{"color":"blue","number":3},{"color":"blue","number":6},{"color":"blue","number":7},{"color":"blue","number":7}],"must_call_draw_card":false,"draw_reason":"nothing","turn_right":true,"number_card_play":12,"number_turn_play":18,"number_card_of_player":{"P-00000001":14,"P-00000006":7,"P-00000005":10,"P-00000002":3}}
2024-01-14 00:17:59:020: [DEBUG] - selected card: {"color":"yellow","special":"draw_2"}
2024-01-14 00:17:59:020: [INFO] - Send play-card event. req_data: {"card_play":{"color":"yellow","special":"draw_2"},"yell_uno":false}
2024-01-14 00:17:59:046: [INFO] - Receive play-card event. res_data: {"card_play":{"color":"yellow","special":"draw_2"},"yell_uno":false,"player":"P-00000005"}
2024-01-14 00:17:59:062: [INFO] - Client play-card successfully! res_data: {"card_play":{"color":"yellow","special":"draw_2"},"yell_uno":false}
2024-01-14 00:17:59:087: [INFO] - Receive draw-card event. res_data: {"player":"P-00000002","is_draw":true}
2024-01-14 00:17:59:135: [INFO] - Receive penalty event. res_data: {"player":"P-00000001","number_card_of_player":16,"error":"Card play invalid with card before."}
2024-01-14 00:17:59:199: [INFO] - Receive play-card event. res_data: {"card_play":{"color":"yellow","number":5},"yell_uno":false,"player":"P-00000006"}
2024-01-14 00:17:59:215: [INFO] - Receive next-player event. res_data: {"next_player":"P-00000005","before_player":"P-00000006","card_before":{"color":"yellow","number":5},"card_of_player":[{"color":"yellow","number":7},{"color":"yellow","special":"reverse"},{"color":"yellow","special":"skip"},{"color":"green","special":"skip"},{"color":"green","number":8},{"color":"blue","number":3},{"color":"blue","number":6},{"color":"blue","number":7},{"color":"blue","number":7}],"must_call_draw_card":false,"draw_reason":"nothing","turn_right":true,"number_card_play":14,"number_turn_play":22,"number_card_of_player":{"P-00000001":16,"P-00000006":6,"P-00000005":9,"P-00000002":5}}
2024-01-14 00:17:59:216: [DEBUG] - selected card: {"color":"yellow","number":7}
2024-01-14 00:17:59:216: [INFO] - Send play-card event. req_data: {"card_play":{"color":"yellow","number":7},"yell_uno":false}
2024-01-14 00:17:59:245: [INFO] - Receive play-card event. res_data: {"card_play":{"color":"yellow","number":7},"yell_uno":false,"player":"P-00000005"}
2024-01-14 00:17:59:261: [INFO] - Client play-card successfully! res_data: {"card_play":{"color":"yellow","number":7},"yell_uno":false}
2024-01-14 00:17:59:291: [INFO] - Receive play-card event. res_data: {"card_play":{"color":"yellow","special":"wild"},"yell_uno":false,"color_of_wild":"yellow","player":"P-00000002"}
2024-01-14 00:17:59:294: [INFO] - Receive update-color event. res_data: {"color":"yellow"}
2024-01-14 00:17:59:359: [INFO] - Receive penalty event. res_data: {"player":"P-00000001","number_card_of_player":18,"error":"Card play invalid with card before."}
2024-01-14 00:17:59:423: [INFO] - Receive play-card event. res_data: {"card_play":{"color":"yellow","special":"skip"},"yell_uno":false,"player":"P-00000006"}
2024-01-14 00:17:59:462: [INFO] - Receive draw-card event. res_data: {"player":"P-00000002","is_draw":true}
2024-01-14 00:17:59:516: [INFO] - Receive penalty event. res_data: {"player":"P-00000001","number_card_of_player":20,"error":"Card play invalid with card before."}
2024-01-14 00:17:59:580: [INFO] - Receive play-card event. res_data: {"card_play":{"color":"yellow","number":8},"yell_uno":false,"player":"P-00000006"}
2024-01-14 00:17:59:595: [INFO] - Receive next-player event. res_data: {"next_player":"P-00000005","before_player":"P-00000006","card_before":{"color":"yellow","number":8},"card_of_player":[{"color":"yellow","special":"reverse"},{"color":"yellow","special":"skip"},{"color":"green","special":"skip"},{"color":"green","number":8},{"color":"blue","number":3},{"color":"blue","number":6},{"color":"blue","number":7},{"color":"blue","number":7}],"must_call_draw_card":false,"draw_reason":"nothing","turn_right":true,"number_card_play":18,"number_turn_play":29,"number_card_of_player":{"P-00000001":20,"P-00000006":4,"P-00000005":8,"P-00000002":5}}
2024-01-14 00:17:59:595: [DEBUG] - selected card: {"color":"yellow","special":"reverse"}
2024-01-14 00:17:59:595: [INFO] - Send play-card event. req_data: {"card_play":{"color":"yellow","special":"reverse"},"yell_uno":false}
2024-01-14 00:17:59:623: [INFO] - Receive play-card event. res_data: {"card_play":{"color":"yellow","special":"reverse"},"yell_uno":false,"player":"P-00000005"}
2024-01-14 00:17:59:637: [INFO] - Client play-card successfully! res_data: {"card_play":{"color":"yellow","special":"reverse"},"yell_uno":false}
2024-01-14 00:17:59:662: [INFO] - Receive draw-card event. res_data: {"player":"P-00000006","is_draw":true}
2024-01-14 00:17:59:719: [INFO] - Receive penalty event. res_data: {"player":"P-00000001","number_card_of_player":22,"error":"Card play invalid with card before."}
2024-01-14 00:17:59:779: [INFO] - Receive play-card event. res_data: {"card_play":{"color":"blue","special":"reverse"},"yell_uno":false,"player":"P-00000002"}
2024-01-14 00:17:59:839: [INFO] - Receive penalty event. res_data: {"player":"P-00000001","number_card_of_player":24,"error":"Card play invalid with card before."}
2024-01-14 00:17:59:906: [INFO] - Receive play-card event. res_data: {"card_play":{"color":"blue","number":3},"yell_uno":false,"player":"P-00000006"}
2024-01-14 00:17:59:920: [INFO] - Receive next-player event. res_data: {"next_player":"P-00000005","before_player":"P-00000006","card_before":{"color":"blue","number":3},"card_of_player":[{"color":"yellow","special":"skip"},{"color":"green","special":"skip"},{"color":"green","number":8},{"color":"blue","number":3},{"color":"blue","number":6},{"color":"blue","number":7},{"color":"blue","number":7}],"must_call_draw_card":false,"draw_reason":"nothing","turn_right":true,"number_card_play":21,"number_turn_play":35,"number_card_of_player":{"P-00000001":24,"P-00000006":4,"P-00000005":7,"P-00000002":4}}
2024-01-14 00:17:59:920: [DEBUG] - selected card: {"color":"blue","number":3}
2024-01-14 00:17:59:920: [INFO] - Send play-card event. req_data: {"card_play":{"color":"blue","number":3},"yell_uno":false}
2024-01-14 00:17:59:952: [INFO] - Receive play-card event. res_data: {"card_play":{"color":"blue","number":3},"yell_uno":false,"player":"P-00000005"}
2024-01-14 00:17:59:967: [INFO] - Client play-card successfully! res_data: {"card_play":{"color":"blue","number":3},"yell_uno":false}
2024-01-14 00:17:59:996: [INFO] - Receive play-card event. res_data: {"card_play":{"color":"blue","number":5},"yell_uno":false,"player":"P-00000002"}
2024-01-14 00:18:00:062: [INFO] - Receive penalty event. res_data: {"player":"P-00000001","number_card_of_player":25,"error":"Card play invalid with card before."}
2024-01-14 00:18:00:123: [INFO] - Receive play-card event. res_data: {"card_play":{"color":"blue","number":9},"yell_uno":false,"player":"P-00000006"}
2024-01-14 00:18:00:137: [INFO] - Receive next-player event. res_data: {"next_player":"P-00000005","before_player":"P-00000006","card_before":{"color":"blue","number":9},"card_of_player":[{"color":"yellow","special":"skip"},{"color":"green","special":"skip"},{"color":"green","number":8},{"color":"blue","number":6},{"color":"blue","number":7},{"color":"blue","number":7}],"must_call_draw_card":false,"draw_reason":"nothing","turn_right":true,"number_card_play":24,"number_turn_play":39,"number_card_of_player":{"P-00000001":25,"P-00000006":3,"P-00000005":6,"P-00000002":3}}
2024-01-14 00:18:00:137: [DEBUG] - selected card: {"color":"blue","number":6}
2024-01-14 00:18:00:137: [INFO] - Send play-card event. req_data: {"card_play":{"color":"blue","number":6},"yell_uno":false}
2024-01-14 00:18:00:166: [INFO] - Receive play-card event. res_data: {"card_play":{"color":"blue","number":6},"yell_uno":false,"player":"P-00000005"}
2024-01-14 00:18:00:180: [INFO] - Client play-card successfully! res_data: {"card_play":{"color":"blue","number":6},"yell_uno":false}
2024-01-14 00:18:00:208: [INFO] - Receive draw-card event. res_data: {"player":"P-00000002","is_draw":true}
2024-01-14 00:18:00:237: [INFO] - Receive play-draw-card event. res_data: {"is_play_card":true,"yell_uno":false,"player":"P-00000002","card_play":{"color":"blue","special":"skip"}}
2024-01-14 00:18:00:293: [INFO] - Receive play-card event. res_data: {"card_play":{"color":"blue","special":"draw_2"},"yell_uno":false,"player":"P-00000006"}
2024-01-14 00:18:00:306: [INFO] - Receive next-player event. res_data: {"next_player":"P-00000005","before_player":"P-00000006","card_before":{"color":"blue","special":"draw_2"},"card_of_player":[{"color":"yellow","special":"skip"},{"color":"green","special":"skip"},{"color":"green","number":8},{"color":"blue","number":7},{"color":"blue","number":7}],"must_call_draw_card":true,"draw_reason":"draw_2","turn_right":true,"number_card_play":27,"number_turn_play":42,"number_card_of_player":{"P-00000001":25,"P-00000006":2,"P-00000005":5,"P-00000002":3}}
2024-01-14 00:18:00:307: [INFO] - Send draw-card event. req_data: {}
2024-01-14 00:18:00:321: [INFO] - Receive receiver-card event. res_data: {"cards_receive":[{"color":"green","number":7},{"color":"red","number":6}],"is_penalty":false}
2024-01-14 00:18:00:332: [INFO] - Receive draw-card event. res_data: {"player":"P-00000005","is_draw":true}
2024-01-14 00:18:00:333: [INFO] - Client draw-card successfully! res_data: {"player":"P-00000005","is_draw":true,"can_play_draw_card":false,"draw_card":[{"color":"green","number":7},{"color":"red","number":6}]}
2024-01-14 00:18:00:374: [INFO] - Receive play-card event. res_data: {"card_play":{"color":"green","special":"draw_2"},"yell_uno":false,"player":"P-00000002"}
2024-01-14 00:18:00:426: [INFO] - Receive draw-card event. res_data: {"player":"P-00000001","is_draw":true}
2024-01-14 00:18:00:465: [INFO] - Receive draw-card event. res_data: {"player":"P-00000006","is_draw":true}
2024-01-14 00:18:00:480: [INFO] - Receive next-player event. res_data: {"next_player":"P-00000005","before_player":"P-00000006","card_before":{"color":"green","special":"draw_2"},"card_of_player":[{"color":"yellow","special":"skip"},{"color":"green","special":"skip"},{"color":"green","number":7},{"color":"green","number":8},{"color":"blue","number":7},{"color":"blue","number":7},{"color":"red","number":6}],"must_call_draw_card":false,"draw_reason":"nothing","turn_right":true,"number_card_play":28,"number_turn_play":46,"number_card_of_player":{"P-00000001":27,"P-00000006":3,"P-00000005":7,"P-00000002":2}}
2024-01-14 00:18:00:481: [DEBUG] - selected card: {"color":"green","special":"skip"}
2024-01-14 00:18:00:481: [INFO] - Send play-card event. req_data: {"card_play":{"color":"green","special":"skip"},"yell_uno":false}
2024-01-14 00:18:00:509: [INFO] - Receive play-card event. res_data: {"card_play":{"color":"green","special":"skip"},"yell_uno":false,"player":"P-00000005"}
2024-01-14 00:18:00:524: [INFO] - Client play-card successfully! res_data: {"card_play":{"color":"green","special":"skip"},"yell_uno":false}
2024-01-14 00:18:00:584: [INFO] - Receive penalty event. res_data: {"player":"P-00000001","number_card_of_player":27,"error":"Card play invalid with card before."}
2024-01-14 00:18:00:645: [INFO] - Receive draw-card event. res_data: {"player":"P-00000006","is_draw":true}
2024-01-14 00:18:00:660: [INFO] - Receive next-player event. res_data: {"next_player":"P-00000005","before_player":"P-00000006","card_before":{"color":"green","special":"skip"},"card_of_player":[{"color":"yellow","special":"skip"},{"color":"green","number":7},{"color":"green","number":8},{"color":"blue","number":7},{"color":"blue","number":7},{"color":"red","number":6}],"must_call_draw_card":false,"draw_reason":"nothing","turn_right":true,"number_card_play":29,"number_turn_play":49,"number_card_of_player":{"P-00000001":27,"P-00000006":4,"P-00000005":6,"P-00000002":2}}
2024-01-14 00:18:00:660: [DEBUG] - selected card: {"color":"yellow","special":"skip"}
2024-01-14 00:18:00:660: [INFO] - Send play-card event. req_data: {"card_play":{"color":"yellow","special":"skip"},"yell_uno":false}
2024-01-14 00:18:00:688: [INFO] - Receive play-card event. res_data: {"card_play":{"color":"yellow","special":"skip"},"yell_uno":false,"player":"P-00000005"}
2024-01-14 00:18:00:702: [INFO] - Client play-card successfully! res_data: {"card_play":{"color":"yellow","special":"skip"},"yell_uno":false}
2024-01-14 00:18:00:883: [INFO] - Receive penalty event. res_data: {"player":"P-00000001","number_card_of_player":27,"error":"Card play invalid with card before."}
2024-01-14 00:18:00:944: [INFO] - Receive play-card event. res_data: {"card_play":{"color":"yellow","number":5},"yell_uno":false,"player":"P-00000006"}
2024-01-14 00:18:00:958: [INFO] - Receive next-player event. res_data: {"next_player":"P-00000005","before_player":"P-00000006","card_before":{"color":"yellow","number":5},"card_of_player":[{"color":"green","number":7},{"color":"green","number":8},{"color":"blue","number":7},{"color":"blue","number":7},{"color":"red","number":6}],"must_call_draw_card":false,"draw_reason":"nothing","turn_right":true,"number_card_play":31,"number_turn_play":52,"number_card_of_player":{"P-00000001":27,"P-00000006":3,"P-00000005":5,"P-00000002":2}}
2024-01-14 00:18:00:959: [INFO] - Send draw-card event. req_data: {}
2024-01-14 00:18:00:974: [INFO] - Receive receiver-card event. res_data: {"cards_receive":[{"color":"red","number":8}],"is_penalty":false}
2024-01-14 00:18:00:984: [INFO] - Receive draw-card event. res_data: {"player":"P-00000005","is_draw":true}
2024-01-14 00:18:00:985: [INFO] - Client draw-card successfully! res_data: {"player":"P-00000005","is_draw":true,"can_play_draw_card":false,"draw_card":[{"color":"red","number":8}]}
2024-01-14 00:18:01:024: [INFO] - Receive draw-card event. res_data: {"player":"P-00000002","is_draw":true}
2024-01-14 00:18:01:133: [INFO] - Receive shuffle-wild event. res_data: {"cards_receive":[{"color":"green","number":0},{"color":"green","number":4},{"color":"blue","number":0},{"color":"blue","number":1},{"color":"blue","number":7},{"color":"blue","number":8},{"color":"red","number":1},{"color":"red","number":6},{"color":"red","number":8}],"number_card_of_player":{"P-00000001":10,"P-00000006":10,"P-00000005":9,"P-00000002":9}}
2024-01-14 00:18:01:151: [INFO] - Receive play-draw-card event. res_data: {"is_play_card":true,"yell_uno":false,"player":"P-00000002","card_play":{"color":"black","special":"wild_shuffle"}}
2024-01-14 00:18:01:174: [INFO] - Receive update-color event. res_data: {"color":"yellow"}
2024-01-14 00:18:01:230: [INFO] - Receive penalty event. res_data: {"player":"P-00000001","number_card_of_player":12,"error":"Card play invalid with card before."}
2024-01-14 00:18:01:291: [INFO] - Receive play-card event. res_data: {"card_play":{"color":"yellow","number":2},"yell_uno":false,"player":"P-00000006"}
2024-01-14 00:18:01:305: [INFO] - Receive next-player event. res_data: {"next_player":"P-00000005","before_player":"P-00000006","card_before":{"color":"yellow","number":2},"card_of_player":[{"color":"green","number":0},{"color":"green","number":4},{"color":"blue","number":0},{"color":"blue","number":1},{"color":"blue","number":7},{"color":"blue","number":8},{"color":"red","number":1},{"color":"red","number":6},{"color":"red","number":8}],"must_call_draw_card":false,"draw_reason":"nothing","turn_right":true,"number_card_play":33,"number_turn_play":56,"number_card_of_player":{"P-00000001":12,"P-00000006":9,"P-00000005":9,"P-00000002":9}}
2024-01-14 00:18:01:306: [INFO] - Send draw-card event. req_data: {}
2024-01-14 00:18:01:320: [INFO] - Receive receiver-card event. res_data: {"cards_receive":[{"color":"yellow","number":4}],"is_penalty":false}
2024-01-14 00:18:01:331: [INFO] - Receive draw-card event. res_data: {"player":"P-00000005","is_draw":true}
2024-01-14 00:18:01:331: [INFO] - Client draw-card successfully! res_data: {"player":"P-00000005","is_draw":true,"draw_card":[{"color":"yellow","number":4}],"can_play_draw_card":true}
2024-01-14 00:18:01:331: [INFO] - Send play-draw-card event. req_data: {"is_play_card":true,"yell_uno":false}
2024-01-14 00:18:01:358: [INFO] - Receive play-draw-card event. res_data: {"is_play_card":true,"yell_uno":false,"player":"P-00000005","card_play":{"color":"yellow","number":4}}
2024-01-14 00:18:01:383: [INFO] - Client play-draw-card successfully! res_data: {"is_play_card":true,"yell_uno":false}
2024-01-14 00:18:01:410: [INFO] - Receive play-card event. res_data: {"card_play":{"color":"yellow","number":0},"yell_uno":false,"player":"P-00000002"}
2024-01-14 00:18:01:456: [INFO] - Receive penalty event. res_data: {"player":"P-00000001","number_card_of_player":14,"error":"Card play invalid with card before."}
2024-01-14 00:18:01:517: [INFO] - Receive play-card event. res_data: {"card_play":{"color":"yellow","number":4},"yell_uno":false,"player":"P-00000006"}
2024-01-14 00:18:01:531: [INFO] - Receive next-player event. res_data: {"next_player":"P-00000005","before_player":"P-00000006","card_before":{"color":"yellow","number":4},"card_of_player":[{"color":"green","number":0},{"color":"green","number":4},{"color":"blue","number":0},{"color":"blue","number":1},{"color":"blue","number":7},{"color":"blue","number":8},{"color":"red","number":1},{"color":"red","number":6},{"color":"red","number":8}],"must_call_draw_card":false,"draw_reason":"nothing","turn_right":true,"number_card_play":36,"number_turn_play":60,"number_card_of_player":{"P-00000001":14,"P-00000006":8,"P-00000005":9,"P-00000002":8}}
2024-01-14 00:18:01:531: [DEBUG] - selected card: {"color":"green","number":4}
2024-01-14 00:18:01:531: [INFO] - Send play-card event. req_data: {"card_play":{"color":"green","number":4},"yell_uno":false}
2024-01-14 00:18:01:558: [INFO] - Receive play-card event. res_data: {"card_play":{"color":"green","number":4},"yell_uno":false,"player":"P-00000005"}
2024-01-14 00:18:01:572: [INFO] - Client play-card successfully! res_data: {"card_play":{"color":"green","number":4},"yell_uno":false}
2024-01-14 00:18:01:597: [INFO] - Receive play-card event. res_data: {"card_play":{"color":"green","number":2},"yell_uno":false,"player":"P-00000002"}
2024-01-14 00:18:01:652: [INFO] - Receive penalty event. res_data: {"player":"P-00000001","number_card_of_player":16,"error":"Card play invalid with card before."}
2024-01-14 00:18:01:714: [INFO] - Receive play-card event. res_data: {"card_play":{"color":"green","number":7},"yell_uno":false,"player":"P-00000006"}
2024-01-14 00:18:01:727: [INFO] - Receive next-player event. res_data: {"next_player":"P-00000005","before_player":"P-00000006","card_before":{"color":"green","number":7},"card_of_player":[{"color":"green","number":0},{"color":"blue","number":0},{"color":"blue","number":1},{"color":"blue","number":7},{"color":"blue","number":8},{"color":"red","number":1},{"color":"red","number":6},{"color":"red","number":8}],"must_call_draw_card":false,"draw_reason":"nothing","turn_right":true,"number_card_play":39,"number_turn_play":64,"number_card_of_player":{"P-00000001":16,"P-00000006":7,"P-00000005":8,"P-00000002":7}}
2024-01-14 00:18:01:728: [DEBUG] - selected card: {"color":"green","number":0}
2024-01-14 00:18:01:728: [INFO] - Send play-card event. req_data: {"card_play":{"color":"green","number":0},"yell_uno":false}
2024-01-14 00:18:01:757: [INFO] - Receive play-card event. res_data: {"card_play":{"color":"green","number":0},"yell_uno":false,"player":"P-00000005"}
2024-01-14 00:18:01:771: [INFO] - Client play-card successfully! res_data: {"card_play":{"color":"green","number":0},"yell_uno":false}
2024-01-14 00:18:01:796: [INFO] - Receive draw-card event. res_data: {"player":"P-00000002","is_draw":true}
2024-01-14 00:18:02:411: [INFO] - Receive penalty event. res_data: {"player":"P-00000001","number_card_of_player":18,"error":"Card play invalid with card before."}
2024-01-14 00:18:02:474: [INFO] - Receive play-card event. res_data: {"card_play":{"color":"green","number":8},"yell_uno":false,"player":"P-00000006"}
2024-01-14 00:18:02:490: [INFO] - Receive next-player event. res_data: {"next_player":"P-00000005","before_player":"P-00000006","card_before":{"color":"green","number":8},"card_of_player":[{"color":"blue","number":0},{"color":"blue","number":1},{"color":"blue","number":7},{"color":"blue","number":8},{"color":"red","number":1},{"color":"red","number":6},{"color":"red","number":8}],"must_call_draw_card":false,"draw_reason":"nothing","turn_right":true,"number_card_play":41,"number_turn_play":68,"number_card_of_player":{"P-00000001":18,"P-00000006":6,"P-00000005":7,"P-00000002":8}}
2024-01-14 00:18:02:490: [DEBUG] - selected card: {"color":"blue","number":8}
2024-01-14 00:18:02:490: [INFO] - Send play-card event. req_data: {"card_play":{"color":"blue","number":8},"yell_uno":false}
2024-01-14 00:18:02:517: [INFO] - Receive play-card event. res_data: {"card_play":{"color":"blue","number":8},"yell_uno":false,"player":"P-00000005"}
2024-01-14 00:18:02:530: [INFO] - Client play-card successfully! res_data: {"card_play":{"color":"blue","number":8},"yell_uno":false}
2024-01-14 00:18:02:559: [INFO] - Receive play-card event. res_data: {"card_play":{"color":"blue","number":4},"yell_uno":false,"player":"P-00000002"}
2024-01-14 00:18:02:621: [INFO] - Receive penalty event. res_data: {"player":"P-00000001","number_card_of_player":20,"error":"Card play invalid with card before."}
2024-01-14 00:18:02:684: [INFO] - Receive play-card event. res_data: {"card_play":{"color":"blue","special":"reverse"},"yell_uno":false,"player":"P-00000006"}
2024-01-14 00:18:02:739: [INFO] - Receive penalty event. res_data: {"player":"P-00000001","number_card_of_player":22,"error":"Card play invalid with card before."}
2024-01-14 00:18:02:801: [INFO] - Receive play-card event. res_data: {"card_play":{"color":"blue","number":4},"yell_uno":false,"player":"P-00000002"}
2024-01-14 00:18:02:814: [INFO] - Receive next-player event. res_data: {"next_player":"P-00000005","before_player":"P-00000002","card_before":{"color":"blue","number":4},"card_of_player":[{"color":"blue","number":0},{"color":"blue","number":1},{"color":"blue","number":7},{"color":"red","number":1},{"color":"red","number":6},{"color":"red","number":8}],"must_call_draw_card":false,"draw_reason":"nothing","turn_right":false,"number_card_play":45,"number_turn_play":74,"number_card_of_player":{"P-00000001":22,"P-00000006":5,"P-00000005":6,"P-00000002":6}}
2024-01-14 00:18:02:814: [DEBUG] - selected card: {"color":"blue","number":0}
2024-01-14 00:18:02:814: [INFO] - Send play-card event. req_data: {"card_play":{"color":"blue","number":0},"yell_uno":false}
2024-01-14 00:18:02:844: [INFO] - Receive play-card event. res_data: {"card_play":{"color":"blue","number":0},"yell_uno":false,"player":"P-00000005"}
2024-01-14 00:18:02:858: [INFO] - Client play-card successfully! res_data: {"card_play":{"color":"blue","number":0},"yell_uno":false}
2024-01-14 00:18:02:885: [INFO] - Receive play-card event. res_data: {"card_play":{"color":"yellow","special":"wild"},"yell_uno":false,"color_of_wild":"yellow","player":"P-00000006"}
2024-01-14 00:18:02:888: [INFO] - Receive update-color event. res_data: {"color":"blue"}
2024-01-14 00:18:02:954: [INFO] - Receive penalty event. res_data: {"player":"P-00000001","number_card_of_player":24,"error":"Card play invalid with card before."}
2024-01-14 00:18:03:016: [INFO] - Receive play-card event. res_data: {"card_play":{"color":"yellow","number":6},"yell_uno":false,"player":"P-00000002"}
2024-01-14 00:18:03:030: [INFO] - Receive next-player event. res_data: {"next_player":"P-00000005","before_player":"P-00000002","card_before":{"color":"yellow","number":6},"card_of_player":[{"color":"blue","number":1},{"color":"blue","number":7},{"color":"red","number":1},{"color":"red","number":6},{"color":"red","number":8}],"must_call_draw_card":false,"draw_reason":"nothing","turn_right":false,"number_card_play":48,"number_turn_play":78,"number_card_of_player":{"P-00000001":24,"P-00000006":4,"P-00000005":5,"P-00000002":5}}
2024-01-14 00:18:03:030: [DEBUG] - selected card: {"color":"red","number":6}
2024-01-14 00:18:03:030: [INFO] - Send play-card event. req_data: {"card_play":{"color":"red","number":6},"yell_uno":false}
2024-01-14 00:18:03:066: [INFO] - Receive play-card event. res_data: {"card_play":{"color":"red","number":6},"yell_uno":false,"player":"P-00000005"}
2024-01-14 00:18:03:081: [INFO] - Client play-card successfully! res_data: {"card_play":{"color":"red","number":6},"yell_uno":false}
2024-01-14 00:18:03:110: [INFO] - Receive play-card event. res_data: {"card_play":{"color":"yellow","number":6},"yell_uno":false,"player":"P-00000006"}
2024-01-14 00:18:03:184: [INFO] - Receive penalty event. res_data: {"player":"P-00000001","number_card_of_player":25,"error":"Card play invalid with card before."}
2024-01-14 00:18:03:247: [INFO] - Receive play-card event. res_data: {"card_play":{"color":"yellow","number":9},"yell_uno":false,"player":"P-00000002"}
2024-01-14 00:18:03:261: [INFO] - Receive next-player event. res_data: {"next_player":"P-00000005","before_player":"P-00000002","card_before":{"color":"yellow","number":9},"card_of_player":[{"color":"blue","number":1},{"color":"blue","number":7},{"color":"red","number":1},{"color":"red","number":8}],"must_call_draw_card":false,"draw_reason":"nothing","turn_right":false,"number_card_play":51,"number_turn_play":82,"number_card_of_player":{"P-00000001":25,"P-00000006":3,"P-00000005":4,"P-00000002":4}}
2024-01-14 00:18:03:262: [INFO] - Send draw-card event. req_data: {}
2024-01-14 00:18:03:277: [INFO] - Receive receiver-card event. res_data: {"cards_receive":[{"color":"red","special":"skip"}],"is_penalty":false}
2024-01-14 00:18:03:287: [INFO] - Receive draw-card event. res_data: {"player":"P-00000005","is_draw":true}
2024-01-14 00:18:03:288: [INFO] - Client draw-card successfully! res_data: {"player":"P-00000005","is_draw":true,"can_play_draw_card":false,"draw_card":[{"color":"red","special":"skip"}]}
2024-01-14 00:18:03:329: [INFO] - Receive play-card event. res_data: {"card_play":{"color":"red","number":9},"yell_uno":false,"player":"P-00000006"}
2024-01-14 00:18:03:446: [INFO] - Receive draw-card event. res_data: {"player":"P-00000002","is_draw":true}
2024-01-14 00:18:03:462: [INFO] - Receive next-player event. res_data: {"next_player":"P-00000005","before_player":"P-00000002","card_before":{"color":"red","number":9},"card_of_player":[{"color":"blue","number":1},{"color":"blue","number":7},{"color":"red","number":1},{"color":"red","number":8},{"color":"red","special":"skip"}],"must_call_draw_card":false,"draw_reason":"nothing","turn_right":false,"number_card_play":52,"number_turn_play":86,"number_card_of_player":{"P-00000001":25,"P-00000006":2,"P-00000005":5,"P-00000002":5}}
2024-01-14 00:18:03:462: [DEBUG] - selected card: {"color":"red","number":1}
2024-01-14 00:18:03:462: [INFO] - Send play-card event. req_data: {"card_play":{"color":"red","number":1},"yell_uno":false}
2024-01-14 00:18:03:494: [INFO] - Receive play-card event. res_data: {"card_play":{"color":"red","number":1},"yell_uno":false,"player":"P-00000005"}
2024-01-14 00:18:03:511: [INFO] - Client play-card successfully! res_data: {"card_play":{"color":"red","number":1},"yell_uno":false}
2024-01-14 00:18:03:541: [INFO] - Receive play-card event. res_data: {"card_play":{"color":"red","special":"draw_2"},"yell_uno":true,"player":"P-00000006"}
2024-01-14 00:18:03:601: [INFO] - Receive draw-card event. res_data: {"player":"P-00000001","is_draw":true}
2024-01-14 00:18:03:650: [INFO] - Receive play-card event. res_data: {"card_play":{"color":"blue","special":"draw_2"},"yell_uno":false,"player":"P-00000002"}
2024-01-14 00:18:03:667: [INFO] - Receive next-player event. res_data: {"next_player":"P-00000005","before_player":"P-00000002","card_before":{"color":"blue","special":"draw_2"},"card_of_player":[{"color":"blue","number":1},{"color":"blue","number":7},{"color":"red","number":8},{"color":"red","special":"skip"}],"must_call_draw_card":true,"draw_reason":"draw_2","turn_right":false,"number_card_play":55,"number_turn_play":90,"number_card_of_player":{"P-00000001":27,"P-00000006":1,"P-00000005":4,"P-00000002":4}}
2024-01-14 00:18:03:667: [INFO] - Send draw-card event. req_data: {}
2024-01-14 00:18:03:683: [INFO] - Receive receiver-card event. res_data: {"cards_receive":[{"color":"red","number":0},{"color":"red","number":3}],"is_penalty":false}
2024-01-14 00:18:03:694: [INFO] - Receive draw-card event. res_data: {"player":"P-00000005","is_draw":true}
2024-01-14 00:18:03:694: [INFO] - Client draw-card successfully! res_data: {"player":"P-00000005","is_draw":true,"can_play_draw_card":false,"draw_card":[{"color":"red","number":0},{"color":"red","number":3}]}
2024-01-14 00:18:03:740: [INFO] - Receive draw-card event. res_data: {"player":"P-00000006","is_draw":true}
2024-01-14 00:18:03:772: [INFO] - Receive play-draw-card event. res_data: {"is_play_card":true,"yell_uno":true,"player":"P-00000006","card_play":{"color":"green","special":"draw_2"}}
2024-01-14 00:18:03:847: [INFO] - Receive draw-card event. res_data: {"player":"P-00000001","is_draw":true}
2024-01-14 00:18:03:895: [INFO] - Receive play-card event. res_data: {"card_play":{"color":"green","number":4},"yell_uno":false,"player":"P-00000002"}
2024-01-14 00:18:03:914: [INFO] - Receive next-player event. res_data: {"next_player":"P-00000005","before_player":"P-00000002","card_before":{"color":"green","number":4},"card_of_player":[{"color":"blue","number":1},{"color":"blue","number":7},{"color":"red","number":8},{"color":"red","special":"skip"},{"color":"red","number":0},{"color":"red","number":3}],"must_call_draw_card":false,"draw_reason":"nothing","turn_right":false,"number_card_play":57,"number_turn_play":94,"number_card_of_player":{"P-00000001":29,"P-00000006":1,"P-00000005":6,"P-00000002":3}}
2024-01-14 00:18:03:914: [INFO] - Send draw-card event. req_data: {}
2024-01-14 00:18:03:933: [INFO] - Receive receiver-card event. res_data: {"cards_receive":[{"color":"yellow","number":3}],"is_penalty":false}
2024-01-14 00:18:03:944: [INFO] - Receive draw-card event. res_data: {"player":"P-00000005","is_draw":true}
2024-01-14 00:18:03:945: [INFO] - Client draw-card successfully! res_data: {"player":"P-00000005","is_draw":true,"can_play_draw_card":false,"draw_card":[{"color":"yellow","number":3}]}
2024-01-14 00:18:03:992: [INFO] - Receive draw-card event. res_data: {"player":"P-00000006","is_draw":true}
2024-01-14 00:18:04:021: [INFO] - Receive play-draw-card event. res_data: {"is_play_card":true,"yell_uno":true,"player":"P-00000006","card_play":{"color":"green","number":6}}
2024-01-14 00:18:04:120: [INFO] - Receive penalty event. res_data: {"player":"P-00000001","number_card_of_player":29,"error":"Card play invalid with card before."}
2024-01-14 00:18:04:189: [INFO] - Receive play-card event. res_data: {"card_play":{"color":"blue","number":6},"yell_uno":false,"player":"P-00000002"}
2024-01-14 00:18:04:205: [INFO] - Receive next-player event. res_data: {"next_player":"P-00000005","before_player":"P-00000002","card_before":{"color":"blue","number":6},"card_of_player":[{"color":"yellow","number":3},{"color":"blue","number":1},{"color":"blue","number":7},{"color":"red","number":8},{"color":"red","special":"skip"},{"color":"red","number":0},{"color":"red","number":3}],"must_call_draw_card":false,"draw_reason":"nothing","turn_right":false,"number_card_play":59,"number_turn_play":98,"number_card_of_player":{"P-00000001":29,"P-00000006":1,"P-00000005":7,"P-00000002":2}}
2024-01-14 00:18:04:205: [DEBUG] - selected card: {"color":"blue","number":1}
2024-01-14 00:18:04:205: [INFO] - Send play-card event. req_data: {"card_play":{"color":"blue","number":1},"yell_uno":false}
2024-01-14 00:18:04:235: [INFO] - Receive play-card event. res_data: {"card_play":{"color":"blue","number":1},"yell_uno":false,"player":"P-00000005"}
2024-01-14 00:18:04:251: [INFO] - Client play-card successfully! res_data: {"card_play":{"color":"blue","number":1},"yell_uno":false}
2024-01-14 00:18:04:280: [INFO] - Receive draw-card event. res_data: {"player":"P-00000006","is_draw":true}
2024-01-14 00:18:04:323: [INFO] - Receive play-draw-card event. res_data: {"is_play_card":true,"yell_uno":true,"player":"P-00000006","card_play":{"color":"white","special":"white_wild"}}
2024-01-14 00:18:04:380: [INFO] - Receive draw-card event. res_data: {"player":"P-00000002","is_draw":true}
2024-01-14 00:18:04:396: [INFO] - Receive next-player event. res_data: {"next_player":"P-00000005","before_player":"P-00000002","card_before":{"color":"blue","special":"white_wild"},"card_of_player":[{"color":"yellow","number":3},{"color":"blue","number":7},{"color":"red","number":8},{"color":"red","special":"skip"},{"color":"red","number":0},{"color":"red","number":3}],"must_call_draw_card":false,"draw_reason":"nothing","turn_right":false,"number_card_play":61,"number_turn_play":101,"number_card_of_player":{"P-00000001":29,"P-00000006":1,"P-00000005":6,"P-00000002":3}}
2024-01-14 00:18:04:397: [DEBUG] - selected card: {"color":"blue","number":7}
2024-01-14 00:18:04:397: [INFO] - Send play-card event. req_data: {"card_play":{"color":"blue","number":7},"yell_uno":false}
2024-01-14 00:18:04:426: [INFO] - Receive play-card event. res_data: {"card_play":{"color":"blue","number":7},"yell_uno":false,"player":"P-00000005"}
2024-01-14 00:18:04:441: [INFO] - Client play-card successfully! res_data: {"card_play":{"color":"blue","number":7},"yell_uno":false}
2024-01-14 00:18:04:469: [INFO] - Receive draw-card event. res_data: {"player":"P-00000006","is_draw":true}
2024-01-14 00:18:04:499: [INFO] - Receive play-draw-card event. res_data: {"is_play_card":true,"yell_uno":true,"player":"P-00000006","card_play":{"color":"blue","special":"skip"}}
2024-01-14 00:18:04:554: [INFO] - Receive draw-card event. res_data: {"player":"P-00000002","is_draw":true}
2024-01-14 00:18:04:569: [INFO] - Receive next-player event. res_data: {"next_player":"P-00000005","before_player":"P-00000002","card_before":{"color":"blue","special":"skip"},"card_of_player":[{"color":"yellow","number":3},{"color":"red","number":8},{"color":"red","special":"skip"},{"color":"red","number":0},{"color":"red","number":3}],"must_call_draw_card":false,"draw_reason":"nothing","turn_right":false,"number_card_play":63,"number_turn_play":104,"number_card_of_player":{"P-00000001":29,"P-00000006":1,"P-00000005":5,"P-00000002":4}}
2024-01-14 00:18:04:570: [DEBUG] - selected card: {"color":"red","special":"skip"}
2024-01-14 00:18:04:570: [INFO] - Send play-card event. req_data: {"card_play":{"color":"red","special":"skip"},"yell_uno":false}
2024-01-14 00:18:04:599: [INFO] - Receive play-card event. res_data: {"card_play":{"color":"red","special":"skip"},"yell_uno":false,"player":"P-00000005"}
2024-01-14 00:18:04:615: [INFO] - Client play-card successfully! res_data: {"card_play":{"color":"red","special":"skip"},"yell_uno":false}
2024-01-14 00:18:04:694: [INFO] - Receive penalty event. res_data: {"player":"P-00000001","number_card_of_player":29,"error":"Card play invalid with card before."}
2024-01-14 00:18:04:763: [INFO] - Receive play-card event. res_data: {"card_play":{"color":"red","number":5},"yell_uno":false,"player":"P-00000002"}
2024-01-14 00:18:04:778: [INFO] - Receive next-player event. res_data: {"next_player":"P-00000005","before_player":"P-00000002","card_before":{"color":"red","number":5},"card_of_player":[{"color":"yellow","number":3},{"color":"red","number":0},{"color":"red","number":3},{"color":"red","number":8}],"must_call_draw_card":false,"draw_reason":"nothing","turn_right":false,"number_card_play":65,"number_turn_play":107,"number_card_of_player":{"P-00000001":29,"P-00000006":1,"P-00000005":4,"P-00000002":3}}
2024-01-14 00:18:04:778: [DEBUG] - selected card: {"color":"red","number":0}
2024-01-14 00:18:04:778: [INFO] - Send play-card event. req_data: {"card_play":{"color":"red","number":0},"yell_uno":false}
2024-01-14 00:18:04:809: [INFO] - Receive play-card event. res_data: {"card_play":{"color":"red","number":0},"yell_uno":false,"player":"P-00000005"}
2024-01-14 00:18:04:826: [INFO] - Client play-card successfully! res_data: {"card_play":{"color":"red","number":0},"yell_uno":false}
2024-01-14 00:18:04:856: [INFO] - Receive play-card event. res_data: {"card_play":{"color":"red","special":"skip"},"yell_uno":false,"player":"P-00000006"}
2024-01-14 00:18:04:873: [INFO] - Receive finish-turn event. res_data: {"winner":"P-00000006","turn_no":1,"score":{"P-00000001":-302,"P-00000005":-14,"P-00000002":-52,"P-00000006":368}}
2024-01-14 00:18:04:893: [INFO] - Receive finish-game event. res_data: {"winner":"P-00000006","turn_win":1,"order":{"P-00000006":1,"P-00000001":0,"P-00000005":0,"P-00000002":0},"total_score":{"P-00000006":368,"P-00000005":-14,"P-00000002":-52,"P-00000001":-302}}
2024-01-14 00:18:04:911: [INFO] - Client disconnect. data_res: io server disconnect
