2024-01-14 00:07:30:701: [INFO] - This game id is D-00000004
2024-01-14 00:07:30:702: [INFO] - My id is P-00000002
2024-01-14 00:07:34:720: [INFO] - Receive join-room event. res_data: {"room_name":"test","player":"Alternative 3"}
2024-01-14 00:07:39:007: [INFO] - Receive join-room event. res_data: {"room_name":"test","player":"Alternative 4"}
2024-01-14 00:07:44:621: [INFO] - Receive receiver-card event. res_data: {"cards_receive":[{"color":"red","number":5},{"color":"black","special":"wild_draw_4"},{"color":"green","special":"skip"},{"color":"yellow","number":4},{"color":"red","number":9},{"color":"blue","number":2},{"color":"black","special":"wild"}],"is_penalty":false}
2024-01-14 00:07:44:933: [INFO] - Receive receiver-card event. res_data: {"cards_receive":[{"color":"red","number":8},{"color":"red","number":3},{"color":"green","number":3},{"color":"red","special":"draw_2"},{"color":"yellow","number":4},{"color":"blue","number":8},{"color":"red","special":"reverse"}],"is_penalty":false}
2024-01-14 00:07:44:949: [INFO] - Receive play-card event. res_data: {"card_play":{"color":"green","number":5},"yell_uno":false,"player":"P-00000005"}
2024-01-14 00:07:45:335: [INFO] - Receive penalty event. res_data: {"player":"P-00000001","number_card_of_player":9,"error":"Card play not exist of player."}
2024-01-14 00:07:45:369: [INFO] - Receive next-player event. res_data: {"next_player":"P-00000002","before_player":"P-00000001","card_before":{"color":"blue","number":5},"card_of_player":[{"color":"yellow","number":4},{"color":"green","number":3},{"color":"blue","number":8},{"color":"red","number":3},{"color":"red","number":8},{"color":"red","special":"draw_2"},{"color":"red","special":"reverse"}],"must_call_draw_card":false,"draw_reason":"nothing","turn_right":true,"number_card_play":1,"number_turn_play":1,"number_card_of_player":{"P-00000001":9,"P-00000002":7,"P-00000006":7,"P-00000005":7}}
2024-01-14 00:07:45:370: [DEBUG] - selected card: {"color":"blue","number":8}
2024-01-14 00:07:45:370: [INFO] - Send play-card event. req_data: {"card_play":{"color":"blue","number":8},"yell_uno":false}
2024-01-14 00:07:45:387: [INFO] - Receive penalty event. res_data: {"player":"P-00000001","number_card_of_player":11,"error":"Next player invalid."}
2024-01-14 00:07:45:443: [INFO] - Receive play-card event. res_data: {"card_play":{"color":"blue","number":8},"yell_uno":false,"player":"P-00000002"}
2024-01-14 00:07:45:456: [INFO] - Client play-card successfully! res_data: {"card_play":{"color":"blue","number":8},"yell_uno":false}
2024-01-14 00:07:45:484: [INFO] - Receive play-card event. res_data: {"card_play":{"color":"blue","special":"draw_2"},"yell_uno":false,"player":"P-00000006"}
2024-01-14 00:07:45:525: [INFO] - Receive draw-card event. res_data: {"player":"P-00000005","is_draw":true}
2024-01-14 00:07:45:581: [INFO] - Receive penalty event. res_data: {"player":"P-00000001","number_card_of_player":13,"error":"Card play invalid with card before."}
2024-01-14 00:07:45:616: [INFO] - Receive next-player event. res_data: {"next_player":"P-00000002","before_player":"P-00000001","card_before":{"color":"blue","special":"draw_2"},"card_of_player":[{"color":"yellow","number":4},{"color":"green","number":3},{"color":"red","number":3},{"color":"red","number":8},{"color":"red","special":"draw_2"},{"color":"red","special":"reverse"}],"must_call_draw_card":false,"draw_reason":"nothing","turn_right":true,"number_card_play":3,"number_turn_play":5,"number_card_of_player":{"P-00000001":13,"P-00000002":6,"P-00000006":6,"P-00000005":9}}
2024-01-14 00:07:45:617: [DEBUG] - selected card: {"color":"red","special":"draw_2"}
2024-01-14 00:07:45:617: [INFO] - Send play-card event. req_data: {"card_play":{"color":"red","special":"draw_2"},"yell_uno":false}
2024-01-14 00:07:45:644: [INFO] - Receive play-card event. res_data: {"card_play":{"color":"red","special":"draw_2"},"yell_uno":false,"player":"P-00000002"}
2024-01-14 00:07:45:657: [INFO] - Client play-card successfully! res_data: {"card_play":{"color":"red","special":"draw_2"},"yell_uno":false}
2024-01-14 00:07:45:682: [INFO] - Receive draw-card event. res_data: {"player":"P-00000006","is_draw":true}
2024-01-14 00:07:45:724: [INFO] - Receive play-card event. res_data: {"card_play":{"color":"yellow","special":"draw_2"},"yell_uno":false,"player":"P-00000005"}
2024-01-14 00:07:45:770: [INFO] - Receive draw-card event. res_data: {"player":"P-00000001","is_draw":true}
2024-01-14 00:07:45:785: [INFO] - Receive next-player event. res_data: {"next_player":"P-00000002","before_player":"P-00000001","card_before":{"color":"yellow","special":"draw_2"},"card_of_player":[{"color":"yellow","number":4},{"color":"green","number":3},{"color":"red","number":3},{"color":"red","number":8},{"color":"red","special":"reverse"}],"must_call_draw_card":false,"draw_reason":"nothing","turn_right":true,"number_card_play":5,"number_turn_play":9,"number_card_of_player":{"P-00000001":15,"P-00000002":5,"P-00000006":8,"P-00000005":8}}
2024-01-14 00:07:45:786: [DEBUG] - selected card: {"color":"yellow","number":4}
2024-01-14 00:07:45:786: [INFO] - Send play-card event. req_data: {"card_play":{"color":"yellow","number":4},"yell_uno":false}
2024-01-14 00:07:45:846: [INFO] - Receive play-card event. res_data: {"card_play":{"color":"yellow","number":4},"yell_uno":false,"player":"P-00000002"}
2024-01-14 00:07:45:859: [INFO] - Client play-card successfully! res_data: {"card_play":{"color":"yellow","number":4},"yell_uno":false}
2024-01-14 00:07:45:886: [INFO] - Receive play-card event. res_data: {"card_play":{"color":"green","number":4},"yell_uno":false,"player":"P-00000006"}
2024-01-14 00:07:45:929: [INFO] - Receive play-card event. res_data: {"card_play":{"color":"green","number":6},"yell_uno":false,"player":"P-00000005"}
2024-01-14 00:07:45:974: [INFO] - Receive penalty event. res_data: {"player":"P-00000001","number_card_of_player":17,"error":"Card play invalid with card before."}
2024-01-14 00:07:46:036: [INFO] - Receive next-player event. res_data: {"next_player":"P-00000002","before_player":"P-00000001","card_before":{"color":"green","number":6},"card_of_player":[{"color":"green","number":3},{"color":"red","number":3},{"color":"red","number":8},{"color":"red","special":"reverse"}],"must_call_draw_card":false,"draw_reason":"nothing","turn_right":true,"number_card_play":8,"number_turn_play":13,"number_card_of_player":{"P-00000001":17,"P-00000002":4,"P-00000006":7,"P-00000005":7}}
2024-01-14 00:07:46:037: [DEBUG] - selected card: {"color":"green","number":3}
2024-01-14 00:07:46:037: [INFO] - Send play-card event. req_data: {"card_play":{"color":"green","number":3},"yell_uno":false}
2024-01-14 00:07:46:066: [INFO] - Receive play-card event. res_data: {"card_play":{"color":"green","number":3},"yell_uno":false,"player":"P-00000002"}
2024-01-14 00:07:46:100: [INFO] - Client play-card successfully! res_data: {"card_play":{"color":"green","number":3},"yell_uno":false}
2024-01-14 00:07:46:127: [INFO] - Receive play-card event. res_data: {"card_play":{"color":"green","special":"reverse"},"yell_uno":false,"player":"P-00000006"}
2024-01-14 00:07:46:143: [INFO] - Receive next-player event. res_data: {"next_player":"P-00000002","before_player":"P-00000006","card_before":{"color":"green","special":"reverse"},"card_of_player":[{"color":"red","number":3},{"color":"red","number":8},{"color":"red","special":"reverse"}],"must_call_draw_card":false,"draw_reason":"nothing","turn_right":false,"number_card_play":10,"number_turn_play":15,"number_card_of_player":{"P-00000001":17,"P-00000002":3,"P-00000006":6,"P-00000005":7}}
2024-01-14 00:07:46:144: [DEBUG] - selected card: {"color":"red","special":"reverse"}
2024-01-14 00:07:46:144: [INFO] - Send play-card event. req_data: {"card_play":{"color":"red","special":"reverse"},"yell_uno":false}
2024-01-14 00:07:46:172: [INFO] - Receive play-card event. res_data: {"card_play":{"color":"red","special":"reverse"},"yell_uno":false,"player":"P-00000002"}
2024-01-14 00:07:46:187: [INFO] - Client play-card successfully! res_data: {"card_play":{"color":"red","special":"reverse"},"yell_uno":false}
2024-01-14 00:07:46:216: [INFO] - Receive play-card event. res_data: {"card_play":{"color":"blue","special":"reverse"},"yell_uno":false,"player":"P-00000006"}
2024-01-14 00:07:46:230: [INFO] - Receive next-player event. res_data: {"next_player":"P-00000002","before_player":"P-00000006","card_before":{"color":"blue","special":"reverse"},"card_of_player":[{"color":"red","number":3},{"color":"red","number":8}],"must_call_draw_card":false,"draw_reason":"nothing","turn_right":false,"number_card_play":12,"number_turn_play":17,"number_card_of_player":{"P-00000001":17,"P-00000002":2,"P-00000006":5,"P-00000005":7}}
2024-01-14 00:07:46:231: [INFO] - Send draw-card event. req_data: {}
2024-01-14 00:07:46:245: [INFO] - Receive receiver-card event. res_data: {"cards_receive":[{"color":"blue","special":"draw_2"}],"is_penalty":false}
2024-01-14 00:07:46:256: [INFO] - Receive draw-card event. res_data: {"player":"P-00000002","is_draw":true}
2024-01-14 00:07:46:256: [INFO] - Client draw-card successfully! res_data: {"player":"P-00000002","is_draw":true,"draw_card":[{"color":"blue","special":"draw_2"}],"can_play_draw_card":true}
2024-01-14 00:07:46:257: [INFO] - Send play-draw-card event. req_data: {"is_play_card":true,"yell_uno":false}
2024-01-14 00:07:46:307: [INFO] - Receive play-draw-card event. res_data: {"is_play_card":true,"yell_uno":false,"player":"P-00000002","card_play":{"color":"blue","special":"draw_2"}}
2024-01-14 00:07:46:331: [INFO] - Client play-draw-card successfully! res_data: {"is_play_card":true,"yell_uno":false}
2024-01-14 00:07:46:367: [INFO] - Receive draw-card event. res_data: {"player":"P-00000001","is_draw":true}
2024-01-14 00:07:46:406: [INFO] - Receive play-card event. res_data: {"card_play":{"color":"blue","number":1},"yell_uno":false,"player":"P-00000005"}
2024-01-14 00:07:46:446: [INFO] - Receive play-card event. res_data: {"card_play":{"color":"blue","number":7},"yell_uno":false,"player":"P-00000006"}
2024-01-14 00:07:46:459: [INFO] - Receive next-player event. res_data: {"next_player":"P-00000002","before_player":"P-00000006","card_before":{"color":"blue","number":7},"card_of_player":[{"color":"red","number":3},{"color":"red","number":8}],"must_call_draw_card":false,"draw_reason":"nothing","turn_right":false,"number_card_play":15,"number_turn_play":21,"number_card_of_player":{"P-00000001":19,"P-00000002":2,"P-00000006":4,"P-00000005":6}}
2024-01-14 00:07:46:459: [INFO] - Send draw-card event. req_data: {}
2024-01-14 00:07:46:474: [INFO] - Receive receiver-card event. res_data: {"cards_receive":[{"color":"blue","special":"skip"}],"is_penalty":false}
2024-01-14 00:07:46:485: [INFO] - Receive draw-card event. res_data: {"player":"P-00000002","is_draw":true}
2024-01-14 00:07:46:485: [INFO] - Client draw-card successfully! res_data: {"player":"P-00000002","is_draw":true,"draw_card":[{"color":"blue","special":"skip"}],"can_play_draw_card":true}
2024-01-14 00:07:46:485: [INFO] - Send play-draw-card event. req_data: {"is_play_card":true,"yell_uno":false}
2024-01-14 00:07:46:514: [INFO] - Receive play-draw-card event. res_data: {"is_play_card":true,"yell_uno":false,"player":"P-00000002","card_play":{"color":"blue","special":"skip"}}
2024-01-14 00:07:46:538: [INFO] - Client play-draw-card successfully! res_data: {"is_play_card":true,"yell_uno":false}
2024-01-14 00:07:46:567: [INFO] - Receive play-card event. res_data: {"card_play":{"color":"blue","number":2},"yell_uno":false,"player":"P-00000005"}
2024-01-14 00:07:46:609: [INFO] - Receive play-card event. res_data: {"card_play":{"color":"green","number":2},"yell_uno":false,"player":"P-00000006"}
2024-01-14 00:07:46:651: [INFO] - Receive next-player event. res_data: {"next_player":"P-00000002","before_player":"P-00000006","card_before":{"color":"green","number":2},"card_of_player":[{"color":"red","number":3},{"color":"red","number":8}],"must_call_draw_card":false,"draw_reason":"nothing","turn_right":false,"number_card_play":18,"number_turn_play":24,"number_card_of_player":{"P-00000001":19,"P-00000002":2,"P-00000006":3,"P-00000005":5}}
2024-01-14 00:07:46:651: [INFO] - Send draw-card event. req_data: {}
2024-01-14 00:07:46:666: [INFO] - Receive receiver-card event. res_data: {"cards_receive":[{"color":"red","number":1}],"is_penalty":false}
2024-01-14 00:07:46:676: [INFO] - Receive draw-card event. res_data: {"player":"P-00000002","is_draw":true}
2024-01-14 00:07:46:677: [INFO] - Client draw-card successfully! res_data: {"player":"P-00000002","is_draw":true,"can_play_draw_card":false,"draw_card":[{"color":"red","number":1}]}
2024-01-14 00:07:46:722: [INFO] - Receive penalty event. res_data: {"player":"P-00000001","number_card_of_player":21,"error":"Card play invalid with card before."}
2024-01-14 00:07:46:790: [INFO] - Receive play-card event. res_data: {"card_play":{"color":"green","number":9},"yell_uno":false,"player":"P-00000005"}
2024-01-14 00:07:46:831: [INFO] - Receive play-card event. res_data: {"card_play":{"color":"green","special":"skip"},"yell_uno":false,"player":"P-00000006"}
2024-01-14 00:07:46:879: [INFO] - Receive penalty event. res_data: {"player":"P-00000001","number_card_of_player":23,"error":"Card play invalid with card before."}
2024-01-14 00:07:46:964: [INFO] - Receive play-card event. res_data: {"card_play":{"color":"yellow","special":"wild_draw_4"},"yell_uno":false,"color_of_wild":"yellow","player":"P-00000005"}
2024-01-14 00:07:46:969: [INFO] - Receive update-color event. res_data: {"color":"green"}
2024-01-14 00:07:47:029: [INFO] - Receive draw-card event. res_data: {"player":"P-00000006","is_draw":true}
2024-01-14 00:07:47:056: [INFO] - Receive next-player event. res_data: {"next_player":"P-00000002","before_player":"P-00000006","card_before":{"color":"yellow","special":"wild_draw_4"},"card_of_player":[{"color":"red","number":1},{"color":"red","number":3},{"color":"red","number":8}],"must_call_draw_card":false,"draw_reason":"nothing","turn_right":false,"number_card_play":21,"number_turn_play":31,"number_card_of_player":{"P-00000001":23,"P-00000002":3,"P-00000006":6,"P-00000005":3}}
2024-01-14 00:07:47:057: [INFO] - Send draw-card event. req_data: {}
2024-01-14 00:07:47:084: [INFO] - Receive receiver-card event. res_data: {"cards_receive":[{"color":"yellow","number":9}],"is_penalty":false}
2024-01-14 00:07:47:094: [INFO] - Receive draw-card event. res_data: {"player":"P-00000002","is_draw":true}
2024-01-14 00:07:47:094: [INFO] - Client draw-card successfully! res_data: {"player":"P-00000002","is_draw":true,"draw_card":[{"color":"yellow","number":9}],"can_play_draw_card":true}
2024-01-14 00:07:47:095: [INFO] - Send play-draw-card event. req_data: {"is_play_card":true,"yell_uno":false}
2024-01-14 00:07:47:122: [INFO] - Receive play-draw-card event. res_data: {"is_play_card":true,"yell_uno":false,"player":"P-00000002","card_play":{"color":"yellow","number":9}}
2024-01-14 00:07:47:172: [INFO] - Client play-draw-card successfully! res_data: {"is_play_card":true,"yell_uno":false}
2024-01-14 00:07:47:230: [INFO] - Receive penalty event. res_data: {"player":"P-00000001","number_card_of_player":25,"error":"Card play invalid with card before."}
2024-01-14 00:07:47:324: [INFO] - Receive draw-card event. res_data: {"player":"P-00000005","is_draw":true}
2024-01-14 00:07:47:363: [INFO] - Receive play-draw-card event. res_data: {"is_play_card":true,"yell_uno":false,"player":"P-00000005","card_play":{"color":"white","special":"white_wild"}}
2024-01-14 00:07:47:386: [INFO] - Receive next-player event. res_data: {"next_player":"P-00000002","before_player":"P-00000005","card_before":{"color":"yellow","special":"white_wild"},"card_of_player":[{"color":"red","number":1},{"color":"red","number":3},{"color":"red","number":8}],"must_call_draw_card":true,"draw_reason":"skip_bind_2","turn_right":false,"number_card_play":23,"number_turn_play":34,"number_card_of_player":{"P-00000001":25,"P-00000002":3,"P-00000006":6,"P-00000005":3}}
2024-01-14 00:07:47:387: [INFO] - Send draw-card event. req_data: {}
2024-01-14 00:07:47:403: [INFO] - Receive receiver-card event. res_data: {"cards_receive":[{"color":"red","number":9}],"is_penalty":false}
2024-01-14 00:07:47:414: [INFO] - Receive draw-card event. res_data: {"player":"P-00000002","is_draw":true}
2024-01-14 00:07:47:414: [INFO] - Client draw-card successfully! res_data: {"player":"P-00000002","is_draw":true,"can_play_draw_card":false,"draw_card":[{"color":"red","number":9}]}
2024-01-14 00:07:47:509: [INFO] - Receive draw-card event. res_data: {"player":"P-00000005","is_draw":true}
2024-01-14 00:07:47:538: [INFO] - Receive play-draw-card event. res_data: {"is_play_card":true,"yell_uno":false,"player":"P-00000005","card_play":{"color":"yellow","number":0}}
2024-01-14 00:07:47:587: [INFO] - Receive play-card event. res_data: {"card_play":{"color":"green","special":"wild"},"yell_uno":false,"color_of_wild":"green","player":"P-00000006"}
2024-01-14 00:07:47:590: [INFO] - Receive update-color event. res_data: {"color":"yellow"}
2024-01-14 00:07:47:614: [INFO] - Receive next-player event. res_data: {"next_player":"P-00000002","before_player":"P-00000006","card_before":{"color":"green","special":"wild"},"card_of_player":[{"color":"red","number":1},{"color":"red","number":3},{"color":"red","number":8},{"color":"red","number":9}],"must_call_draw_card":true,"draw_reason":"nothing","turn_right":false,"number_card_play":25,"number_turn_play":38,"number_card_of_player":{"P-00000001":25,"P-00000002":4,"P-00000006":5,"P-00000005":3}}
2024-01-14 00:07:47:614: [INFO] - Send draw-card event. req_data: {}
2024-01-14 00:07:47:628: [INFO] - Receive receiver-card event. res_data: {"cards_receive":[{"color":"yellow","special":"draw_2"}],"is_penalty":false}
2024-01-14 00:07:47:639: [INFO] - Receive draw-card event. res_data: {"player":"P-00000002","is_draw":true}
2024-01-14 00:07:47:639: [INFO] - Client draw-card successfully! res_data: {"player":"P-00000002","is_draw":true,"can_play_draw_card":false,"draw_card":[{"color":"yellow","special":"draw_2"}]}
2024-01-14 00:07:47:740: [INFO] - Receive draw-card event. res_data: {"player":"P-00000005","is_draw":true}
2024-01-14 00:07:47:807: [INFO] - Receive play-card event. res_data: {"card_play":{"color":"green","number":7},"yell_uno":false,"player":"P-00000006"}
2024-01-14 00:07:47:821: [INFO] - Receive next-player event. res_data: {"next_player":"P-00000002","before_player":"P-00000006","card_before":{"color":"green","number":7},"card_of_player":[{"color":"yellow","special":"draw_2"},{"color":"red","number":1},{"color":"red","number":3},{"color":"red","number":8},{"color":"red","number":9}],"must_call_draw_card":false,"draw_reason":"nothing","turn_right":false,"number_card_play":26,"number_turn_play":42,"number_card_of_player":{"P-00000001":25,"P-00000002":5,"P-00000006":4,"P-00000005":4}}
2024-01-14 00:07:47:821: [INFO] - Send draw-card event. req_data: {}
2024-01-14 00:07:47:837: [INFO] - Receive receiver-card event. res_data: {"cards_receive":[{"color":"red","special":"reverse"}],"is_penalty":false}
2024-01-14 00:07:47:847: [INFO] - Receive draw-card event. res_data: {"player":"P-00000002","is_draw":true}
2024-01-14 00:07:47:848: [INFO] - Client draw-card successfully! res_data: {"player":"P-00000002","is_draw":true,"can_play_draw_card":false,"draw_card":[{"color":"red","special":"reverse"}]}
2024-01-14 00:07:48:034: [INFO] - Receive play-card event. res_data: {"card_play":{"color":"red","number":7},"yell_uno":false,"player":"P-00000005"}
2024-01-14 00:07:48:077: [INFO] - Receive play-card event. res_data: {"card_play":{"color":"green","number":7},"yell_uno":false,"player":"P-00000006"}
2024-01-14 00:07:48:092: [INFO] - Receive next-player event. res_data: {"next_player":"P-00000002","before_player":"P-00000006","card_before":{"color":"green","number":7},"card_of_player":[{"color":"yellow","special":"draw_2"},{"color":"red","number":1},{"color":"red","number":3},{"color":"red","number":8},{"color":"red","number":9},{"color":"red","special":"reverse"}],"must_call_draw_card":false,"draw_reason":"nothing","turn_right":false,"number_card_play":28,"number_turn_play":46,"number_card_of_player":{"P-00000001":25,"P-00000002":6,"P-00000006":3,"P-00000005":3}}
2024-01-14 00:07:48:092: [INFO] - Send draw-card event. req_data: {}
2024-01-14 00:07:48:107: [INFO] - Receive receiver-card event. res_data: {"cards_receive":[{"color":"green","special":"skip"}],"is_penalty":false}
2024-01-14 00:07:48:117: [INFO] - Receive draw-card event. res_data: {"player":"P-00000002","is_draw":true}
2024-01-14 00:07:48:118: [INFO] - Client draw-card successfully! res_data: {"player":"P-00000002","is_draw":true,"draw_card":[{"color":"green","special":"skip"}],"can_play_draw_card":true}
2024-01-14 00:07:48:118: [INFO] - Send play-draw-card event. req_data: {"is_play_card":true,"yell_uno":false}
2024-01-14 00:07:48:145: [INFO] - Receive play-draw-card event. res_data: {"is_play_card":true,"yell_uno":false,"player":"P-00000002","card_play":{"color":"green","special":"skip"}}
2024-01-14 00:07:48:169: [INFO] - Client play-draw-card successfully! res_data: {"is_play_card":true,"yell_uno":false}
2024-01-14 00:07:48:195: [INFO] - Receive draw-card event. res_data: {"player":"P-00000005","is_draw":true}
2024-01-14 00:07:48:235: [INFO] - Receive play-card event. res_data: {"card_play":{"color":"yellow","special":"wild"},"yell_uno":false,"color_of_wild":"yellow","player":"P-00000006"}
2024-01-14 00:07:48:237: [INFO] - Receive update-color event. res_data: {"color":"green"}
2024-01-14 00:07:48:262: [INFO] - Receive next-player event. res_data: {"next_player":"P-00000002","before_player":"P-00000006","card_before":{"color":"yellow","special":"wild"},"card_of_player":[{"color":"yellow","special":"draw_2"},{"color":"red","number":1},{"color":"red","number":3},{"color":"red","number":8},{"color":"red","number":9},{"color":"red","special":"reverse"}],"must_call_draw_card":false,"draw_reason":"nothing","turn_right":false,"number_card_play":30,"number_turn_play":49,"number_card_of_player":{"P-00000001":25,"P-00000002":6,"P-00000006":2,"P-00000005":4}}
2024-01-14 00:07:48:262: [DEBUG] - selected card: {"color":"yellow","special":"draw_2"}
2024-01-14 00:07:48:262: [INFO] - Send play-card event. req_data: {"card_play":{"color":"yellow","special":"draw_2"},"yell_uno":false}
2024-01-14 00:07:48:289: [INFO] - Receive play-card event. res_data: {"card_play":{"color":"yellow","special":"draw_2"},"yell_uno":false,"player":"P-00000002"}
2024-01-14 00:07:48:303: [INFO] - Client play-card successfully! res_data: {"card_play":{"color":"yellow","special":"draw_2"},"yell_uno":false}
2024-01-14 00:07:48:337: [INFO] - Receive draw-card event. res_data: {"player":"P-00000001","is_draw":true}
2024-01-14 00:07:48:380: [INFO] - Receive play-card event. res_data: {"card_play":{"color":"red","special":"draw_2"},"yell_uno":false,"player":"P-00000005"}
2024-01-14 00:07:48:420: [INFO] - Receive draw-card event. res_data: {"player":"P-00000006","is_draw":true}
2024-01-14 00:07:48:435: [INFO] - Receive next-player event. res_data: {"next_player":"P-00000002","before_player":"P-00000006","card_before":{"color":"red","special":"draw_2"},"card_of_player":[{"color":"red","number":1},{"color":"red","number":3},{"color":"red","number":8},{"color":"red","number":9},{"color":"red","special":"reverse"}],"must_call_draw_card":false,"draw_reason":"nothing","turn_right":false,"number_card_play":32,"number_turn_play":53,"number_card_of_player":{"P-00000001":27,"P-00000002":5,"P-00000006":4,"P-00000005":3}}
2024-01-14 00:07:48:435: [DEBUG] - selected card: {"color":"red","number":1}
2024-01-14 00:07:48:435: [INFO] - Send play-card event. req_data: {"card_play":{"color":"red","number":1},"yell_uno":false}
2024-01-14 00:07:48:462: [INFO] - Receive play-card event. res_data: {"card_play":{"color":"red","number":1},"yell_uno":false,"player":"P-00000002"}
2024-01-14 00:07:48:475: [INFO] - Client play-card successfully! res_data: {"card_play":{"color":"red","number":1},"yell_uno":false}
2024-01-14 00:07:48:517: [INFO] - Receive play-card event. res_data: {"card_play":{"color":"yellow","number":1},"yell_uno":false,"player":"P-00000001"}
2024-01-14 00:07:48:556: [INFO] - Receive draw-card event. res_data: {"player":"P-00000005","is_draw":true}
2024-01-14 00:07:48:584: [INFO] - Receive play-draw-card event. res_data: {"is_play_card":true,"yell_uno":false,"player":"P-00000005","card_play":{"color":"yellow","number":3}}
2024-01-14 00:07:48:634: [INFO] - Receive play-card event. res_data: {"card_play":{"color":"yellow","number":2},"yell_uno":false,"player":"P-00000006"}
2024-01-14 00:07:48:648: [INFO] - Receive next-player event. res_data: {"next_player":"P-00000002","before_player":"P-00000006","card_before":{"color":"yellow","number":2},"card_of_player":[{"color":"red","number":3},{"color":"red","number":8},{"color":"red","number":9},{"color":"red","special":"reverse"}],"must_call_draw_card":false,"draw_reason":"nothing","turn_right":false,"number_card_play":36,"number_turn_play":57,"number_card_of_player":{"P-00000001":26,"P-00000002":4,"P-00000006":3,"P-00000005":3}}
2024-01-14 00:07:48:648: [INFO] - Send draw-card event. req_data: {}
2024-01-14 00:07:48:663: [INFO] - Receive receiver-card event. res_data: {"cards_receive":[{"color":"yellow","number":7}],"is_penalty":false}
2024-01-14 00:07:48:675: [INFO] - Receive draw-card event. res_data: {"player":"P-00000002","is_draw":true}
2024-01-14 00:07:48:675: [INFO] - Client draw-card successfully! res_data: {"player":"P-00000002","is_draw":true,"draw_card":[{"color":"yellow","number":7}],"can_play_draw_card":true}
2024-01-14 00:07:48:675: [INFO] - Send play-draw-card event. req_data: {"is_play_card":true,"yell_uno":false}
2024-01-14 00:07:48:702: [INFO] - Receive play-draw-card event. res_data: {"is_play_card":true,"yell_uno":false,"player":"P-00000002","card_play":{"color":"yellow","number":7}}
2024-01-14 00:07:48:740: [INFO] - Client play-draw-card successfully! res_data: {"is_play_card":true,"yell_uno":false}
2024-01-14 00:07:48:782: [INFO] - Receive penalty event. res_data: {"player":"P-00000001","number_card_of_player":26,"error":"Card play invalid with card before."}
2024-01-14 00:07:48:839: [INFO] - Receive draw-card event. res_data: {"player":"P-00000005","is_draw":true}
2024-01-14 00:07:48:879: [INFO] - Receive play-card event. res_data: {"card_play":{"color":"yellow","special":"wild_draw_4"},"yell_uno":false,"color_of_wild":"yellow","player":"P-00000006"}
2024-01-14 00:07:48:881: [INFO] - Receive update-color event. res_data: {"color":"yellow"}
2024-01-14 00:07:48:905: [INFO] - Receive next-player event. res_data: {"next_player":"P-00000002","before_player":"P-00000006","card_before":{"color":"yellow","special":"wild_draw_4"},"card_of_player":[{"color":"red","number":3},{"color":"red","number":8},{"color":"red","number":9},{"color":"red","special":"reverse"}],"must_call_draw_card":true,"draw_reason":"wild_draw_4","turn_right":false,"number_card_play":38,"number_turn_play":61,"number_card_of_player":{"P-00000001":26,"P-00000002":4,"P-00000006":2,"P-00000005":4}}
2024-01-14 00:07:48:906: [INFO] - Send challenge event. req_data: {"is_challenge":true}
2024-01-14 00:07:48:919: [INFO] - Receive public-card event. res_data: {"card_of_player":"P-00000006","cards":[{"color":"blue","number":6},{"color":"red","number":5}]}
2024-01-14 00:07:48:934: [INFO] - Receive challenge event. res_data: {"challenger":"P-00000002","target":"P-00000006","is_challenge":true,"is_challenge_success":false}
2024-01-14 00:07:48:944: [INFO] - Receive receiver-card event. res_data: {"cards_receive":[{"color":"yellow","number":1},{"color":"yellow","special":"skip"},{"color":"blue","number":7},{"color":"black","special":"wild"},{"color":"black","special":"wild_draw_4"},{"color":"white","special":"white_wild"}],"is_penalty":false}
2024-01-14 00:07:48:968: [INFO] - Client challenge successfully! res_data: {"is_challenge":true}
2024-01-14 00:07:49:004: [INFO] - Receive penalty event. res_data: {"player":"P-00000001","number_card_of_player":26,"error":"Card play invalid with card before."}
2024-01-14 00:07:49:065: [INFO] - Receive draw-card event. res_data: {"player":"P-00000005","is_draw":true}
2024-01-14 00:07:49:093: [INFO] - Receive play-draw-card event. res_data: {"is_play_card":true,"yell_uno":false,"player":"P-00000005","card_play":{"color":"yellow","number":8}}
2024-01-14 00:07:49:144: [INFO] - Receive draw-card event. res_data: {"player":"P-00000006","is_draw":true}
2024-01-14 00:07:49:159: [INFO] - Receive next-player event. res_data: {"next_player":"P-00000002","before_player":"P-00000006","card_before":{"color":"yellow","number":8},"card_of_player":[{"color":"yellow","number":1},{"color":"yellow","special":"skip"},{"color":"blue","number":7},{"color":"red","number":3},{"color":"red","number":8},{"color":"red","number":9},{"color":"red","special":"reverse"},{"color":"black","special":"wild"},{"color":"black","special":"wild_draw_4"},{"color":"white","special":"white_wild"}],"must_call_draw_card":false,"draw_reason":"nothing","turn_right":false,"number_card_play":39,"number_turn_play":65,"number_card_of_player":{"P-00000001":26,"P-00000002":10,"P-00000006":3,"P-00000005":4}}
2024-01-14 00:07:49:159: [DEBUG] - selected card: {"color":"yellow","number":1}
2024-01-14 00:07:49:159: [INFO] - Send play-card event. req_data: {"card_play":{"color":"yellow","number":1},"yell_uno":false}
2024-01-14 00:07:49:186: [INFO] - Receive play-card event. res_data: {"card_play":{"color":"yellow","number":1},"yell_uno":false,"player":"P-00000002"}
2024-01-14 00:07:49:200: [INFO] - Client play-card successfully! res_data: {"card_play":{"color":"yellow","number":1},"yell_uno":false}
2024-01-14 00:07:49:340: [INFO] - Receive penalty event. res_data: {"player":"P-00000001","number_card_of_player":26,"error":"Card play invalid with card before."}
2024-01-14 00:07:49:405: [INFO] - Receive draw-card event. res_data: {"player":"P-00000005","is_draw":true}
2024-01-14 00:07:49:433: [INFO] - Receive play-draw-card event. res_data: {"is_play_card":true,"yell_uno":false,"player":"P-00000005","card_play":{"color":"yellow","special":"reverse"}}
2024-01-14 00:07:49:497: [INFO] - Receive penalty event. res_data: {"player":"P-00000001","number_card_of_player":26,"error":"Card play invalid with card before."}
2024-01-14 00:07:49:530: [INFO] - Receive next-player event. res_data: {"next_player":"P-00000002","before_player":"P-00000001","card_before":{"color":"yellow","special":"reverse"},"card_of_player":[{"color":"yellow","special":"skip"},{"color":"blue","number":7},{"color":"red","number":3},{"color":"red","number":8},{"color":"red","number":9},{"color":"red","special":"reverse"},{"color":"black","special":"wild"},{"color":"black","special":"wild_draw_4"},{"color":"white","special":"white_wild"}],"must_call_draw_card":false,"draw_reason":"nothing","turn_right":true,"number_card_play":41,"number_turn_play":69,"number_card_of_player":{"P-00000001":26,"P-00000002":9,"P-00000006":3,"P-00000005":4}}
2024-01-14 00:07:49:531: [DEBUG] - selected card: {"color":"yellow","special":"skip"}
2024-01-14 00:07:49:531: [INFO] - Send play-card event. req_data: {"card_play":{"color":"yellow","special":"skip"},"yell_uno":false}
2024-01-14 00:07:49:557: [INFO] - Receive play-card event. res_data: {"card_play":{"color":"yellow","special":"skip"},"yell_uno":false,"player":"P-00000002"}
2024-01-14 00:07:49:570: [INFO] - Client play-card successfully! res_data: {"card_play":{"color":"yellow","special":"skip"},"yell_uno":false}
2024-01-14 00:07:49:597: [INFO] - Receive draw-card event. res_data: {"player":"P-00000005","is_draw":true}
2024-01-14 00:07:49:624: [INFO] - Receive play-draw-card event. res_data: {"is_play_card":true,"yell_uno":false,"color_of_wild":"red","player":"P-00000005","card_play":{"color":"red","special":"wild"}}
2024-01-14 00:07:49:652: [INFO] - Receive update-color event. res_data: {"color":"yellow"}
2024-01-14 00:07:49:697: [INFO] - Receive penalty event. res_data: {"player":"P-00000001","number_card_of_player":26,"error":"Card play invalid with card before."}
2024-01-14 00:07:49:732: [INFO] - Receive next-player event. res_data: {"next_player":"P-00000002","before_player":"P-00000001","card_before":{"color":"red","special":"wild"},"card_of_player":[{"color":"blue","number":7},{"color":"red","number":3},{"color":"red","number":8},{"color":"red","number":9},{"color":"red","special":"reverse"},{"color":"black","special":"wild"},{"color":"black","special":"wild_draw_4"},{"color":"white","special":"white_wild"}],"must_call_draw_card":false,"draw_reason":"nothing","turn_right":true,"number_card_play":43,"number_turn_play":72,"number_card_of_player":{"P-00000001":26,"P-00000002":8,"P-00000006":3,"P-00000005":4}}
2024-01-14 00:07:49:732: [DEBUG] - selected card: {"color":"red","number":3}
2024-01-14 00:07:49:732: [INFO] - Send play-card event. req_data: {"card_play":{"color":"red","number":3},"yell_uno":false}
2024-01-14 00:07:49:758: [INFO] - Receive play-card event. res_data: {"card_play":{"color":"red","number":3},"yell_uno":false,"player":"P-00000002"}
2024-01-14 00:07:49:773: [INFO] - Client play-card successfully! res_data: {"card_play":{"color":"red","number":3},"yell_uno":false}
2024-01-14 00:07:49:801: [INFO] - Receive play-card event. res_data: {"card_play":{"color":"red","number":5},"yell_uno":false,"player":"P-00000006"}
2024-01-14 00:07:49:844: [INFO] - Receive play-card event. res_data: {"card_play":{"color":"red","number":6},"yell_uno":false,"player":"P-00000005"}
2024-01-14 00:07:49:896: [INFO] - Receive penalty event. res_data: {"player":"P-00000001","number_card_of_player":26,"error":"Card play invalid with card before."}
2024-01-14 00:07:49:932: [INFO] - Receive next-player event. res_data: {"next_player":"P-00000002","before_player":"P-00000001","card_before":{"color":"red","number":6},"card_of_player":[{"color":"blue","number":7},{"color":"red","number":8},{"color":"red","number":9},{"color":"red","special":"reverse"},{"color":"black","special":"wild"},{"color":"black","special":"wild_draw_4"},{"color":"white","special":"white_wild"}],"must_call_draw_card":false,"draw_reason":"nothing","turn_right":true,"number_card_play":46,"number_turn_play":76,"number_card_of_player":{"P-00000001":26,"P-00000002":7,"P-00000006":2,"P-00000005":3}}
2024-01-14 00:07:49:932: [DEBUG] - selected card: {"color":"red","number":8}
2024-01-14 00:07:49:933: [INFO] - Send play-card event. req_data: {"card_play":{"color":"red","number":8},"yell_uno":false}
2024-01-14 00:07:49:960: [INFO] - Receive play-card event. res_data: {"card_play":{"color":"red","number":8},"yell_uno":false,"player":"P-00000002"}
2024-01-14 00:07:49:979: [INFO] - Client play-card successfully! res_data: {"card_play":{"color":"red","number":8},"yell_uno":false}
2024-01-14 00:07:50:004: [INFO] - Receive draw-card event. res_data: {"player":"P-00000006","is_draw":true}
2024-01-14 00:07:50:043: [INFO] - Receive draw-card event. res_data: {"player":"P-00000005","is_draw":true}
2024-01-14 00:07:50:094: [INFO] - Receive penalty event. res_data: {"player":"P-00000001","number_card_of_player":26,"error":"Card play invalid with card before."}
2024-01-14 00:07:50:130: [INFO] - Receive next-player event. res_data: {"next_player":"P-00000002","before_player":"P-00000001","card_before":{"color":"red","number":8},"card_of_player":[{"color":"blue","number":7},{"color":"red","number":9},{"color":"red","special":"reverse"},{"color":"black","special":"wild"},{"color":"black","special":"wild_draw_4"},{"color":"white","special":"white_wild"}],"must_call_draw_card":false,"draw_reason":"nothing","turn_right":true,"number_card_play":47,"number_turn_play":80,"number_card_of_player":{"P-00000001":26,"P-00000002":6,"P-00000006":3,"P-00000005":4}}
2024-01-14 00:07:50:130: [DEBUG] - selected card: {"color":"red","number":9}
2024-01-14 00:07:50:130: [INFO] - Send play-card event. req_data: {"card_play":{"color":"red","number":9},"yell_uno":false}
2024-01-14 00:07:50:157: [INFO] - Receive play-card event. res_data: {"card_play":{"color":"red","number":9},"yell_uno":false,"player":"P-00000002"}
2024-01-14 00:07:50:171: [INFO] - Client play-card successfully! res_data: {"card_play":{"color":"red","number":9},"yell_uno":false}
2024-01-14 00:07:50:197: [INFO] - Receive draw-card event. res_data: {"player":"P-00000006","is_draw":true}
2024-01-14 00:07:50:226: [INFO] - Receive play-draw-card event. res_data: {"is_play_card":true,"yell_uno":false,"player":"P-00000006","card_play":{"color":"red","number":5}}
2024-01-14 00:07:50:303: [INFO] - Receive draw-card event. res_data: {"player":"P-00000005","is_draw":true}
2024-01-14 00:07:50:354: [INFO] - Receive penalty event. res_data: {"player":"P-00000001","number_card_of_player":26,"error":"Card play invalid with card before."}
2024-01-14 00:07:50:387: [INFO] - Receive next-player event. res_data: {"next_player":"P-00000002","before_player":"P-00000001","card_before":{"color":"red","number":5},"card_of_player":[{"color":"blue","number":7},{"color":"red","special":"reverse"},{"color":"black","special":"wild"},{"color":"black","special":"wild_draw_4"},{"color":"white","special":"white_wild"}],"must_call_draw_card":false,"draw_reason":"nothing","turn_right":true,"number_card_play":49,"number_turn_play":84,"number_card_of_player":{"P-00000001":26,"P-00000002":5,"P-00000006":3,"P-00000005":5}}
2024-01-14 00:07:50:387: [DEBUG] - selected card: {"color":"red","special":"reverse"}
2024-01-14 00:07:50:387: [INFO] - Send play-card event. req_data: {"card_play":{"color":"red","special":"reverse"},"yell_uno":false}
2024-01-14 00:07:50:414: [INFO] - Receive play-card event. res_data: {"card_play":{"color":"red","special":"reverse"},"yell_uno":false,"player":"P-00000002"}
2024-01-14 00:07:50:439: [INFO] - Client play-card successfully! res_data: {"card_play":{"color":"red","special":"reverse"},"yell_uno":false}
2024-01-14 00:07:50:491: [INFO] - Receive penalty event. res_data: {"player":"P-00000001","number_card_of_player":26,"error":"Card play invalid with card before."}
2024-01-14 00:07:50:552: [INFO] - Receive draw-card event. res_data: {"player":"P-00000005","is_draw":true}
2024-01-14 00:07:50:603: [INFO] - Receive play-card event. res_data: {"card_play":{"color":"blue","special":"reverse"},"yell_uno":false,"player":"P-00000006"}
2024-01-14 00:07:50:644: [INFO] - Receive play-card event. res_data: {"card_play":{"color":"blue","number":3},"yell_uno":false,"player":"P-00000005"}
2024-01-14 00:07:50:701: [INFO] - Receive penalty event. res_data: {"player":"P-00000001","number_card_of_player":26,"error":"Card play invalid with card before."}
2024-01-14 00:07:50:734: [INFO] - Receive next-player event. res_data: {"next_player":"P-00000002","before_player":"P-00000001","card_before":{"color":"blue","number":3},"card_of_player":[{"color":"blue","number":7},{"color":"black","special":"wild"},{"color":"black","special":"wild_draw_4"},{"color":"white","special":"white_wild"}],"must_call_draw_card":false,"draw_reason":"nothing","turn_right":true,"number_card_play":52,"number_turn_play":90,"number_card_of_player":{"P-00000001":26,"P-00000002":4,"P-00000006":2,"P-00000005":5}}
2024-01-14 00:07:50:734: [DEBUG] - selected card: {"color":"blue","number":7}
2024-01-14 00:07:50:735: [INFO] - Send play-card event. req_data: {"card_play":{"color":"blue","number":7},"yell_uno":false}
2024-01-14 00:07:50:763: [INFO] - Receive play-card event. res_data: {"card_play":{"color":"blue","number":7},"yell_uno":false,"player":"P-00000002"}
2024-01-14 00:07:50:777: [INFO] - Client play-card successfully! res_data: {"card_play":{"color":"blue","number":7},"yell_uno":false}
2024-01-14 00:07:50:805: [INFO] - Receive play-card event. res_data: {"card_play":{"color":"blue","number":0},"yell_uno":true,"player":"P-00000006"}
2024-01-14 00:07:50:846: [INFO] - Receive play-card event. res_data: {"card_play":{"color":"green","number":0},"yell_uno":false,"player":"P-00000005"}
2024-01-14 00:07:50:895: [INFO] - Receive penalty event. res_data: {"player":"P-00000001","number_card_of_player":26,"error":"Card play invalid with card before."}
2024-01-14 00:07:50:930: [INFO] - Receive next-player event. res_data: {"next_player":"P-00000002","before_player":"P-00000001","card_before":{"color":"green","number":0},"card_of_player":[{"color":"black","special":"wild"},{"color":"black","special":"wild_draw_4"},{"color":"white","special":"white_wild"}],"must_call_draw_card":false,"draw_reason":"nothing","turn_right":true,"number_card_play":55,"number_turn_play":94,"number_card_of_player":{"P-00000001":26,"P-00000002":3,"P-00000006":1,"P-00000005":4}}
2024-01-14 00:07:50:930: [DEBUG] - selected card: {"color":"black","special":"wild"}
2024-01-14 00:07:50:931: [INFO] - Send play-card event. req_data: {"card_play":{"color":"black","special":"wild"},"yell_uno":false,"color_of_wild":"red"}
2024-01-14 00:07:50:958: [INFO] - Receive play-card event. res_data: {"card_play":{"color":"red","special":"wild"},"yell_uno":false,"color_of_wild":"red","player":"P-00000002"}
2024-01-14 00:07:50:961: [INFO] - Receive update-color event. res_data: {"color":"green"}
2024-01-14 00:07:50:985: [INFO] - Client play-card successfully! res_data: {"card_play":{"color":"red","special":"wild"},"yell_uno":false,"color_of_wild":"red"}
2024-01-14 00:07:51:010: [INFO] - Receive draw-card event. res_data: {"player":"P-00000006","is_draw":true}
2024-01-14 00:07:51:051: [INFO] - Receive draw-card event. res_data: {"player":"P-00000005","is_draw":true}
2024-01-14 00:07:51:132: [INFO] - Receive play-draw-card event. res_data: {"is_play_card":true,"yell_uno":false,"player":"P-00000005","card_play":{"color":"red","number":0}}
2024-01-14 00:07:51:196: [INFO] - Receive penalty event. res_data: {"player":"P-00000001","number_card_of_player":26,"error":"Card play invalid with card before."}
2024-01-14 00:07:51:233: [INFO] - Receive next-player event. res_data: {"next_player":"P-00000002","before_player":"P-00000001","card_before":{"color":"red","number":0},"card_of_player":[{"color":"black","special":"wild_draw_4"},{"color":"white","special":"white_wild"}],"must_call_draw_card":false,"draw_reason":"nothing","turn_right":true,"number_card_play":57,"number_turn_play":98,"number_card_of_player":{"P-00000001":26,"P-00000002":2,"P-00000006":2,"P-00000005":4}}
2024-01-14 00:07:51:233: [DEBUG] - selected card: {"color":"white","special":"white_wild"}
2024-01-14 00:07:51:233: [INFO] - Send play-card event. req_data: {"card_play":{"color":"white","special":"white_wild"},"yell_uno":true}
2024-01-14 00:07:51:271: [INFO] - Receive play-card event. res_data: {"card_play":{"color":"white","special":"white_wild"},"yell_uno":true,"player":"P-00000002"}
2024-01-14 00:07:51:286: [INFO] - Client play-card successfully! res_data: {"card_play":{"color":"white","special":"white_wild"},"yell_uno":true}
2024-01-14 00:07:51:313: [INFO] - Receive draw-card event. res_data: {"player":"P-00000005","is_draw":true}
2024-01-14 00:07:51:363: [INFO] - Receive penalty event. res_data: {"player":"P-00000001","number_card_of_player":26,"error":"Card play invalid with card before."}
2024-01-14 00:07:51:398: [INFO] - Receive next-player event. res_data: {"next_player":"P-00000002","before_player":"P-00000001","card_before":{"color":"red","special":"white_wild"},"card_of_player":[{"color":"black","special":"wild_draw_4"}],"must_call_draw_card":false,"draw_reason":"nothing","turn_right":true,"number_card_play":58,"number_turn_play":101,"number_card_of_player":{"P-00000001":26,"P-00000002":1,"P-00000006":2,"P-00000005":5}}
2024-01-14 00:07:51:398: [DEBUG] - selected card: {"color":"black","special":"wild_draw_4"}
2024-01-14 00:07:51:398: [INFO] - Send play-card event. req_data: {"card_play":{"color":"black","special":"wild_draw_4"},"yell_uno":false,"color_of_wild":"blue"}
2024-01-14 00:07:51:424: [INFO] - Receive play-card event. res_data: {"card_play":{"color":"blue","special":"wild_draw_4"},"yell_uno":false,"color_of_wild":"blue","player":"P-00000002"}
2024-01-14 00:07:51:427: [INFO] - Receive update-color event. res_data: {"color":"red"}
2024-01-14 00:07:51:449: [INFO] - Receive finish-turn event. res_data: {"winner":"P-00000002","turn_no":1,"score":{"P-00000001":-254,"P-00000006":-11,"P-00000005":-42,"P-00000002":307}}
2024-01-14 00:07:51:470: [INFO] - Receive finish-game event. res_data: {"winner":"P-00000002","turn_win":1,"order":{"P-00000002":1,"P-00000001":0,"P-00000006":0,"P-00000005":0},"total_score":{"P-00000002":307,"P-00000006":-11,"P-00000005":-42,"P-00000001":-254}}
2024-01-14 00:07:51:480: [INFO] - Client disconnect. data_res: io server disconnect
