2024-01-14 00:23:37:915: [INFO] - Event join-room. data: {"room_name":"test","player":"player1"}
2024-01-14 00:23:40:675: [INFO] - Event join-room. data: {"room_name":"test","player":"Alternative 2"}
2024-01-14 00:23:40:971: [INFO] - Event join-room. data: {"room_name":"test","player":"Alternative 2"}
2024-01-14 00:23:41:087: [INFO] - Event join-room. data: {"room_name":"test","player":"Alternative 2"}
2024-01-14 00:23:41:448: [INFO] - Event join-room. data: {"room_name":"test","player":"Alternative 2"}
2024-01-14 00:23:41:710: [INFO] - Event join-room. data: {"room_name":"test","player":"Alternative 2"}
2024-01-14 00:23:42:432: [INFO] - Event join-room. data: {"room_name":"test","player":"Alternative 2"}
2024-01-14 00:23:42:558: [INFO] - Event join-room. data: {"room_name":"test","player":"Alternative 3"}
2024-01-14 00:23:42:721: [INFO] - Event join-room. data: {"room_name":"test","player":"Alternative 3"}
2024-01-14 00:23:42:726: [INFO] - Event join-room. data: {"room_name":"test","player":"Alternative 3"}
2024-01-14 00:23:42:735: [INFO] - Event join-room. data: {"room_name":"test","player":"Alternative 3"}
2024-01-14 00:23:46:241: [INFO] - Event join-room. data: {"room_name":"test","player":"Alternative 4"}
2024-01-14 00:23:46:649: [INFO] - Event join-room. data: {"room_name":"test","player":"Alternative 4"}
2024-01-14 00:23:48:123: [INFO] - Start game. D-00000008
2024-01-14 00:23:48:231: [DEBUG] - whiteWild skip_bind_2
2024-01-14 00:23:48:242: [INFO] - isFirstStart true
2024-01-14 00:23:48:243: [INFO] - Start turn 1
2024-01-14 00:23:48:243: [INFO] - firstPlayer P-00000006
2024-01-14 00:23:48:243: [INFO] - firstCard {"color":"blue","number":3}
2024-01-14 00:23:48:256: [DEBUG] - indexOfFirstPlayer 0
2024-01-14 00:23:48:256: [DEBUG] - indexOfNextPlayer 0
2024-01-14 00:23:48:272: [INFO] - Event play-card. data: {"card_play":{"color":"blue","special":"reverse"},"yell_uno":false}
2024-01-14 00:23:48:345: [DEBUG] - players ["P-00000006","P-00000005","P-00000002","P-00000001"]
2024-01-14 00:23:48:345: [DEBUG] - turnRight false
2024-01-14 00:23:48:345: [DEBUG] - isSkip false
2024-01-14 00:23:48:345: [DEBUG] - indexOfBeforePlayer 0
2024-01-14 00:23:48:345: [DEBUG] - indexOfNextPlayer 3
2024-01-14 00:23:48:345: [DEBUG] - indexOfOppsitePlayer 2
2024-01-14 00:23:48:345: [DEBUG] - nextPlayer P-00000001, skipPlayer undefined
2024-01-14 00:23:48:347: [DEBUG] - cardPlay {"color":"blue","special":"reverse"}
2024-01-14 00:23:48:347: [DEBUG] - cardOfPlayer [{"color":"yellow","number":1},{"color":"green","number":4},{"color":"green","special":"reverse"},{"color":"green","special":"skip"},{"color":"blue","special":"reverse"},{"color":"red","number":2},{"color":"white","special":"white_wild"}]
2024-01-14 00:23:48:348: [DEBUG] - Play card action. turn: 1, numberTurnPlay: 1
2024-01-14 00:23:48:360: [DEBUG] - players ["P-00000006","P-00000005","P-00000002","P-00000001"]
2024-01-14 00:23:48:360: [DEBUG] - turnRight false
2024-01-14 00:23:48:360: [DEBUG] - isSkip false
2024-01-14 00:23:48:361: [DEBUG] - indexOfBeforePlayer 0
2024-01-14 00:23:48:361: [DEBUG] - indexOfNextPlayer 3
2024-01-14 00:23:48:361: [DEBUG] - indexOfOppsitePlayer 2
2024-01-14 00:23:48:361: [DEBUG] - nextPlayer P-00000001, skipPlayer undefined
2024-01-14 00:23:48:396: [INFO] - Event play-card. data: {"card_play":{"color":"yellow","number":3},"yell_uno":false}
2024-01-14 00:23:48:408: [DEBUG] - players ["P-00000006","P-00000005","P-00000002","P-00000001"]
2024-01-14 00:23:48:408: [DEBUG] - turnRight false
2024-01-14 00:23:48:408: [DEBUG] - isSkip false
2024-01-14 00:23:48:409: [DEBUG] - indexOfBeforePlayer 3
2024-01-14 00:23:48:409: [DEBUG] - indexOfNextPlayer 2
2024-01-14 00:23:48:409: [DEBUG] - indexOfOppsitePlayer 1
2024-01-14 00:23:48:409: [DEBUG] - nextPlayer P-00000002, skipPlayer undefined
2024-01-14 00:23:48:411: [DEBUG] - cardPlay {"color":"yellow","number":3}
2024-01-14 00:23:48:411: [DEBUG] - cardOfPlayer [{"color":"yellow","number":3},{"color":"yellow","special":"reverse"},{"color":"yellow","number":7},{"color":"green","number":3},{"color":"green","special":"reverse"},{"color":"blue","number":1},{"color":"blue","number":2}]
2024-01-14 00:23:48:436: [DEBUG] - players ["P-00000006","P-00000005","P-00000002","P-00000001"]
2024-01-14 00:23:48:436: [DEBUG] - turnRight false
2024-01-14 00:23:48:436: [DEBUG] - isSkip false
2024-01-14 00:23:48:436: [DEBUG] - indexOfBeforePlayer 3
2024-01-14 00:23:48:436: [DEBUG] - indexOfNextPlayer 2
2024-01-14 00:23:48:436: [DEBUG] - indexOfOppsitePlayer 1
2024-01-14 00:23:48:437: [DEBUG] - nextPlayer P-00000002, skipPlayer undefined
2024-01-14 00:23:48:449: [ERROR] - handleError Error: Card play invalid with card before.
2024-01-14 00:23:48:451: [INFO] - Event play-card. data: {"card_play":{"color":"blue","number":5},"yell_uno":false}
2024-01-14 00:23:48:463: [DEBUG] - players ["P-00000006","P-00000005","P-00000002","P-00000001"]
2024-01-14 00:23:48:463: [DEBUG] - turnRight false
2024-01-14 00:23:48:464: [DEBUG] - isSkip false
2024-01-14 00:23:48:464: [DEBUG] - indexOfBeforePlayer 2
2024-01-14 00:23:48:464: [DEBUG] - indexOfNextPlayer 1
2024-01-14 00:23:48:464: [DEBUG] - indexOfOppsitePlayer 0
2024-01-14 00:23:48:464: [DEBUG] - nextPlayer P-00000005, skipPlayer undefined
2024-01-14 00:23:48:467: [DEBUG] - cardPlay {"color":"blue","number":5}
2024-01-14 00:23:48:467: [DEBUG] - cardOfPlayer [{"color":"yellow","number":3},{"color":"yellow","number":6},{"color":"blue","number":5},{"color":"red","special":"skip"},{"color":"red","number":6},{"color":"red","number":6},{"color":"red","number":7}]
2024-01-14 00:23:48:467: [DEBUG] - Play card action. turn: 1, numberTurnPlay: 3
2024-01-14 00:23:48:479: [DEBUG] - players ["P-00000006","P-00000005","P-00000002","P-00000001"]
2024-01-14 00:23:48:480: [DEBUG] - turnRight false
2024-01-14 00:23:48:480: [DEBUG] - isSkip false
2024-01-14 00:23:48:480: [DEBUG] - indexOfBeforePlayer 2
2024-01-14 00:23:48:480: [DEBUG] - indexOfNextPlayer 1
2024-01-14 00:23:48:480: [DEBUG] - indexOfOppsitePlayer 0
2024-01-14 00:23:48:481: [DEBUG] - nextPlayer P-00000005, skipPlayer undefined
2024-01-14 00:23:48:497: [INFO] - Event play-card. data: {"card_play":{"color":"black","special":"wild"},"yell_uno":false,"color_of_wild":"green"}
2024-01-14 00:23:48:509: [DEBUG] - players ["P-00000006","P-00000005","P-00000002","P-00000001"]
2024-01-14 00:23:48:510: [DEBUG] - turnRight false
2024-01-14 00:23:48:510: [DEBUG] - isSkip false
2024-01-14 00:23:48:510: [DEBUG] - indexOfBeforePlayer 1
2024-01-14 00:23:48:510: [DEBUG] - indexOfNextPlayer 0
2024-01-14 00:23:48:510: [DEBUG] - indexOfOppsitePlayer 3
2024-01-14 00:23:48:510: [DEBUG] - nextPlayer P-00000006, skipPlayer undefined
2024-01-14 00:23:48:512: [DEBUG] - cardPlay {"color":"black","special":"wild"}
2024-01-14 00:23:48:513: [DEBUG] - cardOfPlayer [{"color":"green","number":6},{"color":"red","special":"draw_2"},{"color":"red","number":3},{"color":"red","special":"reverse"},{"color":"red","number":9},{"color":"black","special":"wild"},{"color":"black","special":"wild_draw_4"}]
2024-01-14 00:23:48:513: [DEBUG] - Play card action. turn: 1, numberTurnPlay: 4
2024-01-14 00:23:48:538: [DEBUG] - players ["P-00000006","P-00000005","P-00000002","P-00000001"]
2024-01-14 00:23:48:539: [DEBUG] - turnRight false
2024-01-14 00:23:48:539: [DEBUG] - isSkip false
2024-01-14 00:23:48:539: [DEBUG] - indexOfBeforePlayer 1
2024-01-14 00:23:48:539: [DEBUG] - indexOfNextPlayer 0
2024-01-14 00:23:48:539: [DEBUG] - indexOfOppsitePlayer 3
2024-01-14 00:23:48:539: [DEBUG] - nextPlayer P-00000006, skipPlayer undefined
2024-01-14 00:23:48:554: [INFO] - Event play-card. data: {"card_play":{"color":"green","number":4},"yell_uno":false}
2024-01-14 00:23:48:565: [DEBUG] - players ["P-00000006","P-00000005","P-00000002","P-00000001"]
2024-01-14 00:23:48:565: [DEBUG] - turnRight false
2024-01-14 00:23:48:565: [DEBUG] - isSkip false
2024-01-14 00:23:48:565: [DEBUG] - indexOfBeforePlayer 0
2024-01-14 00:23:48:565: [DEBUG] - indexOfNextPlayer 3
2024-01-14 00:23:48:565: [DEBUG] - indexOfOppsitePlayer 2
2024-01-14 00:23:48:566: [DEBUG] - nextPlayer P-00000001, skipPlayer undefined
2024-01-14 00:23:48:567: [DEBUG] - cardPlay {"color":"green","number":4}
2024-01-14 00:23:48:567: [DEBUG] - cardOfPlayer [{"color":"yellow","number":1},{"color":"green","number":4},{"color":"green","special":"reverse"},{"color":"green","special":"skip"},{"color":"red","number":2},{"color":"white","special":"white_wild"}]
2024-01-14 00:23:48:568: [DEBUG] - Play card action. turn: 1, numberTurnPlay: 5
2024-01-14 00:23:48:580: [DEBUG] - players ["P-00000006","P-00000005","P-00000002","P-00000001"]
2024-01-14 00:23:48:580: [DEBUG] - turnRight false
2024-01-14 00:23:48:580: [DEBUG] - isSkip false
2024-01-14 00:23:48:581: [DEBUG] - indexOfBeforePlayer 0
2024-01-14 00:23:48:581: [DEBUG] - indexOfNextPlayer 3
2024-01-14 00:23:48:581: [DEBUG] - indexOfOppsitePlayer 2
2024-01-14 00:23:48:581: [DEBUG] - nextPlayer P-00000001, skipPlayer undefined
2024-01-14 00:23:48:610: [INFO] - Event play-card. data: {"card_play":{"color":"yellow","number":3},"yell_uno":false}
2024-01-14 00:23:48:623: [DEBUG] - players ["P-00000006","P-00000005","P-00000002","P-00000001"]
2024-01-14 00:23:48:623: [DEBUG] - turnRight false
2024-01-14 00:23:48:623: [DEBUG] - isSkip false
2024-01-14 00:23:48:623: [DEBUG] - indexOfBeforePlayer 3
2024-01-14 00:23:48:623: [DEBUG] - indexOfNextPlayer 2
2024-01-14 00:23:48:623: [DEBUG] - indexOfOppsitePlayer 1
2024-01-14 00:23:48:623: [DEBUG] - nextPlayer P-00000002, skipPlayer undefined
2024-01-14 00:23:48:625: [DEBUG] - cardPlay {"color":"yellow","number":3}
2024-01-14 00:23:48:625: [DEBUG] - cardOfPlayer [{"color":"yellow","number":3},{"color":"yellow","special":"reverse"},{"color":"yellow","number":7},{"color":"green","number":3},{"color":"green","special":"reverse"},{"color":"blue","number":1},{"color":"blue","number":2},{"color":"red","number":5},{"color":"red","number":7}]
2024-01-14 00:23:48:649: [DEBUG] - players ["P-00000006","P-00000005","P-00000002","P-00000001"]
2024-01-14 00:23:48:649: [DEBUG] - turnRight false
2024-01-14 00:23:48:649: [DEBUG] - isSkip false
2024-01-14 00:23:48:650: [DEBUG] - indexOfBeforePlayer 3
2024-01-14 00:23:48:650: [DEBUG] - indexOfNextPlayer 2
2024-01-14 00:23:48:650: [DEBUG] - indexOfOppsitePlayer 1
2024-01-14 00:23:48:650: [DEBUG] - nextPlayer P-00000002, skipPlayer undefined
2024-01-14 00:23:48:661: [ERROR] - handleError Error: Card play invalid with card before.
2024-01-14 00:23:48:663: [INFO] - Event draw-card. data: {}
2024-01-14 00:23:48:675: [DEBUG] - turn: 1, numberTurnPlay: 7
2024-01-14 00:23:48:690: [DEBUG] - players ["P-00000006","P-00000005","P-00000002","P-00000001"]
2024-01-14 00:23:48:690: [DEBUG] - turnRight false
2024-01-14 00:23:48:691: [DEBUG] - isSkip false
2024-01-14 00:23:48:691: [DEBUG] - indexOfBeforePlayer 2
2024-01-14 00:23:48:691: [DEBUG] - indexOfNextPlayer 1
2024-01-14 00:23:48:691: [DEBUG] - indexOfOppsitePlayer 0
2024-01-14 00:23:48:691: [DEBUG] - nextPlayer P-00000005, skipPlayer undefined
2024-01-14 00:23:48:707: [INFO] - Event play-card. data: {"card_play":{"color":"green","number":6},"yell_uno":false}
2024-01-14 00:23:48:718: [DEBUG] - players ["P-00000006","P-00000005","P-00000002","P-00000001"]
2024-01-14 00:23:48:718: [DEBUG] - turnRight false
2024-01-14 00:23:48:718: [DEBUG] - isSkip false
2024-01-14 00:23:48:718: [DEBUG] - indexOfBeforePlayer 1
2024-01-14 00:23:48:718: [DEBUG] - indexOfNextPlayer 0
2024-01-14 00:23:48:719: [DEBUG] - indexOfOppsitePlayer 3
2024-01-14 00:23:48:719: [DEBUG] - nextPlayer P-00000006, skipPlayer undefined
2024-01-14 00:23:48:721: [DEBUG] - cardPlay {"color":"green","number":6}
2024-01-14 00:23:48:721: [DEBUG] - cardOfPlayer [{"color":"green","number":6},{"color":"red","special":"draw_2"},{"color":"red","number":3},{"color":"red","special":"reverse"},{"color":"red","number":9},{"color":"black","special":"wild_draw_4"}]
2024-01-14 00:23:48:721: [DEBUG] - Play card action. turn: 1, numberTurnPlay: 8
2024-01-14 00:23:48:733: [DEBUG] - players ["P-00000006","P-00000005","P-00000002","P-00000001"]
2024-01-14 00:23:48:734: [DEBUG] - turnRight false
2024-01-14 00:23:48:734: [DEBUG] - isSkip false
2024-01-14 00:23:48:734: [DEBUG] - indexOfBeforePlayer 1
2024-01-14 00:23:48:734: [DEBUG] - indexOfNextPlayer 0
2024-01-14 00:23:48:734: [DEBUG] - indexOfOppsitePlayer 3
2024-01-14 00:23:48:734: [DEBUG] - nextPlayer P-00000006, skipPlayer undefined
2024-01-14 00:23:48:751: [INFO] - Event play-card. data: {"card_play":{"color":"green","special":"reverse"},"yell_uno":false}
2024-01-14 00:23:48:764: [DEBUG] - players ["P-00000006","P-00000005","P-00000002","P-00000001"]
2024-01-14 00:23:48:764: [DEBUG] - turnRight true
2024-01-14 00:23:48:764: [DEBUG] - isSkip false
2024-01-14 00:23:48:764: [DEBUG] - indexOfBeforePlayer 0
2024-01-14 00:23:48:764: [DEBUG] - indexOfNextPlayer 1
2024-01-14 00:23:48:764: [DEBUG] - indexOfOppsitePlayer 2
2024-01-14 00:23:48:764: [DEBUG] - nextPlayer P-00000005, skipPlayer undefined
2024-01-14 00:23:48:767: [DEBUG] - cardPlay {"color":"green","special":"reverse"}
2024-01-14 00:23:48:767: [DEBUG] - cardOfPlayer [{"color":"yellow","number":1},{"color":"green","special":"reverse"},{"color":"green","special":"skip"},{"color":"red","number":2},{"color":"white","special":"white_wild"}]
2024-01-14 00:23:48:768: [DEBUG] - Play card action. turn: 1, numberTurnPlay: 9
2024-01-14 00:23:48:781: [DEBUG] - players ["P-00000006","P-00000005","P-00000002","P-00000001"]
2024-01-14 00:23:48:781: [DEBUG] - turnRight true
2024-01-14 00:23:48:781: [DEBUG] - isSkip false
2024-01-14 00:23:48:781: [DEBUG] - indexOfBeforePlayer 0
2024-01-14 00:23:48:781: [DEBUG] - indexOfNextPlayer 1
2024-01-14 00:23:48:781: [DEBUG] - indexOfOppsitePlayer 2
2024-01-14 00:23:48:781: [DEBUG] - nextPlayer P-00000005, skipPlayer undefined
2024-01-14 00:23:48:798: [INFO] - Event play-card. data: {"card_play":{"color":"red","special":"reverse"},"yell_uno":false}
2024-01-14 00:23:48:810: [DEBUG] - players ["P-00000006","P-00000005","P-00000002","P-00000001"]
2024-01-14 00:23:48:811: [DEBUG] - turnRight false
2024-01-14 00:23:48:811: [DEBUG] - isSkip false
2024-01-14 00:23:48:811: [DEBUG] - indexOfBeforePlayer 1
2024-01-14 00:23:48:811: [DEBUG] - indexOfNextPlayer 0
2024-01-14 00:23:48:811: [DEBUG] - indexOfOppsitePlayer 3
2024-01-14 00:23:48:811: [DEBUG] - nextPlayer P-00000006, skipPlayer undefined
2024-01-14 00:23:48:815: [DEBUG] - cardPlay {"color":"red","special":"reverse"}
2024-01-14 00:23:48:815: [DEBUG] - cardOfPlayer [{"color":"red","special":"draw_2"},{"color":"red","number":3},{"color":"red","special":"reverse"},{"color":"red","number":9},{"color":"black","special":"wild_draw_4"}]
2024-01-14 00:23:48:816: [DEBUG] - Play card action. turn: 1, numberTurnPlay: 10
2024-01-14 00:23:48:827: [DEBUG] - players ["P-00000006","P-00000005","P-00000002","P-00000001"]
2024-01-14 00:23:48:827: [DEBUG] - turnRight false
2024-01-14 00:23:48:827: [DEBUG] - isSkip false
2024-01-14 00:23:48:827: [DEBUG] - indexOfBeforePlayer 1
2024-01-14 00:23:48:828: [DEBUG] - indexOfNextPlayer 0
2024-01-14 00:23:48:828: [DEBUG] - indexOfOppsitePlayer 3
2024-01-14 00:23:48:828: [DEBUG] - nextPlayer P-00000006, skipPlayer undefined
2024-01-14 00:23:48:842: [INFO] - Event play-card. data: {"card_play":{"color":"red","number":2},"yell_uno":false}
2024-01-14 00:23:48:853: [DEBUG] - players ["P-00000006","P-00000005","P-00000002","P-00000001"]
2024-01-14 00:23:48:853: [DEBUG] - turnRight false
2024-01-14 00:23:48:853: [DEBUG] - isSkip false
2024-01-14 00:23:48:853: [DEBUG] - indexOfBeforePlayer 0
2024-01-14 00:23:48:853: [DEBUG] - indexOfNextPlayer 3
2024-01-14 00:23:48:853: [DEBUG] - indexOfOppsitePlayer 2
2024-01-14 00:23:48:854: [DEBUG] - nextPlayer P-00000001, skipPlayer undefined
2024-01-14 00:23:48:856: [DEBUG] - cardPlay {"color":"red","number":2}
2024-01-14 00:23:48:856: [DEBUG] - cardOfPlayer [{"color":"yellow","number":1},{"color":"green","special":"skip"},{"color":"red","number":2},{"color":"white","special":"white_wild"}]
2024-01-14 00:23:48:856: [DEBUG] - Play card action. turn: 1, numberTurnPlay: 11
2024-01-14 00:23:48:868: [DEBUG] - players ["P-00000006","P-00000005","P-00000002","P-00000001"]
2024-01-14 00:23:48:868: [DEBUG] - turnRight false
2024-01-14 00:23:48:869: [DEBUG] - isSkip false
2024-01-14 00:23:48:869: [DEBUG] - indexOfBeforePlayer 0
2024-01-14 00:23:48:869: [DEBUG] - indexOfNextPlayer 3
2024-01-14 00:23:48:869: [DEBUG] - indexOfOppsitePlayer 2
2024-01-14 00:23:48:869: [DEBUG] - nextPlayer P-00000001, skipPlayer undefined
2024-01-14 00:23:48:900: [INFO] - Event special-logic. data: {"title":"なんくるないさー！"}
2024-01-14 00:23:48:913: [INFO] - Event play-card. data: {"card_play":{"color":"yellow","number":3},"yell_uno":false}
2024-01-14 00:23:48:925: [DEBUG] - players ["P-00000006","P-00000005","P-00000002","P-00000001"]
2024-01-14 00:23:48:926: [DEBUG] - turnRight false
2024-01-14 00:23:48:926: [DEBUG] - isSkip false
2024-01-14 00:23:48:926: [DEBUG] - indexOfBeforePlayer 3
2024-01-14 00:23:48:926: [DEBUG] - indexOfNextPlayer 2
2024-01-14 00:23:48:926: [DEBUG] - indexOfOppsitePlayer 1
2024-01-14 00:23:48:926: [DEBUG] - nextPlayer P-00000002, skipPlayer undefined
2024-01-14 00:23:48:930: [DEBUG] - cardPlay {"color":"yellow","number":3}
2024-01-14 00:23:48:930: [DEBUG] - cardOfPlayer [{"color":"yellow","number":3},{"color":"yellow","special":"reverse"},{"color":"yellow","number":2},{"color":"yellow","number":7},{"color":"green","number":3},{"color":"green","special":"reverse"},{"color":"blue","number":1},{"color":"blue","number":2},{"color":"red","number":4},{"color":"red","number":5},{"color":"red","number":7}]
2024-01-14 00:23:48:960: [DEBUG] - players ["P-00000006","P-00000005","P-00000002","P-00000001"]
2024-01-14 00:23:48:960: [DEBUG] - turnRight false
2024-01-14 00:23:48:960: [DEBUG] - isSkip false
2024-01-14 00:23:48:961: [DEBUG] - indexOfBeforePlayer 3
2024-01-14 00:23:48:961: [DEBUG] - indexOfNextPlayer 2
2024-01-14 00:23:48:961: [DEBUG] - indexOfOppsitePlayer 1
2024-01-14 00:23:48:961: [DEBUG] - nextPlayer P-00000002, skipPlayer undefined
2024-01-14 00:23:48:973: [ERROR] - handleError Error: Card play invalid with card before.
2024-01-14 00:23:48:975: [INFO] - Event play-card. data: {"card_play":{"color":"red","special":"skip"},"yell_uno":false}
2024-01-14 00:23:48:988: [DEBUG] - players ["P-00000006","P-00000005","P-00000002","P-00000001"]
2024-01-14 00:23:48:988: [DEBUG] - turnRight false
2024-01-14 00:23:48:988: [DEBUG] - isSkip true
2024-01-14 00:23:48:989: [DEBUG] - indexOfBeforePlayer 2
2024-01-14 00:23:48:989: [DEBUG] - indexOfNextPlayer 1
2024-01-14 00:23:48:989: [DEBUG] - indexOfOppsitePlayer 0
2024-01-14 00:23:48:989: [DEBUG] - nextPlayer P-00000006, skipPlayer P-00000005
2024-01-14 00:23:48:991: [DEBUG] - cardPlay {"color":"red","special":"skip"}
2024-01-14 00:23:48:991: [DEBUG] - cardOfPlayer [{"color":"yellow","number":3},{"color":"yellow","number":6},{"color":"red","special":"skip"},{"color":"red","number":0},{"color":"red","number":6},{"color":"red","number":6},{"color":"red","number":7}]
2024-01-14 00:23:48:991: [DEBUG] - Play card action. turn: 1, numberTurnPlay: 13
2024-01-14 00:23:49:003: [DEBUG] - players ["P-00000006","P-00000005","P-00000002","P-00000001"]
2024-01-14 00:23:49:003: [DEBUG] - turnRight false
2024-01-14 00:23:49:004: [DEBUG] - isSkip true
2024-01-14 00:23:49:004: [DEBUG] - indexOfBeforePlayer 2
2024-01-14 00:23:49:004: [DEBUG] - indexOfNextPlayer 1
2024-01-14 00:23:49:004: [DEBUG] - indexOfOppsitePlayer 0
2024-01-14 00:23:49:004: [DEBUG] - nextPlayer P-00000006, skipPlayer P-00000005
2024-01-14 00:23:49:018: [INFO] - Event play-card. data: {"card_play":{"color":"green","special":"skip"},"yell_uno":false}
2024-01-14 00:23:49:030: [DEBUG] - players ["P-00000006","P-00000005","P-00000002","P-00000001"]
2024-01-14 00:23:49:031: [DEBUG] - turnRight false
2024-01-14 00:23:49:031: [DEBUG] - isSkip true
2024-01-14 00:23:49:031: [DEBUG] - indexOfBeforePlayer 0
2024-01-14 00:23:49:031: [DEBUG] - indexOfNextPlayer 3
2024-01-14 00:23:49:031: [DEBUG] - indexOfOppsitePlayer 2
2024-01-14 00:23:49:031: [DEBUG] - nextPlayer P-00000002, skipPlayer P-00000001
2024-01-14 00:23:49:033: [DEBUG] - cardPlay {"color":"green","special":"skip"}
2024-01-14 00:23:49:033: [DEBUG] - cardOfPlayer [{"color":"yellow","number":1},{"color":"green","special":"skip"},{"color":"white","special":"white_wild"}]
2024-01-14 00:23:49:033: [DEBUG] - Play card action. turn: 1, numberTurnPlay: 14
2024-01-14 00:23:49:045: [DEBUG] - players ["P-00000006","P-00000005","P-00000002","P-00000001"]
2024-01-14 00:23:49:045: [DEBUG] - turnRight false
2024-01-14 00:23:49:046: [DEBUG] - isSkip true
2024-01-14 00:23:49:046: [DEBUG] - indexOfBeforePlayer 0
2024-01-14 00:23:49:046: [DEBUG] - indexOfNextPlayer 3
2024-01-14 00:23:49:046: [DEBUG] - indexOfOppsitePlayer 2
2024-01-14 00:23:49:046: [DEBUG] - nextPlayer P-00000002, skipPlayer P-00000001
2024-01-14 00:23:49:061: [INFO] - Event draw-card. data: {}
2024-01-14 00:23:49:072: [DEBUG] - turn: 1, numberTurnPlay: 15
2024-01-14 00:23:49:087: [INFO] - Event play-draw-card. data: {"is_play_card":true,"yell_uno":false}
2024-01-14 00:23:49:099: [DEBUG] - players ["P-00000006","P-00000005","P-00000002","P-00000001"]
2024-01-14 00:23:49:099: [DEBUG] - turnRight false
2024-01-14 00:23:49:099: [DEBUG] - isSkip false
2024-01-14 00:23:49:100: [DEBUG] - indexOfBeforePlayer 2
2024-01-14 00:23:49:100: [DEBUG] - indexOfNextPlayer 1
2024-01-14 00:23:49:100: [DEBUG] - indexOfOppsitePlayer 0
2024-01-14 00:23:49:100: [DEBUG] - nextPlayer P-00000005, skipPlayer undefined
2024-01-14 00:23:49:102: [DEBUG] - cardPlay {"color":"green","number":5}
2024-01-14 00:23:49:102: [DEBUG] - cardOfPlayer [{"color":"yellow","number":3},{"color":"yellow","number":6},{"color":"green","number":5},{"color":"red","number":0},{"color":"red","number":6},{"color":"red","number":6},{"color":"red","number":7}]
2024-01-14 00:23:49:102: [DEBUG] - Play card action. turn: 1, numberTurnPlay: 15
2024-01-14 00:23:49:124: [DEBUG] - players ["P-00000006","P-00000005","P-00000002","P-00000001"]
2024-01-14 00:23:49:125: [DEBUG] - turnRight false
2024-01-14 00:23:49:125: [DEBUG] - isSkip false
2024-01-14 00:23:49:125: [DEBUG] - indexOfBeforePlayer 2
2024-01-14 00:23:49:125: [DEBUG] - indexOfNextPlayer 1
2024-01-14 00:23:49:125: [DEBUG] - indexOfOppsitePlayer 0
2024-01-14 00:23:49:125: [DEBUG] - nextPlayer P-00000005, skipPlayer undefined
2024-01-14 00:23:49:142: [INFO] - Event play-card. data: {"card_play":{"color":"black","special":"wild_draw_4"},"yell_uno":false,"color_of_wild":"yellow"}
2024-01-14 00:23:49:153: [DEBUG] - players ["P-00000006","P-00000005","P-00000002","P-00000001"]
2024-01-14 00:23:49:153: [DEBUG] - turnRight false
2024-01-14 00:23:49:153: [DEBUG] - isSkip false
2024-01-14 00:23:49:153: [DEBUG] - indexOfBeforePlayer 1
2024-01-14 00:23:49:153: [DEBUG] - indexOfNextPlayer 0
2024-01-14 00:23:49:153: [DEBUG] - indexOfOppsitePlayer 3
2024-01-14 00:23:49:153: [DEBUG] - nextPlayer P-00000006, skipPlayer undefined
2024-01-14 00:23:49:156: [DEBUG] - cardPlay {"color":"black","special":"wild_draw_4"}
2024-01-14 00:23:49:156: [DEBUG] - cardOfPlayer [{"color":"red","special":"draw_2"},{"color":"red","number":3},{"color":"red","number":9},{"color":"black","special":"wild_draw_4"}]
2024-01-14 00:23:49:157: [DEBUG] - Play card action. turn: 1, numberTurnPlay: 16
2024-01-14 00:23:49:181: [DEBUG] - players ["P-00000006","P-00000005","P-00000002","P-00000001"]
2024-01-14 00:23:49:182: [DEBUG] - turnRight false
2024-01-14 00:23:49:183: [DEBUG] - isSkip false
2024-01-14 00:23:49:183: [DEBUG] - indexOfBeforePlayer 1
2024-01-14 00:23:49:183: [DEBUG] - indexOfNextPlayer 0
2024-01-14 00:23:49:183: [DEBUG] - indexOfOppsitePlayer 3
2024-01-14 00:23:49:183: [DEBUG] - nextPlayer P-00000006, skipPlayer undefined
2024-01-14 00:23:49:198: [INFO] - Event draw-card. data: {}
2024-01-14 00:23:49:209: [DEBUG] - turn: 1, numberTurnPlay: 17
2024-01-14 00:23:49:223: [DEBUG] - players ["P-00000006","P-00000005","P-00000002","P-00000001"]
2024-01-14 00:23:49:223: [DEBUG] - turnRight false
2024-01-14 00:23:49:223: [DEBUG] - isSkip false
2024-01-14 00:23:49:224: [DEBUG] - indexOfBeforePlayer 0
2024-01-14 00:23:49:224: [DEBUG] - indexOfNextPlayer 3
2024-01-14 00:23:49:224: [DEBUG] - indexOfOppsitePlayer 2
2024-01-14 00:23:49:224: [DEBUG] - nextPlayer P-00000001, skipPlayer undefined
2024-01-14 00:23:49:257: [INFO] - Event play-card. data: {"card_play":{"color":"green","number":3},"yell_uno":false}
2024-01-14 00:23:49:268: [DEBUG] - players ["P-00000006","P-00000005","P-00000002","P-00000001"]
2024-01-14 00:23:49:268: [DEBUG] - turnRight false
2024-01-14 00:23:49:268: [DEBUG] - isSkip false
2024-01-14 00:23:49:268: [DEBUG] - indexOfBeforePlayer 3
2024-01-14 00:23:49:268: [DEBUG] - indexOfNextPlayer 2
2024-01-14 00:23:49:268: [DEBUG] - indexOfOppsitePlayer 1
2024-01-14 00:23:49:269: [DEBUG] - nextPlayer P-00000002, skipPlayer undefined
2024-01-14 00:23:49:271: [DEBUG] - cardPlay {"color":"green","number":3}
2024-01-14 00:23:49:271: [DEBUG] - cardOfPlayer [{"color":"yellow","number":3},{"color":"yellow","special":"reverse"},{"color":"yellow","number":2},{"color":"yellow","number":7},{"color":"yellow","number":8},{"color":"green","number":3},{"color":"green","special":"reverse"},{"color":"blue","number":1},{"color":"blue","number":2},{"color":"red","number":1},{"color":"red","number":4},{"color":"red","number":5},{"color":"red","number":7}]
2024-01-14 00:23:49:295: [DEBUG] - players ["P-00000006","P-00000005","P-00000002","P-00000001"]
2024-01-14 00:23:49:296: [DEBUG] - turnRight false
2024-01-14 00:23:49:296: [DEBUG] - isSkip false
2024-01-14 00:23:49:296: [DEBUG] - indexOfBeforePlayer 3
2024-01-14 00:23:49:296: [DEBUG] - indexOfNextPlayer 2
2024-01-14 00:23:49:296: [DEBUG] - indexOfOppsitePlayer 1
2024-01-14 00:23:49:296: [DEBUG] - nextPlayer P-00000002, skipPlayer undefined
2024-01-14 00:23:49:309: [ERROR] - handleError Error: Card play invalid with card before.
2024-01-14 00:23:49:311: [INFO] - Event play-card. data: {"card_play":{"color":"yellow","number":3},"yell_uno":false}
2024-01-14 00:23:49:323: [DEBUG] - players ["P-00000006","P-00000005","P-00000002","P-00000001"]
2024-01-14 00:23:49:323: [DEBUG] - turnRight false
2024-01-14 00:23:49:323: [DEBUG] - isSkip false
2024-01-14 00:23:49:323: [DEBUG] - indexOfBeforePlayer 2
2024-01-14 00:23:49:323: [DEBUG] - indexOfNextPlayer 1
2024-01-14 00:23:49:324: [DEBUG] - indexOfOppsitePlayer 0
2024-01-14 00:23:49:324: [DEBUG] - nextPlayer P-00000005, skipPlayer undefined
2024-01-14 00:23:49:325: [DEBUG] - cardPlay {"color":"yellow","number":3}
2024-01-14 00:23:49:325: [DEBUG] - cardOfPlayer [{"color":"yellow","number":3},{"color":"yellow","number":6},{"color":"red","number":0},{"color":"red","number":6},{"color":"red","number":6},{"color":"red","number":7}]
2024-01-14 00:23:49:326: [DEBUG] - Play card action. turn: 1, numberTurnPlay: 19
2024-01-14 00:23:49:338: [DEBUG] - players ["P-00000006","P-00000005","P-00000002","P-00000001"]
2024-01-14 00:23:49:338: [DEBUG] - turnRight false
2024-01-14 00:23:49:338: [DEBUG] - isSkip false
2024-01-14 00:23:49:338: [DEBUG] - indexOfBeforePlayer 2
2024-01-14 00:23:49:338: [DEBUG] - indexOfNextPlayer 1
2024-01-14 00:23:49:338: [DEBUG] - indexOfOppsitePlayer 0
2024-01-14 00:23:49:339: [DEBUG] - nextPlayer P-00000005, skipPlayer undefined
2024-01-14 00:23:49:353: [INFO] - Event play-card. data: {"card_play":{"color":"red","number":3},"yell_uno":false}
2024-01-14 00:23:49:365: [DEBUG] - players ["P-00000006","P-00000005","P-00000002","P-00000001"]
2024-01-14 00:23:49:365: [DEBUG] - turnRight false
2024-01-14 00:23:49:366: [DEBUG] - isSkip false
2024-01-14 00:23:49:366: [DEBUG] - indexOfBeforePlayer 1
2024-01-14 00:23:49:366: [DEBUG] - indexOfNextPlayer 0
2024-01-14 00:23:49:366: [DEBUG] - indexOfOppsitePlayer 3
2024-01-14 00:23:49:366: [DEBUG] - nextPlayer P-00000006, skipPlayer undefined
2024-01-14 00:23:49:368: [DEBUG] - cardPlay {"color":"red","number":3}
2024-01-14 00:23:49:368: [DEBUG] - cardOfPlayer [{"color":"red","special":"draw_2"},{"color":"red","number":3},{"color":"red","number":9}]
2024-01-14 00:23:49:368: [DEBUG] - Play card action. turn: 1, numberTurnPlay: 20
2024-01-14 00:23:49:380: [DEBUG] - players ["P-00000006","P-00000005","P-00000002","P-00000001"]
2024-01-14 00:23:49:380: [DEBUG] - turnRight false
2024-01-14 00:23:49:381: [DEBUG] - isSkip false
2024-01-14 00:23:49:381: [DEBUG] - indexOfBeforePlayer 1
2024-01-14 00:23:49:381: [DEBUG] - indexOfNextPlayer 0
2024-01-14 00:23:49:381: [DEBUG] - indexOfOppsitePlayer 3
2024-01-14 00:23:49:381: [DEBUG] - nextPlayer P-00000006, skipPlayer undefined
2024-01-14 00:23:49:397: [INFO] - Event play-card. data: {"card_play":{"color":"red","special":"reverse"},"yell_uno":false}
2024-01-14 00:23:49:409: [DEBUG] - players ["P-00000006","P-00000005","P-00000002","P-00000001"]
2024-01-14 00:23:49:409: [DEBUG] - turnRight true
2024-01-14 00:23:49:409: [DEBUG] - isSkip false
2024-01-14 00:23:49:409: [DEBUG] - indexOfBeforePlayer 0
2024-01-14 00:23:49:409: [DEBUG] - indexOfNextPlayer 1
2024-01-14 00:23:49:409: [DEBUG] - indexOfOppsitePlayer 2
2024-01-14 00:23:49:410: [DEBUG] - nextPlayer P-00000005, skipPlayer undefined
2024-01-14 00:23:49:411: [DEBUG] - cardPlay {"color":"red","special":"reverse"}
2024-01-14 00:23:49:411: [DEBUG] - cardOfPlayer [{"color":"yellow","number":1},{"color":"yellow","number":9},{"color":"blue","number":8},{"color":"blue","number":9},{"color":"red","special":"reverse"},{"color":"white","special":"white_wild"}]
2024-01-14 00:23:49:412: [DEBUG] - Play card action. turn: 1, numberTurnPlay: 21
2024-01-14 00:23:49:424: [DEBUG] - players ["P-00000006","P-00000005","P-00000002","P-00000001"]
2024-01-14 00:23:49:424: [DEBUG] - turnRight true
2024-01-14 00:23:49:424: [DEBUG] - isSkip false
2024-01-14 00:23:49:425: [DEBUG] - indexOfBeforePlayer 0
2024-01-14 00:23:49:425: [DEBUG] - indexOfNextPlayer 1
2024-01-14 00:23:49:425: [DEBUG] - indexOfOppsitePlayer 2
2024-01-14 00:23:49:425: [DEBUG] - nextPlayer P-00000005, skipPlayer undefined
2024-01-14 00:23:49:441: [INFO] - Event play-card. data: {"card_play":{"color":"red","special":"draw_2"},"yell_uno":true}
2024-01-14 00:23:49:454: [DEBUG] - players ["P-00000006","P-00000005","P-00000002","P-00000001"]
2024-01-14 00:23:49:454: [DEBUG] - turnRight true
2024-01-14 00:23:49:455: [DEBUG] - isSkip false
2024-01-14 00:23:49:455: [DEBUG] - indexOfBeforePlayer 1
2024-01-14 00:23:49:455: [DEBUG] - indexOfNextPlayer 2
2024-01-14 00:23:49:455: [DEBUG] - indexOfOppsitePlayer 3
2024-01-14 00:23:49:455: [DEBUG] - nextPlayer P-00000002, skipPlayer undefined
2024-01-14 00:23:49:457: [DEBUG] - cardPlay {"color":"red","special":"draw_2"}
2024-01-14 00:23:49:457: [DEBUG] - cardOfPlayer [{"color":"red","special":"draw_2"},{"color":"red","number":9}]
2024-01-14 00:23:49:458: [DEBUG] - Play card action. turn: 1, numberTurnPlay: 22
2024-01-14 00:23:49:469: [DEBUG] - players ["P-00000006","P-00000005","P-00000002","P-00000001"]
2024-01-14 00:23:49:469: [DEBUG] - turnRight true
2024-01-14 00:23:49:470: [DEBUG] - isSkip false
2024-01-14 00:23:49:470: [DEBUG] - indexOfBeforePlayer 1
2024-01-14 00:23:49:470: [DEBUG] - indexOfNextPlayer 2
2024-01-14 00:23:49:470: [DEBUG] - indexOfOppsitePlayer 3
2024-01-14 00:23:49:470: [DEBUG] - nextPlayer P-00000002, skipPlayer undefined
2024-01-14 00:23:49:483: [INFO] - Event draw-card. data: {}
2024-01-14 00:23:49:494: [DEBUG] - turn: 1, numberTurnPlay: 23
2024-01-14 00:23:49:508: [DEBUG] - players ["P-00000006","P-00000005","P-00000002","P-00000001"]
2024-01-14 00:23:49:508: [DEBUG] - turnRight true
2024-01-14 00:23:49:508: [DEBUG] - isSkip false
2024-01-14 00:23:49:509: [DEBUG] - indexOfBeforePlayer 2
2024-01-14 00:23:49:509: [DEBUG] - indexOfNextPlayer 3
2024-01-14 00:23:49:509: [DEBUG] - indexOfOppsitePlayer 0
2024-01-14 00:23:49:509: [DEBUG] - nextPlayer P-00000001, skipPlayer undefined
2024-01-14 00:23:49:533: [INFO] - Event special-logic. data: {"title":"なんくるないさー！"}
2024-01-14 00:23:49:548: [INFO] - Event play-card. data: {"card_play":{"color":"yellow","number":3},"yell_uno":false}
2024-01-14 00:23:49:560: [DEBUG] - players ["P-00000006","P-00000005","P-00000002","P-00000001"]
2024-01-14 00:23:49:560: [DEBUG] - turnRight true
2024-01-14 00:23:49:560: [DEBUG] - isSkip false
2024-01-14 00:23:49:560: [DEBUG] - indexOfBeforePlayer 3
2024-01-14 00:23:49:560: [DEBUG] - indexOfNextPlayer 0
2024-01-14 00:23:49:560: [DEBUG] - indexOfOppsitePlayer 1
2024-01-14 00:23:49:560: [DEBUG] - nextPlayer P-00000006, skipPlayer undefined
2024-01-14 00:23:49:562: [DEBUG] - cardPlay {"color":"yellow","number":3}
2024-01-14 00:23:49:562: [DEBUG] - cardOfPlayer [{"color":"yellow","number":3},{"color":"yellow","special":"reverse"},{"color":"yellow","number":2},{"color":"yellow","number":7},{"color":"yellow","number":8},{"color":"green","number":3},{"color":"green","special":"reverse"},{"color":"green","number":2},{"color":"green","number":4},{"color":"blue","number":1},{"color":"blue","number":2},{"color":"red","number":1},{"color":"red","number":4},{"color":"red","number":5},{"color":"red","number":7}]
2024-01-14 00:23:49:585: [DEBUG] - players ["P-00000006","P-00000005","P-00000002","P-00000001"]
2024-01-14 00:23:49:585: [DEBUG] - turnRight true
2024-01-14 00:23:49:585: [DEBUG] - isSkip false
2024-01-14 00:23:49:585: [DEBUG] - indexOfBeforePlayer 3
2024-01-14 00:23:49:585: [DEBUG] - indexOfNextPlayer 0
2024-01-14 00:23:49:586: [DEBUG] - indexOfOppsitePlayer 1
2024-01-14 00:23:49:586: [DEBUG] - nextPlayer P-00000006, skipPlayer undefined
2024-01-14 00:23:49:598: [ERROR] - handleError Error: Card play invalid with card before.
2024-01-14 00:23:49:600: [INFO] - Event play-card. data: {"card_play":{"color":"white","special":"white_wild"},"yell_uno":false}
2024-01-14 00:23:49:611: [DEBUG] - players ["P-00000006","P-00000005","P-00000002","P-00000001"]
2024-01-14 00:23:49:611: [DEBUG] - turnRight true
2024-01-14 00:23:49:611: [DEBUG] - isSkip true
2024-01-14 00:23:49:612: [DEBUG] - indexOfBeforePlayer 0
2024-01-14 00:23:49:612: [DEBUG] - indexOfNextPlayer 1
2024-01-14 00:23:49:612: [DEBUG] - indexOfOppsitePlayer 2
2024-01-14 00:23:49:612: [DEBUG] - nextPlayer P-00000002, skipPlayer P-00000005
2024-01-14 00:23:49:614: [DEBUG] - cardPlay {"color":"white","special":"white_wild"}
2024-01-14 00:23:49:614: [DEBUG] - cardOfPlayer [{"color":"yellow","number":1},{"color":"yellow","number":9},{"color":"blue","number":8},{"color":"blue","number":9},{"color":"white","special":"white_wild"}]
2024-01-14 00:23:49:615: [DEBUG] - Play card action. turn: 1, numberTurnPlay: 25
2024-01-14 00:23:49:615: [DEBUG] - players ["P-00000006","P-00000005","P-00000002","P-00000001"]
2024-01-14 00:23:49:615: [DEBUG] - turnRight true
2024-01-14 00:23:49:615: [DEBUG] - isSkip true
2024-01-14 00:23:49:615: [DEBUG] - indexOfBeforePlayer 0
2024-01-14 00:23:49:615: [DEBUG] - indexOfNextPlayer 1
2024-01-14 00:23:49:615: [DEBUG] - indexOfOppsitePlayer 2
2024-01-14 00:23:49:616: [DEBUG] - nextPlayer P-00000002, skipPlayer P-00000005
2024-01-14 00:23:49:638: [DEBUG] - players ["P-00000006","P-00000005","P-00000002","P-00000001"]
2024-01-14 00:23:49:638: [DEBUG] - turnRight true
2024-01-14 00:23:49:638: [DEBUG] - isSkip true
2024-01-14 00:23:49:639: [DEBUG] - indexOfBeforePlayer 0
2024-01-14 00:23:49:639: [DEBUG] - indexOfNextPlayer 1
2024-01-14 00:23:49:639: [DEBUG] - indexOfOppsitePlayer 2
2024-01-14 00:23:49:639: [DEBUG] - nextPlayer P-00000002, skipPlayer P-00000005
2024-01-14 00:23:49:653: [INFO] - Event draw-card. data: {}
2024-01-14 00:23:49:665: [DEBUG] - turn: 1, numberTurnPlay: 26
2024-01-14 00:23:49:678: [DEBUG] - players ["P-00000006","P-00000005","P-00000002","P-00000001"]
2024-01-14 00:23:49:678: [DEBUG] - turnRight true
2024-01-14 00:23:49:679: [DEBUG] - isSkip false
2024-01-14 00:23:49:679: [DEBUG] - indexOfBeforePlayer 2
2024-01-14 00:23:49:679: [DEBUG] - indexOfNextPlayer 3
2024-01-14 00:23:49:679: [DEBUG] - indexOfOppsitePlayer 0
2024-01-14 00:23:49:679: [DEBUG] - nextPlayer P-00000001, skipPlayer undefined
2024-01-14 00:23:49:711: [INFO] - Event play-card. data: {"card_play":{"color":"yellow","number":3},"yell_uno":false}
2024-01-14 00:23:49:724: [DEBUG] - players ["P-00000006","P-00000005","P-00000002","P-00000001"]
2024-01-14 00:23:49:724: [DEBUG] - turnRight true
2024-01-14 00:23:49:724: [DEBUG] - isSkip false
2024-01-14 00:23:49:724: [DEBUG] - indexOfBeforePlayer 3
2024-01-14 00:23:49:724: [DEBUG] - indexOfNextPlayer 0
2024-01-14 00:23:49:724: [DEBUG] - indexOfOppsitePlayer 1
2024-01-14 00:23:49:724: [DEBUG] - nextPlayer P-00000006, skipPlayer undefined
2024-01-14 00:23:49:727: [DEBUG] - cardPlay {"color":"yellow","number":3}
2024-01-14 00:23:49:727: [DEBUG] - cardOfPlayer [{"color":"yellow","number":3},{"color":"yellow","special":"reverse"},{"color":"yellow","number":2},{"color":"yellow","number":7},{"color":"yellow","number":8},{"color":"green","number":3},{"color":"green","special":"reverse"},{"color":"green","number":2},{"color":"green","number":4},{"color":"green","number":7},{"color":"blue","number":1},{"color":"blue","number":2},{"color":"red","number":1},{"color":"red","number":3},{"color":"red","number":4},{"color":"red","number":5},{"color":"red","number":7}]
2024-01-14 00:23:49:751: [DEBUG] - players ["P-00000006","P-00000005","P-00000002","P-00000001"]
2024-01-14 00:23:49:752: [DEBUG] - turnRight true
2024-01-14 00:23:49:752: [DEBUG] - isSkip false
2024-01-14 00:23:49:752: [DEBUG] - indexOfBeforePlayer 3
2024-01-14 00:23:49:752: [DEBUG] - indexOfNextPlayer 0
2024-01-14 00:23:49:752: [DEBUG] - indexOfOppsitePlayer 1
2024-01-14 00:23:49:752: [DEBUG] - nextPlayer P-00000006, skipPlayer undefined
2024-01-14 00:23:49:763: [ERROR] - handleError Error: Card play invalid with card before.
2024-01-14 00:23:49:765: [INFO] - Event draw-card. data: {}
2024-01-14 00:23:49:776: [DEBUG] - turn: 1, numberTurnPlay: 28
2024-01-14 00:23:49:792: [INFO] - Event play-draw-card. data: {"is_play_card":true,"yell_uno":false}
2024-01-14 00:23:49:804: [DEBUG] - players ["P-00000006","P-00000005","P-00000002","P-00000001"]
2024-01-14 00:23:49:805: [DEBUG] - turnRight true
2024-01-14 00:23:49:805: [DEBUG] - isSkip false
2024-01-14 00:23:49:805: [DEBUG] - indexOfBeforePlayer 0
2024-01-14 00:23:49:805: [DEBUG] - indexOfNextPlayer 1
2024-01-14 00:23:49:805: [DEBUG] - indexOfOppsitePlayer 2
2024-01-14 00:23:49:805: [DEBUG] - nextPlayer P-00000005, skipPlayer undefined
2024-01-14 00:23:49:808: [DEBUG] - cardPlay {"color":"red","number":2}
2024-01-14 00:23:49:808: [DEBUG] - cardOfPlayer [{"color":"yellow","number":1},{"color":"yellow","number":9},{"color":"blue","number":8},{"color":"blue","number":9},{"color":"red","number":2}]
2024-01-14 00:23:49:809: [DEBUG] - Play card action. turn: 1, numberTurnPlay: 28
2024-01-14 00:23:49:832: [DEBUG] - players ["P-00000006","P-00000005","P-00000002","P-00000001"]
2024-01-14 00:23:49:832: [DEBUG] - turnRight true
2024-01-14 00:23:49:832: [DEBUG] - isSkip false
2024-01-14 00:23:49:832: [DEBUG] - indexOfBeforePlayer 0
2024-01-14 00:23:49:832: [DEBUG] - indexOfNextPlayer 1
2024-01-14 00:23:49:832: [DEBUG] - indexOfOppsitePlayer 2
2024-01-14 00:23:49:832: [DEBUG] - nextPlayer P-00000005, skipPlayer undefined
2024-01-14 00:23:49:847: [INFO] - Event play-card. data: {"card_play":{"color":"red","number":9},"yell_uno":false}
2024-01-14 00:23:49:859: [DEBUG] - players ["P-00000006","P-00000005","P-00000002","P-00000001"]
2024-01-14 00:23:49:859: [DEBUG] - turnRight true
2024-01-14 00:23:49:859: [DEBUG] - isSkip false
2024-01-14 00:23:49:859: [DEBUG] - indexOfBeforePlayer 1
2024-01-14 00:23:49:859: [DEBUG] - indexOfNextPlayer 2
2024-01-14 00:23:49:859: [DEBUG] - indexOfOppsitePlayer 3
2024-01-14 00:23:49:859: [DEBUG] - nextPlayer P-00000002, skipPlayer undefined
2024-01-14 00:23:49:861: [DEBUG] - cardPlay {"color":"red","number":9}
2024-01-14 00:23:49:861: [DEBUG] - cardOfPlayer [{"color":"red","number":9}]
2024-01-14 00:23:49:861: [DEBUG] - Play card action. turn: 1, numberTurnPlay: 29
2024-01-14 00:23:49:873: [INFO] - Finish turn 1. winner: P-00000005. lastCard: {"color":"red","number":9}
2024-01-14 00:23:49:915: [INFO] - socket disconnect. socketId: "ps4vzCeTue-t5HEPAABF". playerCode: P-00000006
2024-01-14 00:23:49:916: [INFO] - socket disconnect. socketId: "iSp_eNc2YNHOtwR_AABC". playerCode: P-00000005
2024-01-14 00:23:49:919: [INFO] - socket disconnect. socketId: "2Y18zFTQl295Gsw1AAA7". playerCode: P-00000002
2024-01-14 00:23:49:922: [INFO] - socket disconnect. socketId: "uBJX23AZmSAm5FGwAAA6". playerCode: P-00000001
