2024-01-14 00:26:06:436: [INFO] - Event join-room. data: {"room_name":"test","player":"player1"}
2024-01-14 00:26:09:976: [INFO] - Event join-room. data: {"room_name":"test","player":"Alternative 2"}
2024-01-14 00:26:10:129: [INFO] - Event join-room. data: {"room_name":"test","player":"Alternative 2"}
2024-01-14 00:26:10:328: [INFO] - Event join-room. data: {"room_name":"test","player":"Alternative 2"}
2024-01-14 00:26:10:492: [INFO] - Event join-room. data: {"room_name":"test","player":"Alternative 2"}
2024-01-14 00:26:10:659: [INFO] - Event join-room. data: {"room_name":"test","player":"Alternative 3"}
2024-01-14 00:26:10:829: [INFO] - Event join-room. data: {"room_name":"test","player":"Alternative 3"}
2024-01-14 00:26:10:971: [INFO] - Event join-room. data: {"room_name":"test","player":"Alternative 3"}
2024-01-14 00:26:11:227: [INFO] - Event join-room. data: {"room_name":"test","player":"Alternative 3"}
2024-01-14 00:26:11:351: [INFO] - Event join-room. data: {"room_name":"test","player":"Alternative 4"}
2024-01-14 00:26:11:505: [INFO] - Event join-room. data: {"room_name":"test","player":"Alternative 4"}
2024-01-14 00:26:13:931: [INFO] - Start game. D-00000009
2024-01-14 00:26:14:028: [DEBUG] - whiteWild skip_bind_2
2024-01-14 00:26:14:139: [INFO] - isFirstStart true
2024-01-14 00:26:14:139: [INFO] - Start turn 1
2024-01-14 00:26:14:139: [INFO] - firstPlayer P-00000002
2024-01-14 00:26:14:139: [INFO] - firstCard {"color":"red","number":5}
2024-01-14 00:26:14:142: [INFO] - Start game. D-00000009
2024-01-14 00:26:14:238: [DEBUG] - whiteWild skip_bind_2
2024-01-14 00:26:14:240: [DEBUG] - indexOfFirstPlayer 0
2024-01-14 00:26:14:240: [DEBUG] - indexOfNextPlayer 0
2024-01-14 00:26:14:247: [INFO] - Event play-card. data: {"card_play":{"color":"red","number":2},"yell_uno":false}
2024-01-14 00:26:14:277: [INFO] - isFirstStart true
2024-01-14 00:26:14:277: [INFO] - Start turn 1
2024-01-14 00:26:14:277: [INFO] - firstPlayer P-00000002
2024-01-14 00:26:14:277: [INFO] - firstCard {"color":"yellow","special":"draw_2"}
2024-01-14 00:26:14:280: [DEBUG] - players ["P-00000002","P-00000006","P-00000005","P-00000001"]
2024-01-14 00:26:14:280: [DEBUG] - turnRight true
2024-01-14 00:26:14:280: [DEBUG] - isSkip false
2024-01-14 00:26:14:280: [DEBUG] - indexOfBeforePlayer 0
2024-01-14 00:26:14:280: [DEBUG] - indexOfNextPlayer 1
2024-01-14 00:26:14:280: [DEBUG] - indexOfOppsitePlayer 2
2024-01-14 00:26:14:280: [DEBUG] - nextPlayer P-00000006, skipPlayer undefined
2024-01-14 00:26:14:282: [DEBUG] - cardPlay {"color":"red","number":2}
2024-01-14 00:26:14:282: [DEBUG] - cardOfPlayer [{"color":"yellow","number":1},{"color":"blue","special":"reverse"},{"color":"blue","number":2},{"color":"red","number":2},{"color":"red","number":7},{"color":"black","special":"wild"},{"color":"black","special":"wild_draw_4"}]
2024-01-14 00:26:14:282: [DEBUG] - Play card action. turn: 1, numberTurnPlay: 1
2024-01-14 00:26:14:290: [DEBUG] - indexOfFirstPlayer 0
2024-01-14 00:26:14:290: [DEBUG] - indexOfNextPlayer 0
2024-01-14 00:26:14:296: [DEBUG] - players ["P-00000002","P-00000006","P-00000001","P-00000005"]
2024-01-14 00:26:14:296: [DEBUG] - turnRight true
2024-01-14 00:26:14:297: [DEBUG] - isSkip false
2024-01-14 00:26:14:297: [DEBUG] - indexOfBeforePlayer 0
2024-01-14 00:26:14:297: [DEBUG] - indexOfNextPlayer 1
2024-01-14 00:26:14:297: [DEBUG] - indexOfOppsitePlayer 2
2024-01-14 00:26:14:297: [DEBUG] - nextPlayer P-00000006, skipPlayer undefined
2024-01-14 00:26:14:331: [INFO] - Event draw-card. data: {}
2024-01-14 00:26:14:353: [ERROR] - handleError Error: Next player invalid.
2024-01-14 00:26:14:354: [INFO] - Event draw-card. data: {}
2024-01-14 00:26:14:366: [DEBUG] - turn: 1, numberTurnPlay: 2
2024-01-14 00:26:14:380: [DEBUG] - players ["P-00000002","P-00000006","P-00000001","P-00000005"]
2024-01-14 00:26:14:380: [DEBUG] - turnRight true
2024-01-14 00:26:14:381: [DEBUG] - isSkip false
2024-01-14 00:26:14:381: [DEBUG] - indexOfBeforePlayer 1
2024-01-14 00:26:14:381: [DEBUG] - indexOfNextPlayer 2
2024-01-14 00:26:14:381: [DEBUG] - indexOfOppsitePlayer 3
2024-01-14 00:26:14:381: [DEBUG] - nextPlayer P-00000001, skipPlayer undefined
2024-01-14 00:26:14:407: [INFO] - Event play-card. data: {"card_play":{"color":"red","special":"draw_2"},"yell_uno":false}
2024-01-14 00:26:14:419: [DEBUG] - players ["P-00000002","P-00000006","P-00000001","P-00000005"]
2024-01-14 00:26:14:419: [DEBUG] - turnRight true
2024-01-14 00:26:14:420: [DEBUG] - isSkip false
2024-01-14 00:26:14:420: [DEBUG] - indexOfBeforePlayer 2
2024-01-14 00:26:14:420: [DEBUG] - indexOfNextPlayer 3
2024-01-14 00:26:14:420: [DEBUG] - indexOfOppsitePlayer 0
2024-01-14 00:26:14:420: [DEBUG] - nextPlayer P-00000005, skipPlayer undefined
2024-01-14 00:26:14:422: [DEBUG] - cardPlay {"color":"red","special":"draw_2"}
2024-01-14 00:26:14:422: [DEBUG] - cardOfPlayer [{"color":"yellow","special":"reverse"},{"color":"yellow","number":0},{"color":"yellow","number":8},{"color":"green","number":2},{"color":"red","number":3},{"color":"red","special":"draw_2"},{"color":"red","number":3}]
2024-01-14 00:26:14:422: [DEBUG] - Play card action. turn: 1, numberTurnPlay: 3
2024-01-14 00:26:14:434: [DEBUG] - players ["P-00000002","P-00000006","P-00000001","P-00000005"]
2024-01-14 00:26:14:435: [DEBUG] - turnRight true
2024-01-14 00:26:14:435: [DEBUG] - isSkip false
2024-01-14 00:26:14:435: [DEBUG] - indexOfBeforePlayer 2
2024-01-14 00:26:14:435: [DEBUG] - indexOfNextPlayer 3
2024-01-14 00:26:14:435: [DEBUG] - indexOfOppsitePlayer 0
2024-01-14 00:26:14:435: [DEBUG] - nextPlayer P-00000005, skipPlayer undefined
2024-01-14 00:26:14:452: [INFO] - Event draw-card. data: {}
2024-01-14 00:26:14:464: [DEBUG] - turn: 1, numberTurnPlay: 4
2024-01-14 00:26:14:479: [DEBUG] - players ["P-00000002","P-00000006","P-00000001","P-00000005"]
2024-01-14 00:26:14:479: [DEBUG] - turnRight true
2024-01-14 00:26:14:479: [DEBUG] - isSkip false
2024-01-14 00:26:14:479: [DEBUG] - indexOfBeforePlayer 3
2024-01-14 00:26:14:479: [DEBUG] - indexOfNextPlayer 0
2024-01-14 00:26:14:480: [DEBUG] - indexOfOppsitePlayer 1
2024-01-14 00:26:14:480: [DEBUG] - nextPlayer P-00000002, skipPlayer undefined
2024-01-14 00:26:14:494: [INFO] - Event play-card. data: {"card_play":{"color":"red","special":"reverse"},"yell_uno":false}
2024-01-14 00:26:14:505: [DEBUG] - players ["P-00000002","P-00000006","P-00000001","P-00000005"]
2024-01-14 00:26:14:505: [DEBUG] - turnRight false
2024-01-14 00:26:14:505: [DEBUG] - isSkip false
2024-01-14 00:26:14:506: [DEBUG] - indexOfBeforePlayer 0
2024-01-14 00:26:14:506: [DEBUG] - indexOfNextPlayer 3
2024-01-14 00:26:14:506: [DEBUG] - indexOfOppsitePlayer 2
2024-01-14 00:26:14:506: [DEBUG] - nextPlayer P-00000005, skipPlayer undefined
2024-01-14 00:26:14:508: [DEBUG] - cardPlay {"color":"red","special":"reverse"}
2024-01-14 00:26:14:508: [DEBUG] - cardOfPlayer [{"color":"yellow","special":"reverse"},{"color":"yellow","number":2},{"color":"green","number":1},{"color":"green","number":6},{"color":"green","number":7},{"color":"blue","number":2},{"color":"blue","number":7},{"color":"red","special":"reverse"},{"color":"red","number":5}]
2024-01-14 00:26:14:508: [DEBUG] - Play card action. turn: 1, numberTurnPlay: 5
2024-01-14 00:26:14:520: [DEBUG] - players ["P-00000002","P-00000006","P-00000001","P-00000005"]
2024-01-14 00:26:14:520: [DEBUG] - turnRight false
2024-01-14 00:26:14:520: [DEBUG] - isSkip false
2024-01-14 00:26:14:520: [DEBUG] - indexOfBeforePlayer 0
2024-01-14 00:26:14:520: [DEBUG] - indexOfNextPlayer 3
2024-01-14 00:26:14:520: [DEBUG] - indexOfOppsitePlayer 2
2024-01-14 00:26:14:520: [DEBUG] - nextPlayer P-00000005, skipPlayer undefined
2024-01-14 00:26:14:536: [INFO] - Event play-card. data: {"card_play":{"color":"red","number":8},"yell_uno":false}
2024-01-14 00:26:14:548: [DEBUG] - players ["P-00000002","P-00000006","P-00000001","P-00000005"]
2024-01-14 00:26:14:548: [DEBUG] - turnRight false
2024-01-14 00:26:14:548: [DEBUG] - isSkip false
2024-01-14 00:26:14:548: [DEBUG] - indexOfBeforePlayer 3
2024-01-14 00:26:14:548: [DEBUG] - indexOfNextPlayer 2
2024-01-14 00:26:14:548: [DEBUG] - indexOfOppsitePlayer 1
2024-01-14 00:26:14:548: [DEBUG] - nextPlayer P-00000001, skipPlayer undefined
2024-01-14 00:26:14:550: [DEBUG] - cardPlay {"color":"red","number":8}
2024-01-14 00:26:14:551: [DEBUG] - cardOfPlayer [{"color":"yellow","special":"draw_2"},{"color":"yellow","number":3},{"color":"yellow","number":6},{"color":"yellow","number":6},{"color":"green","number":5},{"color":"blue","special":"draw_2"},{"color":"blue","special":"draw_2"},{"color":"blue","number":8},{"color":"red","number":8}]
2024-01-14 00:26:14:551: [DEBUG] - Play card action. turn: 1, numberTurnPlay: 6
2024-01-14 00:26:14:562: [DEBUG] - players ["P-00000002","P-00000006","P-00000001","P-00000005"]
2024-01-14 00:26:14:562: [DEBUG] - turnRight false
2024-01-14 00:26:14:562: [DEBUG] - isSkip false
2024-01-14 00:26:14:563: [DEBUG] - indexOfBeforePlayer 3
2024-01-14 00:26:14:563: [DEBUG] - indexOfNextPlayer 2
2024-01-14 00:26:14:563: [DEBUG] - indexOfOppsitePlayer 1
2024-01-14 00:26:14:563: [DEBUG] - nextPlayer P-00000001, skipPlayer undefined
2024-01-14 00:26:14:585: [INFO] - Event special-logic. data: {"title":"なんくるないさー！"}
2024-01-14 00:26:14:600: [INFO] - Event play-card. data: {"card_play":{"color":"yellow","number":8},"yell_uno":false}
2024-01-14 00:26:14:611: [DEBUG] - players ["P-00000002","P-00000006","P-00000001","P-00000005"]
2024-01-14 00:26:14:611: [DEBUG] - turnRight false
2024-01-14 00:26:14:611: [DEBUG] - isSkip false
2024-01-14 00:26:14:611: [DEBUG] - indexOfBeforePlayer 2
2024-01-14 00:26:14:611: [DEBUG] - indexOfNextPlayer 1
2024-01-14 00:26:14:611: [DEBUG] - indexOfOppsitePlayer 0
2024-01-14 00:26:14:611: [DEBUG] - nextPlayer P-00000006, skipPlayer undefined
2024-01-14 00:26:14:615: [DEBUG] - cardPlay {"color":"yellow","number":8}
2024-01-14 00:26:14:616: [DEBUG] - cardOfPlayer [{"color":"yellow","special":"reverse"},{"color":"yellow","number":0},{"color":"yellow","number":8},{"color":"green","number":2},{"color":"red","number":3},{"color":"red","number":3}]
2024-01-14 00:26:14:616: [DEBUG] - Play card action. turn: 1, numberTurnPlay: 7
2024-01-14 00:26:14:629: [DEBUG] - players ["P-00000002","P-00000006","P-00000001","P-00000005"]
2024-01-14 00:26:14:629: [DEBUG] - turnRight false
2024-01-14 00:26:14:629: [DEBUG] - isSkip false
2024-01-14 00:26:14:629: [DEBUG] - indexOfBeforePlayer 2
2024-01-14 00:26:14:630: [DEBUG] - indexOfNextPlayer 1
2024-01-14 00:26:14:630: [DEBUG] - indexOfOppsitePlayer 0
2024-01-14 00:26:14:630: [DEBUG] - nextPlayer P-00000006, skipPlayer undefined
2024-01-14 00:26:14:646: [INFO] - Event play-card. data: {"card_play":{"color":"yellow","number":2},"yell_uno":false}
2024-01-14 00:26:14:658: [DEBUG] - players ["P-00000002","P-00000006","P-00000001","P-00000005"]
2024-01-14 00:26:14:658: [DEBUG] - turnRight false
2024-01-14 00:26:14:659: [DEBUG] - isSkip false
2024-01-14 00:26:14:659: [DEBUG] - indexOfBeforePlayer 1
2024-01-14 00:26:14:659: [DEBUG] - indexOfNextPlayer 0
2024-01-14 00:26:14:659: [DEBUG] - indexOfOppsitePlayer 3
2024-01-14 00:26:14:659: [DEBUG] - nextPlayer P-00000002, skipPlayer undefined
2024-01-14 00:26:14:662: [DEBUG] - cardPlay {"color":"yellow","number":2}
2024-01-14 00:26:14:662: [DEBUG] - cardOfPlayer [{"color":"yellow","number":2},{"color":"yellow","number":7},{"color":"green","special":"reverse"},{"color":"green","number":2},{"color":"green","number":7},{"color":"green","number":8},{"color":"red","number":1},{"color":"black","special":"wild"},{"color":"white","special":"white_wild"}]
2024-01-14 00:26:14:662: [DEBUG] - Play card action. turn: 1, numberTurnPlay: 8
2024-01-14 00:26:14:675: [DEBUG] - players ["P-00000002","P-00000006","P-00000001","P-00000005"]
2024-01-14 00:26:14:675: [DEBUG] - turnRight false
2024-01-14 00:26:14:675: [DEBUG] - isSkip false
2024-01-14 00:26:14:675: [DEBUG] - indexOfBeforePlayer 1
2024-01-14 00:26:14:676: [DEBUG] - indexOfNextPlayer 0
2024-01-14 00:26:14:676: [DEBUG] - indexOfOppsitePlayer 3
2024-01-14 00:26:14:676: [DEBUG] - nextPlayer P-00000002, skipPlayer undefined
2024-01-14 00:26:14:692: [INFO] - Event play-card. data: {"card_play":{"color":"yellow","special":"reverse"},"yell_uno":false}
2024-01-14 00:26:14:704: [DEBUG] - players ["P-00000002","P-00000006","P-00000001","P-00000005"]
2024-01-14 00:26:14:704: [DEBUG] - turnRight true
2024-01-14 00:26:14:704: [DEBUG] - isSkip false
2024-01-14 00:26:14:705: [DEBUG] - indexOfBeforePlayer 0
2024-01-14 00:26:14:705: [DEBUG] - indexOfNextPlayer 1
2024-01-14 00:26:14:705: [DEBUG] - indexOfOppsitePlayer 2
2024-01-14 00:26:14:705: [DEBUG] - nextPlayer P-00000006, skipPlayer undefined
2024-01-14 00:26:14:708: [DEBUG] - cardPlay {"color":"yellow","special":"reverse"}
2024-01-14 00:26:14:708: [DEBUG] - cardOfPlayer [{"color":"yellow","special":"reverse"},{"color":"yellow","number":2},{"color":"green","number":1},{"color":"green","number":6},{"color":"green","number":7},{"color":"blue","number":2},{"color":"blue","number":7},{"color":"red","number":5}]
2024-01-14 00:26:14:708: [DEBUG] - Play card action. turn: 1, numberTurnPlay: 9
2024-01-14 00:26:14:720: [DEBUG] - players ["P-00000002","P-00000006","P-00000001","P-00000005"]
2024-01-14 00:26:14:721: [DEBUG] - turnRight true
2024-01-14 00:26:14:721: [DEBUG] - isSkip false
2024-01-14 00:26:14:721: [DEBUG] - indexOfBeforePlayer 0
2024-01-14 00:26:14:721: [DEBUG] - indexOfNextPlayer 1
2024-01-14 00:26:14:722: [DEBUG] - indexOfOppsitePlayer 2
2024-01-14 00:26:14:722: [DEBUG] - nextPlayer P-00000006, skipPlayer undefined
2024-01-14 00:26:14:738: [INFO] - Event play-card. data: {"card_play":{"color":"yellow","number":7},"yell_uno":false}
2024-01-14 00:26:14:750: [DEBUG] - players ["P-00000002","P-00000006","P-00000001","P-00000005"]
2024-01-14 00:26:14:750: [DEBUG] - turnRight true
2024-01-14 00:26:14:751: [DEBUG] - isSkip false
2024-01-14 00:26:14:751: [DEBUG] - indexOfBeforePlayer 1
2024-01-14 00:26:14:751: [DEBUG] - indexOfNextPlayer 2
2024-01-14 00:26:14:751: [DEBUG] - indexOfOppsitePlayer 3
2024-01-14 00:26:14:751: [DEBUG] - nextPlayer P-00000001, skipPlayer undefined
2024-01-14 00:26:14:754: [DEBUG] - cardPlay {"color":"yellow","number":7}
2024-01-14 00:26:14:754: [DEBUG] - cardOfPlayer [{"color":"yellow","number":7},{"color":"green","special":"reverse"},{"color":"green","number":2},{"color":"green","number":7},{"color":"green","number":8},{"color":"red","number":1},{"color":"black","special":"wild"},{"color":"white","special":"white_wild"}]
2024-01-14 00:26:14:755: [DEBUG] - Play card action. turn: 1, numberTurnPlay: 10
2024-01-14 00:26:14:768: [DEBUG] - players ["P-00000002","P-00000006","P-00000001","P-00000005"]
2024-01-14 00:26:14:768: [DEBUG] - turnRight true
2024-01-14 00:26:14:768: [DEBUG] - isSkip false
2024-01-14 00:26:14:769: [DEBUG] - indexOfBeforePlayer 1
2024-01-14 00:26:14:769: [DEBUG] - indexOfNextPlayer 2
2024-01-14 00:26:14:769: [DEBUG] - indexOfOppsitePlayer 3
2024-01-14 00:26:14:769: [DEBUG] - nextPlayer P-00000001, skipPlayer undefined
2024-01-14 00:26:14:793: [INFO] - Event play-card. data: {"card_play":{"color":"yellow","special":"reverse"},"yell_uno":false}
2024-01-14 00:26:14:806: [DEBUG] - players ["P-00000002","P-00000006","P-00000001","P-00000005"]
2024-01-14 00:26:14:806: [DEBUG] - turnRight false
2024-01-14 00:26:14:806: [DEBUG] - isSkip false
2024-01-14 00:26:14:806: [DEBUG] - indexOfBeforePlayer 2
2024-01-14 00:26:14:807: [DEBUG] - indexOfNextPlayer 1
2024-01-14 00:26:14:807: [DEBUG] - indexOfOppsitePlayer 0
2024-01-14 00:26:14:807: [DEBUG] - nextPlayer P-00000006, skipPlayer undefined
2024-01-14 00:26:14:808: [DEBUG] - cardPlay {"color":"yellow","special":"reverse"}
2024-01-14 00:26:14:809: [DEBUG] - cardOfPlayer [{"color":"yellow","special":"reverse"},{"color":"yellow","number":0},{"color":"green","number":2},{"color":"red","number":3},{"color":"red","number":3}]
2024-01-14 00:26:14:809: [DEBUG] - Play card action. turn: 1, numberTurnPlay: 11
2024-01-14 00:26:14:822: [DEBUG] - players ["P-00000002","P-00000006","P-00000001","P-00000005"]
2024-01-14 00:26:14:823: [DEBUG] - turnRight false
2024-01-14 00:26:14:823: [DEBUG] - isSkip false
2024-01-14 00:26:14:823: [DEBUG] - indexOfBeforePlayer 2
2024-01-14 00:26:14:823: [DEBUG] - indexOfNextPlayer 1
2024-01-14 00:26:14:823: [DEBUG] - indexOfOppsitePlayer 0
2024-01-14 00:26:14:823: [DEBUG] - nextPlayer P-00000006, skipPlayer undefined
2024-01-14 00:26:14:838: [INFO] - Event play-card. data: {"card_play":{"color":"green","special":"reverse"},"yell_uno":false}
2024-01-14 00:26:14:848: [DEBUG] - players ["P-00000002","P-00000006","P-00000001","P-00000005"]
2024-01-14 00:26:14:849: [DEBUG] - turnRight true
2024-01-14 00:26:14:849: [DEBUG] - isSkip false
2024-01-14 00:26:14:849: [DEBUG] - indexOfBeforePlayer 1
2024-01-14 00:26:14:849: [DEBUG] - indexOfNextPlayer 2
2024-01-14 00:26:14:849: [DEBUG] - indexOfOppsitePlayer 3
2024-01-14 00:26:14:849: [DEBUG] - nextPlayer P-00000001, skipPlayer undefined
2024-01-14 00:26:14:852: [DEBUG] - cardPlay {"color":"green","special":"reverse"}
2024-01-14 00:26:14:852: [DEBUG] - cardOfPlayer [{"color":"green","special":"reverse"},{"color":"green","number":2},{"color":"green","number":7},{"color":"green","number":8},{"color":"red","number":1},{"color":"black","special":"wild"},{"color":"white","special":"white_wild"}]
2024-01-14 00:26:14:852: [DEBUG] - Play card action. turn: 1, numberTurnPlay: 12
2024-01-14 00:26:14:865: [DEBUG] - players ["P-00000002","P-00000006","P-00000001","P-00000005"]
2024-01-14 00:26:14:865: [DEBUG] - turnRight true
2024-01-14 00:26:14:865: [DEBUG] - isSkip false
2024-01-14 00:26:14:865: [DEBUG] - indexOfBeforePlayer 1
2024-01-14 00:26:14:865: [DEBUG] - indexOfNextPlayer 2
2024-01-14 00:26:14:866: [DEBUG] - indexOfOppsitePlayer 3
2024-01-14 00:26:14:866: [DEBUG] - nextPlayer P-00000001, skipPlayer undefined
2024-01-14 00:26:14:889: [INFO] - Event play-card. data: {"card_play":{"color":"green","number":2},"yell_uno":false}
2024-01-14 00:26:14:900: [DEBUG] - players ["P-00000002","P-00000006","P-00000001","P-00000005"]
2024-01-14 00:26:14:900: [DEBUG] - turnRight true
2024-01-14 00:26:14:900: [DEBUG] - isSkip false
2024-01-14 00:26:14:901: [DEBUG] - indexOfBeforePlayer 2
2024-01-14 00:26:14:901: [DEBUG] - indexOfNextPlayer 3
2024-01-14 00:26:14:901: [DEBUG] - indexOfOppsitePlayer 0
2024-01-14 00:26:14:901: [DEBUG] - nextPlayer P-00000005, skipPlayer undefined
2024-01-14 00:26:14:902: [DEBUG] - cardPlay {"color":"green","number":2}
2024-01-14 00:26:14:902: [DEBUG] - cardOfPlayer [{"color":"yellow","number":0},{"color":"green","number":2},{"color":"red","number":3},{"color":"red","number":3}]
2024-01-14 00:26:14:903: [DEBUG] - Play card action. turn: 1, numberTurnPlay: 13
2024-01-14 00:26:14:915: [DEBUG] - players ["P-00000002","P-00000006","P-00000001","P-00000005"]
2024-01-14 00:26:14:915: [DEBUG] - turnRight true
2024-01-14 00:26:14:915: [DEBUG] - isSkip false
2024-01-14 00:26:14:916: [DEBUG] - indexOfBeforePlayer 2
2024-01-14 00:26:14:916: [DEBUG] - indexOfNextPlayer 3
2024-01-14 00:26:14:916: [DEBUG] - indexOfOppsitePlayer 0
2024-01-14 00:26:14:916: [DEBUG] - nextPlayer P-00000005, skipPlayer undefined
2024-01-14 00:26:14:931: [INFO] - Event play-card. data: {"card_play":{"color":"green","number":5},"yell_uno":false}
2024-01-14 00:26:14:942: [DEBUG] - players ["P-00000002","P-00000006","P-00000001","P-00000005"]
2024-01-14 00:26:14:942: [DEBUG] - turnRight true
2024-01-14 00:26:14:942: [DEBUG] - isSkip false
2024-01-14 00:26:14:942: [DEBUG] - indexOfBeforePlayer 3
2024-01-14 00:26:14:942: [DEBUG] - indexOfNextPlayer 0
2024-01-14 00:26:14:942: [DEBUG] - indexOfOppsitePlayer 1
2024-01-14 00:26:14:942: [DEBUG] - nextPlayer P-00000002, skipPlayer undefined
2024-01-14 00:26:14:944: [DEBUG] - cardPlay {"color":"green","number":5}
2024-01-14 00:26:14:944: [DEBUG] - cardOfPlayer [{"color":"yellow","special":"draw_2"},{"color":"yellow","number":3},{"color":"yellow","number":6},{"color":"yellow","number":6},{"color":"green","number":5},{"color":"blue","special":"draw_2"},{"color":"blue","special":"draw_2"},{"color":"blue","number":8}]
2024-01-14 00:26:14:944: [DEBUG] - Play card action. turn: 1, numberTurnPlay: 14
2024-01-14 00:26:14:957: [DEBUG] - players ["P-00000002","P-00000006","P-00000001","P-00000005"]
2024-01-14 00:26:14:957: [DEBUG] - turnRight true
2024-01-14 00:26:14:957: [DEBUG] - isSkip false
2024-01-14 00:26:14:957: [DEBUG] - indexOfBeforePlayer 3
2024-01-14 00:26:14:957: [DEBUG] - indexOfNextPlayer 0
2024-01-14 00:26:14:957: [DEBUG] - indexOfOppsitePlayer 1
2024-01-14 00:26:14:957: [DEBUG] - nextPlayer P-00000002, skipPlayer undefined
2024-01-14 00:26:14:971: [INFO] - Event play-card. data: {"card_play":{"color":"green","number":1},"yell_uno":false}
2024-01-14 00:26:14:983: [DEBUG] - players ["P-00000002","P-00000006","P-00000001","P-00000005"]
2024-01-14 00:26:14:983: [DEBUG] - turnRight true
2024-01-14 00:26:14:983: [DEBUG] - isSkip false
2024-01-14 00:26:14:983: [DEBUG] - indexOfBeforePlayer 0
2024-01-14 00:26:14:984: [DEBUG] - indexOfNextPlayer 1
2024-01-14 00:26:14:984: [DEBUG] - indexOfOppsitePlayer 2
2024-01-14 00:26:14:984: [DEBUG] - nextPlayer P-00000006, skipPlayer undefined
2024-01-14 00:26:14:985: [DEBUG] - cardPlay {"color":"green","number":1}
2024-01-14 00:26:14:985: [DEBUG] - cardOfPlayer [{"color":"yellow","number":2},{"color":"green","number":1},{"color":"green","number":6},{"color":"green","number":7},{"color":"blue","number":2},{"color":"blue","number":7},{"color":"red","number":5}]
2024-01-14 00:26:14:986: [DEBUG] - Play card action. turn: 1, numberTurnPlay: 15
2024-01-14 00:26:14:997: [DEBUG] - players ["P-00000002","P-00000006","P-00000001","P-00000005"]
2024-01-14 00:26:14:997: [DEBUG] - turnRight true
2024-01-14 00:26:14:998: [DEBUG] - isSkip false
2024-01-14 00:26:14:998: [DEBUG] - indexOfBeforePlayer 0
2024-01-14 00:26:14:998: [DEBUG] - indexOfNextPlayer 1
2024-01-14 00:26:14:998: [DEBUG] - indexOfOppsitePlayer 2
2024-01-14 00:26:14:998: [DEBUG] - nextPlayer P-00000006, skipPlayer undefined
2024-01-14 00:26:15:012: [INFO] - Event play-card. data: {"card_play":{"color":"green","number":2},"yell_uno":false}
2024-01-14 00:26:15:022: [DEBUG] - players ["P-00000002","P-00000006","P-00000001","P-00000005"]
2024-01-14 00:26:15:022: [DEBUG] - turnRight true
2024-01-14 00:26:15:022: [DEBUG] - isSkip false
2024-01-14 00:26:15:023: [DEBUG] - indexOfBeforePlayer 1
2024-01-14 00:26:15:023: [DEBUG] - indexOfNextPlayer 2
2024-01-14 00:26:15:023: [DEBUG] - indexOfOppsitePlayer 3
2024-01-14 00:26:15:023: [DEBUG] - nextPlayer P-00000001, skipPlayer undefined
2024-01-14 00:26:15:026: [DEBUG] - cardPlay {"color":"green","number":2}
2024-01-14 00:26:15:026: [DEBUG] - cardOfPlayer [{"color":"green","number":2},{"color":"green","number":7},{"color":"green","number":8},{"color":"red","number":1},{"color":"black","special":"wild"},{"color":"white","special":"white_wild"}]
2024-01-14 00:26:15:026: [DEBUG] - Play card action. turn: 1, numberTurnPlay: 16
2024-01-14 00:26:15:038: [DEBUG] - players ["P-00000002","P-00000006","P-00000001","P-00000005"]
2024-01-14 00:26:15:038: [DEBUG] - turnRight true
2024-01-14 00:26:15:038: [DEBUG] - isSkip false
2024-01-14 00:26:15:038: [DEBUG] - indexOfBeforePlayer 1
2024-01-14 00:26:15:039: [DEBUG] - indexOfNextPlayer 2
2024-01-14 00:26:15:039: [DEBUG] - indexOfOppsitePlayer 3
2024-01-14 00:26:15:039: [DEBUG] - nextPlayer P-00000001, skipPlayer undefined
2024-01-14 00:26:15:062: [INFO] - Event draw-card. data: {}
2024-01-14 00:26:15:074: [DEBUG] - turn: 1, numberTurnPlay: 17
2024-01-14 00:26:15:095: [INFO] - Event play-draw-card. data: {"is_play_card":true,"yell_uno":false}
2024-01-14 00:26:15:108: [DEBUG] - players ["P-00000002","P-00000006","P-00000001","P-00000005"]
2024-01-14 00:26:15:108: [DEBUG] - turnRight true
2024-01-14 00:26:15:108: [DEBUG] - isSkip false
2024-01-14 00:26:15:108: [DEBUG] - indexOfBeforePlayer 2
2024-01-14 00:26:15:108: [DEBUG] - indexOfNextPlayer 3
2024-01-14 00:26:15:109: [DEBUG] - indexOfOppsitePlayer 0
2024-01-14 00:26:15:109: [DEBUG] - nextPlayer P-00000005, skipPlayer undefined
2024-01-14 00:26:15:111: [DEBUG] - cardPlay {"color":"green","special":"draw_2"}
2024-01-14 00:26:15:111: [DEBUG] - cardOfPlayer [{"color":"yellow","number":0},{"color":"green","special":"draw_2"},{"color":"red","number":3},{"color":"red","number":3}]
2024-01-14 00:26:15:112: [DEBUG] - Play card action. turn: 1, numberTurnPlay: 17
2024-01-14 00:26:15:134: [DEBUG] - players ["P-00000002","P-00000006","P-00000001","P-00000005"]
2024-01-14 00:26:15:134: [DEBUG] - turnRight true
2024-01-14 00:26:15:134: [DEBUG] - isSkip false
2024-01-14 00:26:15:134: [DEBUG] - indexOfBeforePlayer 2
2024-01-14 00:26:15:134: [DEBUG] - indexOfNextPlayer 3
2024-01-14 00:26:15:134: [DEBUG] - indexOfOppsitePlayer 0
2024-01-14 00:26:15:134: [DEBUG] - nextPlayer P-00000005, skipPlayer undefined
2024-01-14 00:26:15:148: [INFO] - Event draw-card. data: {}
2024-01-14 00:26:15:160: [DEBUG] - turn: 1, numberTurnPlay: 18
2024-01-14 00:26:15:174: [DEBUG] - players ["P-00000002","P-00000006","P-00000001","P-00000005"]
2024-01-14 00:26:15:174: [DEBUG] - turnRight true
2024-01-14 00:26:15:174: [DEBUG] - isSkip false
2024-01-14 00:26:15:174: [DEBUG] - indexOfBeforePlayer 3
2024-01-14 00:26:15:174: [DEBUG] - indexOfNextPlayer 0
2024-01-14 00:26:15:175: [DEBUG] - indexOfOppsitePlayer 1
2024-01-14 00:26:15:175: [DEBUG] - nextPlayer P-00000002, skipPlayer undefined
2024-01-14 00:26:15:189: [INFO] - Event play-card. data: {"card_play":{"color":"green","number":6},"yell_uno":false}
2024-01-14 00:26:15:201: [DEBUG] - players ["P-00000002","P-00000006","P-00000001","P-00000005"]
2024-01-14 00:26:15:201: [DEBUG] - turnRight true
2024-01-14 00:26:15:201: [DEBUG] - isSkip false
2024-01-14 00:26:15:201: [DEBUG] - indexOfBeforePlayer 0
2024-01-14 00:26:15:201: [DEBUG] - indexOfNextPlayer 1
2024-01-14 00:26:15:201: [DEBUG] - indexOfOppsitePlayer 2
2024-01-14 00:26:15:202: [DEBUG] - nextPlayer P-00000006, skipPlayer undefined
2024-01-14 00:26:15:203: [DEBUG] - cardPlay {"color":"green","number":6}
2024-01-14 00:26:15:203: [DEBUG] - cardOfPlayer [{"color":"yellow","number":2},{"color":"green","number":6},{"color":"green","number":7},{"color":"blue","number":2},{"color":"blue","number":7},{"color":"red","number":5}]
2024-01-14 00:26:15:204: [DEBUG] - Play card action. turn: 1, numberTurnPlay: 19
2024-01-14 00:26:15:215: [DEBUG] - players ["P-00000002","P-00000006","P-00000001","P-00000005"]
2024-01-14 00:26:15:215: [DEBUG] - turnRight true
2024-01-14 00:26:15:216: [DEBUG] - isSkip false
2024-01-14 00:26:15:216: [DEBUG] - indexOfBeforePlayer 0
2024-01-14 00:26:15:216: [DEBUG] - indexOfNextPlayer 1
2024-01-14 00:26:15:216: [DEBUG] - indexOfOppsitePlayer 2
2024-01-14 00:26:15:216: [DEBUG] - nextPlayer P-00000006, skipPlayer undefined
2024-01-14 00:26:15:230: [INFO] - Event play-card. data: {"card_play":{"color":"green","number":7},"yell_uno":false}
2024-01-14 00:26:15:242: [DEBUG] - players ["P-00000002","P-00000006","P-00000001","P-00000005"]
2024-01-14 00:26:15:242: [DEBUG] - turnRight true
2024-01-14 00:26:15:242: [DEBUG] - isSkip false
2024-01-14 00:26:15:242: [DEBUG] - indexOfBeforePlayer 1
2024-01-14 00:26:15:243: [DEBUG] - indexOfNextPlayer 2
2024-01-14 00:26:15:243: [DEBUG] - indexOfOppsitePlayer 3
2024-01-14 00:26:15:243: [DEBUG] - nextPlayer P-00000001, skipPlayer undefined
2024-01-14 00:26:15:245: [DEBUG] - cardPlay {"color":"green","number":7}
2024-01-14 00:26:15:245: [DEBUG] - cardOfPlayer [{"color":"green","number":7},{"color":"green","number":8},{"color":"red","number":1},{"color":"black","special":"wild"},{"color":"white","special":"white_wild"}]
2024-01-14 00:26:15:245: [DEBUG] - Play card action. turn: 1, numberTurnPlay: 20
2024-01-14 00:26:15:257: [DEBUG] - players ["P-00000002","P-00000006","P-00000001","P-00000005"]
2024-01-14 00:26:15:257: [DEBUG] - turnRight true
2024-01-14 00:26:15:258: [DEBUG] - isSkip false
2024-01-14 00:26:15:258: [DEBUG] - indexOfBeforePlayer 1
2024-01-14 00:26:15:258: [DEBUG] - indexOfNextPlayer 2
2024-01-14 00:26:15:258: [DEBUG] - indexOfOppsitePlayer 3
2024-01-14 00:26:15:258: [DEBUG] - nextPlayer P-00000001, skipPlayer undefined
2024-01-14 00:26:15:281: [INFO] - Event special-logic. data: {"title":"なんくるないさー！"}
2024-01-14 00:26:15:282: [INFO] - Event draw-card. data: {}
2024-01-14 00:26:15:295: [DEBUG] - turn: 1, numberTurnPlay: 21
2024-01-14 00:26:15:308: [DEBUG] - players ["P-00000002","P-00000006","P-00000001","P-00000005"]
2024-01-14 00:26:15:308: [DEBUG] - turnRight true
2024-01-14 00:26:15:308: [DEBUG] - isSkip false
2024-01-14 00:26:15:308: [DEBUG] - indexOfBeforePlayer 2
2024-01-14 00:26:15:308: [DEBUG] - indexOfNextPlayer 3
2024-01-14 00:26:15:308: [DEBUG] - indexOfOppsitePlayer 0
2024-01-14 00:26:15:308: [DEBUG] - nextPlayer P-00000005, skipPlayer undefined
2024-01-14 00:26:15:334: [INFO] - Event draw-card. data: {}
2024-01-14 00:26:15:346: [DEBUG] - turn: 1, numberTurnPlay: 22
2024-01-14 00:26:15:360: [DEBUG] - players ["P-00000002","P-00000006","P-00000001","P-00000005"]
2024-01-14 00:26:15:361: [DEBUG] - turnRight true
2024-01-14 00:26:15:361: [DEBUG] - isSkip false
2024-01-14 00:26:15:361: [DEBUG] - indexOfBeforePlayer 3
2024-01-14 00:26:15:361: [DEBUG] - indexOfNextPlayer 0
2024-01-14 00:26:15:361: [DEBUG] - indexOfOppsitePlayer 1
2024-01-14 00:26:15:361: [DEBUG] - nextPlayer P-00000002, skipPlayer undefined
2024-01-14 00:26:15:375: [INFO] - Event play-card. data: {"card_play":{"color":"green","number":7},"yell_uno":false}
2024-01-14 00:26:15:388: [DEBUG] - players ["P-00000002","P-00000006","P-00000001","P-00000005"]
2024-01-14 00:26:15:388: [DEBUG] - turnRight true
2024-01-14 00:26:15:388: [DEBUG] - isSkip false
2024-01-14 00:26:15:388: [DEBUG] - indexOfBeforePlayer 0
2024-01-14 00:26:15:388: [DEBUG] - indexOfNextPlayer 1
2024-01-14 00:26:15:388: [DEBUG] - indexOfOppsitePlayer 2
2024-01-14 00:26:15:388: [DEBUG] - nextPlayer P-00000006, skipPlayer undefined
2024-01-14 00:26:15:391: [DEBUG] - cardPlay {"color":"green","number":7}
2024-01-14 00:26:15:391: [DEBUG] - cardOfPlayer [{"color":"yellow","number":2},{"color":"green","number":7},{"color":"blue","number":2},{"color":"blue","number":7},{"color":"red","number":5}]
2024-01-14 00:26:15:391: [DEBUG] - Play card action. turn: 1, numberTurnPlay: 23
2024-01-14 00:26:15:404: [DEBUG] - players ["P-00000002","P-00000006","P-00000001","P-00000005"]
2024-01-14 00:26:15:404: [DEBUG] - turnRight true
2024-01-14 00:26:15:404: [DEBUG] - isSkip false
2024-01-14 00:26:15:404: [DEBUG] - indexOfBeforePlayer 0
2024-01-14 00:26:15:405: [DEBUG] - indexOfNextPlayer 1
2024-01-14 00:26:15:405: [DEBUG] - indexOfOppsitePlayer 2
2024-01-14 00:26:15:405: [DEBUG] - nextPlayer P-00000006, skipPlayer undefined
2024-01-14 00:26:15:421: [INFO] - Event play-card. data: {"card_play":{"color":"green","number":8},"yell_uno":false}
2024-01-14 00:26:15:432: [DEBUG] - players ["P-00000002","P-00000006","P-00000001","P-00000005"]
2024-01-14 00:26:15:432: [DEBUG] - turnRight true
2024-01-14 00:26:15:432: [DEBUG] - isSkip false
2024-01-14 00:26:15:433: [DEBUG] - indexOfBeforePlayer 1
2024-01-14 00:26:15:433: [DEBUG] - indexOfNextPlayer 2
2024-01-14 00:26:15:433: [DEBUG] - indexOfOppsitePlayer 3
2024-01-14 00:26:15:433: [DEBUG] - nextPlayer P-00000001, skipPlayer undefined
2024-01-14 00:26:15:436: [DEBUG] - cardPlay {"color":"green","number":8}
2024-01-14 00:26:15:436: [DEBUG] - cardOfPlayer [{"color":"green","number":8},{"color":"red","number":1},{"color":"black","special":"wild"},{"color":"white","special":"white_wild"}]
2024-01-14 00:26:15:436: [DEBUG] - Play card action. turn: 1, numberTurnPlay: 24
2024-01-14 00:26:15:448: [DEBUG] - players ["P-00000002","P-00000006","P-00000001","P-00000005"]
2024-01-14 00:26:15:448: [DEBUG] - turnRight true
2024-01-14 00:26:15:449: [DEBUG] - isSkip false
2024-01-14 00:26:15:449: [DEBUG] - indexOfBeforePlayer 1
2024-01-14 00:26:15:449: [DEBUG] - indexOfNextPlayer 2
2024-01-14 00:26:15:449: [DEBUG] - indexOfOppsitePlayer 3
2024-01-14 00:26:15:449: [DEBUG] - nextPlayer P-00000001, skipPlayer undefined
2024-01-14 00:26:15:471: [INFO] - Event draw-card. data: {}
2024-01-14 00:26:15:483: [DEBUG] - turn: 1, numberTurnPlay: 25
2024-01-14 00:26:15:496: [DEBUG] - players ["P-00000002","P-00000006","P-00000001","P-00000005"]
2024-01-14 00:26:15:496: [DEBUG] - turnRight true
2024-01-14 00:26:15:496: [DEBUG] - isSkip false
2024-01-14 00:26:15:497: [DEBUG] - indexOfBeforePlayer 2
2024-01-14 00:26:15:497: [DEBUG] - indexOfNextPlayer 3
2024-01-14 00:26:15:497: [DEBUG] - indexOfOppsitePlayer 0
2024-01-14 00:26:15:497: [DEBUG] - nextPlayer P-00000005, skipPlayer undefined
2024-01-14 00:26:15:511: [INFO] - Event play-card. data: {"card_play":{"color":"blue","number":8},"yell_uno":false}
2024-01-14 00:26:15:523: [DEBUG] - players ["P-00000002","P-00000006","P-00000001","P-00000005"]
2024-01-14 00:26:15:524: [DEBUG] - turnRight true
2024-01-14 00:26:15:524: [DEBUG] - isSkip false
2024-01-14 00:26:15:524: [DEBUG] - indexOfBeforePlayer 3
2024-01-14 00:26:15:524: [DEBUG] - indexOfNextPlayer 0
2024-01-14 00:26:15:524: [DEBUG] - indexOfOppsitePlayer 1
2024-01-14 00:26:15:524: [DEBUG] - nextPlayer P-00000002, skipPlayer undefined
2024-01-14 00:26:15:526: [DEBUG] - cardPlay {"color":"blue","number":8}
2024-01-14 00:26:15:526: [DEBUG] - cardOfPlayer [{"color":"yellow","special":"draw_2"},{"color":"yellow","number":3},{"color":"yellow","number":6},{"color":"yellow","number":6},{"color":"blue","special":"draw_2"},{"color":"blue","special":"draw_2"},{"color":"blue","number":4},{"color":"blue","number":6},{"color":"blue","number":8},{"color":"red","special":"reverse"}]
2024-01-14 00:26:15:527: [DEBUG] - Play card action. turn: 1, numberTurnPlay: 26
2024-01-14 00:26:15:539: [DEBUG] - players ["P-00000002","P-00000006","P-00000001","P-00000005"]
2024-01-14 00:26:15:539: [DEBUG] - turnRight true
2024-01-14 00:26:15:539: [DEBUG] - isSkip false
2024-01-14 00:26:15:540: [DEBUG] - indexOfBeforePlayer 3
2024-01-14 00:26:15:540: [DEBUG] - indexOfNextPlayer 0
2024-01-14 00:26:15:540: [DEBUG] - indexOfOppsitePlayer 1
2024-01-14 00:26:15:540: [DEBUG] - nextPlayer P-00000002, skipPlayer undefined
2024-01-14 00:26:15:556: [INFO] - Event play-card. data: {"card_play":{"color":"blue","number":2},"yell_uno":false}
2024-01-14 00:26:15:569: [DEBUG] - players ["P-00000002","P-00000006","P-00000001","P-00000005"]
2024-01-14 00:26:15:569: [DEBUG] - turnRight true
2024-01-14 00:26:15:569: [DEBUG] - isSkip false
2024-01-14 00:26:15:569: [DEBUG] - indexOfBeforePlayer 0
2024-01-14 00:26:15:569: [DEBUG] - indexOfNextPlayer 1
2024-01-14 00:26:15:569: [DEBUG] - indexOfOppsitePlayer 2
2024-01-14 00:26:15:570: [DEBUG] - nextPlayer P-00000006, skipPlayer undefined
2024-01-14 00:26:15:572: [DEBUG] - cardPlay {"color":"blue","number":2}
2024-01-14 00:26:15:572: [DEBUG] - cardOfPlayer [{"color":"yellow","number":2},{"color":"blue","number":2},{"color":"blue","number":7},{"color":"red","number":5}]
2024-01-14 00:26:15:572: [DEBUG] - Play card action. turn: 1, numberTurnPlay: 27
2024-01-14 00:26:15:583: [DEBUG] - players ["P-00000002","P-00000006","P-00000001","P-00000005"]
2024-01-14 00:26:15:583: [DEBUG] - turnRight true
2024-01-14 00:26:15:584: [DEBUG] - isSkip false
2024-01-14 00:26:15:584: [DEBUG] - indexOfBeforePlayer 0
2024-01-14 00:26:15:584: [DEBUG] - indexOfNextPlayer 1
2024-01-14 00:26:15:584: [DEBUG] - indexOfOppsitePlayer 2
2024-01-14 00:26:15:584: [DEBUG] - nextPlayer P-00000006, skipPlayer undefined
2024-01-14 00:26:15:599: [INFO] - Event play-card. data: {"card_play":{"color":"black","special":"wild"},"yell_uno":false,"color_of_wild":"blue"}
2024-01-14 00:26:15:611: [DEBUG] - players ["P-00000002","P-00000006","P-00000001","P-00000005"]
2024-01-14 00:26:15:611: [DEBUG] - turnRight true
2024-01-14 00:26:15:611: [DEBUG] - isSkip false
2024-01-14 00:26:15:611: [DEBUG] - indexOfBeforePlayer 1
2024-01-14 00:26:15:611: [DEBUG] - indexOfNextPlayer 2
2024-01-14 00:26:15:611: [DEBUG] - indexOfOppsitePlayer 3
2024-01-14 00:26:15:611: [DEBUG] - nextPlayer P-00000001, skipPlayer undefined
2024-01-14 00:26:15:614: [DEBUG] - cardPlay {"color":"black","special":"wild"}
2024-01-14 00:26:15:614: [DEBUG] - cardOfPlayer [{"color":"red","number":1},{"color":"black","special":"wild"},{"color":"white","special":"white_wild"}]
2024-01-14 00:26:15:615: [DEBUG] - Play card action. turn: 1, numberTurnPlay: 28
2024-01-14 00:26:15:641: [DEBUG] - players ["P-00000002","P-00000006","P-00000001","P-00000005"]
2024-01-14 00:26:15:641: [DEBUG] - turnRight true
2024-01-14 00:26:15:641: [DEBUG] - isSkip false
2024-01-14 00:26:15:641: [DEBUG] - indexOfBeforePlayer 1
2024-01-14 00:26:15:642: [DEBUG] - indexOfNextPlayer 2
2024-01-14 00:26:15:642: [DEBUG] - indexOfOppsitePlayer 3
2024-01-14 00:26:15:642: [DEBUG] - nextPlayer P-00000001, skipPlayer undefined
2024-01-14 00:26:15:668: [INFO] - Event draw-card. data: {}
2024-01-14 00:26:15:680: [DEBUG] - turn: 1, numberTurnPlay: 29
2024-01-14 00:26:15:695: [DEBUG] - players ["P-00000002","P-00000006","P-00000001","P-00000005"]
2024-01-14 00:26:15:695: [DEBUG] - turnRight true
2024-01-14 00:26:15:696: [DEBUG] - isSkip false
2024-01-14 00:26:15:696: [DEBUG] - indexOfBeforePlayer 2
2024-01-14 00:26:15:696: [DEBUG] - indexOfNextPlayer 3
2024-01-14 00:26:15:696: [DEBUG] - indexOfOppsitePlayer 0
2024-01-14 00:26:15:696: [DEBUG] - nextPlayer P-00000005, skipPlayer undefined
2024-01-14 00:26:15:711: [INFO] - Event play-card. data: {"card_play":{"color":"blue","special":"draw_2"},"yell_uno":false}
2024-01-14 00:26:15:723: [DEBUG] - players ["P-00000002","P-00000006","P-00000001","P-00000005"]
2024-01-14 00:26:15:725: [DEBUG] - turnRight true
2024-01-14 00:26:15:725: [DEBUG] - isSkip false
2024-01-14 00:26:15:725: [DEBUG] - indexOfBeforePlayer 3
2024-01-14 00:26:15:725: [DEBUG] - indexOfNextPlayer 0
2024-01-14 00:26:15:725: [DEBUG] - indexOfOppsitePlayer 1
2024-01-14 00:26:15:725: [DEBUG] - nextPlayer P-00000002, skipPlayer undefined
2024-01-14 00:26:15:727: [DEBUG] - cardPlay {"color":"blue","special":"draw_2"}
2024-01-14 00:26:15:727: [DEBUG] - cardOfPlayer [{"color":"yellow","special":"draw_2"},{"color":"yellow","number":3},{"color":"yellow","number":6},{"color":"yellow","number":6},{"color":"blue","special":"draw_2"},{"color":"blue","special":"draw_2"},{"color":"blue","number":4},{"color":"blue","number":6},{"color":"red","special":"reverse"}]
2024-01-14 00:26:15:728: [DEBUG] - Play card action. turn: 1, numberTurnPlay: 30
2024-01-14 00:26:15:741: [DEBUG] - players ["P-00000002","P-00000006","P-00000001","P-00000005"]
2024-01-14 00:26:15:741: [DEBUG] - turnRight true
2024-01-14 00:26:15:741: [DEBUG] - isSkip false
2024-01-14 00:26:15:741: [DEBUG] - indexOfBeforePlayer 3
2024-01-14 00:26:15:741: [DEBUG] - indexOfNextPlayer 0
2024-01-14 00:26:15:742: [DEBUG] - indexOfOppsitePlayer 1
2024-01-14 00:26:15:742: [DEBUG] - nextPlayer P-00000002, skipPlayer undefined
2024-01-14 00:26:15:756: [INFO] - Event draw-card. data: {}
2024-01-14 00:26:15:768: [DEBUG] - turn: 1, numberTurnPlay: 31
2024-01-14 00:26:15:782: [DEBUG] - players ["P-00000002","P-00000006","P-00000001","P-00000005"]
2024-01-14 00:26:15:782: [DEBUG] - turnRight true
2024-01-14 00:26:15:782: [DEBUG] - isSkip false
2024-01-14 00:26:15:782: [DEBUG] - indexOfBeforePlayer 0
2024-01-14 00:26:15:782: [DEBUG] - indexOfNextPlayer 1
2024-01-14 00:26:15:782: [DEBUG] - indexOfOppsitePlayer 2
2024-01-14 00:26:15:783: [DEBUG] - nextPlayer P-00000006, skipPlayer undefined
2024-01-14 00:26:15:798: [INFO] - Event play-card. data: {"card_play":{"color":"white","special":"white_wild"},"yell_uno":true}
2024-01-14 00:26:15:810: [DEBUG] - players ["P-00000002","P-00000006","P-00000001","P-00000005"]
2024-01-14 00:26:15:810: [DEBUG] - turnRight true
2024-01-14 00:26:15:810: [DEBUG] - isSkip true
2024-01-14 00:26:15:811: [DEBUG] - indexOfBeforePlayer 1
2024-01-14 00:26:15:811: [DEBUG] - indexOfNextPlayer 2
2024-01-14 00:26:15:811: [DEBUG] - indexOfOppsitePlayer 3
2024-01-14 00:26:15:811: [DEBUG] - nextPlayer P-00000005, skipPlayer P-00000001
2024-01-14 00:26:15:813: [DEBUG] - cardPlay {"color":"white","special":"white_wild"}
2024-01-14 00:26:15:813: [DEBUG] - cardOfPlayer [{"color":"red","number":1},{"color":"white","special":"white_wild"}]
2024-01-14 00:26:15:814: [DEBUG] - Play card action. turn: 1, numberTurnPlay: 32
2024-01-14 00:26:15:814: [DEBUG] - players ["P-00000002","P-00000006","P-00000001","P-00000005"]
2024-01-14 00:26:15:814: [DEBUG] - turnRight true
2024-01-14 00:26:15:814: [DEBUG] - isSkip true
2024-01-14 00:26:15:814: [DEBUG] - indexOfBeforePlayer 1
2024-01-14 00:26:15:814: [DEBUG] - indexOfNextPlayer 2
2024-01-14 00:26:15:814: [DEBUG] - indexOfOppsitePlayer 3
2024-01-14 00:26:15:814: [DEBUG] - nextPlayer P-00000005, skipPlayer P-00000001
2024-01-14 00:26:15:836: [DEBUG] - players ["P-00000002","P-00000006","P-00000001","P-00000005"]
2024-01-14 00:26:15:836: [DEBUG] - turnRight true
2024-01-14 00:26:15:836: [DEBUG] - isSkip true
2024-01-14 00:26:15:837: [DEBUG] - indexOfBeforePlayer 1
2024-01-14 00:26:15:837: [DEBUG] - indexOfNextPlayer 2
2024-01-14 00:26:15:837: [DEBUG] - indexOfOppsitePlayer 3
2024-01-14 00:26:15:837: [DEBUG] - nextPlayer P-00000005, skipPlayer P-00000001
2024-01-14 00:26:15:851: [INFO] - Event draw-card. data: {}
2024-01-14 00:26:15:863: [DEBUG] - turn: 1, numberTurnPlay: 33
2024-01-14 00:26:15:877: [DEBUG] - players ["P-00000002","P-00000006","P-00000001","P-00000005"]
2024-01-14 00:26:15:878: [DEBUG] - turnRight true
2024-01-14 00:26:15:878: [DEBUG] - isSkip false
2024-01-14 00:26:15:878: [DEBUG] - indexOfBeforePlayer 3
2024-01-14 00:26:15:878: [DEBUG] - indexOfNextPlayer 0
2024-01-14 00:26:15:878: [DEBUG] - indexOfOppsitePlayer 1
2024-01-14 00:26:15:878: [DEBUG] - nextPlayer P-00000002, skipPlayer undefined
2024-01-14 00:26:15:892: [INFO] - Event play-card. data: {"card_play":{"color":"blue","number":7},"yell_uno":false}
2024-01-14 00:26:15:904: [DEBUG] - players ["P-00000002","P-00000006","P-00000001","P-00000005"]
2024-01-14 00:26:15:904: [DEBUG] - turnRight true
2024-01-14 00:26:15:904: [DEBUG] - isSkip false
2024-01-14 00:26:15:904: [DEBUG] - indexOfBeforePlayer 0
2024-01-14 00:26:15:904: [DEBUG] - indexOfNextPlayer 1
2024-01-14 00:26:15:904: [DEBUG] - indexOfOppsitePlayer 2
2024-01-14 00:26:15:905: [DEBUG] - nextPlayer P-00000006, skipPlayer undefined
2024-01-14 00:26:15:906: [DEBUG] - cardPlay {"color":"blue","number":7}
2024-01-14 00:26:15:906: [DEBUG] - cardOfPlayer [{"color":"yellow","number":2},{"color":"blue","number":7},{"color":"red","number":5},{"color":"red","number":8},{"color":"black","special":"wild_draw_4"}]
2024-01-14 00:26:15:907: [DEBUG] - Play card action. turn: 1, numberTurnPlay: 34
2024-01-14 00:26:15:919: [DEBUG] - players ["P-00000002","P-00000006","P-00000001","P-00000005"]
2024-01-14 00:26:15:919: [DEBUG] - turnRight true
2024-01-14 00:26:15:919: [DEBUG] - isSkip false
2024-01-14 00:26:15:919: [DEBUG] - indexOfBeforePlayer 0
2024-01-14 00:26:15:919: [DEBUG] - indexOfNextPlayer 1
2024-01-14 00:26:15:919: [DEBUG] - indexOfOppsitePlayer 2
2024-01-14 00:26:15:920: [DEBUG] - nextPlayer P-00000006, skipPlayer undefined
2024-01-14 00:26:15:935: [INFO] - Event draw-card. data: {}
2024-01-14 00:26:15:947: [DEBUG] - turn: 1, numberTurnPlay: 35
2024-01-14 00:26:15:962: [INFO] - Event play-draw-card. data: {"is_play_card":true,"yell_uno":true}
2024-01-14 00:26:15:974: [DEBUG] - players ["P-00000002","P-00000006","P-00000001","P-00000005"]
2024-01-14 00:26:15:974: [DEBUG] - turnRight true
2024-01-14 00:26:15:974: [DEBUG] - isSkip false
2024-01-14 00:26:15:974: [DEBUG] - indexOfBeforePlayer 1
2024-01-14 00:26:15:974: [DEBUG] - indexOfNextPlayer 2
2024-01-14 00:26:15:974: [DEBUG] - indexOfOppsitePlayer 3
2024-01-14 00:26:15:975: [DEBUG] - nextPlayer P-00000001, skipPlayer undefined
2024-01-14 00:26:15:978: [DEBUG] - cardPlay {"color":"yellow","number":7}
2024-01-14 00:26:15:978: [DEBUG] - cardOfPlayer [{"color":"yellow","number":7},{"color":"red","number":1}]
2024-01-14 00:26:15:978: [DEBUG] - Play card action. turn: 1, numberTurnPlay: 35
2024-01-14 00:26:16:001: [DEBUG] - players ["P-00000002","P-00000006","P-00000001","P-00000005"]
2024-01-14 00:26:16:001: [DEBUG] - turnRight true
2024-01-14 00:26:16:001: [DEBUG] - isSkip false
2024-01-14 00:26:16:001: [DEBUG] - indexOfBeforePlayer 1
2024-01-14 00:26:16:001: [DEBUG] - indexOfNextPlayer 2
2024-01-14 00:26:16:001: [DEBUG] - indexOfOppsitePlayer 3
2024-01-14 00:26:16:002: [DEBUG] - nextPlayer P-00000001, skipPlayer undefined
2024-01-14 00:26:16:024: [INFO] - Event play-card. data: {"card_play":{"color":"yellow","number":0},"yell_uno":false}
2024-01-14 00:26:16:036: [DEBUG] - players ["P-00000002","P-00000006","P-00000001","P-00000005"]
2024-01-14 00:26:16:036: [DEBUG] - turnRight true
2024-01-14 00:26:16:037: [DEBUG] - isSkip false
2024-01-14 00:26:16:037: [DEBUG] - indexOfBeforePlayer 2
2024-01-14 00:26:16:037: [DEBUG] - indexOfNextPlayer 3
2024-01-14 00:26:16:037: [DEBUG] - indexOfOppsitePlayer 0
2024-01-14 00:26:16:037: [DEBUG] - nextPlayer P-00000005, skipPlayer undefined
2024-01-14 00:26:16:039: [DEBUG] - cardPlay {"color":"yellow","number":0}
2024-01-14 00:26:16:039: [DEBUG] - cardOfPlayer [{"color":"yellow","number":0},{"color":"yellow","number":3},{"color":"red","number":3},{"color":"red","number":3},{"color":"red","special":"draw_2"},{"color":"red","number":9}]
2024-01-14 00:26:16:039: [DEBUG] - Play card action. turn: 1, numberTurnPlay: 36
2024-01-14 00:26:16:051: [DEBUG] - players ["P-00000002","P-00000006","P-00000001","P-00000005"]
2024-01-14 00:26:16:051: [DEBUG] - turnRight true
2024-01-14 00:26:16:051: [DEBUG] - isSkip false
2024-01-14 00:26:16:051: [DEBUG] - indexOfBeforePlayer 2
2024-01-14 00:26:16:051: [DEBUG] - indexOfNextPlayer 3
2024-01-14 00:26:16:052: [DEBUG] - indexOfOppsitePlayer 0
2024-01-14 00:26:16:052: [DEBUG] - nextPlayer P-00000005, skipPlayer undefined
2024-01-14 00:26:16:066: [INFO] - Event draw-card. data: {}
2024-01-14 00:26:16:078: [DEBUG] - turn: 1, numberTurnPlay: 37
2024-01-14 00:26:16:090: [DEBUG] - players ["P-00000002","P-00000006","P-00000001","P-00000005"]
2024-01-14 00:26:16:090: [DEBUG] - turnRight true
2024-01-14 00:26:16:090: [DEBUG] - isSkip false
2024-01-14 00:26:16:090: [DEBUG] - indexOfBeforePlayer 3
2024-01-14 00:26:16:091: [DEBUG] - indexOfNextPlayer 0
2024-01-14 00:26:16:091: [DEBUG] - indexOfOppsitePlayer 1
2024-01-14 00:26:16:091: [DEBUG] - nextPlayer P-00000002, skipPlayer undefined
2024-01-14 00:26:16:106: [INFO] - Event play-card. data: {"card_play":{"color":"yellow","number":2},"yell_uno":false}
2024-01-14 00:26:16:116: [DEBUG] - players ["P-00000002","P-00000006","P-00000001","P-00000005"]
2024-01-14 00:26:16:117: [DEBUG] - turnRight true
2024-01-14 00:26:16:117: [DEBUG] - isSkip false
2024-01-14 00:26:16:117: [DEBUG] - indexOfBeforePlayer 0
2024-01-14 00:26:16:117: [DEBUG] - indexOfNextPlayer 1
2024-01-14 00:26:16:117: [DEBUG] - indexOfOppsitePlayer 2
2024-01-14 00:26:16:117: [DEBUG] - nextPlayer P-00000006, skipPlayer undefined
2024-01-14 00:26:16:120: [DEBUG] - cardPlay {"color":"yellow","number":2}
2024-01-14 00:26:16:120: [DEBUG] - cardOfPlayer [{"color":"yellow","number":2},{"color":"red","number":5},{"color":"red","number":8},{"color":"black","special":"wild_draw_4"}]
2024-01-14 00:26:16:120: [DEBUG] - Play card action. turn: 1, numberTurnPlay: 38
2024-01-14 00:26:16:132: [DEBUG] - players ["P-00000002","P-00000006","P-00000001","P-00000005"]
2024-01-14 00:26:16:132: [DEBUG] - turnRight true
2024-01-14 00:26:16:133: [DEBUG] - isSkip false
2024-01-14 00:26:16:133: [DEBUG] - indexOfBeforePlayer 0
2024-01-14 00:26:16:133: [DEBUG] - indexOfNextPlayer 1
2024-01-14 00:26:16:133: [DEBUG] - indexOfOppsitePlayer 2
2024-01-14 00:26:16:133: [DEBUG] - nextPlayer P-00000006, skipPlayer undefined
2024-01-14 00:26:16:148: [INFO] - Event draw-card. data: {}
2024-01-14 00:26:16:160: [DEBUG] - turn: 1, numberTurnPlay: 39
2024-01-14 00:26:16:174: [INFO] - Event play-draw-card. data: {"is_play_card":true,"yell_uno":true}
2024-01-14 00:26:16:186: [DEBUG] - players ["P-00000002","P-00000006","P-00000001","P-00000005"]
2024-01-14 00:26:16:187: [DEBUG] - turnRight true
2024-01-14 00:26:16:187: [DEBUG] - isSkip false
2024-01-14 00:26:16:187: [DEBUG] - indexOfBeforePlayer 1
2024-01-14 00:26:16:187: [DEBUG] - indexOfNextPlayer 2
2024-01-14 00:26:16:187: [DEBUG] - indexOfOppsitePlayer 3
2024-01-14 00:26:16:187: [DEBUG] - nextPlayer P-00000001, skipPlayer undefined
2024-01-14 00:26:16:189: [DEBUG] - cardPlay {"color":"red","number":2}
2024-01-14 00:26:16:189: [DEBUG] - cardOfPlayer [{"color":"red","number":1},{"color":"red","number":2}]
2024-01-14 00:26:16:189: [DEBUG] - Play card action. turn: 1, numberTurnPlay: 39
2024-01-14 00:26:16:211: [DEBUG] - players ["P-00000002","P-00000006","P-00000001","P-00000005"]
2024-01-14 00:26:16:212: [DEBUG] - turnRight true
2024-01-14 00:26:16:212: [DEBUG] - isSkip false
2024-01-14 00:26:16:212: [DEBUG] - indexOfBeforePlayer 1
2024-01-14 00:26:16:212: [DEBUG] - indexOfNextPlayer 2
2024-01-14 00:26:16:212: [DEBUG] - indexOfOppsitePlayer 3
2024-01-14 00:26:16:212: [DEBUG] - nextPlayer P-00000001, skipPlayer undefined
2024-01-14 00:26:16:238: [INFO] - Event play-card. data: {"card_play":{"color":"red","number":3},"yell_uno":false}
2024-01-14 00:26:16:249: [DEBUG] - players ["P-00000002","P-00000006","P-00000001","P-00000005"]
2024-01-14 00:26:16:249: [DEBUG] - turnRight true
2024-01-14 00:26:16:249: [DEBUG] - isSkip false
2024-01-14 00:26:16:249: [DEBUG] - indexOfBeforePlayer 2
2024-01-14 00:26:16:249: [DEBUG] - indexOfNextPlayer 3
2024-01-14 00:26:16:249: [DEBUG] - indexOfOppsitePlayer 0
2024-01-14 00:26:16:249: [DEBUG] - nextPlayer P-00000005, skipPlayer undefined
2024-01-14 00:26:16:251: [DEBUG] - cardPlay {"color":"red","number":3}
2024-01-14 00:26:16:251: [DEBUG] - cardOfPlayer [{"color":"yellow","number":3},{"color":"red","number":3},{"color":"red","number":3},{"color":"red","special":"draw_2"},{"color":"red","number":9}]
2024-01-14 00:26:16:251: [DEBUG] - Play card action. turn: 1, numberTurnPlay: 40
2024-01-14 00:26:16:263: [DEBUG] - players ["P-00000002","P-00000006","P-00000001","P-00000005"]
2024-01-14 00:26:16:264: [DEBUG] - turnRight true
2024-01-14 00:26:16:264: [DEBUG] - isSkip false
2024-01-14 00:26:16:264: [DEBUG] - indexOfBeforePlayer 2
2024-01-14 00:26:16:264: [DEBUG] - indexOfNextPlayer 3
2024-01-14 00:26:16:264: [DEBUG] - indexOfOppsitePlayer 0
2024-01-14 00:26:16:264: [DEBUG] - nextPlayer P-00000005, skipPlayer undefined
2024-01-14 00:26:16:278: [INFO] - Event play-card. data: {"card_play":{"color":"yellow","number":3},"yell_uno":false}
2024-01-14 00:26:16:290: [DEBUG] - players ["P-00000002","P-00000006","P-00000001","P-00000005"]
2024-01-14 00:26:16:290: [DEBUG] - turnRight true
2024-01-14 00:26:16:290: [DEBUG] - isSkip false
2024-01-14 00:26:16:290: [DEBUG] - indexOfBeforePlayer 3
2024-01-14 00:26:16:290: [DEBUG] - indexOfNextPlayer 0
2024-01-14 00:26:16:290: [DEBUG] - indexOfOppsitePlayer 1
2024-01-14 00:26:16:290: [DEBUG] - nextPlayer P-00000002, skipPlayer undefined
2024-01-14 00:26:16:292: [DEBUG] - cardPlay {"color":"yellow","number":3}
2024-01-14 00:26:16:292: [DEBUG] - cardOfPlayer [{"color":"yellow","special":"draw_2"},{"color":"yellow","number":3},{"color":"yellow","number":6},{"color":"yellow","number":6},{"color":"yellow","special":"skip"},{"color":"green","special":"skip"},{"color":"blue","special":"draw_2"},{"color":"blue","number":4},{"color":"blue","number":6},{"color":"red","special":"reverse"}]
2024-01-14 00:26:16:294: [DEBUG] - Play card action. turn: 1, numberTurnPlay: 41
2024-01-14 00:26:16:305: [DEBUG] - players ["P-00000002","P-00000006","P-00000001","P-00000005"]
2024-01-14 00:26:16:306: [DEBUG] - turnRight true
2024-01-14 00:26:16:306: [DEBUG] - isSkip false
2024-01-14 00:26:16:306: [DEBUG] - indexOfBeforePlayer 3
2024-01-14 00:26:16:306: [DEBUG] - indexOfNextPlayer 0
2024-01-14 00:26:16:306: [DEBUG] - indexOfOppsitePlayer 1
2024-01-14 00:26:16:306: [DEBUG] - nextPlayer P-00000002, skipPlayer undefined
2024-01-14 00:26:16:322: [INFO] - Event play-card. data: {"card_play":{"color":"black","special":"wild_draw_4"},"yell_uno":false,"color_of_wild":"yellow"}
2024-01-14 00:26:16:334: [DEBUG] - players ["P-00000002","P-00000006","P-00000001","P-00000005"]
2024-01-14 00:26:16:334: [DEBUG] - turnRight true
2024-01-14 00:26:16:334: [DEBUG] - isSkip false
2024-01-14 00:26:16:334: [DEBUG] - indexOfBeforePlayer 0
2024-01-14 00:26:16:334: [DEBUG] - indexOfNextPlayer 1
2024-01-14 00:26:16:334: [DEBUG] - indexOfOppsitePlayer 2
2024-01-14 00:26:16:334: [DEBUG] - nextPlayer P-00000006, skipPlayer undefined
2024-01-14 00:26:16:336: [DEBUG] - cardPlay {"color":"black","special":"wild_draw_4"}
2024-01-14 00:26:16:336: [DEBUG] - cardOfPlayer [{"color":"red","number":5},{"color":"red","number":8},{"color":"black","special":"wild_draw_4"}]
2024-01-14 00:26:16:337: [DEBUG] - Play card action. turn: 1, numberTurnPlay: 42
2024-01-14 00:26:16:361: [DEBUG] - players ["P-00000002","P-00000006","P-00000001","P-00000005"]
2024-01-14 00:26:16:361: [DEBUG] - turnRight true
2024-01-14 00:26:16:361: [DEBUG] - isSkip false
2024-01-14 00:26:16:361: [DEBUG] - indexOfBeforePlayer 0
2024-01-14 00:26:16:361: [DEBUG] - indexOfNextPlayer 1
2024-01-14 00:26:16:361: [DEBUG] - indexOfOppsitePlayer 2
2024-01-14 00:26:16:361: [DEBUG] - nextPlayer P-00000006, skipPlayer undefined
2024-01-14 00:26:16:374: [INFO] - Event draw-card. data: {}
2024-01-14 00:26:16:386: [DEBUG] - turn: 1, numberTurnPlay: 43
2024-01-14 00:26:16:399: [DEBUG] - players ["P-00000002","P-00000006","P-00000001","P-00000005"]
2024-01-14 00:26:16:399: [DEBUG] - turnRight true
2024-01-14 00:26:16:399: [DEBUG] - isSkip false
2024-01-14 00:26:16:399: [DEBUG] - indexOfBeforePlayer 1
2024-01-14 00:26:16:400: [DEBUG] - indexOfNextPlayer 2
2024-01-14 00:26:16:400: [DEBUG] - indexOfOppsitePlayer 3
2024-01-14 00:26:16:400: [DEBUG] - nextPlayer P-00000001, skipPlayer undefined
2024-01-14 00:26:16:420: [INFO] - Event special-logic. data: {"title":"なんくるないさー！"}
2024-01-14 00:26:16:433: [INFO] - Event play-card. data: {"card_play":{"color":"yellow","number":3},"yell_uno":false}
2024-01-14 00:26:16:445: [DEBUG] - players ["P-00000002","P-00000006","P-00000001","P-00000005"]
2024-01-14 00:26:16:445: [DEBUG] - turnRight true
2024-01-14 00:26:16:445: [DEBUG] - isSkip false
2024-01-14 00:26:16:445: [DEBUG] - indexOfBeforePlayer 2
2024-01-14 00:26:16:446: [DEBUG] - indexOfNextPlayer 3
2024-01-14 00:26:16:446: [DEBUG] - indexOfOppsitePlayer 0
2024-01-14 00:26:16:446: [DEBUG] - nextPlayer P-00000005, skipPlayer undefined
2024-01-14 00:26:16:447: [DEBUG] - cardPlay {"color":"yellow","number":3}
2024-01-14 00:26:16:447: [DEBUG] - cardOfPlayer [{"color":"yellow","number":3},{"color":"red","number":3},{"color":"red","special":"draw_2"},{"color":"red","number":9}]
2024-01-14 00:26:16:448: [DEBUG] - Play card action. turn: 1, numberTurnPlay: 44
2024-01-14 00:26:16:459: [DEBUG] - players ["P-00000002","P-00000006","P-00000001","P-00000005"]
2024-01-14 00:26:16:459: [DEBUG] - turnRight true
2024-01-14 00:26:16:460: [DEBUG] - isSkip false
2024-01-14 00:26:16:460: [DEBUG] - indexOfBeforePlayer 2
2024-01-14 00:26:16:460: [DEBUG] - indexOfNextPlayer 3
2024-01-14 00:26:16:460: [DEBUG] - indexOfOppsitePlayer 0
2024-01-14 00:26:16:460: [DEBUG] - nextPlayer P-00000005, skipPlayer undefined
2024-01-14 00:26:16:474: [INFO] - Event play-card. data: {"card_play":{"color":"yellow","special":"draw_2"},"yell_uno":false}
2024-01-14 00:26:16:487: [DEBUG] - players ["P-00000002","P-00000006","P-00000001","P-00000005"]
2024-01-14 00:26:16:487: [DEBUG] - turnRight true
2024-01-14 00:26:16:487: [DEBUG] - isSkip false
2024-01-14 00:26:16:487: [DEBUG] - indexOfBeforePlayer 3
2024-01-14 00:26:16:487: [DEBUG] - indexOfNextPlayer 0
2024-01-14 00:26:16:487: [DEBUG] - indexOfOppsitePlayer 1
2024-01-14 00:26:16:487: [DEBUG] - nextPlayer P-00000002, skipPlayer undefined
2024-01-14 00:26:16:490: [DEBUG] - cardPlay {"color":"yellow","special":"draw_2"}
2024-01-14 00:26:16:490: [DEBUG] - cardOfPlayer [{"color":"yellow","special":"draw_2"},{"color":"yellow","number":6},{"color":"yellow","number":6},{"color":"yellow","special":"skip"},{"color":"green","special":"skip"},{"color":"blue","special":"draw_2"},{"color":"blue","number":4},{"color":"blue","number":6},{"color":"red","special":"reverse"}]
2024-01-14 00:26:16:490: [DEBUG] - Play card action. turn: 1, numberTurnPlay: 45
2024-01-14 00:26:16:502: [DEBUG] - players ["P-00000002","P-00000006","P-00000001","P-00000005"]
2024-01-14 00:26:16:503: [DEBUG] - turnRight true
2024-01-14 00:26:16:503: [DEBUG] - isSkip false
2024-01-14 00:26:16:503: [DEBUG] - indexOfBeforePlayer 3
2024-01-14 00:26:16:503: [DEBUG] - indexOfNextPlayer 0
2024-01-14 00:26:16:503: [DEBUG] - indexOfOppsitePlayer 1
2024-01-14 00:26:16:503: [DEBUG] - nextPlayer P-00000002, skipPlayer undefined
2024-01-14 00:26:16:518: [INFO] - Event draw-card. data: {}
2024-01-14 00:26:16:528: [DEBUG] - turn: 1, numberTurnPlay: 46
2024-01-14 00:26:16:541: [DEBUG] - players ["P-00000002","P-00000006","P-00000001","P-00000005"]
2024-01-14 00:26:16:541: [DEBUG] - turnRight true
2024-01-14 00:26:16:542: [DEBUG] - isSkip false
2024-01-14 00:26:16:542: [DEBUG] - indexOfBeforePlayer 0
2024-01-14 00:26:16:542: [DEBUG] - indexOfNextPlayer 1
2024-01-14 00:26:16:542: [DEBUG] - indexOfOppsitePlayer 2
2024-01-14 00:26:16:542: [DEBUG] - nextPlayer P-00000006, skipPlayer undefined
2024-01-14 00:26:16:556: [INFO] - Event draw-card. data: {}
2024-01-14 00:26:16:567: [DEBUG] - turn: 1, numberTurnPlay: 47
2024-01-14 00:26:16:581: [INFO] - Event play-draw-card. data: {"is_play_card":true,"yell_uno":false}
2024-01-14 00:26:16:593: [DEBUG] - players ["P-00000002","P-00000006","P-00000001","P-00000005"]
2024-01-14 00:26:16:593: [DEBUG] - turnRight true
2024-01-14 00:26:16:593: [DEBUG] - isSkip true
2024-01-14 00:26:16:593: [DEBUG] - indexOfBeforePlayer 1
2024-01-14 00:26:16:593: [DEBUG] - indexOfNextPlayer 2
2024-01-14 00:26:16:593: [DEBUG] - indexOfOppsitePlayer 3
2024-01-14 00:26:16:593: [DEBUG] - nextPlayer P-00000005, skipPlayer P-00000001
2024-01-14 00:26:16:595: [DEBUG] - cardPlay {"color":"white","special":"white_wild"}
2024-01-14 00:26:16:595: [DEBUG] - cardOfPlayer [{"color":"green","number":9},{"color":"blue","number":1},{"color":"blue","number":5},{"color":"red","number":1},{"color":"red","number":7},{"color":"white","special":"white_wild"}]
2024-01-14 00:26:16:595: [DEBUG] - Play card action. turn: 1, numberTurnPlay: 47
2024-01-14 00:26:16:595: [DEBUG] - players ["P-00000002","P-00000006","P-00000001","P-00000005"]
2024-01-14 00:26:16:595: [DEBUG] - turnRight true
2024-01-14 00:26:16:595: [DEBUG] - isSkip true
2024-01-14 00:26:16:595: [DEBUG] - indexOfBeforePlayer 1
2024-01-14 00:26:16:595: [DEBUG] - indexOfNextPlayer 2
2024-01-14 00:26:16:596: [DEBUG] - indexOfOppsitePlayer 3
2024-01-14 00:26:16:596: [DEBUG] - nextPlayer P-00000005, skipPlayer P-00000001
2024-01-14 00:26:16:628: [DEBUG] - players ["P-00000002","P-00000006","P-00000001","P-00000005"]
2024-01-14 00:26:16:628: [DEBUG] - turnRight true
2024-01-14 00:26:16:628: [DEBUG] - isSkip true
2024-01-14 00:26:16:628: [DEBUG] - indexOfBeforePlayer 1
2024-01-14 00:26:16:628: [DEBUG] - indexOfNextPlayer 2
2024-01-14 00:26:16:628: [DEBUG] - indexOfOppsitePlayer 3
2024-01-14 00:26:16:629: [DEBUG] - nextPlayer P-00000005, skipPlayer P-00000001
2024-01-14 00:26:16:642: [INFO] - Event draw-card. data: {}
2024-01-14 00:26:16:653: [DEBUG] - turn: 1, numberTurnPlay: 48
2024-01-14 00:26:16:666: [DEBUG] - players ["P-00000002","P-00000006","P-00000001","P-00000005"]
2024-01-14 00:26:16:666: [DEBUG] - turnRight true
2024-01-14 00:26:16:666: [DEBUG] - isSkip false
2024-01-14 00:26:16:666: [DEBUG] - indexOfBeforePlayer 3
2024-01-14 00:26:16:667: [DEBUG] - indexOfNextPlayer 0
2024-01-14 00:26:16:667: [DEBUG] - indexOfOppsitePlayer 1
2024-01-14 00:26:16:667: [DEBUG] - nextPlayer P-00000002, skipPlayer undefined
2024-01-14 00:26:16:681: [INFO] - Event play-card. data: {"card_play":{"color":"black","special":"wild_draw_4"},"yell_uno":false,"color_of_wild":"red"}
2024-01-14 00:26:16:691: [DEBUG] - players ["P-00000002","P-00000006","P-00000001","P-00000005"]
2024-01-14 00:26:16:692: [DEBUG] - turnRight true
2024-01-14 00:26:16:692: [DEBUG] - isSkip false
2024-01-14 00:26:16:692: [DEBUG] - indexOfBeforePlayer 0
2024-01-14 00:26:16:692: [DEBUG] - indexOfNextPlayer 1
2024-01-14 00:26:16:692: [DEBUG] - indexOfOppsitePlayer 2
2024-01-14 00:26:16:692: [DEBUG] - nextPlayer P-00000006, skipPlayer undefined
2024-01-14 00:26:16:693: [DEBUG] - cardPlay {"color":"black","special":"wild_draw_4"}
2024-01-14 00:26:16:693: [DEBUG] - cardOfPlayer [{"color":"red","number":5},{"color":"red","number":8},{"color":"red","special":"skip"},{"color":"black","special":"wild_draw_4"}]
2024-01-14 00:26:16:694: [DEBUG] - Play card action. turn: 1, numberTurnPlay: 49
2024-01-14 00:26:16:718: [DEBUG] - players ["P-00000002","P-00000006","P-00000001","P-00000005"]
2024-01-14 00:26:16:718: [DEBUG] - turnRight true
2024-01-14 00:26:16:718: [DEBUG] - isSkip false
2024-01-14 00:26:16:718: [DEBUG] - indexOfBeforePlayer 0
2024-01-14 00:26:16:718: [DEBUG] - indexOfNextPlayer 1
2024-01-14 00:26:16:718: [DEBUG] - indexOfOppsitePlayer 2
2024-01-14 00:26:16:718: [DEBUG] - nextPlayer P-00000006, skipPlayer undefined
2024-01-14 00:26:16:732: [INFO] - Event draw-card. data: {}
2024-01-14 00:26:16:744: [DEBUG] - turn: 1, numberTurnPlay: 50
2024-01-14 00:26:16:757: [DEBUG] - players ["P-00000002","P-00000006","P-00000001","P-00000005"]
2024-01-14 00:26:16:757: [DEBUG] - turnRight true
2024-01-14 00:26:16:757: [DEBUG] - isSkip false
2024-01-14 00:26:16:757: [DEBUG] - indexOfBeforePlayer 1
2024-01-14 00:26:16:758: [DEBUG] - indexOfNextPlayer 2
2024-01-14 00:26:16:758: [DEBUG] - indexOfOppsitePlayer 3
2024-01-14 00:26:16:758: [DEBUG] - nextPlayer P-00000001, skipPlayer undefined
2024-01-14 00:26:16:781: [INFO] - Event play-card. data: {"card_play":{"color":"red","number":3},"yell_uno":false}
2024-01-14 00:26:16:794: [DEBUG] - players ["P-00000002","P-00000006","P-00000001","P-00000005"]
2024-01-14 00:26:16:794: [DEBUG] - turnRight true
2024-01-14 00:26:16:794: [DEBUG] - isSkip false
2024-01-14 00:26:16:794: [DEBUG] - indexOfBeforePlayer 2
2024-01-14 00:26:16:794: [DEBUG] - indexOfNextPlayer 3
2024-01-14 00:26:16:794: [DEBUG] - indexOfOppsitePlayer 0
2024-01-14 00:26:16:794: [DEBUG] - nextPlayer P-00000005, skipPlayer undefined
2024-01-14 00:26:16:796: [DEBUG] - cardPlay {"color":"red","number":3}
2024-01-14 00:26:16:797: [DEBUG] - cardOfPlayer [{"color":"red","number":3},{"color":"red","special":"draw_2"},{"color":"red","number":9}]
2024-01-14 00:26:16:797: [DEBUG] - Play card action. turn: 1, numberTurnPlay: 51
2024-01-14 00:26:16:809: [DEBUG] - players ["P-00000002","P-00000006","P-00000001","P-00000005"]
2024-01-14 00:26:16:809: [DEBUG] - turnRight true
2024-01-14 00:26:16:809: [DEBUG] - isSkip false
2024-01-14 00:26:16:809: [DEBUG] - indexOfBeforePlayer 2
2024-01-14 00:26:16:809: [DEBUG] - indexOfNextPlayer 3
2024-01-14 00:26:16:809: [DEBUG] - indexOfOppsitePlayer 0
2024-01-14 00:26:16:810: [DEBUG] - nextPlayer P-00000005, skipPlayer undefined
2024-01-14 00:26:16:824: [INFO] - Event draw-card. data: {}
2024-01-14 00:26:16:837: [DEBUG] - turn: 1, numberTurnPlay: 52
2024-01-14 00:26:16:850: [DEBUG] - players ["P-00000002","P-00000006","P-00000001","P-00000005"]
2024-01-14 00:26:16:850: [DEBUG] - turnRight true
2024-01-14 00:26:16:850: [DEBUG] - isSkip false
2024-01-14 00:26:16:850: [DEBUG] - indexOfBeforePlayer 3
2024-01-14 00:26:16:851: [DEBUG] - indexOfNextPlayer 0
2024-01-14 00:26:16:851: [DEBUG] - indexOfOppsitePlayer 1
2024-01-14 00:26:16:851: [DEBUG] - nextPlayer P-00000002, skipPlayer undefined
2024-01-14 00:26:16:865: [INFO] - Event play-card. data: {"card_play":{"color":"red","number":5},"yell_uno":false}
2024-01-14 00:26:16:877: [DEBUG] - players ["P-00000002","P-00000006","P-00000001","P-00000005"]
2024-01-14 00:26:16:877: [DEBUG] - turnRight true
2024-01-14 00:26:16:877: [DEBUG] - isSkip false
2024-01-14 00:26:16:877: [DEBUG] - indexOfBeforePlayer 0
2024-01-14 00:26:16:877: [DEBUG] - indexOfNextPlayer 1
2024-01-14 00:26:16:877: [DEBUG] - indexOfOppsitePlayer 2
2024-01-14 00:26:16:878: [DEBUG] - nextPlayer P-00000006, skipPlayer undefined
2024-01-14 00:26:16:879: [DEBUG] - cardPlay {"color":"red","number":5}
2024-01-14 00:26:16:879: [DEBUG] - cardOfPlayer [{"color":"red","number":5},{"color":"red","number":8},{"color":"red","special":"skip"}]
2024-01-14 00:26:16:880: [DEBUG] - Play card action. turn: 1, numberTurnPlay: 53
2024-01-14 00:26:16:891: [DEBUG] - players ["P-00000002","P-00000006","P-00000001","P-00000005"]
2024-01-14 00:26:16:891: [DEBUG] - turnRight true
2024-01-14 00:26:16:892: [DEBUG] - isSkip false
2024-01-14 00:26:16:892: [DEBUG] - indexOfBeforePlayer 0
2024-01-14 00:26:16:892: [DEBUG] - indexOfNextPlayer 1
2024-01-14 00:26:16:892: [DEBUG] - indexOfOppsitePlayer 2
2024-01-14 00:26:16:892: [DEBUG] - nextPlayer P-00000006, skipPlayer undefined
2024-01-14 00:26:16:907: [INFO] - Event play-card. data: {"card_play":{"color":"blue","number":5},"yell_uno":false}
2024-01-14 00:26:16:919: [DEBUG] - players ["P-00000002","P-00000006","P-00000001","P-00000005"]
2024-01-14 00:26:16:919: [DEBUG] - turnRight true
2024-01-14 00:26:16:920: [DEBUG] - isSkip false
2024-01-14 00:26:16:920: [DEBUG] - indexOfBeforePlayer 1
2024-01-14 00:26:16:920: [DEBUG] - indexOfNextPlayer 2
2024-01-14 00:26:16:920: [DEBUG] - indexOfOppsitePlayer 3
2024-01-14 00:26:16:920: [DEBUG] - nextPlayer P-00000001, skipPlayer undefined
2024-01-14 00:26:16:922: [DEBUG] - cardPlay {"color":"blue","number":5}
2024-01-14 00:26:16:922: [DEBUG] - cardOfPlayer [{"color":"green","number":4},{"color":"green","number":9},{"color":"blue","number":1},{"color":"blue","number":2},{"color":"blue","number":3},{"color":"blue","number":5},{"color":"blue","number":6},{"color":"red","number":1},{"color":"red","number":7}]
2024-01-14 00:26:16:923: [DEBUG] - Play card action. turn: 1, numberTurnPlay: 54
2024-01-14 00:26:16:935: [DEBUG] - players ["P-00000002","P-00000006","P-00000001","P-00000005"]
2024-01-14 00:26:16:936: [DEBUG] - turnRight true
2024-01-14 00:26:16:936: [DEBUG] - isSkip false
2024-01-14 00:26:16:936: [DEBUG] - indexOfBeforePlayer 1
2024-01-14 00:26:16:936: [DEBUG] - indexOfNextPlayer 2
2024-01-14 00:26:16:936: [DEBUG] - indexOfOppsitePlayer 3
2024-01-14 00:26:16:936: [DEBUG] - nextPlayer P-00000001, skipPlayer undefined
2024-01-14 00:26:16:957: [INFO] - Event draw-card. data: {}
2024-01-14 00:26:16:969: [DEBUG] - turn: 1, numberTurnPlay: 55
2024-01-14 00:26:16:982: [DEBUG] - players ["P-00000002","P-00000006","P-00000001","P-00000005"]
2024-01-14 00:26:16:983: [DEBUG] - turnRight true
2024-01-14 00:26:16:983: [DEBUG] - isSkip false
2024-01-14 00:26:16:983: [DEBUG] - indexOfBeforePlayer 2
2024-01-14 00:26:16:983: [DEBUG] - indexOfNextPlayer 3
2024-01-14 00:26:16:983: [DEBUG] - indexOfOppsitePlayer 0
2024-01-14 00:26:16:983: [DEBUG] - nextPlayer P-00000005, skipPlayer undefined
2024-01-14 00:26:16:997: [INFO] - Event play-card. data: {"card_play":{"color":"blue","special":"draw_2"},"yell_uno":false}
2024-01-14 00:26:17:008: [DEBUG] - players ["P-00000002","P-00000006","P-00000001","P-00000005"]
2024-01-14 00:26:17:009: [DEBUG] - turnRight true
2024-01-14 00:26:17:009: [DEBUG] - isSkip false
2024-01-14 00:26:17:009: [DEBUG] - indexOfBeforePlayer 3
2024-01-14 00:26:17:009: [DEBUG] - indexOfNextPlayer 0
2024-01-14 00:26:17:009: [DEBUG] - indexOfOppsitePlayer 1
2024-01-14 00:26:17:009: [DEBUG] - nextPlayer P-00000002, skipPlayer undefined
2024-01-14 00:26:17:011: [DEBUG] - cardPlay {"color":"blue","special":"draw_2"}
2024-01-14 00:26:17:011: [DEBUG] - cardOfPlayer [{"color":"yellow","number":6},{"color":"yellow","number":6},{"color":"yellow","special":"skip"},{"color":"green","special":"skip"},{"color":"green","number":0},{"color":"blue","special":"draw_2"},{"color":"blue","number":4},{"color":"blue","number":6},{"color":"blue","special":"skip"},{"color":"red","special":"reverse"}]
2024-01-14 00:26:17:011: [DEBUG] - Play card action. turn: 1, numberTurnPlay: 56
2024-01-14 00:26:17:023: [DEBUG] - players ["P-00000002","P-00000006","P-00000001","P-00000005"]
2024-01-14 00:26:17:023: [DEBUG] - turnRight true
2024-01-14 00:26:17:023: [DEBUG] - isSkip false
2024-01-14 00:26:17:023: [DEBUG] - indexOfBeforePlayer 3
2024-01-14 00:26:17:023: [DEBUG] - indexOfNextPlayer 0
2024-01-14 00:26:17:023: [DEBUG] - indexOfOppsitePlayer 1
2024-01-14 00:26:17:024: [DEBUG] - nextPlayer P-00000002, skipPlayer undefined
2024-01-14 00:26:17:038: [INFO] - Event draw-card. data: {}
2024-01-14 00:26:17:050: [DEBUG] - turn: 1, numberTurnPlay: 57
2024-01-14 00:26:17:063: [DEBUG] - players ["P-00000002","P-00000006","P-00000001","P-00000005"]
2024-01-14 00:26:17:063: [DEBUG] - turnRight true
2024-01-14 00:26:17:063: [DEBUG] - isSkip false
2024-01-14 00:26:17:063: [DEBUG] - indexOfBeforePlayer 0
2024-01-14 00:26:17:063: [DEBUG] - indexOfNextPlayer 1
2024-01-14 00:26:17:064: [DEBUG] - indexOfOppsitePlayer 2
2024-01-14 00:26:17:064: [DEBUG] - nextPlayer P-00000006, skipPlayer undefined
2024-01-14 00:26:17:077: [INFO] - Event play-card. data: {"card_play":{"color":"blue","number":1},"yell_uno":false}
2024-01-14 00:26:17:090: [DEBUG] - players ["P-00000002","P-00000006","P-00000001","P-00000005"]
2024-01-14 00:26:17:090: [DEBUG] - turnRight true
2024-01-14 00:26:17:090: [DEBUG] - isSkip false
2024-01-14 00:26:17:090: [DEBUG] - indexOfBeforePlayer 1
2024-01-14 00:26:17:090: [DEBUG] - indexOfNextPlayer 2
2024-01-14 00:26:17:090: [DEBUG] - indexOfOppsitePlayer 3
2024-01-14 00:26:17:090: [DEBUG] - nextPlayer P-00000001, skipPlayer undefined
2024-01-14 00:26:17:093: [DEBUG] - cardPlay {"color":"blue","number":1}
2024-01-14 00:26:17:093: [DEBUG] - cardOfPlayer [{"color":"green","number":4},{"color":"green","number":9},{"color":"blue","number":1},{"color":"blue","number":2},{"color":"blue","number":3},{"color":"blue","number":6},{"color":"red","number":1},{"color":"red","number":7}]
2024-01-14 00:26:17:094: [DEBUG] - Play card action. turn: 1, numberTurnPlay: 58
2024-01-14 00:26:17:106: [DEBUG] - players ["P-00000002","P-00000006","P-00000001","P-00000005"]
2024-01-14 00:26:17:106: [DEBUG] - turnRight true
2024-01-14 00:26:17:106: [DEBUG] - isSkip false
2024-01-14 00:26:17:106: [DEBUG] - indexOfBeforePlayer 1
2024-01-14 00:26:17:106: [DEBUG] - indexOfNextPlayer 2
2024-01-14 00:26:17:106: [DEBUG] - indexOfOppsitePlayer 3
2024-01-14 00:26:17:106: [DEBUG] - nextPlayer P-00000001, skipPlayer undefined
2024-01-14 00:26:17:130: [INFO] - Event draw-card. data: {}
2024-01-14 00:26:17:141: [DEBUG] - turn: 1, numberTurnPlay: 59
2024-01-14 00:26:17:162: [INFO] - Event play-draw-card. data: {"is_play_card":true,"yell_uno":false}
2024-01-14 00:26:17:174: [DEBUG] - players ["P-00000002","P-00000006","P-00000001","P-00000005"]
2024-01-14 00:26:17:174: [DEBUG] - turnRight true
2024-01-14 00:26:17:174: [DEBUG] - isSkip false
2024-01-14 00:26:17:174: [DEBUG] - indexOfBeforePlayer 2
2024-01-14 00:26:17:174: [DEBUG] - indexOfNextPlayer 3
2024-01-14 00:26:17:174: [DEBUG] - indexOfOppsitePlayer 0
2024-01-14 00:26:17:174: [DEBUG] - nextPlayer P-00000005, skipPlayer undefined
2024-01-14 00:26:17:176: [DEBUG] - cardPlay {"color":"green","number":1}
2024-01-14 00:26:17:176: [DEBUG] - cardOfPlayer [{"color":"yellow","number":4},{"color":"green","number":1},{"color":"red","special":"draw_2"},{"color":"red","number":9}]
2024-01-14 00:26:17:176: [DEBUG] - Play card action. turn: 1, numberTurnPlay: 59
2024-01-14 00:26:17:197: [DEBUG] - players ["P-00000002","P-00000006","P-00000001","P-00000005"]
2024-01-14 00:26:17:198: [DEBUG] - turnRight true
2024-01-14 00:26:17:198: [DEBUG] - isSkip false
2024-01-14 00:26:17:198: [DEBUG] - indexOfBeforePlayer 2
2024-01-14 00:26:17:198: [DEBUG] - indexOfNextPlayer 3
2024-01-14 00:26:17:198: [DEBUG] - indexOfOppsitePlayer 0
2024-01-14 00:26:17:198: [DEBUG] - nextPlayer P-00000005, skipPlayer undefined
2024-01-14 00:26:17:212: [INFO] - Event play-card. data: {"card_play":{"color":"green","special":"skip"},"yell_uno":false}
2024-01-14 00:26:17:224: [DEBUG] - players ["P-00000002","P-00000006","P-00000001","P-00000005"]
2024-01-14 00:26:17:224: [DEBUG] - turnRight true
2024-01-14 00:26:17:224: [DEBUG] - isSkip true
2024-01-14 00:26:17:224: [DEBUG] - indexOfBeforePlayer 3
2024-01-14 00:26:17:224: [DEBUG] - indexOfNextPlayer 0
2024-01-14 00:26:17:224: [DEBUG] - indexOfOppsitePlayer 1
2024-01-14 00:26:17:224: [DEBUG] - nextPlayer P-00000006, skipPlayer P-00000002
2024-01-14 00:26:17:227: [DEBUG] - cardPlay {"color":"green","special":"skip"}
2024-01-14 00:26:17:227: [DEBUG] - cardOfPlayer [{"color":"yellow","number":6},{"color":"yellow","number":6},{"color":"yellow","special":"skip"},{"color":"green","special":"skip"},{"color":"green","number":0},{"color":"blue","number":4},{"color":"blue","number":6},{"color":"blue","special":"skip"},{"color":"red","special":"reverse"}]
2024-01-14 00:26:17:228: [DEBUG] - Play card action. turn: 1, numberTurnPlay: 60
2024-01-14 00:26:17:239: [DEBUG] - players ["P-00000002","P-00000006","P-00000001","P-00000005"]
2024-01-14 00:26:17:240: [DEBUG] - turnRight true
2024-01-14 00:26:17:240: [DEBUG] - isSkip true
2024-01-14 00:26:17:240: [DEBUG] - indexOfBeforePlayer 3
2024-01-14 00:26:17:240: [DEBUG] - indexOfNextPlayer 0
2024-01-14 00:26:17:240: [DEBUG] - indexOfOppsitePlayer 1
2024-01-14 00:26:17:240: [DEBUG] - nextPlayer P-00000006, skipPlayer P-00000002
2024-01-14 00:26:17:255: [INFO] - Event play-card. data: {"card_play":{"color":"green","number":4},"yell_uno":false}
2024-01-14 00:26:17:266: [DEBUG] - players ["P-00000002","P-00000006","P-00000001","P-00000005"]
2024-01-14 00:26:17:266: [DEBUG] - turnRight true
2024-01-14 00:26:17:266: [DEBUG] - isSkip false
2024-01-14 00:26:17:266: [DEBUG] - indexOfBeforePlayer 1
2024-01-14 00:26:17:266: [DEBUG] - indexOfNextPlayer 2
2024-01-14 00:26:17:266: [DEBUG] - indexOfOppsitePlayer 3
2024-01-14 00:26:17:266: [DEBUG] - nextPlayer P-00000001, skipPlayer undefined
2024-01-14 00:26:17:268: [DEBUG] - cardPlay {"color":"green","number":4}
2024-01-14 00:26:17:268: [DEBUG] - cardOfPlayer [{"color":"green","number":4},{"color":"green","number":9},{"color":"blue","number":2},{"color":"blue","number":3},{"color":"blue","number":6},{"color":"red","number":1},{"color":"red","number":7}]
2024-01-14 00:26:17:268: [DEBUG] - Play card action. turn: 1, numberTurnPlay: 61
2024-01-14 00:26:17:280: [DEBUG] - players ["P-00000002","P-00000006","P-00000001","P-00000005"]
2024-01-14 00:26:17:280: [DEBUG] - turnRight true
2024-01-14 00:26:17:280: [DEBUG] - isSkip false
2024-01-14 00:26:17:280: [DEBUG] - indexOfBeforePlayer 1
2024-01-14 00:26:17:280: [DEBUG] - indexOfNextPlayer 2
2024-01-14 00:26:17:280: [DEBUG] - indexOfOppsitePlayer 3
2024-01-14 00:26:17:280: [DEBUG] - nextPlayer P-00000001, skipPlayer undefined
2024-01-14 00:26:17:304: [INFO] - Event play-card. data: {"card_play":{"color":"yellow","number":4},"yell_uno":false}
2024-01-14 00:26:17:315: [DEBUG] - players ["P-00000002","P-00000006","P-00000001","P-00000005"]
2024-01-14 00:26:17:315: [DEBUG] - turnRight true
2024-01-14 00:26:17:315: [DEBUG] - isSkip false
2024-01-14 00:26:17:315: [DEBUG] - indexOfBeforePlayer 2
2024-01-14 00:26:17:315: [DEBUG] - indexOfNextPlayer 3
2024-01-14 00:26:17:315: [DEBUG] - indexOfOppsitePlayer 0
2024-01-14 00:26:17:315: [DEBUG] - nextPlayer P-00000005, skipPlayer undefined
2024-01-14 00:26:17:317: [DEBUG] - cardPlay {"color":"yellow","number":4}
2024-01-14 00:26:17:317: [DEBUG] - cardOfPlayer [{"color":"yellow","number":4},{"color":"red","special":"draw_2"},{"color":"red","number":9}]
2024-01-14 00:26:17:317: [DEBUG] - Play card action. turn: 1, numberTurnPlay: 62
2024-01-14 00:26:17:329: [DEBUG] - players ["P-00000002","P-00000006","P-00000001","P-00000005"]
2024-01-14 00:26:17:329: [DEBUG] - turnRight true
2024-01-14 00:26:17:329: [DEBUG] - isSkip false
2024-01-14 00:26:17:329: [DEBUG] - indexOfBeforePlayer 2
2024-01-14 00:26:17:329: [DEBUG] - indexOfNextPlayer 3
2024-01-14 00:26:17:329: [DEBUG] - indexOfOppsitePlayer 0
2024-01-14 00:26:17:329: [DEBUG] - nextPlayer P-00000005, skipPlayer undefined
2024-01-14 00:26:17:344: [INFO] - Event play-card. data: {"card_play":{"color":"yellow","number":6},"yell_uno":false}
2024-01-14 00:26:17:356: [DEBUG] - players ["P-00000002","P-00000006","P-00000001","P-00000005"]
2024-01-14 00:26:17:356: [DEBUG] - turnRight true
2024-01-14 00:26:17:356: [DEBUG] - isSkip false
2024-01-14 00:26:17:356: [DEBUG] - indexOfBeforePlayer 3
2024-01-14 00:26:17:357: [DEBUG] - indexOfNextPlayer 0
2024-01-14 00:26:17:357: [DEBUG] - indexOfOppsitePlayer 1
2024-01-14 00:26:17:357: [DEBUG] - nextPlayer P-00000002, skipPlayer undefined
2024-01-14 00:26:17:359: [DEBUG] - cardPlay {"color":"yellow","number":6}
2024-01-14 00:26:17:359: [DEBUG] - cardOfPlayer [{"color":"yellow","number":6},{"color":"yellow","number":6},{"color":"yellow","special":"skip"},{"color":"green","number":0},{"color":"blue","number":4},{"color":"blue","number":6},{"color":"blue","special":"skip"},{"color":"red","special":"reverse"}]
2024-01-14 00:26:17:359: [DEBUG] - Play card action. turn: 1, numberTurnPlay: 63
2024-01-14 00:26:17:371: [DEBUG] - players ["P-00000002","P-00000006","P-00000001","P-00000005"]
2024-01-14 00:26:17:371: [DEBUG] - turnRight true
2024-01-14 00:26:17:371: [DEBUG] - isSkip false
2024-01-14 00:26:17:371: [DEBUG] - indexOfBeforePlayer 3
2024-01-14 00:26:17:371: [DEBUG] - indexOfNextPlayer 0
2024-01-14 00:26:17:371: [DEBUG] - indexOfOppsitePlayer 1
2024-01-14 00:26:17:371: [DEBUG] - nextPlayer P-00000002, skipPlayer undefined
2024-01-14 00:26:17:384: [INFO] - Event play-card. data: {"card_play":{"color":"black","special":"wild_draw_4"},"yell_uno":false,"color_of_wild":"red"}
2024-01-14 00:26:17:396: [DEBUG] - players ["P-00000002","P-00000006","P-00000001","P-00000005"]
2024-01-14 00:26:17:396: [DEBUG] - turnRight true
2024-01-14 00:26:17:396: [DEBUG] - isSkip false
2024-01-14 00:26:17:396: [DEBUG] - indexOfBeforePlayer 0
2024-01-14 00:26:17:396: [DEBUG] - indexOfNextPlayer 1
2024-01-14 00:26:17:397: [DEBUG] - indexOfOppsitePlayer 2
2024-01-14 00:26:17:397: [DEBUG] - nextPlayer P-00000006, skipPlayer undefined
2024-01-14 00:26:17:398: [DEBUG] - cardPlay {"color":"black","special":"wild_draw_4"}
2024-01-14 00:26:17:398: [DEBUG] - cardOfPlayer [{"color":"red","number":8},{"color":"red","special":"skip"},{"color":"red","number":1},{"color":"black","special":"wild_draw_4"}]
2024-01-14 00:26:17:399: [DEBUG] - Play card action. turn: 1, numberTurnPlay: 64
2024-01-14 00:26:17:423: [DEBUG] - players ["P-00000002","P-00000006","P-00000001","P-00000005"]
2024-01-14 00:26:17:423: [DEBUG] - turnRight true
2024-01-14 00:26:17:424: [DEBUG] - isSkip false
2024-01-14 00:26:17:424: [DEBUG] - indexOfBeforePlayer 0
2024-01-14 00:26:17:424: [DEBUG] - indexOfNextPlayer 1
2024-01-14 00:26:17:424: [DEBUG] - indexOfOppsitePlayer 2
2024-01-14 00:26:17:424: [DEBUG] - nextPlayer P-00000006, skipPlayer undefined
2024-01-14 00:26:17:438: [INFO] - Event challenge. data: {"is_challenge":true}
2024-01-14 00:26:17:450: [INFO] - isChallengeSuccessfully
2024-01-14 00:26:17:462: [INFO] - challenge failed.
2024-01-14 00:26:17:486: [DEBUG] - players ["P-00000002","P-00000006","P-00000001","P-00000005"]
2024-01-14 00:26:17:486: [DEBUG] - turnRight true
2024-01-14 00:26:17:486: [DEBUG] - isSkip false
2024-01-14 00:26:17:486: [DEBUG] - indexOfBeforePlayer 1
2024-01-14 00:26:17:487: [DEBUG] - indexOfNextPlayer 2
2024-01-14 00:26:17:487: [DEBUG] - indexOfOppsitePlayer 3
2024-01-14 00:26:17:487: [DEBUG] - nextPlayer P-00000001, skipPlayer undefined
2024-01-14 00:26:17:516: [INFO] - Event play-card. data: {"card_play":{"color":"red","special":"draw_2"},"yell_uno":true}
2024-01-14 00:26:17:528: [DEBUG] - players ["P-00000002","P-00000006","P-00000001","P-00000005"]
2024-01-14 00:26:17:528: [DEBUG] - turnRight true
2024-01-14 00:26:17:528: [DEBUG] - isSkip false
2024-01-14 00:26:17:528: [DEBUG] - indexOfBeforePlayer 2
2024-01-14 00:26:17:528: [DEBUG] - indexOfNextPlayer 3
2024-01-14 00:26:17:528: [DEBUG] - indexOfOppsitePlayer 0
2024-01-14 00:26:17:528: [DEBUG] - nextPlayer P-00000005, skipPlayer undefined
2024-01-14 00:26:17:530: [DEBUG] - cardPlay {"color":"red","special":"draw_2"}
2024-01-14 00:26:17:530: [DEBUG] - cardOfPlayer [{"color":"red","special":"draw_2"},{"color":"red","number":9}]
2024-01-14 00:26:17:530: [DEBUG] - Play card action. turn: 1, numberTurnPlay: 66
2024-01-14 00:26:17:542: [DEBUG] - players ["P-00000002","P-00000006","P-00000001","P-00000005"]
2024-01-14 00:26:17:543: [DEBUG] - turnRight true
2024-01-14 00:26:17:543: [DEBUG] - isSkip false
2024-01-14 00:26:17:543: [DEBUG] - indexOfBeforePlayer 2
2024-01-14 00:26:17:543: [DEBUG] - indexOfNextPlayer 3
2024-01-14 00:26:17:543: [DEBUG] - indexOfOppsitePlayer 0
2024-01-14 00:26:17:543: [DEBUG] - nextPlayer P-00000005, skipPlayer undefined
2024-01-14 00:26:17:558: [INFO] - Event draw-card. data: {}
2024-01-14 00:26:17:570: [DEBUG] - turn: 1, numberTurnPlay: 67
2024-01-14 00:26:17:583: [DEBUG] - players ["P-00000002","P-00000006","P-00000001","P-00000005"]
2024-01-14 00:26:17:583: [DEBUG] - turnRight true
2024-01-14 00:26:17:583: [DEBUG] - isSkip false
2024-01-14 00:26:17:583: [DEBUG] - indexOfBeforePlayer 3
2024-01-14 00:26:17:584: [DEBUG] - indexOfNextPlayer 0
2024-01-14 00:26:17:584: [DEBUG] - indexOfOppsitePlayer 1
2024-01-14 00:26:17:584: [DEBUG] - nextPlayer P-00000002, skipPlayer undefined
2024-01-14 00:26:17:597: [INFO] - Event play-card. data: {"card_play":{"color":"red","number":8},"yell_uno":false}
2024-01-14 00:26:17:609: [DEBUG] - players ["P-00000002","P-00000006","P-00000001","P-00000005"]
2024-01-14 00:26:17:609: [DEBUG] - turnRight true
2024-01-14 00:26:17:609: [DEBUG] - isSkip false
2024-01-14 00:26:17:609: [DEBUG] - indexOfBeforePlayer 0
2024-01-14 00:26:17:609: [DEBUG] - indexOfNextPlayer 1
2024-01-14 00:26:17:609: [DEBUG] - indexOfOppsitePlayer 2
2024-01-14 00:26:17:610: [DEBUG] - nextPlayer P-00000006, skipPlayer undefined
2024-01-14 00:26:17:611: [DEBUG] - cardPlay {"color":"red","number":8}
2024-01-14 00:26:17:611: [DEBUG] - cardOfPlayer [{"color":"red","number":8},{"color":"red","special":"skip"},{"color":"red","number":1}]
2024-01-14 00:26:17:611: [DEBUG] - Play card action. turn: 1, numberTurnPlay: 68
2024-01-14 00:26:17:623: [DEBUG] - players ["P-00000002","P-00000006","P-00000001","P-00000005"]
2024-01-14 00:26:17:623: [DEBUG] - turnRight true
2024-01-14 00:26:17:623: [DEBUG] - isSkip false
2024-01-14 00:26:17:623: [DEBUG] - indexOfBeforePlayer 0
2024-01-14 00:26:17:624: [DEBUG] - indexOfNextPlayer 1
2024-01-14 00:26:17:624: [DEBUG] - indexOfOppsitePlayer 2
2024-01-14 00:26:17:624: [DEBUG] - nextPlayer P-00000006, skipPlayer undefined
2024-01-14 00:26:17:638: [INFO] - Event play-card. data: {"card_play":{"color":"green","number":8},"yell_uno":false}
2024-01-14 00:26:17:650: [DEBUG] - players ["P-00000002","P-00000006","P-00000001","P-00000005"]
2024-01-14 00:26:17:650: [DEBUG] - turnRight true
2024-01-14 00:26:17:651: [DEBUG] - isSkip false
2024-01-14 00:26:17:651: [DEBUG] - indexOfBeforePlayer 1
2024-01-14 00:26:17:651: [DEBUG] - indexOfNextPlayer 2
2024-01-14 00:26:17:651: [DEBUG] - indexOfOppsitePlayer 3
2024-01-14 00:26:17:651: [DEBUG] - nextPlayer P-00000001, skipPlayer undefined
2024-01-14 00:26:17:654: [DEBUG] - cardPlay {"color":"green","number":8}
2024-01-14 00:26:17:654: [DEBUG] - cardOfPlayer [{"color":"yellow","special":"skip"},{"color":"green","number":8},{"color":"green","number":9},{"color":"green","number":9},{"color":"blue","number":2},{"color":"blue","number":3},{"color":"blue","number":3},{"color":"blue","number":5},{"color":"blue","number":6},{"color":"red","number":1},{"color":"red","number":6},{"color":"red","number":7}]
2024-01-14 00:26:17:655: [DEBUG] - Play card action. turn: 1, numberTurnPlay: 69
2024-01-14 00:26:17:667: [DEBUG] - players ["P-00000002","P-00000006","P-00000001","P-00000005"]
2024-01-14 00:26:17:667: [DEBUG] - turnRight true
2024-01-14 00:26:17:667: [DEBUG] - isSkip false
2024-01-14 00:26:17:667: [DEBUG] - indexOfBeforePlayer 1
2024-01-14 00:26:17:667: [DEBUG] - indexOfNextPlayer 2
2024-01-14 00:26:17:667: [DEBUG] - indexOfOppsitePlayer 3
2024-01-14 00:26:17:667: [DEBUG] - nextPlayer P-00000001, skipPlayer undefined
2024-01-14 00:26:17:689: [INFO] - Event draw-card. data: {}
2024-01-14 00:26:17:701: [DEBUG] - turn: 1, numberTurnPlay: 70
2024-01-14 00:26:17:714: [DEBUG] - players ["P-00000002","P-00000006","P-00000001","P-00000005"]
2024-01-14 00:26:17:714: [DEBUG] - turnRight true
2024-01-14 00:26:17:715: [DEBUG] - isSkip false
2024-01-14 00:26:17:715: [DEBUG] - indexOfBeforePlayer 2
2024-01-14 00:26:17:715: [DEBUG] - indexOfNextPlayer 3
2024-01-14 00:26:17:715: [DEBUG] - indexOfOppsitePlayer 0
2024-01-14 00:26:17:715: [DEBUG] - nextPlayer P-00000005, skipPlayer undefined
2024-01-14 00:26:17:729: [INFO] - Event play-card. data: {"card_play":{"color":"green","number":0},"yell_uno":false}
2024-01-14 00:26:17:741: [DEBUG] - players ["P-00000002","P-00000006","P-00000001","P-00000005"]
2024-01-14 00:26:17:741: [DEBUG] - turnRight true
2024-01-14 00:26:17:741: [DEBUG] - isSkip false
2024-01-14 00:26:17:741: [DEBUG] - indexOfBeforePlayer 3
2024-01-14 00:26:17:741: [DEBUG] - indexOfNextPlayer 0
2024-01-14 00:26:17:742: [DEBUG] - indexOfOppsitePlayer 1
2024-01-14 00:26:17:742: [DEBUG] - nextPlayer P-00000002, skipPlayer undefined
2024-01-14 00:26:17:743: [DEBUG] - cardPlay {"color":"green","number":0}
2024-01-14 00:26:17:743: [DEBUG] - cardOfPlayer [{"color":"yellow","number":6},{"color":"yellow","special":"skip"},{"color":"yellow","number":4},{"color":"green","number":0},{"color":"blue","number":4},{"color":"blue","number":6},{"color":"blue","special":"skip"},{"color":"blue","number":4},{"color":"red","special":"reverse"}]
2024-01-14 00:26:17:744: [DEBUG] - Play card action. turn: 1, numberTurnPlay: 71
2024-01-14 00:26:17:755: [DEBUG] - players ["P-00000002","P-00000006","P-00000001","P-00000005"]
2024-01-14 00:26:17:756: [DEBUG] - turnRight true
2024-01-14 00:26:17:756: [DEBUG] - isSkip false
2024-01-14 00:26:17:756: [DEBUG] - indexOfBeforePlayer 3
2024-01-14 00:26:17:756: [DEBUG] - indexOfNextPlayer 0
2024-01-14 00:26:17:756: [DEBUG] - indexOfOppsitePlayer 1
2024-01-14 00:26:17:756: [DEBUG] - nextPlayer P-00000002, skipPlayer undefined
2024-01-14 00:26:17:772: [INFO] - Event draw-card. data: {}
2024-01-14 00:26:17:782: [DEBUG] - turn: 1, numberTurnPlay: 72
2024-01-14 00:26:17:796: [DEBUG] - players ["P-00000002","P-00000006","P-00000001","P-00000005"]
2024-01-14 00:26:17:796: [DEBUG] - turnRight true
2024-01-14 00:26:17:796: [DEBUG] - isSkip false
2024-01-14 00:26:17:796: [DEBUG] - indexOfBeforePlayer 0
2024-01-14 00:26:17:796: [DEBUG] - indexOfNextPlayer 1
2024-01-14 00:26:17:797: [DEBUG] - indexOfOppsitePlayer 2
2024-01-14 00:26:17:797: [DEBUG] - nextPlayer P-00000006, skipPlayer undefined
2024-01-14 00:26:17:812: [INFO] - Event play-card. data: {"card_play":{"color":"green","number":9},"yell_uno":false}
2024-01-14 00:26:17:824: [DEBUG] - players ["P-00000002","P-00000006","P-00000001","P-00000005"]
2024-01-14 00:26:17:824: [DEBUG] - turnRight true
2024-01-14 00:26:17:824: [DEBUG] - isSkip false
2024-01-14 00:26:17:824: [DEBUG] - indexOfBeforePlayer 1
2024-01-14 00:26:17:825: [DEBUG] - indexOfNextPlayer 2
2024-01-14 00:26:17:825: [DEBUG] - indexOfOppsitePlayer 3
2024-01-14 00:26:17:825: [DEBUG] - nextPlayer P-00000001, skipPlayer undefined
2024-01-14 00:26:17:826: [DEBUG] - cardPlay {"color":"green","number":9}
2024-01-14 00:26:17:826: [DEBUG] - cardOfPlayer [{"color":"yellow","special":"skip"},{"color":"green","number":9},{"color":"green","number":9},{"color":"blue","number":2},{"color":"blue","number":3},{"color":"blue","number":3},{"color":"blue","number":5},{"color":"blue","number":6},{"color":"red","number":1},{"color":"red","number":6},{"color":"red","number":7}]
2024-01-14 00:26:17:827: [DEBUG] - Play card action. turn: 1, numberTurnPlay: 73
2024-01-14 00:26:17:838: [DEBUG] - players ["P-00000002","P-00000006","P-00000001","P-00000005"]
2024-01-14 00:26:17:839: [DEBUG] - turnRight true
2024-01-14 00:26:17:839: [DEBUG] - isSkip false
2024-01-14 00:26:17:839: [DEBUG] - indexOfBeforePlayer 1
2024-01-14 00:26:17:839: [DEBUG] - indexOfNextPlayer 2
2024-01-14 00:26:17:839: [DEBUG] - indexOfOppsitePlayer 3
2024-01-14 00:26:17:839: [DEBUG] - nextPlayer P-00000001, skipPlayer undefined
2024-01-14 00:26:17:865: [INFO] - Event play-card. data: {"card_play":{"color":"blue","number":9},"yell_uno":true}
2024-01-14 00:26:17:875: [DEBUG] - players ["P-00000002","P-00000006","P-00000001","P-00000005"]
2024-01-14 00:26:17:875: [DEBUG] - turnRight true
2024-01-14 00:26:17:875: [DEBUG] - isSkip false
2024-01-14 00:26:17:876: [DEBUG] - indexOfBeforePlayer 2
2024-01-14 00:26:17:876: [DEBUG] - indexOfNextPlayer 3
2024-01-14 00:26:17:876: [DEBUG] - indexOfOppsitePlayer 0
2024-01-14 00:26:17:876: [DEBUG] - nextPlayer P-00000005, skipPlayer undefined
2024-01-14 00:26:17:878: [DEBUG] - cardPlay {"color":"blue","number":9}
2024-01-14 00:26:17:878: [DEBUG] - cardOfPlayer [{"color":"blue","number":9},{"color":"red","number":9}]
2024-01-14 00:26:17:878: [DEBUG] - Play card action. turn: 1, numberTurnPlay: 74
2024-01-14 00:26:17:891: [DEBUG] - players ["P-00000002","P-00000006","P-00000001","P-00000005"]
2024-01-14 00:26:17:891: [DEBUG] - turnRight true
2024-01-14 00:26:17:891: [DEBUG] - isSkip false
2024-01-14 00:26:17:891: [DEBUG] - indexOfBeforePlayer 2
2024-01-14 00:26:17:891: [DEBUG] - indexOfNextPlayer 3
2024-01-14 00:26:17:891: [DEBUG] - indexOfOppsitePlayer 0
2024-01-14 00:26:17:891: [DEBUG] - nextPlayer P-00000005, skipPlayer undefined
2024-01-14 00:26:17:906: [INFO] - Event play-card. data: {"card_play":{"color":"blue","number":4},"yell_uno":false}
2024-01-14 00:26:17:916: [DEBUG] - players ["P-00000002","P-00000006","P-00000001","P-00000005"]
2024-01-14 00:26:17:916: [DEBUG] - turnRight true
2024-01-14 00:26:17:916: [DEBUG] - isSkip false
2024-01-14 00:26:17:916: [DEBUG] - indexOfBeforePlayer 3
2024-01-14 00:26:17:917: [DEBUG] - indexOfNextPlayer 0
2024-01-14 00:26:17:917: [DEBUG] - indexOfOppsitePlayer 1
2024-01-14 00:26:17:917: [DEBUG] - nextPlayer P-00000002, skipPlayer undefined
2024-01-14 00:26:17:918: [DEBUG] - cardPlay {"color":"blue","number":4}
2024-01-14 00:26:17:919: [DEBUG] - cardOfPlayer [{"color":"yellow","number":6},{"color":"yellow","special":"skip"},{"color":"yellow","number":4},{"color":"blue","number":4},{"color":"blue","number":6},{"color":"blue","special":"skip"},{"color":"blue","number":4},{"color":"red","special":"reverse"}]
2024-01-14 00:26:17:919: [DEBUG] - Play card action. turn: 1, numberTurnPlay: 75
2024-01-14 00:26:17:931: [DEBUG] - players ["P-00000002","P-00000006","P-00000001","P-00000005"]
2024-01-14 00:26:17:932: [DEBUG] - turnRight true
2024-01-14 00:26:17:932: [DEBUG] - isSkip false
2024-01-14 00:26:17:932: [DEBUG] - indexOfBeforePlayer 3
2024-01-14 00:26:17:932: [DEBUG] - indexOfNextPlayer 0
2024-01-14 00:26:17:932: [DEBUG] - indexOfOppsitePlayer 1
2024-01-14 00:26:17:932: [DEBUG] - nextPlayer P-00000002, skipPlayer undefined
2024-01-14 00:26:17:947: [INFO] - Event draw-card. data: {}
2024-01-14 00:26:17:958: [DEBUG] - turn: 1, numberTurnPlay: 76
2024-01-14 00:26:17:973: [INFO] - Event play-draw-card. data: {"is_play_card":true,"yell_uno":false}
2024-01-14 00:26:17:983: [DEBUG] - players ["P-00000002","P-00000006","P-00000001","P-00000005"]
2024-01-14 00:26:17:983: [DEBUG] - turnRight true
2024-01-14 00:26:17:983: [DEBUG] - isSkip false
2024-01-14 00:26:17:983: [DEBUG] - indexOfBeforePlayer 0
2024-01-14 00:26:17:984: [DEBUG] - indexOfNextPlayer 1
2024-01-14 00:26:17:984: [DEBUG] - indexOfOppsitePlayer 2
2024-01-14 00:26:17:984: [DEBUG] - nextPlayer P-00000006, skipPlayer undefined
2024-01-14 00:26:17:986: [DEBUG] - cardPlay {"color":"green","number":4}
2024-01-14 00:26:17:986: [DEBUG] - cardOfPlayer [{"color":"green","number":4},{"color":"red","special":"skip"},{"color":"red","number":1},{"color":"red","number":7}]
2024-01-14 00:26:17:986: [DEBUG] - Play card action. turn: 1, numberTurnPlay: 76
2024-01-14 00:26:18:006: [DEBUG] - players ["P-00000002","P-00000006","P-00000001","P-00000005"]
2024-01-14 00:26:18:007: [DEBUG] - turnRight true
2024-01-14 00:26:18:007: [DEBUG] - isSkip false
2024-01-14 00:26:18:007: [DEBUG] - indexOfBeforePlayer 0
2024-01-14 00:26:18:007: [DEBUG] - indexOfNextPlayer 1
2024-01-14 00:26:18:007: [DEBUG] - indexOfOppsitePlayer 2
2024-01-14 00:26:18:007: [DEBUG] - nextPlayer P-00000006, skipPlayer undefined
2024-01-14 00:26:18:022: [INFO] - Event play-card. data: {"card_play":{"color":"green","number":9},"yell_uno":false}
2024-01-14 00:26:18:032: [DEBUG] - players ["P-00000002","P-00000006","P-00000001","P-00000005"]
2024-01-14 00:26:18:032: [DEBUG] - turnRight true
2024-01-14 00:26:18:032: [DEBUG] - isSkip false
2024-01-14 00:26:18:032: [DEBUG] - indexOfBeforePlayer 1
2024-01-14 00:26:18:033: [DEBUG] - indexOfNextPlayer 2
2024-01-14 00:26:18:033: [DEBUG] - indexOfOppsitePlayer 3
2024-01-14 00:26:18:033: [DEBUG] - nextPlayer P-00000001, skipPlayer undefined
2024-01-14 00:26:18:034: [DEBUG] - cardPlay {"color":"green","number":9}
2024-01-14 00:26:18:034: [DEBUG] - cardOfPlayer [{"color":"yellow","special":"skip"},{"color":"green","number":9},{"color":"blue","number":2},{"color":"blue","number":3},{"color":"blue","number":3},{"color":"blue","number":5},{"color":"blue","number":6},{"color":"red","number":1},{"color":"red","number":6},{"color":"red","number":7}]
2024-01-14 00:26:18:035: [DEBUG] - Play card action. turn: 1, numberTurnPlay: 77
2024-01-14 00:26:18:047: [DEBUG] - players ["P-00000002","P-00000006","P-00000001","P-00000005"]
2024-01-14 00:26:18:047: [DEBUG] - turnRight true
2024-01-14 00:26:18:047: [DEBUG] - isSkip false
2024-01-14 00:26:18:047: [DEBUG] - indexOfBeforePlayer 1
2024-01-14 00:26:18:047: [DEBUG] - indexOfNextPlayer 2
2024-01-14 00:26:18:047: [DEBUG] - indexOfOppsitePlayer 3
2024-01-14 00:26:18:047: [DEBUG] - nextPlayer P-00000001, skipPlayer undefined
2024-01-14 00:26:18:073: [INFO] - Event play-card. data: {"card_play":{"color":"red","number":9},"yell_uno":false}
2024-01-14 00:26:18:084: [DEBUG] - players ["P-00000002","P-00000006","P-00000001","P-00000005"]
2024-01-14 00:26:18:084: [DEBUG] - turnRight true
2024-01-14 00:26:18:084: [DEBUG] - isSkip false
2024-01-14 00:26:18:084: [DEBUG] - indexOfBeforePlayer 2
2024-01-14 00:26:18:084: [DEBUG] - indexOfNextPlayer 3
2024-01-14 00:26:18:084: [DEBUG] - indexOfOppsitePlayer 0
2024-01-14 00:26:18:084: [DEBUG] - nextPlayer P-00000005, skipPlayer undefined
2024-01-14 00:26:18:087: [DEBUG] - cardPlay {"color":"red","number":9}
2024-01-14 00:26:18:087: [DEBUG] - cardOfPlayer [{"color":"red","number":9}]
2024-01-14 00:26:18:087: [DEBUG] - Play card action. turn: 1, numberTurnPlay: 78
2024-01-14 00:26:18:099: [INFO] - Finish turn 1. winner: P-00000001. lastCard: {"color":"red","number":9}
2024-01-14 00:26:18:134: [INFO] - socket disconnect. socketId: "5JkXR_65ce7yfj6TAABI". playerCode: P-00000002
2024-01-14 00:26:18:140: [INFO] - socket disconnect. socketId: "pW2pEwZuT_r6TUUFAABQ". playerCode: P-00000006
2024-01-14 00:26:18:142: [INFO] - socket disconnect. socketId: "GLFXObPJ4VxmLp4OAABH". playerCode: P-00000001
2024-01-14 00:26:18:145: [INFO] - socket disconnect. socketId: "nu7OwhRkppNxUEvpAABM". playerCode: P-00000005
