2024-01-13 23:53:14:164: [INFO] - socket disconnect. socketId: "1XyfWD1L3dlLqy_VAAAA". playerCode: null
2024-01-13 23:53:56:620: [INFO] - socket disconnect. socketId: "zbTIGfvzvbFXM5mwAAAD". playerCode: null
2024-01-14 00:01:06:828: [INFO] - socket disconnect. socketId: "7cj9i8IitUdXUxPhAAAI". playerCode: null
2024-01-14 00:01:06:952: [INFO] - socket disconnect. socketId: "5aSO4CK8cr1yaPtAAAAJ". playerCode: null
2024-01-14 00:01:07:894: [INFO] - socket disconnect. socketId: "xlqXuc9_QaEvFCGRAAAL". playerCode: null
2024-01-14 00:01:08:059: [INFO] - socket disconnect. socketId: "Y01z9oq3Kw5sqnQIAAAM". playerCode: null
2024-01-14 00:07:30:731: [INFO] - socket disconnect. socketId: "6eDoAKcBY9V3GyENAAAQ". playerCode: null
2024-01-14 00:07:30:737: [INFO] - socket disconnect. socketId: "dfFpvgpWovuSJ8eeAAAR". playerCode: null
2024-01-14 00:07:30:742: [INFO] - socket disconnect. socketId: "TMJup2LbeV-UOwsUAAAS". playerCode: null
2024-01-14 00:07:30:747: [INFO] - socket disconnect. socketId: "06R2ecq0IPrNEq88AAAT". playerCode: null
2024-01-14 00:07:30:752: [INFO] - socket disconnect. socketId: "gMgvnexDL3ZTr9gwAAAV". playerCode: null
2024-01-14 00:07:31:031: [INFO] - socket disconnect. socketId: "9OFSmWCULU8F040sAAAW". playerCode: null
2024-01-14 00:07:31:036: [INFO] - socket disconnect. socketId: "W-aB6ApQbiW2rCBLAAAU". playerCode: null
2024-01-14 00:07:31:040: [INFO] - socket disconnect. socketId: "rXOy2QNS3uRSgwARAAAX". playerCode: null
2024-01-14 00:07:31:193: [INFO] - socket disconnect. socketId: "Uc0tCbK6k8-ydADMAAAY". playerCode: null
2024-01-14 00:07:31:197: [INFO] - socket disconnect. socketId: "7B25h234V321oKnLAAAZ". playerCode: null
2024-01-14 00:07:34:848: [INFO] - socket disconnect. socketId: "xmnetkNbAToXS8EpAAAb". playerCode: null
2024-01-14 00:10:32:484: [INFO] - socket disconnect. socketId: "_y2IzGYJE4hAsXpBAAAg". playerCode: null
2024-01-14 00:10:32:671: [INFO] - socket disconnect. socketId: "G8s5c7UKe8xt3Tu4AAAh". playerCode: null
2024-01-14 00:10:33:010: [INFO] - socket disconnect. socketId: "tYvs6fC6ldMjTKt3AAAj". playerCode: null
2024-01-14 00:10:33:548: [INFO] - socket disconnect. socketId: "cz_SRj1MKrSxBewsAAAk". playerCode: null
2024-01-14 00:10:33:665: [INFO] - socket disconnect. socketId: "5tIB8xP0FcyI3XONAAAl". playerCode: null
2024-01-14 00:15:15:508: [INFO] - socket disconnect. socketId: "gfo5x46DUARdvbN7AAAo". playerCode: null
2024-01-14 00:15:15:691: [INFO] - socket disconnect. socketId: "O5hlliTSx-i7OLAIAAAp". playerCode: null
2024-01-14 00:15:16:012: [INFO] - socket disconnect. socketId: "pbRVqPgiy2m5cJXVAAAr". playerCode: null
2024-01-14 00:15:16:177: [INFO] - socket disconnect. socketId: "DY9mmgfICR8W-gguAAAs". playerCode: null
2024-01-14 00:15:16:391: [INFO] - socket disconnect. socketId: "zpMNloJhKzuEyek-AAAt". playerCode: null
2024-01-14 00:15:16:723: [INFO] - socket disconnect. socketId: "mFOPp8qZBrDtZN80AAAv". playerCode: null
2024-01-14 00:17:54:349: [INFO] - socket disconnect. socketId: "XU3GZkTElbjorBiwAAAy". playerCode: null
2024-01-14 00:17:54:546: [INFO] - socket disconnect. socketId: "ELFBf6dupi_m_CMKAAAz". playerCode: null
2024-01-14 00:17:54:871: [INFO] - socket disconnect. socketId: "KVABslJqhpXwxsa_AAA1". playerCode: null
2024-01-14 00:17:55:017: [INFO] - socket disconnect. socketId: "_NwD9WIqvx2tzqFhAAA2". playerCode: null
2024-01-14 00:17:55:282: [INFO] - socket disconnect. socketId: "yaS6kU9Y4FWiMc6NAAA3". playerCode: null
2024-01-14 00:17:55:541: [INFO] - socket disconnect. socketId: "Y-AVnxeqYu2ehUfPAAA5". playerCode: null
2024-01-14 00:23:40:975: [INFO] - socket disconnect. socketId: "zlPnjWOZio2e7UyNAAA8". playerCode: null
2024-01-14 00:23:41:091: [INFO] - socket disconnect. socketId: "iu2AaE2xu48bjbHWAAA9". playerCode: null
2024-01-14 00:23:41:714: [INFO] - socket disconnect. socketId: "nSQJIm1R7hR0nC5iAAA-". playerCode: null
2024-01-14 00:23:42:434: [INFO] - socket disconnect. socketId: "y2sErDmIBC2oH1dNAAA_". playerCode: null
2024-01-14 00:23:42:556: [INFO] - socket disconnect. socketId: "cDInXJ26XMKMYXJtAABA". playerCode: null
2024-01-14 00:23:42:725: [INFO] - socket disconnect. socketId: "VQG3RdRZtVagaskNAABD". playerCode: null
2024-01-14 00:23:42:730: [INFO] - socket disconnect. socketId: "V-ilsp7ahkgcLQplAABB". playerCode: null
2024-01-14 00:23:42:740: [INFO] - socket disconnect. socketId: "fJTVKYqpHMHuHzoPAABE". playerCode: null
2024-01-14 00:23:46:652: [INFO] - socket disconnect. socketId: "JnVy6C12Bi04NZyJAABG". playerCode: null
2024-01-14 00:26:10:140: [INFO] - socket disconnect. socketId: "PgVPud45V3FSXZq5AABJ". playerCode: null
2024-01-14 00:26:10:331: [INFO] - socket disconnect. socketId: "NpaEdcNcjo6a2zDZAABK". playerCode: null
2024-01-14 00:26:10:494: [INFO] - socket disconnect. socketId: "7cweG76vMO2XaYK5AABL". playerCode: null
2024-01-14 00:26:10:832: [INFO] - socket disconnect. socketId: "7C4OTSmM4RuTSmx-AABN". playerCode: null
2024-01-14 00:26:10:974: [INFO] - socket disconnect. socketId: "pXXR-a5J3DEotYNWAABO". playerCode: null
2024-01-14 00:26:11:229: [INFO] - socket disconnect. socketId: "mRu95HsXdf0ip_RmAABP". playerCode: null
2024-01-14 00:26:11:510: [INFO] - socket disconnect. socketId: "fCAB_sVz2-iPK4lqAABR". playerCode: null
