2024-01-14 00:17:51:450 P-00000001 join-room {"room_name":"test","player":"player1"}
2024-01-14 00:17:54:114 P-00000002 join-room {"room_name":"test","player":"Alternative 2"}
2024-01-14 00:17:54:686 P-00000005 join-room {"room_name":"test","player":"Alternative 3"}
2024-01-14 00:17:55:385 P-00000006 join-room {"room_name":"test","player":"Alternative 4"}
2024-01-14 00:17:58:042 P-00000001 play-card {"card_play":{"color":"green","number":7},"yell_uno":false}
2024-01-14 00:17:58:128 P-00000006 draw-card {}
2024-01-14 00:17:58:158 P-00000006 play-draw-card {"is_play_card":true,"yell_uno":false,"color_of_wild":"red"}
2024-01-14 00:17:58:212 P-00000005 challenge {"is_challenge":true}
2024-01-14 00:17:58:273 P-00000002 play-card {"card_play":{"color":"red","number":2},"yell_uno":false}
2024-01-14 00:17:58:331 P-00000001 play-card {"card_play":{"color":"yellow","number":8},"yell_uno":false}
2024-01-14 00:17:58:383 P-00000006 draw-card {}
2024-01-14 00:17:58:423 P-00000005 play-card {"card_play":{"color":"yellow","number":2},"yell_uno":false}
2024-01-14 00:17:58:463 P-00000002 play-card {"card_play":{"color":"yellow","number":7},"yell_uno":false}
2024-01-14 00:17:58:526 P-00000001 play-card {"card_play":{"color":"green","number":7},"yell_uno":false}
2024-01-14 00:17:58:567 P-00000006 play-card {"card_play":{"color":"green","number":9},"yell_uno":false}
2024-01-14 00:17:58:610 P-00000005 play-card {"card_play":{"color":"green","number":3},"yell_uno":false}
2024-01-14 00:17:58:652 P-00000002 play-card {"card_play":{"color":"green","number":1},"yell_uno":false}
2024-01-14 00:17:58:714 P-00000001 play-card {"card_play":{"color":"yellow","number":8},"yell_uno":false}
2024-01-14 00:17:58:767 P-00000006 draw-card {}
2024-01-14 00:17:58:808 P-00000005 play-card {"card_play":{"color":"green","number":9},"yell_uno":false}
2024-01-14 00:17:58:848 P-00000002 play-card {"card_play":{"color":"yellow","number":9},"yell_uno":false}
2024-01-14 00:17:58:928 P-00000001 play-card {"card_play":{"color":"green","number":8},"yell_uno":false}
2024-01-14 00:17:58:981 P-00000006 play-card {"card_play":{"color":"yellow","number":3},"yell_uno":false}
2024-01-14 00:17:59:021 P-00000005 play-card {"card_play":{"color":"yellow","special":"draw_2"},"yell_uno":false}
2024-01-14 00:17:59:063 P-00000002 draw-card {}
2024-01-14 00:17:59:119 P-00000001 play-card {"card_play":{"color":"green","number":8},"yell_uno":false}
2024-01-14 00:17:59:171 P-00000006 play-card {"card_play":{"color":"yellow","number":5},"yell_uno":false}
2024-01-14 00:17:59:217 P-00000005 play-card {"card_play":{"color":"yellow","number":7},"yell_uno":false}
2024-01-14 00:17:59:263 P-00000002 play-card {"card_play":{"color":"black","special":"wild"},"yell_uno":false,"color_of_wild":"yellow"}
2024-01-14 00:17:59:338 P-00000001 play-card {"card_play":{"color":"green","number":8},"yell_uno":false}
2024-01-14 00:17:59:396 P-00000006 play-card {"card_play":{"color":"yellow","special":"skip"},"yell_uno":false}
2024-01-14 00:17:59:437 P-00000002 draw-card {}
2024-01-14 00:17:59:499 P-00000001 play-card {"card_play":{"color":"green","number":2},"yell_uno":false}
2024-01-14 00:17:59:553 P-00000006 play-card {"card_play":{"color":"yellow","number":8},"yell_uno":false}
2024-01-14 00:17:59:596 P-00000005 play-card {"card_play":{"color":"yellow","special":"reverse"},"yell_uno":false}
2024-01-14 00:17:59:638 P-00000006 draw-card {}
2024-01-14 00:17:59:701 P-00000001 play-card {"card_play":{"color":"green","number":2},"yell_uno":false}
2024-01-14 00:17:59:753 P-00000002 play-card {"card_play":{"color":"blue","special":"reverse"},"yell_uno":false}
2024-01-14 00:17:59:822 P-00000001 play-card {"card_play":{"color":"yellow","number":0},"yell_uno":false}
2024-01-14 00:17:59:876 P-00000006 play-card {"card_play":{"color":"blue","number":3},"yell_uno":false}
2024-01-14 00:17:59:921 P-00000005 play-card {"card_play":{"color":"blue","number":3},"yell_uno":false}
2024-01-14 00:17:59:968 P-00000002 play-card {"card_play":{"color":"blue","number":5},"yell_uno":false}
2024-01-14 00:18:00:042 P-00000001 play-card {"card_play":{"color":"yellow","number":0},"yell_uno":false}
2024-01-14 00:18:00:097 P-00000006 play-card {"card_play":{"color":"blue","number":9},"yell_uno":false}
2024-01-14 00:18:00:138 P-00000005 play-card {"card_play":{"color":"blue","number":6},"yell_uno":false}
2024-01-14 00:18:00:181 P-00000002 draw-card {}
2024-01-14 00:18:00:210 P-00000002 play-draw-card {"is_play_card":true,"yell_uno":false}
2024-01-14 00:18:00:262 P-00000006 play-card {"card_play":{"color":"blue","special":"draw_2"},"yell_uno":false}
2024-01-14 00:18:00:307 P-00000005 draw-card {}
2024-01-14 00:18:00:347 P-00000002 play-card {"card_play":{"color":"green","special":"draw_2"},"yell_uno":false}
2024-01-14 00:18:00:401 P-00000001 draw-card {}
2024-01-14 00:18:00:440 P-00000006 draw-card {}
2024-01-14 00:18:00:482 P-00000005 play-card {"card_play":{"color":"green","special":"skip"},"yell_uno":false}
2024-01-14 00:18:00:566 P-00000001 play-card {"card_play":{"color":"yellow","number":0},"yell_uno":false}
2024-01-14 00:18:00:620 P-00000006 draw-card {}
2024-01-14 00:18:00:661 P-00000005 play-card {"card_play":{"color":"yellow","special":"skip"},"yell_uno":false}
2024-01-14 00:18:00:866 P-00000001 play-card {"card_play":{"color":"green","number":2},"yell_uno":false}
2024-01-14 00:18:00:918 P-00000006 play-card {"card_play":{"color":"yellow","number":5},"yell_uno":false}
2024-01-14 00:18:00:960 P-00000005 draw-card {}
2024-01-14 00:18:00:999 P-00000002 draw-card {}
2024-01-14 00:18:01:025 P-00000002 play-draw-card {"is_play_card":true,"yell_uno":false}
2024-01-14 00:18:01:139 P-00000002 color-of-wild {"color_of_wild":"yellow"}
2024-01-14 00:18:01:212 P-00000001 play-card {"card_play":{"color":"green","number":1},"yell_uno":false}
2024-01-14 00:18:01:265 P-00000006 play-card {"card_play":{"color":"yellow","number":2},"yell_uno":false}
2024-01-14 00:18:01:306 P-00000005 draw-card {}
2024-01-14 00:18:01:332 P-00000005 play-draw-card {"is_play_card":true,"yell_uno":false}
2024-01-14 00:18:01:384 P-00000002 play-card {"card_play":{"color":"yellow","number":0},"yell_uno":false}
2024-01-14 00:18:01:440 P-00000001 play-card {"card_play":{"color":"green","number":1},"yell_uno":false}
2024-01-14 00:18:01:492 P-00000006 play-card {"card_play":{"color":"yellow","number":4},"yell_uno":false}
2024-01-14 00:18:01:531 P-00000005 play-card {"card_play":{"color":"green","number":4},"yell_uno":false}
2024-01-14 00:18:01:573 P-00000002 play-card {"card_play":{"color":"green","number":2},"yell_uno":false}
2024-01-14 00:18:01:637 P-00000001 play-card {"card_play":{"color":"yellow","number":8},"yell_uno":false}
2024-01-14 00:18:01:688 P-00000006 play-card {"card_play":{"color":"green","number":7},"yell_uno":false}
2024-01-14 00:18:01:728 P-00000005 play-card {"card_play":{"color":"green","number":0},"yell_uno":false}
2024-01-14 00:18:01:772 P-00000002 draw-card {}
2024-01-14 00:18:02:367 P-00000001 special-logic {"title":"なんくるないさー！"}
2024-01-14 00:18:02:392 P-00000001 play-card {"card_play":{"color":"yellow","number":8},"yell_uno":false}
2024-01-14 00:18:02:447 P-00000006 play-card {"card_play":{"color":"green","number":8},"yell_uno":false}
2024-01-14 00:18:02:491 P-00000005 play-card {"card_play":{"color":"blue","number":8},"yell_uno":false}
2024-01-14 00:18:02:532 P-00000002 play-card {"card_play":{"color":"blue","number":4},"yell_uno":false}
2024-01-14 00:18:02:598 P-00000001 play-card {"card_play":{"color":"yellow","number":1},"yell_uno":false}
2024-01-14 00:18:02:658 P-00000006 play-card {"card_play":{"color":"blue","special":"reverse"},"yell_uno":false}
2024-01-14 00:18:02:721 P-00000001 play-card {"card_play":{"color":"yellow","number":1},"yell_uno":false}
2024-01-14 00:18:02:775 P-00000002 play-card {"card_play":{"color":"blue","number":4},"yell_uno":false}
2024-01-14 00:18:02:815 P-00000005 play-card {"card_play":{"color":"blue","number":0},"yell_uno":false}
2024-01-14 00:18:02:859 P-00000006 play-card {"card_play":{"color":"black","special":"wild"},"yell_uno":false,"color_of_wild":"yellow"}
2024-01-14 00:18:02:937 P-00000001 play-card {"card_play":{"color":"green","number":1},"yell_uno":false}
2024-01-14 00:18:02:990 P-00000002 play-card {"card_play":{"color":"yellow","number":6},"yell_uno":false}
2024-01-14 00:18:03:031 P-00000005 play-card {"card_play":{"color":"red","number":6},"yell_uno":false}
2024-01-14 00:18:03:082 P-00000006 play-card {"card_play":{"color":"yellow","number":6},"yell_uno":false}
2024-01-14 00:18:03:165 P-00000001 play-card {"card_play":{"color":"green","number":1},"yell_uno":false}
2024-01-14 00:18:03:221 P-00000002 play-card {"card_play":{"color":"yellow","number":9},"yell_uno":false}
2024-01-14 00:18:03:262 P-00000005 draw-card {}
2024-01-14 00:18:03:303 P-00000006 play-card {"card_play":{"color":"red","number":9},"yell_uno":false}
2024-01-14 00:18:03:371 P-00000001 play-card {"card_play":{"color":"yellow","number":1},"yell_uno":false}
2024-01-14 00:18:03:418 P-00000002 draw-card {}
2024-01-14 00:18:03:463 P-00000005 play-card {"card_play":{"color":"red","number":1},"yell_uno":false}
2024-01-14 00:18:03:513 P-00000006 play-card {"card_play":{"color":"red","special":"draw_2"},"yell_uno":true}
2024-01-14 00:18:03:575 P-00000001 draw-card {}
2024-01-14 00:18:03:619 P-00000002 play-card {"card_play":{"color":"blue","special":"draw_2"},"yell_uno":false}
2024-01-14 00:18:03:668 P-00000005 draw-card {}
2024-01-14 00:18:03:712 P-00000006 draw-card {}
2024-01-14 00:18:03:742 P-00000006 play-draw-card {"is_play_card":true,"yell_uno":true}
2024-01-14 00:18:03:820 P-00000001 draw-card {}
2024-01-14 00:18:03:865 P-00000002 play-card {"card_play":{"color":"green","number":4},"yell_uno":false}
2024-01-14 00:18:03:915 P-00000005 draw-card {}
2024-01-14 00:18:03:964 P-00000006 draw-card {}
2024-01-14 00:18:03:994 P-00000006 play-draw-card {"is_play_card":true,"yell_uno":true}
2024-01-14 00:18:04:100 P-00000001 play-card {"card_play":{"color":"yellow","number":1},"yell_uno":false}
2024-01-14 00:18:04:158 P-00000002 play-card {"card_play":{"color":"blue","number":6},"yell_uno":false}
2024-01-14 00:18:04:206 P-00000005 play-card {"card_play":{"color":"blue","number":1},"yell_uno":false}
2024-01-14 00:18:04:252 P-00000006 draw-card {}
2024-01-14 00:18:04:282 P-00000006 play-draw-card {"is_play_card":true,"yell_uno":true}
2024-01-14 00:18:04:348 P-00000002 draw-card {}
2024-01-14 00:18:04:398 P-00000005 play-card {"card_play":{"color":"blue","number":7},"yell_uno":false}
2024-01-14 00:18:04:442 P-00000006 draw-card {}
2024-01-14 00:18:04:471 P-00000006 play-draw-card {"is_play_card":true,"yell_uno":true}
2024-01-14 00:18:04:526 P-00000002 draw-card {}
2024-01-14 00:18:04:571 P-00000005 play-card {"card_play":{"color":"red","special":"skip"},"yell_uno":false}
2024-01-14 00:18:04:635 P-00000001 special-logic {"title":"なんくるないさー！"}
2024-01-14 00:18:04:675 P-00000001 play-card {"card_play":{"color":"yellow","number":1},"yell_uno":false}
2024-01-14 00:18:04:734 P-00000002 play-card {"card_play":{"color":"red","number":5},"yell_uno":false}
2024-01-14 00:18:04:780 P-00000005 play-card {"card_play":{"color":"red","number":0},"yell_uno":false}
2024-01-14 00:18:04:828 P-00000006 play-card {"card_play":{"color":"red","special":"skip"},"yell_uno":false}
