2024-01-14 00:26:06:440 P-00000001 join-room {"room_name":"test","player":"player1"}
2024-01-14 00:26:09:979 P-00000002 join-room {"room_name":"test","player":"Alternative 2"}
2024-01-14 00:26:10:662 P-00000005 join-room {"room_name":"test","player":"Alternative 3"}
2024-01-14 00:26:11:354 P-00000006 join-room {"room_name":"test","player":"Alternative 4"}
2024-01-14 00:26:14:246 P-00000002 play-card {"card_play":{"color":"red","number":2},"yell_uno":false}
2024-01-14 00:26:14:297 P-00000002 draw-card {}
2024-01-14 00:26:14:333 P-00000006 draw-card {}
2024-01-14 00:26:14:407 P-00000001 play-card {"card_play":{"color":"red","special":"draw_2"},"yell_uno":false}
2024-01-14 00:26:14:452 P-00000005 draw-card {}
2024-01-14 00:26:14:494 P-00000002 play-card {"card_play":{"color":"red","special":"reverse"},"yell_uno":false}
2024-01-14 00:26:14:535 P-00000005 play-card {"card_play":{"color":"red","number":8},"yell_uno":false}
2024-01-14 00:26:14:585 P-00000001 special-logic {"title":"なんくるないさー！"}
2024-01-14 00:26:14:591 P-00000001 play-card {"card_play":{"color":"yellow","number":8},"yell_uno":false}
2024-01-14 00:26:14:646 P-00000006 play-card {"card_play":{"color":"yellow","number":2},"yell_uno":false}
2024-01-14 00:26:14:692 P-00000002 play-card {"card_play":{"color":"yellow","special":"reverse"},"yell_uno":false}
2024-01-14 00:26:14:738 P-00000006 play-card {"card_play":{"color":"yellow","number":7},"yell_uno":false}
2024-01-14 00:26:14:793 P-00000001 play-card {"card_play":{"color":"yellow","special":"reverse"},"yell_uno":false}
2024-01-14 00:26:14:837 P-00000006 play-card {"card_play":{"color":"green","special":"reverse"},"yell_uno":false}
2024-01-14 00:26:14:889 P-00000001 play-card {"card_play":{"color":"green","number":2},"yell_uno":false}
2024-01-14 00:26:14:930 P-00000005 play-card {"card_play":{"color":"green","number":5},"yell_uno":false}
2024-01-14 00:26:14:971 P-00000002 play-card {"card_play":{"color":"green","number":1},"yell_uno":false}
2024-01-14 00:26:15:011 P-00000006 play-card {"card_play":{"color":"green","number":2},"yell_uno":false}
2024-01-14 00:26:15:062 P-00000001 draw-card {}
2024-01-14 00:26:15:095 P-00000001 play-draw-card {"is_play_card":true,"yell_uno":false}
2024-01-14 00:26:15:148 P-00000005 draw-card {}
2024-01-14 00:26:15:189 P-00000002 play-card {"card_play":{"color":"green","number":6},"yell_uno":false}
2024-01-14 00:26:15:230 P-00000006 play-card {"card_play":{"color":"green","number":7},"yell_uno":false}
2024-01-14 00:26:15:281 P-00000001 special-logic {"title":"なんくるないさー！"}
2024-01-14 00:26:15:282 P-00000001 draw-card {}
2024-01-14 00:26:15:321 P-00000005 draw-card {}
2024-01-14 00:26:15:375 P-00000002 play-card {"card_play":{"color":"green","number":7},"yell_uno":false}
2024-01-14 00:26:15:420 P-00000006 play-card {"card_play":{"color":"green","number":8},"yell_uno":false}
2024-01-14 00:26:15:471 P-00000001 draw-card {}
2024-01-14 00:26:15:511 P-00000005 play-card {"card_play":{"color":"blue","number":8},"yell_uno":false}
2024-01-14 00:26:15:556 P-00000002 play-card {"card_play":{"color":"blue","number":2},"yell_uno":false}
2024-01-14 00:26:15:599 P-00000006 play-card {"card_play":{"color":"black","special":"wild"},"yell_uno":false,"color_of_wild":"blue"}
2024-01-14 00:26:15:667 P-00000001 draw-card {}
2024-01-14 00:26:15:710 P-00000005 play-card {"card_play":{"color":"blue","special":"draw_2"},"yell_uno":false}
2024-01-14 00:26:15:756 P-00000002 draw-card {}
2024-01-14 00:26:15:798 P-00000006 play-card {"card_play":{"color":"white","special":"white_wild"},"yell_uno":true}
2024-01-14 00:26:15:851 P-00000005 draw-card {}
2024-01-14 00:26:15:892 P-00000002 play-card {"card_play":{"color":"blue","number":7},"yell_uno":false}
2024-01-14 00:26:15:935 P-00000006 draw-card {}
2024-01-14 00:26:15:962 P-00000006 play-draw-card {"is_play_card":true,"yell_uno":true}
2024-01-14 00:26:16:024 P-00000001 play-card {"card_play":{"color":"yellow","number":0},"yell_uno":false}
2024-01-14 00:26:16:066 P-00000005 draw-card {}
2024-01-14 00:26:16:105 P-00000002 play-card {"card_play":{"color":"yellow","number":2},"yell_uno":false}
2024-01-14 00:26:16:148 P-00000006 draw-card {}
2024-01-14 00:26:16:174 P-00000006 play-draw-card {"is_play_card":true,"yell_uno":true}
2024-01-14 00:26:16:237 P-00000001 play-card {"card_play":{"color":"red","number":3},"yell_uno":false}
2024-01-14 00:26:16:278 P-00000005 play-card {"card_play":{"color":"yellow","number":3},"yell_uno":false}
2024-01-14 00:26:16:322 P-00000002 play-card {"card_play":{"color":"black","special":"wild_draw_4"},"yell_uno":false,"color_of_wild":"yellow"}
2024-01-14 00:26:16:374 P-00000006 draw-card {}
2024-01-14 00:26:16:420 P-00000001 special-logic {"title":"なんくるないさー！"}
2024-01-14 00:26:16:424 P-00000001 play-card {"card_play":{"color":"yellow","number":3},"yell_uno":false}
2024-01-14 00:26:16:474 P-00000005 play-card {"card_play":{"color":"yellow","special":"draw_2"},"yell_uno":false}
2024-01-14 00:26:16:517 P-00000002 draw-card {}
2024-01-14 00:26:16:556 P-00000006 draw-card {}
2024-01-14 00:26:16:581 P-00000006 play-draw-card {"is_play_card":true,"yell_uno":false}
2024-01-14 00:26:16:642 P-00000005 draw-card {}
2024-01-14 00:26:16:680 P-00000002 play-card {"card_play":{"color":"black","special":"wild_draw_4"},"yell_uno":false,"color_of_wild":"red"}
2024-01-14 00:26:16:732 P-00000006 draw-card {}
2024-01-14 00:26:16:781 P-00000001 play-card {"card_play":{"color":"red","number":3},"yell_uno":false}
2024-01-14 00:26:16:824 P-00000005 draw-card {}
2024-01-14 00:26:16:865 P-00000002 play-card {"card_play":{"color":"red","number":5},"yell_uno":false}
2024-01-14 00:26:16:907 P-00000006 play-card {"card_play":{"color":"blue","number":5},"yell_uno":false}
2024-01-14 00:26:16:957 P-00000001 draw-card {}
2024-01-14 00:26:16:997 P-00000005 play-card {"card_play":{"color":"blue","special":"draw_2"},"yell_uno":false}
2024-01-14 00:26:17:038 P-00000002 draw-card {}
2024-01-14 00:26:17:077 P-00000006 play-card {"card_play":{"color":"blue","number":1},"yell_uno":false}
2024-01-14 00:26:17:129 P-00000001 draw-card {}
2024-01-14 00:26:17:162 P-00000001 play-draw-card {"is_play_card":true,"yell_uno":false}
2024-01-14 00:26:17:212 P-00000005 play-card {"card_play":{"color":"green","special":"skip"},"yell_uno":false}
2024-01-14 00:26:17:254 P-00000006 play-card {"card_play":{"color":"green","number":4},"yell_uno":false}
2024-01-14 00:26:17:303 P-00000001 play-card {"card_play":{"color":"yellow","number":4},"yell_uno":false}
2024-01-14 00:26:17:344 P-00000005 play-card {"card_play":{"color":"yellow","number":6},"yell_uno":false}
2024-01-14 00:26:17:384 P-00000002 play-card {"card_play":{"color":"black","special":"wild_draw_4"},"yell_uno":false,"color_of_wild":"red"}
2024-01-14 00:26:17:438 P-00000006 challenge {"is_challenge":true}
2024-01-14 00:26:17:516 P-00000001 play-card {"card_play":{"color":"red","special":"draw_2"},"yell_uno":true}
2024-01-14 00:26:17:558 P-00000005 draw-card {}
2024-01-14 00:26:17:597 P-00000002 play-card {"card_play":{"color":"red","number":8},"yell_uno":false}
2024-01-14 00:26:17:638 P-00000006 play-card {"card_play":{"color":"green","number":8},"yell_uno":false}
2024-01-14 00:26:17:689 P-00000001 draw-card {}
2024-01-14 00:26:17:729 P-00000005 play-card {"card_play":{"color":"green","number":0},"yell_uno":false}
2024-01-14 00:26:17:771 P-00000002 draw-card {}
2024-01-14 00:26:17:811 P-00000006 play-card {"card_play":{"color":"green","number":9},"yell_uno":false}
2024-01-14 00:26:17:864 P-00000001 play-card {"card_play":{"color":"blue","number":9},"yell_uno":true}
2024-01-14 00:26:17:905 P-00000005 play-card {"card_play":{"color":"blue","number":4},"yell_uno":false}
2024-01-14 00:26:17:946 P-00000002 draw-card {}
2024-01-14 00:26:17:972 P-00000002 play-draw-card {"is_play_card":true,"yell_uno":false}
2024-01-14 00:26:18:021 P-00000006 play-card {"card_play":{"color":"green","number":9},"yell_uno":false}
2024-01-14 00:26:18:072 P-00000001 play-card {"card_play":{"color":"red","number":9},"yell_uno":false}
