2023-11-20 18:34:01:232 P-00000001 join-room {"room_name":"test","player":"player1"}
2023-11-20 18:34:17:456 P-00000002 join-room {"room_name":"test","player":"Alternative 2"}
2023-11-20 18:39:48:262 P-00000003 join-room {"room_name":"test","player":"player2"}
2023-11-20 18:39:58:657 P-00000004 join-room {"room_name":"test","player":"player3"}
2023-11-20 18:40:24:306 P-00000003 draw-card {}
2023-11-20 18:40:24:375 P-00000001 play-card {"card_play":{"color":"green","special":"draw_2"},"yell_uno":false}
2023-11-20 18:40:24:427 P-00000002 draw-card {}
2023-11-20 18:40:24:478 P-00000004 play-card {"card_play":{"color":"green","number":6},"yell_uno":false}
2023-11-20 18:40:24:536 P-00000003 play-card {"card_play":{"color":"green","number":8},"yell_uno":false}
2023-11-20 18:40:24:588 P-00000001 play-card {"card_play":{"color":"green","number":5},"yell_uno":false}
2023-11-20 18:40:24:633 P-00000002 play-card {"card_play":{"color":"green","special":"skip"},"yell_uno":false}
2023-11-20 18:40:24:684 P-00000003 play-card {"card_play":{"color":"black","special":"wild_shuffle"},"yell_uno":false}
2023-11-20 18:40:24:812 P-00000003 color-of-wild {"color_of_wild":"blue"}
2023-11-20 18:40:24:869 P-00000001 play-card {"card_play":{"color":"black","special":"wild_draw_4"},"yell_uno":false,"color_of_wild":"red"}
2023-11-20 18:40:24:927 P-00000002 challenge {"is_challenge":true}
2023-11-20 18:40:25:002 P-00000004 play-card {"card_play":{"color":"red","special":"draw_2"},"yell_uno":false}
2023-11-20 18:40:25:050 P-00000003 draw-card {}
2023-11-20 18:40:25:097 P-00000001 play-card {"card_play":{"color":"red","number":1},"yell_uno":false}
2023-11-20 18:40:25:141 P-00000002 play-card {"card_play":{"color":"green","number":1},"yell_uno":false}
2023-11-20 18:40:25:193 P-00000004 play-card {"card_play":{"color":"yellow","number":1},"yell_uno":false}
2023-11-20 18:40:25:245 P-00000003 play-card {"card_play":{"color":"yellow","number":2},"yell_uno":false}
2023-11-20 18:40:25:296 P-00000001 play-card {"card_play":{"color":"yellow","number":0},"yell_uno":false}
2023-11-20 18:40:25:341 P-00000002 play-card {"card_play":{"color":"yellow","number":2},"yell_uno":false}
2023-11-20 18:40:25:393 P-00000004 play-card {"card_play":{"color":"yellow","number":4},"yell_uno":false}
2023-11-20 18:40:25:444 P-00000003 play-card {"card_play":{"color":"yellow","number":7},"yell_uno":false}
2023-11-20 18:40:25:494 P-00000001 play-card {"card_play":{"color":"yellow","number":3},"yell_uno":false}
2023-11-20 18:40:25:539 P-00000002 play-card {"card_play":{"color":"yellow","special":"skip"},"yell_uno":false}
2023-11-20 18:40:25:589 P-00000003 play-card {"card_play":{"color":"white","special":"white_wild"},"yell_uno":false}
2023-11-20 18:40:25:647 P-00000002 draw-card {}
2023-11-20 18:40:25:694 P-00000004 special-logic {"title":"◯◯◯◯◯◯◯◯◯◯◯◯◯◯◯◯◯◯◯◯◯"}
2023-11-20 18:40:25:696 P-00000004 play-card {"card_play":{"color":"black","special":"wild_draw_4"},"yell_uno":false,"color_of_wild":"red"}
2023-11-20 18:40:25:771 P-00000003 draw-card {}
2023-11-20 18:40:25:816 P-00000001 play-card {"card_play":{"color":"red","number":4},"yell_uno":false}
2023-11-20 18:40:25:860 P-00000002 draw-card {}
2023-11-20 18:40:25:911 P-00000004 play-card {"card_play":{"color":"red","number":7},"yell_uno":true}
2023-11-20 18:40:25:970 P-00000003 play-card {"card_play":{"color":"red","special":"reverse"},"yell_uno":false}
2023-11-20 18:40:26:021 P-00000004 draw-card {}
2023-11-20 18:40:26:054 P-00000004 play-draw-card {"is_play_card":true,"yell_uno":true,"color_of_wild":"yellow"}
2023-11-20 18:40:26:108 P-00000002 draw-card {}
2023-11-20 18:40:26:135 P-00000002 play-draw-card {"is_play_card":true,"yell_uno":false}
2023-11-20 18:40:26:194 P-00000001 special-logic {"title":"◯◯◯◯◯◯◯◯◯◯◯◯◯◯◯◯◯◯◯◯◯"}
2023-11-20 18:40:26:196 P-00000001 play-card {"card_play":{"color":"yellow","number":3},"yell_uno":true}
2023-11-20 18:40:26:263 P-00000003 play-card {"card_play":{"color":"green","number":3},"yell_uno":false}
2023-11-20 18:40:26:314 P-00000004 play-card {"card_play":{"color":"green","number":7},"yell_uno":false}
2023-11-20 18:40:26:542 P-00000003 play-card {"card_play":{"color":"green","special":"draw_2"},"yell_uno":false}
2023-11-20 18:40:26:592 P-00000002 draw-card {}
2023-11-20 18:40:26:645 P-00000004 play-card {"card_play":{"color":"green","special":"skip"},"yell_uno":false}
2023-11-20 18:40:26:698 P-00000003 play-card {"card_play":{"color":"green","number":0},"yell_uno":false}
2023-11-20 18:40:26:744 P-00000002 play-card {"card_play":{"color":"white","special":"white_wild"},"yell_uno":false}
2023-11-20 18:40:26:807 P-00000001 draw-card {}
2023-11-20 18:40:26:856 P-00000003 play-card {"card_play":{"color":"green","number":2},"yell_uno":false}
2023-11-20 18:40:26:898 P-00000002 play-card {"card_play":{"color":"white","special":"white_wild"},"yell_uno":false}
2023-11-20 18:40:26:963 P-00000001 draw-card {}
2023-11-20 18:40:27:013 P-00000003 draw-card {}
2023-11-20 18:40:27:055 P-00000002 play-card {"card_play":{"color":"white","special":"white_wild"},"yell_uno":false}
2023-11-20 18:40:27:116 P-00000001 draw-card {}
2023-11-20 18:40:27:165 P-00000003 special-logic {"title":"◯◯◯◯◯◯◯◯◯◯◯◯◯◯◯◯◯◯◯◯◯"}
2023-11-20 18:40:27:166 P-00000003 draw-card {}
2023-11-20 18:40:27:222 P-00000002 draw-card {}
2023-11-20 18:40:27:252 P-00000002 play-draw-card {"is_play_card":true,"yell_uno":false,"color_of_wild":"yellow"}
2023-11-20 18:40:27:460 P-00000004 play-card {"card_play":{"color":"yellow","number":0},"yell_uno":false}
2023-11-20 18:40:27:534 P-00000001 draw-card {}
2023-11-20 18:40:27:607 P-00000003 play-card {"card_play":{"color":"yellow","special":"reverse"},"yell_uno":false}
2023-11-20 18:40:27:663 P-00000001 draw-card {}
2023-11-20 18:40:27:717 P-00000004 play-card {"card_play":{"color":"yellow","number":3},"yell_uno":false}
2023-11-20 18:40:27:766 P-00000002 draw-card {}
2023-11-20 18:40:27:794 P-00000002 play-draw-card {"is_play_card":true,"yell_uno":false,"color_of_wild":"blue"}
2023-11-20 18:40:27:856 P-00000003 challenge {"is_challenge":true}
2023-11-20 18:40:27:926 P-00000001 draw-card {}
2023-11-20 18:40:27:972 P-00000004 play-card {"card_play":{"color":"blue","number":7},"yell_uno":false}
2023-11-20 18:40:28:016 P-00000002 play-card {"card_play":{"color":"blue","special":"skip"},"yell_uno":false}
2023-11-20 18:40:28:068 P-00000001 special-logic {"title":"◯◯◯◯◯◯◯◯◯◯◯◯◯◯◯◯◯◯◯◯◯"}
2023-11-20 18:40:28:069 P-00000001 play-card {"card_play":{"color":"green","special":"skip"},"yell_uno":false}
2023-11-20 18:40:28:126 P-00000002 play-card {"card_play":{"color":"red","special":"skip"},"yell_uno":false}
2023-11-20 18:40:28:176 P-00000001 play-card {"card_play":{"color":"red","number":6},"yell_uno":false}
2023-11-20 18:40:28:228 P-00000004 play-card {"card_play":{"color":"black","special":"wild"},"yell_uno":false,"color_of_wild":"yellow"}
2023-11-20 18:40:28:283 P-00000002 draw-card {}
2023-11-20 18:40:28:341 P-00000003 play-card {"card_play":{"color":"yellow","number":7},"yell_uno":false}
2023-11-20 18:40:28:392 P-00000001 play-card {"card_play":{"color":"yellow","special":"reverse"},"yell_uno":false}
2023-11-20 18:40:28:444 P-00000003 play-card {"card_play":{"color":"yellow","number":9},"yell_uno":false}
2023-11-20 18:40:28:487 P-00000002 play-card {"card_play":{"color":"red","number":9},"yell_uno":false}
2023-11-20 18:40:28:537 P-00000004 play-card {"card_play":{"color":"blue","number":9},"yell_uno":true}
2023-11-20 18:40:28:589 P-00000001 play-card {"card_play":{"color":"blue","number":6},"yell_uno":false}
2023-11-20 18:40:28:641 P-00000003 special-logic {"title":"◯◯◯◯◯◯◯◯◯◯◯◯◯◯◯◯◯◯◯◯◯"}
2023-11-20 18:40:28:642 P-00000003 play-card {"card_play":{"color":"blue","number":2},"yell_uno":false}
2023-11-20 18:40:28:697 P-00000002 play-card {"card_play":{"color":"blue","special":"skip"},"yell_uno":false}
2023-11-20 18:40:28:748 P-00000001 play-card {"card_play":{"color":"red","special":"skip"},"yell_uno":false}
2023-11-20 18:40:28:793 P-00000002 play-card {"card_play":{"color":"red","number":5},"yell_uno":false}
2023-11-20 18:40:28:839 P-00000004 draw-card {}
2023-11-20 18:40:28:886 P-00000001 play-card {"card_play":{"color":"green","number":5},"yell_uno":false}
2023-11-20 18:40:28:937 P-00000003 play-card {"card_play":{"color":"green","number":2},"yell_uno":false}
2023-11-20 18:40:28:979 P-00000002 draw-card {}
2023-11-20 18:40:29:005 P-00000002 play-draw-card {"is_play_card":true,"yell_uno":false}
2023-11-20 18:40:29:064 P-00000004 draw-card {}
2023-11-20 18:40:29:111 P-00000001 play-card {"card_play":{"color":"yellow","number":6},"yell_uno":false}
2023-11-20 18:40:29:162 P-00000003 play-card {"card_play":{"color":"yellow","number":9},"yell_uno":false}
2023-11-20 18:40:29:205 P-00000002 draw-card {}
2023-11-20 18:40:29:251 P-00000004 play-card {"card_play":{"color":"yellow","number":1},"yell_uno":false}
2023-11-20 18:40:29:300 P-00000001 play-card {"card_play":{"color":"green","number":1},"yell_uno":false}
2023-11-20 18:40:29:351 P-00000003 play-card {"card_play":{"color":"red","number":1},"yell_uno":false}
2023-11-20 18:40:29:394 P-00000002 play-card {"card_play":{"color":"red","special":"reverse"},"yell_uno":false}
2023-11-20 18:40:29:444 P-00000003 play-card {"card_play":{"color":"red","number":1},"yell_uno":false}
2023-11-20 18:40:29:495 P-00000001 special-logic {"title":"◯◯◯◯◯◯◯◯◯◯◯◯◯◯◯◯◯◯◯◯◯"}
2023-11-20 18:40:29:497 P-00000001 play-card {"card_play":{"color":"black","special":"wild"},"yell_uno":false,"color_of_wild":"yellow"}
2023-11-20 18:40:29:568 P-00000004 play-card {"card_play":{"color":"yellow","number":8},"yell_uno":true}
2023-11-20 18:40:29:610 P-00000002 play-card {"card_play":{"color":"red","number":8},"yell_uno":true}
2023-11-20 18:40:29:659 P-00000003 play-card {"card_play":{"color":"red","number":2},"yell_uno":false}
2023-11-20 18:40:29:708 P-00000001 draw-card {}
2023-11-20 18:40:29:751 P-00000004 play-card {"card_play":{"color":"red","number":7},"yell_uno":false}
