2024-01-14 00:23:37:928 P-00000001 join-room {"room_name":"test","player":"player1"}
2024-01-14 00:23:40:682 P-00000002 join-room {"room_name":"test","player":"Alternative 2"}
2024-01-14 00:23:42:705 P-00000005 join-room {"room_name":"test","player":"Alternative 3"}
2024-01-14 00:23:46:248 P-00000006 join-room {"room_name":"test","player":"Alternative 4"}
2024-01-14 00:23:48:272 P-00000006 play-card {"card_play":{"color":"blue","special":"reverse"},"yell_uno":false}
2024-01-14 00:23:48:396 P-00000001 play-card {"card_play":{"color":"yellow","number":3},"yell_uno":false}
2024-01-14 00:23:48:451 P-00000002 play-card {"card_play":{"color":"blue","number":5},"yell_uno":false}
2024-01-14 00:23:48:497 P-00000005 play-card {"card_play":{"color":"black","special":"wild"},"yell_uno":false,"color_of_wild":"green"}
2024-01-14 00:23:48:553 P-00000006 play-card {"card_play":{"color":"green","number":4},"yell_uno":false}
2024-01-14 00:23:48:610 P-00000001 play-card {"card_play":{"color":"yellow","number":3},"yell_uno":false}
2024-01-14 00:23:48:663 P-00000002 draw-card {}
2024-01-14 00:23:48:706 P-00000005 play-card {"card_play":{"color":"green","number":6},"yell_uno":false}
2024-01-14 00:23:48:751 P-00000006 play-card {"card_play":{"color":"green","special":"reverse"},"yell_uno":false}
2024-01-14 00:23:48:797 P-00000005 play-card {"card_play":{"color":"red","special":"reverse"},"yell_uno":false}
2024-01-14 00:23:48:842 P-00000006 play-card {"card_play":{"color":"red","number":2},"yell_uno":false}
2024-01-14 00:23:48:899 P-00000001 special-logic {"title":"なんくるないさー！"}
2024-01-14 00:23:48:908 P-00000001 play-card {"card_play":{"color":"yellow","number":3},"yell_uno":false}
2024-01-14 00:23:48:975 P-00000002 play-card {"card_play":{"color":"red","special":"skip"},"yell_uno":false}
2024-01-14 00:23:49:018 P-00000006 play-card {"card_play":{"color":"green","special":"skip"},"yell_uno":false}
2024-01-14 00:23:49:061 P-00000002 draw-card {}
2024-01-14 00:23:49:087 P-00000002 play-draw-card {"is_play_card":true,"yell_uno":false}
2024-01-14 00:23:49:141 P-00000005 play-card {"card_play":{"color":"black","special":"wild_draw_4"},"yell_uno":false,"color_of_wild":"yellow"}
2024-01-14 00:23:49:198 P-00000006 draw-card {}
2024-01-14 00:23:49:257 P-00000001 play-card {"card_play":{"color":"green","number":3},"yell_uno":false}
2024-01-14 00:23:49:310 P-00000002 play-card {"card_play":{"color":"yellow","number":3},"yell_uno":false}
2024-01-14 00:23:49:353 P-00000005 play-card {"card_play":{"color":"red","number":3},"yell_uno":false}
2024-01-14 00:23:49:396 P-00000006 play-card {"card_play":{"color":"red","special":"reverse"},"yell_uno":false}
2024-01-14 00:23:49:441 P-00000005 play-card {"card_play":{"color":"red","special":"draw_2"},"yell_uno":true}
2024-01-14 00:23:49:483 P-00000002 draw-card {}
2024-01-14 00:23:49:533 P-00000001 special-logic {"title":"なんくるないさー！"}
2024-01-14 00:23:49:547 P-00000001 play-card {"card_play":{"color":"yellow","number":3},"yell_uno":false}
2024-01-14 00:23:49:600 P-00000006 play-card {"card_play":{"color":"white","special":"white_wild"},"yell_uno":false}
2024-01-14 00:23:49:653 P-00000002 draw-card {}
2024-01-14 00:23:49:711 P-00000001 play-card {"card_play":{"color":"yellow","number":3},"yell_uno":false}
2024-01-14 00:23:49:765 P-00000006 draw-card {}
2024-01-14 00:23:49:792 P-00000006 play-draw-card {"is_play_card":true,"yell_uno":false}
2024-01-14 00:23:49:846 P-00000005 play-card {"card_play":{"color":"red","number":9},"yell_uno":false}
