2024-01-14 00:15:11:332 P-00000001 join-room {"room_name":"test","player":"player1"}
2024-01-14 00:15:15:305 P-00000002 join-room {"room_name":"test","player":"Alternative 2"}
2024-01-14 00:15:15:859 P-00000005 join-room {"room_name":"test","player":"Alternative 3"}
2024-01-14 00:15:16:547 P-00000006 join-room {"room_name":"test","player":"Alternative 4"}
2024-01-14 00:15:19:196 P-00000001 special-logic {"title":"なんくるないさー！"}
2024-01-14 00:15:19:227 P-00000001 play-card {"card_play":{"color":"yellow","special":"draw_2"},"yell_uno":false}
2024-01-14 00:15:19:282 P-00000005 play-card {"card_play":{"color":"red","number":5},"yell_uno":false}
2024-01-14 00:15:19:325 P-00000002 play-card {"card_play":{"color":"yellow","number":5},"yell_uno":false}
2024-01-14 00:15:19:367 P-00000006 play-card {"card_play":{"color":"yellow","number":0},"yell_uno":false}
2024-01-14 00:15:19:459 P-00000001 play-card {"card_play":{"color":"green","number":4},"yell_uno":false}
2024-01-14 00:15:19:513 P-00000005 draw-card {}
2024-01-14 00:15:19:554 P-00000002 play-card {"card_play":{"color":"yellow","special":"skip"},"yell_uno":false}
2024-01-14 00:15:19:612 P-00000001 play-card {"card_play":{"color":"green","number":4},"yell_uno":false}
2024-01-14 00:15:19:666 P-00000005 play-card {"card_play":{"color":"blue","special":"skip"},"yell_uno":false}
2024-01-14 00:15:19:711 P-00000006 play-card {"card_play":{"color":"blue","special":"draw_2"},"yell_uno":false}
2024-01-14 00:15:19:761 P-00000001 draw-card {}
2024-01-14 00:15:19:802 P-00000005 play-card {"card_play":{"color":"blue","number":8},"yell_uno":false}
2024-01-14 00:15:19:845 P-00000002 play-card {"card_play":{"color":"yellow","number":8},"yell_uno":false}
2024-01-14 00:15:19:888 P-00000006 play-card {"card_play":{"color":"yellow","number":4},"yell_uno":false}
2024-01-14 00:15:19:953 P-00000001 play-card {"card_play":{"color":"green","number":4},"yell_uno":false}
2024-01-14 00:15:19:995 P-00000005 play-card {"card_play":{"color":"green","number":1},"yell_uno":false}
2024-01-14 00:15:20:036 P-00000002 play-card {"card_play":{"color":"green","number":3},"yell_uno":false}
2024-01-14 00:15:20:080 P-00000006 play-card {"card_play":{"color":"green","number":0},"yell_uno":false}
2024-01-14 00:15:20:143 P-00000001 play-card {"card_play":{"color":"yellow","special":"draw_2"},"yell_uno":false}
2024-01-14 00:15:20:196 P-00000005 play-card {"card_play":{"color":"green","number":2},"yell_uno":false}
2024-01-14 00:15:20:237 P-00000002 play-card {"card_play":{"color":"black","special":"wild"},"yell_uno":false,"color_of_wild":"blue"}
2024-01-14 00:15:20:291 P-00000006 play-card {"card_play":{"color":"white","special":"white_wild"},"yell_uno":false}
2024-01-14 00:15:20:344 P-00000005 draw-card {}
2024-01-14 00:15:20:384 P-00000002 play-card {"card_play":{"color":"blue","number":1},"yell_uno":true}
2024-01-14 00:15:20:427 P-00000006 play-card {"card_play":{"color":"red","number":1},"yell_uno":true}
2024-01-14 00:15:20:496 P-00000001 play-card {"card_play":{"color":"yellow","special":"draw_2"},"yell_uno":false}
2024-01-14 00:15:20:551 P-00000005 draw-card {}
2024-01-14 00:15:20:590 P-00000002 draw-card {}
2024-01-14 00:15:20:617 P-00000002 play-draw-card {"is_play_card":true,"yell_uno":true}
2024-01-14 00:15:20:670 P-00000006 play-card {"card_play":{"color":"red","special":"skip"},"yell_uno":false}
