2024-01-14 00:07:23:651 P-00000001 join-room {"room_name":"test","player":"player1"}
2024-01-14 00:07:30:686 P-00000002 join-room {"room_name":"test","player":"Alternative 2"}
2024-01-14 00:07:34:709 P-00000005 join-room {"room_name":"test","player":"Alternative 3"}
2024-01-14 00:07:38:996 P-00000006 join-room {"room_name":"test","player":"Alternative 4"}
2024-01-14 00:07:44:813 P-00000005 play-card {"card_play":{"color":"green","number":5},"yell_uno":false}
2024-01-14 00:07:45:295 P-00000001 play-card {"card_play":{"color":"yellow","number":2},"yell_uno":false}
2024-01-14 00:07:45:295 P-00000001 play-card {"card_play":{"color":"yellow","number":7},"yell_uno":false}
2024-01-14 00:07:45:371 P-00000002 play-card {"card_play":{"color":"blue","number":8},"yell_uno":false}
2024-01-14 00:07:45:457 P-00000006 play-card {"card_play":{"color":"blue","special":"draw_2"},"yell_uno":false}
2024-01-14 00:07:45:500 P-00000005 draw-card {}
2024-01-14 00:07:45:564 P-00000001 play-card {"card_play":{"color":"yellow","number":1},"yell_uno":false}
2024-01-14 00:07:45:618 P-00000002 play-card {"card_play":{"color":"red","special":"draw_2"},"yell_uno":false}
2024-01-14 00:07:45:658 P-00000006 draw-card {}
2024-01-14 00:07:45:698 P-00000005 play-card {"card_play":{"color":"yellow","special":"draw_2"},"yell_uno":false}
2024-01-14 00:07:45:745 P-00000001 draw-card {}
2024-01-14 00:07:45:786 P-00000002 play-card {"card_play":{"color":"yellow","number":4},"yell_uno":false}
2024-01-14 00:07:45:860 P-00000006 play-card {"card_play":{"color":"green","number":4},"yell_uno":false}
2024-01-14 00:07:45:902 P-00000005 play-card {"card_play":{"color":"green","number":6},"yell_uno":false}
2024-01-14 00:07:45:956 P-00000001 play-card {"card_play":{"color":"yellow","number":1},"yell_uno":false}
2024-01-14 00:07:46:038 P-00000002 play-card {"card_play":{"color":"green","number":3},"yell_uno":false}
2024-01-14 00:07:46:101 P-00000006 play-card {"card_play":{"color":"green","special":"reverse"},"yell_uno":false}
2024-01-14 00:07:46:145 P-00000002 play-card {"card_play":{"color":"red","special":"reverse"},"yell_uno":false}
2024-01-14 00:07:46:188 P-00000006 play-card {"card_play":{"color":"blue","special":"reverse"},"yell_uno":false}
2024-01-14 00:07:46:231 P-00000002 draw-card {}
2024-01-14 00:07:46:257 P-00000002 play-draw-card {"is_play_card":true,"yell_uno":false}
2024-01-14 00:07:46:342 P-00000001 draw-card {}
2024-01-14 00:07:46:381 P-00000005 play-card {"card_play":{"color":"blue","number":1},"yell_uno":false}
2024-01-14 00:07:46:420 P-00000006 play-card {"card_play":{"color":"blue","number":7},"yell_uno":false}
2024-01-14 00:07:46:460 P-00000002 draw-card {}
2024-01-14 00:07:46:486 P-00000002 play-draw-card {"is_play_card":true,"yell_uno":false}
2024-01-14 00:07:46:539 P-00000005 play-card {"card_play":{"color":"blue","number":2},"yell_uno":false}
2024-01-14 00:07:46:583 P-00000006 play-card {"card_play":{"color":"green","number":2},"yell_uno":false}
2024-01-14 00:07:46:652 P-00000002 draw-card {}
2024-01-14 00:07:46:705 P-00000001 play-card {"card_play":{"color":"yellow","number":1},"yell_uno":false}
2024-01-14 00:07:46:759 P-00000005 play-card {"card_play":{"color":"green","number":9},"yell_uno":false}
2024-01-14 00:07:46:805 P-00000006 play-card {"card_play":{"color":"green","special":"skip"},"yell_uno":false}
2024-01-14 00:07:46:862 P-00000001 play-card {"card_play":{"color":"yellow","number":1},"yell_uno":false}
2024-01-14 00:07:46:937 P-00000005 play-card {"card_play":{"color":"black","special":"wild_draw_4"},"yell_uno":false,"color_of_wild":"yellow"}
2024-01-14 00:07:47:005 P-00000006 draw-card {}
2024-01-14 00:07:47:057 P-00000002 draw-card {}
2024-01-14 00:07:47:096 P-00000002 play-draw-card {"is_play_card":true,"yell_uno":false}
2024-01-14 00:07:47:189 P-00000001 play-card {"card_play":{"color":"green","special":"draw_2"},"yell_uno":false}
2024-01-14 00:07:47:299 P-00000005 draw-card {}
2024-01-14 00:07:47:325 P-00000005 play-draw-card {"is_play_card":true,"yell_uno":false}
2024-01-14 00:07:47:387 P-00000002 draw-card {}
2024-01-14 00:07:47:444 P-00000001 play-card {"card_play":{"color":"green","special":"draw_2"},"yell_uno":false}
2024-01-14 00:07:47:484 P-00000005 draw-card {}
2024-01-14 00:07:47:511 P-00000005 play-draw-card {"is_play_card":true,"yell_uno":false}
2024-01-14 00:07:47:562 P-00000006 play-card {"card_play":{"color":"black","special":"wild"},"yell_uno":false,"color_of_wild":"green"}
2024-01-14 00:07:47:615 P-00000002 draw-card {}
2024-01-14 00:07:47:674 P-00000001 play-card {"card_play":{"color":"yellow","number":1},"yell_uno":false}
2024-01-14 00:07:47:716 P-00000005 draw-card {}
2024-01-14 00:07:47:782 P-00000006 play-card {"card_play":{"color":"green","number":7},"yell_uno":false}
2024-01-14 00:07:47:822 P-00000002 draw-card {}
2024-01-14 00:07:47:954 P-00000001 special-logic {"title":"なんくるないさー！"}
2024-01-14 00:07:47:957 P-00000001 play-card {"card_play":{"color":"yellow","number":1},"yell_uno":false}
2024-01-14 00:07:48:009 P-00000005 play-card {"card_play":{"color":"red","number":7},"yell_uno":false}
2024-01-14 00:07:48:051 P-00000006 play-card {"card_play":{"color":"green","number":7},"yell_uno":false}
2024-01-14 00:07:48:093 P-00000002 draw-card {}
2024-01-14 00:07:48:119 P-00000002 play-draw-card {"is_play_card":true,"yell_uno":false}
2024-01-14 00:07:48:170 P-00000005 draw-card {}
2024-01-14 00:07:48:209 P-00000006 play-card {"card_play":{"color":"black","special":"wild"},"yell_uno":false,"color_of_wild":"yellow"}
2024-01-14 00:07:48:262 P-00000002 play-card {"card_play":{"color":"yellow","special":"draw_2"},"yell_uno":false}
2024-01-14 00:07:48:313 P-00000001 draw-card {}
2024-01-14 00:07:48:353 P-00000005 play-card {"card_play":{"color":"red","special":"draw_2"},"yell_uno":false}
2024-01-14 00:07:48:395 P-00000006 draw-card {}
2024-01-14 00:07:48:436 P-00000002 play-card {"card_play":{"color":"red","number":1},"yell_uno":false}
2024-01-14 00:07:48:492 P-00000001 play-card {"card_play":{"color":"yellow","number":1},"yell_uno":false}
2024-01-14 00:07:48:533 P-00000005 draw-card {}
2024-01-14 00:07:48:558 P-00000005 play-draw-card {"is_play_card":true,"yell_uno":false}
2024-01-14 00:07:48:607 P-00000006 play-card {"card_play":{"color":"yellow","number":2},"yell_uno":false}
2024-01-14 00:07:48:649 P-00000002 draw-card {}
2024-01-14 00:07:48:676 P-00000002 play-draw-card {"is_play_card":true,"yell_uno":false}
2024-01-14 00:07:48:766 P-00000001 play-card {"card_play":{"color":"green","special":"draw_2"},"yell_uno":false}
2024-01-14 00:07:48:815 P-00000005 draw-card {}
2024-01-14 00:07:48:854 P-00000006 play-card {"card_play":{"color":"black","special":"wild_draw_4"},"yell_uno":false,"color_of_wild":"yellow"}
2024-01-14 00:07:48:906 P-00000002 challenge {"is_challenge":true}
2024-01-14 00:07:48:985 P-00000001 play-card {"card_play":{"color":"green","special":"draw_2"},"yell_uno":false}
2024-01-14 00:07:49:039 P-00000005 draw-card {}
2024-01-14 00:07:49:067 P-00000005 play-draw-card {"is_play_card":true,"yell_uno":false}
2024-01-14 00:07:49:119 P-00000006 draw-card {}
2024-01-14 00:07:49:160 P-00000002 play-card {"card_play":{"color":"yellow","number":1},"yell_uno":false}
2024-01-14 00:07:49:223 P-00000001 play-card {"card_play":{"color":"green","special":"draw_2"},"yell_uno":false}
2024-01-14 00:07:49:379 P-00000005 draw-card {}
2024-01-14 00:07:49:406 P-00000005 play-draw-card {"is_play_card":true,"yell_uno":false}
2024-01-14 00:07:49:479 P-00000001 play-card {"card_play":{"color":"green","special":"draw_2"},"yell_uno":false}
2024-01-14 00:07:49:532 P-00000002 play-card {"card_play":{"color":"yellow","special":"skip"},"yell_uno":false}
2024-01-14 00:07:49:571 P-00000005 draw-card {}
2024-01-14 00:07:49:597 P-00000005 play-draw-card {"is_play_card":true,"yell_uno":false,"color_of_wild":"red"}
2024-01-14 00:07:49:677 P-00000001 play-card {"card_play":{"color":"yellow","number":7},"yell_uno":false}
2024-01-14 00:07:49:733 P-00000002 play-card {"card_play":{"color":"red","number":3},"yell_uno":false}
2024-01-14 00:07:49:774 P-00000006 play-card {"card_play":{"color":"red","number":5},"yell_uno":false}
2024-01-14 00:07:49:817 P-00000005 play-card {"card_play":{"color":"red","number":6},"yell_uno":false}
2024-01-14 00:07:49:878 P-00000001 play-card {"card_play":{"color":"yellow","number":7},"yell_uno":false}
2024-01-14 00:07:49:934 P-00000002 play-card {"card_play":{"color":"red","number":8},"yell_uno":false}
2024-01-14 00:07:49:980 P-00000006 draw-card {}
2024-01-14 00:07:50:019 P-00000005 draw-card {}
2024-01-14 00:07:50:075 P-00000001 play-card {"card_play":{"color":"yellow","number":7},"yell_uno":false}
2024-01-14 00:07:50:131 P-00000002 play-card {"card_play":{"color":"red","number":9},"yell_uno":false}
2024-01-14 00:07:50:172 P-00000006 draw-card {}
2024-01-14 00:07:50:198 P-00000006 play-draw-card {"is_play_card":true,"yell_uno":false}
2024-01-14 00:07:50:252 P-00000005 draw-card {}
2024-01-14 00:07:50:336 P-00000001 play-card {"card_play":{"color":"yellow","number":7},"yell_uno":false}
2024-01-14 00:07:50:388 P-00000002 play-card {"card_play":{"color":"red","special":"reverse"},"yell_uno":false}
2024-01-14 00:07:50:456 P-00000001 play-card {"card_play":{"color":"yellow","number":7},"yell_uno":false}
2024-01-14 00:07:50:527 P-00000005 draw-card {}
2024-01-14 00:07:50:578 P-00000006 play-card {"card_play":{"color":"blue","special":"reverse"},"yell_uno":false}
2024-01-14 00:07:50:617 P-00000005 play-card {"card_play":{"color":"blue","number":3},"yell_uno":false}
2024-01-14 00:07:50:674 P-00000001 play-card {"card_play":{"color":"yellow","number":7},"yell_uno":false}
2024-01-14 00:07:50:735 P-00000002 play-card {"card_play":{"color":"blue","number":7},"yell_uno":false}
2024-01-14 00:07:50:778 P-00000006 play-card {"card_play":{"color":"blue","number":0},"yell_uno":true}
2024-01-14 00:07:50:820 P-00000005 play-card {"card_play":{"color":"green","number":0},"yell_uno":false}
2024-01-14 00:07:50:878 P-00000001 play-card {"card_play":{"color":"yellow","number":7},"yell_uno":false}
2024-01-14 00:07:50:931 P-00000002 play-card {"card_play":{"color":"black","special":"wild"},"yell_uno":false,"color_of_wild":"red"}
2024-01-14 00:07:50:986 P-00000006 draw-card {}
2024-01-14 00:07:51:025 P-00000005 draw-card {}
2024-01-14 00:07:51:055 P-00000005 play-draw-card {"is_play_card":true,"yell_uno":false}
2024-01-14 00:07:51:180 P-00000001 play-card {"card_play":{"color":"yellow","number":7},"yell_uno":false}
2024-01-14 00:07:51:234 P-00000002 play-card {"card_play":{"color":"white","special":"white_wild"},"yell_uno":true}
2024-01-14 00:07:51:288 P-00000005 draw-card {}
2024-01-14 00:07:51:345 P-00000001 play-card {"card_play":{"color":"yellow","number":7},"yell_uno":false}
2024-01-14 00:07:51:399 P-00000002 play-card {"card_play":{"color":"black","special":"wild_draw_4"},"yell_uno":false,"color_of_wild":"blue"}
