2024-01-14 00:10:24:469 P-00000007 join-room {"room_name":"test","player":"Alternative 1"}
2024-01-14 00:10:29:604 P-00000001 join-room {"room_name":"test","player":"player1"}
2024-01-14 00:10:32:313 P-00000005 join-room {"room_name":"test","player":"Alternative 3"}
2024-01-14 00:10:32:855 P-00000006 join-room {"room_name":"test","player":"Alternative 4"}
2024-01-14 00:10:35:670 P-00000001 play-card {"card_play":{"color":"yellow","number":3},"yell_uno":false}
2024-01-14 00:10:35:725 P-00000005 play-card {"card_play":{"color":"blue","number":7},"yell_uno":false}
2024-01-14 00:10:35:768 P-00000006 play-card {"card_play":{"color":"blue","special":"draw_2"},"yell_uno":false}
2024-01-14 00:10:35:812 P-00000007 draw-card {}
2024-01-14 00:10:35:862 P-00000001 play-card {"card_play":{"color":"yellow","number":3},"yell_uno":false}
2024-01-14 00:10:35:914 P-00000005 play-card {"card_play":{"color":"blue","number":8},"yell_uno":false}
2024-01-14 00:10:35:953 P-00000006 play-card {"card_play":{"color":"black","special":"wild_draw_4"},"yell_uno":false,"color_of_wild":"green"}
2024-01-14 00:10:36:008 P-00000007 draw-card {}
2024-01-14 00:10:36:059 P-00000001 play-card {"card_play":{"color":"yellow","number":3},"yell_uno":false}
2024-01-14 00:10:36:112 P-00000005 play-card {"card_play":{"color":"white","special":"white_wild"},"yell_uno":false}
2024-01-14 00:10:36:165 P-00000007 draw-card {}
2024-01-14 00:10:36:220 P-00000001 play-card {"card_play":{"color":"yellow","number":3},"yell_uno":false}
2024-01-14 00:10:36:274 P-00000005 draw-card {}
2024-01-14 00:10:36:315 P-00000006 draw-card {}
2024-01-14 00:10:36:342 P-00000006 play-draw-card {"is_play_card":true,"yell_uno":false}
2024-01-14 00:10:36:395 P-00000007 draw-card {}
2024-01-14 00:10:36:448 P-00000001 play-card {"card_play":{"color":"yellow","number":3},"yell_uno":false}
2024-01-14 00:10:36:501 P-00000005 draw-card {}
2024-01-14 00:10:36:528 P-00000005 play-draw-card {"is_play_card":true,"yell_uno":false}
2024-01-14 00:10:36:580 P-00000006 play-card {"card_play":{"color":"red","number":2},"yell_uno":false}
2024-01-14 00:10:36:622 P-00000007 play-card {"card_play":{"color":"red","number":0},"yell_uno":false}
2024-01-14 00:10:36:674 P-00000001 special-logic {"title":"なんくるないさー！"}
2024-01-14 00:10:36:681 P-00000001 play-card {"card_play":{"color":"yellow","number":3},"yell_uno":false}
2024-01-14 00:10:36:742 P-00000005 play-card {"card_play":{"color":"red","number":1},"yell_uno":false}
2024-01-14 00:10:36:784 P-00000006 play-card {"card_play":{"color":"red","special":"skip"},"yell_uno":false}
2024-01-14 00:10:36:843 P-00000001 play-card {"card_play":{"color":"yellow","number":3},"yell_uno":false}
2024-01-14 00:10:36:896 P-00000005 play-card {"card_play":{"color":"yellow","special":"skip"},"yell_uno":false}
2024-01-14 00:10:36:937 P-00000007 play-card {"card_play":{"color":"yellow","number":9},"yell_uno":false}
2024-01-14 00:10:37:002 P-00000001 play-card {"card_play":{"color":"green","special":"draw_2"},"yell_uno":false}
2024-01-14 00:10:37:058 P-00000005 play-card {"card_play":{"color":"yellow","number":3},"yell_uno":false}
2024-01-14 00:10:37:103 P-00000006 play-card {"card_play":{"color":"yellow","number":4},"yell_uno":false}
2024-01-14 00:10:37:149 P-00000007 play-card {"card_play":{"color":"yellow","special":"reverse"},"yell_uno":false}
2024-01-14 00:10:37:194 P-00000006 play-card {"card_play":{"color":"yellow","special":"draw_2"},"yell_uno":true}
2024-01-14 00:10:37:237 P-00000005 draw-card {}
2024-01-14 00:10:37:305 P-00000001 play-card {"card_play":{"color":"green","special":"draw_2"},"yell_uno":false}
2024-01-14 00:10:37:349 P-00000007 draw-card {}
2024-01-14 00:10:37:389 P-00000006 draw-card {}
2024-01-14 00:10:37:429 P-00000005 draw-card {}
2024-01-14 00:10:37:455 P-00000005 play-draw-card {"is_play_card":true,"yell_uno":false}
2024-01-14 00:10:37:525 P-00000001 play-card {"card_play":{"color":"yellow","number":3},"yell_uno":false}
2024-01-14 00:10:37:579 P-00000007 play-card {"card_play":{"color":"green","number":1},"yell_uno":false}
2024-01-14 00:10:37:620 P-00000006 draw-card {}
2024-01-14 00:10:37:662 P-00000005 draw-card {}
2024-01-14 00:10:37:738 P-00000001 play-card {"card_play":{"color":"yellow","number":3},"yell_uno":false}
2024-01-14 00:10:37:792 P-00000007 play-card {"card_play":{"color":"green","number":4},"yell_uno":false}
2024-01-14 00:10:37:836 P-00000006 draw-card {}
2024-01-14 00:10:37:880 P-00000005 play-card {"card_play":{"color":"blue","number":4},"yell_uno":false}
2024-01-14 00:10:37:943 P-00000001 play-card {"card_play":{"color":"yellow","number":3},"yell_uno":false}
2024-01-14 00:10:37:987 P-00000007 play-card {"card_play":{"color":"blue","number":4},"yell_uno":false}
2024-01-14 00:10:38:028 P-00000006 draw-card {}
2024-01-14 00:10:38:070 P-00000005 play-card {"card_play":{"color":"blue","number":6},"yell_uno":false}
2024-01-14 00:10:38:129 P-00000001 play-card {"card_play":{"color":"yellow","number":3},"yell_uno":false}
2024-01-14 00:10:38:170 P-00000007 play-card {"card_play":{"color":"blue","number":9},"yell_uno":false}
2024-01-14 00:10:38:214 P-00000006 draw-card {}
2024-01-14 00:10:38:254 P-00000005 draw-card {}
2024-01-14 00:10:38:317 P-00000001 play-card {"card_play":{"color":"yellow","number":3},"yell_uno":false}
2024-01-14 00:10:38:358 P-00000007 play-card {"card_play":{"color":"blue","special":"reverse"},"yell_uno":false}
2024-01-14 00:10:38:433 P-00000001 play-card {"card_play":{"color":"yellow","number":3},"yell_uno":false}
2024-01-14 00:10:38:474 P-00000005 draw-card {}
2024-01-14 00:10:38:500 P-00000005 play-draw-card {"is_play_card":true,"yell_uno":false}
2024-01-14 00:10:38:571 P-00000001 play-card {"card_play":{"color":"yellow","number":3},"yell_uno":false}
2024-01-14 00:10:38:612 P-00000007 play-card {"card_play":{"color":"red","special":"reverse"},"yell_uno":false}
2024-01-14 00:10:38:673 P-00000001 play-card {"card_play":{"color":"yellow","number":3},"yell_uno":false}
2024-01-14 00:10:38:712 P-00000005 play-card {"card_play":{"color":"red","number":3},"yell_uno":false}
2024-01-14 00:10:38:752 P-00000006 play-card {"card_play":{"color":"red","number":2},"yell_uno":false}
2024-01-14 00:10:38:796 P-00000007 play-card {"card_play":{"color":"red","special":"draw_2"},"yell_uno":false}
2024-01-14 00:10:38:854 P-00000001 draw-card {}
2024-01-14 00:10:38:897 P-00000005 play-card {"card_play":{"color":"yellow","special":"draw_2"},"yell_uno":false}
2024-01-14 00:10:38:937 P-00000006 draw-card {}
2024-01-14 00:10:38:981 P-00000007 play-card {"card_play":{"color":"yellow","number":8},"yell_uno":false}
2024-01-14 00:10:39:043 P-00000001 play-card {"card_play":{"color":"green","special":"draw_2"},"yell_uno":false}
2024-01-14 00:10:39:095 P-00000005 play-card {"card_play":{"color":"yellow","number":5},"yell_uno":true}
2024-01-14 00:10:39:137 P-00000006 play-card {"card_play":{"color":"yellow","number":1},"yell_uno":false}
2024-01-14 00:10:39:180 P-00000007 play-card {"card_play":{"color":"black","special":"wild_shuffle"},"yell_uno":false}
2024-01-14 00:10:39:296 P-00000007 color-of-wild {"color_of_wild":"red"}
2024-01-14 00:10:39:373 P-00000001 play-card {"card_play":{"color":"green","special":"draw_2"},"yell_uno":false}
2024-01-14 00:10:39:428 P-00000005 play-card {"card_play":{"color":"red","special":"skip"},"yell_uno":false}
2024-01-14 00:10:39:469 P-00000007 play-card {"card_play":{"color":"red","special":"reverse"},"yell_uno":false}
2024-01-14 00:10:39:512 P-00000006 play-card {"card_play":{"color":"yellow","special":"reverse"},"yell_uno":false}
2024-01-14 00:10:39:553 P-00000007 play-card {"card_play":{"color":"yellow","number":3},"yell_uno":false}
2024-01-14 00:10:39:610 P-00000001 play-card {"card_play":{"color":"green","special":"draw_2"},"yell_uno":false}
2024-01-14 00:10:39:683 P-00000005 play-card {"card_play":{"color":"yellow","number":2},"yell_uno":false}
2024-01-14 00:10:39:725 P-00000006 play-card {"card_play":{"color":"yellow","number":7},"yell_uno":false}
2024-01-14 00:10:39:767 P-00000007 play-card {"card_play":{"color":"yellow","number":7},"yell_uno":false}
2024-01-14 00:10:39:823 P-00000001 play-card {"card_play":{"color":"green","special":"draw_2"},"yell_uno":false}
2024-01-14 00:10:39:881 P-00000005 play-card {"card_play":{"color":"yellow","number":6},"yell_uno":false}
2024-01-14 00:10:39:922 P-00000006 play-card {"card_play":{"color":"black","special":"wild"},"yell_uno":false,"color_of_wild":"yellow"}
2024-01-14 00:10:39:975 P-00000007 play-card {"card_play":{"color":"black","special":"wild_draw_4"},"yell_uno":false,"color_of_wild":"green"}
2024-01-14 00:10:40:038 P-00000001 draw-card {}
2024-01-14 00:10:40:078 P-00000005 play-card {"card_play":{"color":"green","number":0},"yell_uno":false}
2024-01-14 00:10:40:119 P-00000006 play-card {"card_play":{"color":"green","number":5},"yell_uno":false}
2024-01-14 00:10:40:165 P-00000007 play-card {"card_play":{"color":"green","number":1},"yell_uno":false}
2024-01-14 00:10:40:223 P-00000001 play-card {"card_play":{"color":"blue","number":6},"yell_uno":false}
2024-01-14 00:10:40:274 P-00000005 play-card {"card_play":{"color":"green","number":3},"yell_uno":false}
2024-01-14 00:10:40:315 P-00000006 play-card {"card_play":{"color":"white","special":"white_wild"},"yell_uno":false}
2024-01-14 00:10:40:378 P-00000001 draw-card {}
2024-01-14 00:10:40:419 P-00000005 play-card {"card_play":{"color":"black","special":"wild_draw_4"},"yell_uno":false,"color_of_wild":"yellow"}
2024-01-14 00:10:40:474 P-00000006 challenge {"is_challenge":true}
2024-01-14 00:10:40:540 P-00000007 draw-card {}
2024-01-14 00:10:40:566 P-00000007 play-draw-card {"is_play_card":true,"yell_uno":false}
2024-01-14 00:10:40:618 P-00000005 play-card {"card_play":{"color":"blue","special":"skip"},"yell_uno":false}
2024-01-14 00:10:40:660 P-00000007 play-card {"card_play":{"color":"blue","number":5},"yell_uno":false}
2024-01-14 00:10:40:713 P-00000001 draw-card {}
2024-01-14 00:10:40:752 P-00000005 play-card {"card_play":{"color":"blue","number":1},"yell_uno":false}
2024-01-14 00:10:40:794 P-00000006 play-card {"card_play":{"color":"yellow","number":1},"yell_uno":false}
2024-01-14 00:10:40:834 P-00000007 draw-card {}
2024-01-14 00:10:40:860 P-00000007 play-draw-card {"is_play_card":true,"yell_uno":false}
2024-01-14 00:10:40:927 P-00000001 play-card {"card_play":{"color":"green","special":"draw_2"},"yell_uno":false}
2024-01-14 00:10:40:980 P-00000005 draw-card {}
2024-01-14 00:10:41:021 P-00000006 play-card {"card_play":{"color":"yellow","number":9},"yell_uno":false}
2024-01-14 00:10:41:065 P-00000007 draw-card {}
2024-01-14 00:10:41:125 P-00000001 play-card {"card_play":{"color":"green","special":"draw_2"},"yell_uno":false}
2024-01-14 00:10:41:167 P-00000005 play-card {"card_play":{"color":"red","number":9},"yell_uno":false}
2024-01-14 00:10:41:209 P-00000006 play-card {"card_play":{"color":"blue","number":9},"yell_uno":false}
2024-01-14 00:10:41:250 P-00000007 play-card {"card_play":{"color":"blue","special":"draw_2"},"yell_uno":false}
2024-01-14 00:10:41:302 P-00000001 draw-card {}
2024-01-14 00:10:41:344 P-00000005 draw-card {}
2024-01-14 00:10:41:370 P-00000005 play-draw-card {"is_play_card":true,"yell_uno":false}
2024-01-14 00:10:41:421 P-00000006 play-card {"card_play":{"color":"blue","number":3},"yell_uno":false}
2024-01-14 00:10:41:463 P-00000007 play-card {"card_play":{"color":"red","number":3},"yell_uno":false}
2024-01-14 00:10:41:524 P-00000001 play-card {"card_play":{"color":"yellow","number":0},"yell_uno":false}
2024-01-14 00:10:41:575 P-00000005 play-card {"card_play":{"color":"red","number":5},"yell_uno":true}
2024-01-14 00:10:41:617 P-00000006 play-card {"card_play":{"color":"blue","number":5},"yell_uno":false}
2024-01-14 00:10:41:660 P-00000007 draw-card {}
2024-01-14 00:10:41:685 P-00000007 play-draw-card {"is_play_card":true,"yell_uno":false}
2024-01-14 00:10:41:747 P-00000005 draw-card {}
2024-01-14 00:10:41:786 P-00000006 play-card {"card_play":{"color":"blue","special":"reverse"},"yell_uno":false}
2024-01-14 00:10:41:829 P-00000005 draw-card {}
2024-01-14 00:10:41:892 P-00000001 play-card {"card_play":{"color":"yellow","number":0},"yell_uno":false}
2024-01-14 00:10:41:942 P-00000007 draw-card {}
2024-01-14 00:10:41:985 P-00000006 play-card {"card_play":{"color":"black","special":"wild"},"yell_uno":false,"color_of_wild":"blue"}
2024-01-14 00:10:42:039 P-00000005 draw-card {}
2024-01-14 00:10:42:065 P-00000005 play-draw-card {"is_play_card":true,"yell_uno":false}
2024-01-14 00:10:42:142 P-00000001 play-card {"card_play":{"color":"yellow","number":0},"yell_uno":false}
2024-01-14 00:10:42:192 P-00000007 draw-card {}
2024-01-14 00:10:42:231 P-00000006 draw-card {}
2024-01-14 00:10:42:255 P-00000006 play-draw-card {"is_play_card":true,"yell_uno":false}
2024-01-14 00:10:42:304 P-00000005 play-card {"card_play":{"color":"green","number":9},"yell_uno":false}
2024-01-14 00:10:42:364 P-00000001 play-card {"card_play":{"color":"yellow","number":0},"yell_uno":false}
2024-01-14 00:10:42:416 P-00000007 play-card {"card_play":{"color":"green","number":6},"yell_uno":false}
2024-01-14 00:10:42:457 P-00000006 play-card {"card_play":{"color":"green","special":"skip"},"yell_uno":false}
2024-01-14 00:10:42:518 P-00000001 play-card {"card_play":{"color":"yellow","number":0},"yell_uno":false}
2024-01-14 00:10:42:569 P-00000007 draw-card {}
2024-01-14 00:10:42:609 P-00000006 play-card {"card_play":{"color":"green","number":8},"yell_uno":false}
2024-01-14 00:10:42:650 P-00000005 draw-card {}
2024-01-14 00:10:42:795 P-00000001 play-card {"card_play":{"color":"yellow","number":0},"yell_uno":false}
2024-01-14 00:10:42:849 P-00000007 play-card {"card_play":{"color":"red","number":8},"yell_uno":false}
2024-01-14 00:10:42:890 P-00000006 play-card {"card_play":{"color":"red","number":1},"yell_uno":true}
2024-01-14 00:10:42:931 P-00000005 play-card {"card_play":{"color":"red","number":6},"yell_uno":false}
2024-01-14 00:10:42:995 P-00000001 play-card {"card_play":{"color":"yellow","number":0},"yell_uno":false}
2024-01-14 00:10:43:055 P-00000007 play-card {"card_play":{"color":"red","number":4},"yell_uno":false}
2024-01-14 00:10:43:098 P-00000006 play-card {"card_play":{"color":"red","number":7},"yell_uno":false}
